#
# There is insufficient memory for the Java Runtime Environment to continue.
# Native memory allocation (malloc) failed to allocate 32744 bytes for ChunkPool::allocate
# Possible reasons:
#   The system is out of physical RAM or swap space
#   In 32 bit mode, the process size limit was hit
# Possible solutions:
#   Reduce memory load on the system
#   Increase physical memory or swap space
#   Check if swap backing store is full
#   Use 64 bit Java on a 64 bit OS
#   Decrease Java heap size (-Xmx/-Xms)
#   Decrease number of Java threads
#   Decrease Java thread stack sizes (-Xss)
#   Set larger code cache with -XX:ReservedCodeCacheSize=
# This output file may be truncated or incomplete.
#
#  Out of Memory Error (allocation.cpp:273), pid=1140, tid=2584
#
# JRE version: Java(TM) SE Runtime Environment (8.0_60-b27) (build 1.8.0_60-b27)
# Java VM: Java HotSpot(TM) 64-Bit Server VM (25.60-b23 mixed mode windows-amd64 compressed oops)
# Failed to write core dump. Minidumps are not enabled by default on client versions of Windows
#

---------------  T H R E A D  ---------------

Current thread (0x00000000063ec800):  JavaThread "C1 CompilerThread1" daemon [_thread_in_native, id=2584, stack(0x0000000007530000,0x0000000007630000)]

Stack: [0x0000000007530000,0x0000000007630000]
[error occurred during error reporting (printing stack bounds), id 0xc0000005]

Native frames: (J=compiled Java code, j=interpreted, Vv=VM code, C=native code)


Current CompileTask:
C1:   3454 1373       2       com.android.dx.rop.code.Rops::opGetField (97 bytes)


---------------  P R O C E S S  ---------------

Java Threads: ( => current thread )
  0x0000000007a7a800 JavaThread "pool-1-thread-4" [_thread_blocked, id=4764, stack(0x0000000008030000,0x0000000008130000)]
  0x0000000007a77800 JavaThread "pool-1-thread-3" [_thread_blocked, id=4888, stack(0x0000000007f30000,0x0000000008030000)]
  0x0000000007a35800 JavaThread "pool-1-thread-2" [_thread_blocked, id=2568, stack(0x0000000007e30000,0x0000000007f30000)]
  0x0000000007a35000 JavaThread "pool-2-thread-1" [_thread_blocked, id=4768, stack(0x0000000007d30000,0x0000000007e30000)]
  0x0000000007a70000 JavaThread "pool-1-thread-1" [_thread_blocked, id=888, stack(0x0000000007c30000,0x0000000007d30000)]
  0x0000000006477000 JavaThread "Service Thread" daemon [_thread_blocked, id=1768, stack(0x0000000007630000,0x0000000007730000)]
=>0x00000000063ec800 JavaThread "C1 CompilerThread1" daemon [_thread_in_native, id=2584, stack(0x0000000007530000,0x0000000007630000)]
  0x00000000063e9000 JavaThread "C2 CompilerThread0" daemon [_thread_in_native, id=920, stack(0x0000000007430000,0x0000000007530000)]
  0x00000000063e8000 JavaThread "Attach Listener" daemon [_thread_blocked, id=4456, stack(0x0000000007330000,0x0000000007430000)]
  0x00000000063e5000 JavaThread "Signal Dispatcher" daemon [_thread_blocked, id=3860, stack(0x0000000007230000,0x0000000007330000)]
  0x0000000002f4d000 JavaThread "Finalizer" daemon [_thread_blocked, id=3832, stack(0x0000000007050000,0x0000000007150000)]
  0x0000000002f49800 JavaThread "Reference Handler" daemon [_thread_blocked, id=1908, stack(0x0000000006f50000,0x0000000007050000)]
  0x0000000002e60800 JavaThread "main" [_thread_blocked, id=2428, stack(0x0000000002d20000,0x0000000002e20000)]

Other Threads:
  0x00000000063b6000 VMThread [stack: 0x0000000006e50000,0x0000000006f50000] [id=972]
  0x000000000647b000 WatcherThread [stack: 0x0000000007730000,0x0000000007830000] [id=900]

VM state:not at safepoint (normal execution)

VM Mutex/Monitor currently owned by a thread: None

Heap:
 PSYoungGen      total 18944K, used 2676K [0x00000000eab00000, 0x00000000ed000000, 0x0000000100000000)
  eden space 16384K, 0% used [0x00000000eab00000,0x00000000eab1e770,0x00000000ebb00000)
  from space 2560K, 99% used [0x00000000ebb00000,0x00000000ebd7e9b0,0x00000000ebd80000)
  to   space 2560K, 0% used [0x00000000ecd80000,0x00000000ecd80000,0x00000000ed000000)
 ParOldGen       total 44032K, used 8326K [0x00000000c0000000, 0x00000000c2b00000, 0x00000000eab00000)
  object space 44032K, 18% used [0x00000000c0000000,0x00000000c08219a8,0x00000000c2b00000)
 Metaspace       used 6014K, capacity 7024K, committed 7296K, reserved 1056768K
  class space    used 588K, capacity 616K, committed 640K, reserved 1048576K

Card table byte_map: [0x0000000003320000,0x0000000003530000] byte_map_base: 0x0000000002d20000

Marking Bits: (ParMarkBitMap*) 0x0000000074b3a5b0
 Begin Bits: [0x0000000003890000, 0x0000000004890000)
 End Bits:   [0x0000000004890000, 0x0000000005890000)

Polling page: 0x0000000001080000

CodeCache: size=245760Kb used=5512Kb max_used=5512Kb free=240247Kb
 bounds [0x000000000f010000, 0x000000000f580000, 0x000000001e010000]
 total_blobs=1633 nmethods=1365 adapters=182
 compilation: enabled

Compilation events (10 events):
Event: 3.364 Thread 0x00000000063ec800 nmethod 1368 0x000000000f5737d0 code [0x000000000f573960, 0x000000000f573cd8]
Event: 3.365 Thread 0x00000000063ec800 1369       2       com.android.dx.rop.code.SourcePosition::equals (46 bytes)
Event: 3.366 Thread 0x00000000063ec800 nmethod 1369 0x000000000f573f10 code [0x000000000f574080, 0x000000000f5742c8]
Event: 3.366 Thread 0x00000000063ec800 1370       2       com.android.dx.rop.type.StdTypeList::equalContents (56 bytes)
Event: 3.366 Thread 0x00000000063ec800 nmethod 1370 0x000000000f5743d0 code [0x000000000f574580, 0x000000000f5748a8]
Event: 3.368 Thread 0x00000000063ec800 1371       2       com.android.dx.dex.file.CodeItem::<init> (81 bytes)
Event: 3.368 Thread 0x00000000063ec800 nmethod 1371 0x000000000f574ad0 code [0x000000000f574c80, 0x000000000f575098]
Event: 3.371 Thread 0x00000000063ec800 1372       2       com.android.dx.ssa.back.FirstFitLocalCombiningAllocator$Multiset::add (68 bytes)
Event: 3.372 Thread 0x00000000063ec800 nmethod 1372 0x000000000f575290 code [0x000000000f575400, 0x000000000f575670]
Event: 3.373 Thread 0x00000000063ec800 1373       2       com.android.dx.rop.code.Rops::opGetField (97 bytes)

GC Heap History (4 events):
Event: 2.837 GC heap before
{Heap before GC invocations=1 (full 0):
 PSYoungGen      total 18944K, used 16384K [0x00000000eab00000, 0x00000000ec000000, 0x0000000100000000)
  eden space 16384K, 100% used [0x00000000eab00000,0x00000000ebb00000,0x00000000ebb00000)
  from space 2560K, 0% used [0x00000000ebd80000,0x00000000ebd80000,0x00000000ec000000)
  to   space 2560K, 0% used [0x00000000ebb00000,0x00000000ebb00000,0x00000000ebd80000)
 ParOldGen       total 44032K, used 760K [0x00000000c0000000, 0x00000000c2b00000, 0x00000000eab00000)
  object space 44032K, 1% used [0x00000000c0000000,0x00000000c00be078,0x00000000c2b00000)
 Metaspace       used 5764K, capacity 6832K, committed 7040K, reserved 1056768K
  class space    used 586K, capacity 616K, committed 640K, reserved 1048576K
Event: 2.846 GC heap after
Heap after GC invocations=1 (full 0):
 PSYoungGen      total 18944K, used 2535K [0x00000000eab00000, 0x00000000ec000000, 0x0000000100000000)
  eden space 16384K, 0% used [0x00000000eab00000,0x00000000eab00000,0x00000000ebb00000)
  from space 2560K, 99% used [0x00000000ebb00000,0x00000000ebd79c88,0x00000000ebd80000)
  to   space 2560K, 0% used [0x00000000ebd80000,0x00000000ebd80000,0x00000000ec000000)
 ParOldGen       total 44032K, used 2646K [0x00000000c0000000, 0x00000000c2b00000, 0x00000000eab00000)
  object space 44032K, 6% used [0x00000000c0000000,0x00000000c0295ae8,0x00000000c2b00000)
 Metaspace       used 5764K, capacity 6832K, committed 7040K, reserved 1056768K
  class space    used 586K, capacity 616K, committed 640K, reserved 1048576K
}
Event: 3.278 GC heap before
{Heap before GC invocations=2 (full 0):
 PSYoungGen      total 18944K, used 18919K [0x00000000eab00000, 0x00000000ec000000, 0x0000000100000000)
  eden space 16384K, 100% used [0x00000000eab00000,0x00000000ebb00000,0x00000000ebb00000)
  from space 2560K, 99% used [0x00000000ebb00000,0x00000000ebd79c88,0x00000000ebd80000)
  to   space 2560K, 0% used [0x00000000ebd80000,0x00000000ebd80000,0x00000000ec000000)
 ParOldGen       total 44032K, used 2648K [0x00000000c0000000, 0x00000000c2b00000, 0x00000000eab00000)
  object space 44032K, 6% used [0x00000000c0000000,0x00000000c0296200,0x00000000c2b00000)
 Metaspace       used 6004K, capacity 7024K, committed 7296K, reserved 1056768K
  class space    used 588K, capacity 616K, committed 640K, reserved 1048576K
Event: 3.307 GC heap after
Heap after GC invocations=2 (full 0):
 PSYoungGen      total 18944K, used 2554K [0x00000000eab00000, 0x00000000ed000000, 0x0000000100000000)
  eden space 16384K, 0% used [0x00000000eab00000,0x00000000eab00000,0x00000000ebb00000)
  from space 2560K, 99% used [0x00000000ebd80000,0x00000000ebffe9b0,0x00000000ec000000)
  to   space 2560K, 0% used [0x00000000ebb00000,0x00000000ebb00000,0x00000000ebd80000)
 ParOldGen       total 44032K, used 5493K [0x00000000c0000000, 0x00000000c2b00000, 0x00000000eab00000)
  object space 44032K, 12% used [0x00000000c0000000,0x00000000c055d7b8,0x00000000c2b00000)
 Metaspace       used 6004K, capacity 7024K, committed 7296K, reserved 1056768K
  class space    used 588K, capacity 616K, committed 640K, reserved 1048576K
}

Deoptimization events (7 events):
Event: 2.150 Thread 0x0000000007a7a800 Uncommon trap: reason=unstable_if action=reinterpret pc=0x000000000f22d1bc method=java.util.HashMap.getNode(ILjava/lang/Object;)Ljava/util/HashMap$Node; @ 62
Event: 2.456 Thread 0x0000000007a7a800 Uncommon trap: reason=unstable_if action=reinterpret pc=0x000000000f31ed84 method=java.util.HashMap.getNode(ILjava/lang/Object;)Ljava/util/HashMap$Node; @ 129
Event: 2.528 Thread 0x0000000007a70000 Uncommon trap: reason=unstable_if action=reinterpret pc=0x000000000f289af0 method=java.util.BitSet.nextSetBit(I)I @ 87
Event: 2.901 Thread 0x0000000002e60800 Uncommon trap: reason=unstable_if action=reinterpret pc=0x000000000f4101dc method=com.android.dx.ssa.SsaMethod.onSourcesChanged(Lcom/android/dx/ssa/SsaInsn;Lcom/android/dx/rop/code/RegisterSpecList;)V @ 4
Event: 3.172 Thread 0x0000000007a35800 Uncommon trap: reason=bimorphic action=maybe_recompile pc=0x000000000f4ecb78 method=java.util.HashMap.getNode(ILjava/lang/Object;)Ljava/util/HashMap$Node; @ 126
Event: 3.172 Thread 0x0000000007a35800 Uncommon trap: reason=bimorphic action=maybe_recompile pc=0x000000000f31a810 method=java.util.HashMap.getNode(ILjava/lang/Object;)Ljava/util/HashMap$Node; @ 126
Event: 3.333 Thread 0x0000000007a7a800 Uncommon trap: reason=null_check action=make_not_entrant pc=0x000000000f473720 method=com.android.dx.rop.type.Type.equals(Ljava/lang/Object;)Z @ 8

Internal exceptions (3 events):
Event: 0.041 Thread 0x0000000002e60800 Exception <a 'java/lang/NoSuchMethodError': Method sun.misc.Unsafe.defineClass(Ljava/lang/String;[BII)Ljava/lang/Class; name or signature does not match> (0x00000000eab13020) thrown at [C:\re\workspace\8-2-build-windows-amd64-cygwin\jdk8u60\4407\hotspot\sró‰ÑLû¥?
Event: 0.041 Thread 0x0000000002e60800 Exception <a 'java/lang/NoSuchMethodError': Method sun.misc.Unsafe.prefetchRead(Ljava/lang/Object;J)V name or signature does not match> (0x00000000eab13308) thrown at [C:\re\workspace\8-2-build-windows-amd64-cygwin\jdk8u60\4407\hotspot\src\share\vm\prims\j˜ÉUý©
@
Event: 3.333 Thread 0x0000000007a7a800 Implicit null exception at 0x000000000f473622 to 0x000000000f473712

Events (10 events):
Event: 3.172 Thread 0x0000000007a35800 DEOPT PACKING pc=0x000000000f4ecb78 sp=0x0000000007f2e880
Event: 3.172 Thread 0x0000000007a35800 DEOPT UNPACKING pc=0x000000000f05582a sp=0x0000000007f2e800 mode 2
Event: 3.172 Thread 0x0000000007a35800 Uncommon trap: trap_request=0xffffffc6 fr.pc=0x000000000f31a810
Event: 3.172 Thread 0x0000000007a35800 DEOPT PACKING pc=0x000000000f31a810 sp=0x0000000007f2e8b0
Event: 3.172 Thread 0x0000000007a35800 DEOPT UNPACKING pc=0x000000000f05582a sp=0x0000000007f2e7c8 mode 2
Event: 3.276 Executing VM operation: ParallelGCFailedAllocation
Event: 3.307 Executing VM operation: ParallelGCFailedAllocation done
Event: 3.333 Thread 0x0000000007a7a800 Uncommon trap: trap_request=0xfffffff4 fr.pc=0x000000000f473720
Event: 3.333 Thread 0x0000000007a7a800 DEOPT PACKING pc=0x000000000f473720 sp=0x000000000812e500
Event: 3.333 Thread 0x0000000007a7a800 DEOPT UNPACKING pc=0x000000000f05582a sp=0x000000000812e488 mode 2


Dynamic libraries:
0x00007ff649730000 - 0x00007ff649767000 	C:\Program Files\Java\jdk1.8.0_60\bin\java.exe
0x00007ffabf4b0000 - 0x00007ffabf65c000 	C:\Windows\SYSTEM32\ntdll.dll
0x00007ffabd0d0000 - 0x00007ffabd20e000 	C:\Windows\system32\KERNEL32.DLL
0x00007ffabc960000 - 0x00007ffabca75000 	C:\Windows\system32\KERNELBASE.dll
0x00007ffabb150000 - 0x00007ffabb1de000 	C:\Windows\system32\apphelp.dll
0x00007ffa9ff10000 - 0x00007ffa9ff63000 	C:\Windows\AppPatch\AppPatch64\AcGenral.DLL
0x00007ffabcb90000 - 0x00007ffabcc3a000 	C:\Windows\system32\msvcrt.dll
0x00007ffabc380000 - 0x00007ffabc3ae000 	C:\Windows\SYSTEM32\SspiCli.dll
0x00007ffabecd0000 - 0x00007ffabed24000 	C:\Windows\system32\SHLWAPI.dll
0x00007ffabea30000 - 0x00007ffabeba7000 	C:\Windows\system32\USER32.dll
0x00007ffabeee0000 - 0x00007ffabf074000 	C:\Windows\system32\ole32.dll
0x00007ffabd3a0000 - 0x00007ffabe8b8000 	C:\Windows\system32\SHELL32.dll
0x00007ffabbb50000 - 0x00007ffabbb71000 	C:\Windows\SYSTEM32\USERENV.dll
0x00007ffabd220000 - 0x00007ffabd2ca000 	C:\Windows\system32\ADVAPI32.dll
0x00007ffab44f0000 - 0x00007ffab450e000 	C:\Windows\SYSTEM32\MPR.dll
0x00007ffabf0c0000 - 0x00007ffabf201000 	C:\Windows\system32\RPCRT4.dll
0x00007ffabcf10000 - 0x00007ffabcf69000 	C:\Windows\SYSTEM32\sechost.dll
0x00007ffabcc60000 - 0x00007ffabce71000 	C:\Windows\SYSTEM32\combase.dll
0x00007ffabcf70000 - 0x00007ffabd0c1000 	C:\Windows\system32\GDI32.dll
0x00007ffabc600000 - 0x00007ffabc615000 	C:\Windows\SYSTEM32\profapi.dll
0x00007ffabade0000 - 0x00007ffabae92000 	C:\Windows\SYSTEM32\SHCORE.dll
0x00007ffabf080000 - 0x00007ffabf0b6000 	C:\Windows\system32\IMM32.DLL
0x00007ffabe8c0000 - 0x00007ffabea12000 	C:\Windows\system32\MSCTF.dll
0x00007ffabc5b0000 - 0x00007ffabc5e1000 	C:\Windows\system32\nvinitx.dll
0x00007ffabc5a0000 - 0x00007ffabc5aa000 	C:\Windows\SYSTEM32\VERSION.dll
0x000000000f000000 - 0x000000000f006000 	C:\Program Files\NVIDIA Corporation\CoProcManager\_etoured.dll
0x00007ffaba8f0000 - 0x00007ffaba922000 	C:\Program Files\NVIDIA Corporation\CoProcManager\nvd3d9wrapx.dll
0x00007ffabf210000 - 0x00007ffabf3ea000 	C:\Windows\system32\SETUPAPI.dll
0x00007ffabc910000 - 0x00007ffabc95f000 	C:\Windows\system32\CFGMGR32.dll
0x00007ffaba8c0000 - 0x00007ffaba8e2000 	C:\Program Files\NVIDIA Corporation\CoProcManager\nvdxgiwrapx.dll
0x00007ffab8770000 - 0x00007ffab89eb000 	C:\Windows\WinSxS\amd64_microsoft.windows.common-controls_6595b64144ccf1df_6.0.9600.17415_none_6240486fecbd8abb\COMCTL32.dll
0x0000000073c80000 - 0x0000000073d52000 	C:\Program Files\Java\jdk1.8.0_60\jre\bin\msvcr100.dll
0x0000000074330000 - 0x0000000074bb9000 	C:\Program Files\Java\jdk1.8.0_60\jre\bin\server\jvm.dll
0x00007ffaaff30000 - 0x00007ffaaff39000 	C:\Windows\SYSTEM32\WSOCK32.dll
0x00007ffab8aa0000 - 0x00007ffab8ac2000 	C:\Windows\SYSTEM32\WINMM.dll
0x00007ffabea20000 - 0x00007ffabea27000 	C:\Windows\system32\PSAPI.DLL
0x00007ffabebb0000 - 0x00007ffabec0a000 	C:\Windows\system32\WS2_32.dll
0x00007ffab7b50000 - 0x00007ffab7b7a000 	C:\Windows\SYSTEM32\WINMMBASE.dll
0x00007ffabcf00000 - 0x00007ffabcf09000 	C:\Windows\system32\NSI.dll
0x00007ffabb3b0000 - 0x00007ffabb3d8000 	C:\Windows\SYSTEM32\DEVOBJ.dll
0x0000000074320000 - 0x000000007432f000 	C:\Program Files\Java\jdk1.8.0_60\jre\bin\verify.dll
0x00000000742f0000 - 0x0000000074319000 	C:\Program Files\Java\jdk1.8.0_60\jre\bin\java.dll
0x00000000742d0000 - 0x00000000742e6000 	C:\Program Files\Java\jdk1.8.0_60\jre\bin\zip.dll

VM Arguments:
jvm_args: -Xmx1024M -Dfile.encoding=windows-1251 -Duser.country=RU -Duser.language=ru -Duser.variant 
java_command: com.android.dx.command.Main --dex --num-threads=4 --output C:\java\android\EventHunter\app\build\intermediates\pre-dexed\release\classes-91f14afccf4f9b128d77971c312d04c72be9b9b2.jar C:\java\android\EventHunter\app\build\intermediates\exploded-aar\com.google.android.gms\play-services-wearable\8.1.0\jars\classes.jar
java_class_path (initial): C:\Users\user\AppData\Local\Android\sdk\build-tools\23.0.1\lib\dx.jar
Launcher Type: SUN_STANDARD

Environment Variables:
PATH=C:\ProgramData\Oracle\Java\javapath;C:\Windows\system32;C:\Windows;C:\Windows\System32\Wbem;C:\Windows\System32\WindowsPowerShell\v1.0\;C:\Program Files (x86)\Windows Kits\8.1\Windows Performance Toolkit\;C:\Program Files\Microsoft SQL Server\110\Tools\Binn\;C:\Program Files (x86)\Intel\OpenCL SDK\2.0\bin\x86;C:\Program Files (x86)\Intel\OpenCL SDK\2.0\bin\x64;C:\Program Files (x86)\NVIDIA Corporation\PhysX\Common;c:\altera\91sp2\quartus\bin;C:\TDM-GCC-32\bin;C:\Program Files\Java\jdk1.8.0_60\bin;C:\Program Files (x86)\Skype\Phone\
USERNAME=user
OS=Windows_NT
PROCESSOR_IDENTIFIER=Intel64 Family 6 Model 42 Stepping 7, GenuineIntel



---------------  S Y S T E M  ---------------

OS: Windows 8.1 , 64 bit Build 9600 (6.3.9600.17415)

CPU:total 2 (2 cores per cpu, 1 threads per core) family 6 model 42 stepping 7, cmov, cx8, fxsr, mmx, sse, sse2, sse3, ssse3, sse4.1, sse4.2, popcnt, clmul, tsc, tscinvbit

Memory: 4k page, physical 4089116k(659100k free), swap 4089116k(181236k free)

vm_info: Java HotSpot(TM) 64-Bit Server VM (25.60-b23) for windows-amd64 JRE (1.8.0_60-b27), built on Aug  4 2015 11:06:27 by "java_re" with MS VC++ 10.0 (VS2010)

time: Tue Oct 13 23:51:12 2015
elapsed time: 3 seconds (0d 0h 0m 3s)

