#
# There is insufficient memory for the Java Runtime Environment to continue.
# Native memory allocation (malloc) failed to allocate 1315936 bytes for Chunk::new
# Possible reasons:
#   The system is out of physical RAM or swap space
#   In 32 bit mode, the process size limit was hit
# Possible solutions:
#   Reduce memory load on the system
#   Increase physical memory or swap space
#   Check if swap backing store is full
#   Use 64 bit Java on a 64 bit OS
#   Decrease Java heap size (-Xmx/-Xms)
#   Decrease number of Java threads
#   Decrease Java thread stack sizes (-Xss)
#   Set larger code cache with -XX:ReservedCodeCacheSize=
# This output file may be truncated or incomplete.
#
#  Out of Memory Error (allocation.cpp:390), pid=6020, tid=5612
#
# JRE version: Java(TM) SE Runtime Environment (8.0_60-b27) (build 1.8.0_60-b27)
# Java VM: Java HotSpot(TM) 64-Bit Server VM (25.60-b23 mixed mode windows-amd64 compressed oops)
# Failed to write core dump. Minidumps are not enabled by default on client versions of Windows
#

---------------  T H R E A D  ---------------

Current thread (0x0000000006007800):  JavaThread "C2 CompilerThread0" daemon [_thread_in_native, id=5612, stack(0x0000000007030000,0x0000000007130000)]

Stack: [0x0000000007030000,0x0000000007130000]
[error occurred during error reporting (printing stack bounds), id 0xc0000005]

Native frames: (J=compiled Java code, j=interpreted, Vv=VM code, C=native code)


Current CompileTask:
C2:   9996 2901       4       com.android.dx.merge.IndexMap$EncodedValueTransformer::transform (495 bytes)


---------------  P R O C E S S  ---------------

Java Threads: ( => current thread )
  0x0000000006085000 JavaThread "Service Thread" daemon [_thread_blocked, id=1436, stack(0x0000000007230000,0x0000000007330000)]
  0x000000000600b000 JavaThread "C1 CompilerThread1" daemon [_thread_in_native, id=3860, stack(0x0000000007130000,0x0000000007230000)]
=>0x0000000006007800 JavaThread "C2 CompilerThread0" daemon [_thread_in_native, id=5612, stack(0x0000000007030000,0x0000000007130000)]
  0x0000000006006000 JavaThread "Attach Listener" daemon [_thread_blocked, id=5140, stack(0x0000000006f30000,0x0000000007030000)]
  0x0000000006013000 JavaThread "Signal Dispatcher" daemon [_thread_blocked, id=1204, stack(0x0000000006e30000,0x0000000006f30000)]
  0x0000000002b74800 JavaThread "Finalizer" daemon [_thread_blocked, id=5552, stack(0x0000000006c50000,0x0000000006d50000)]
  0x0000000002b6b800 JavaThread "Reference Handler" daemon [_thread_blocked, id=5576, stack(0x0000000006b50000,0x0000000006c50000)]
  0x0000000002a82800 JavaThread "main" [_thread_in_vm, id=1780, stack(0x0000000002980000,0x0000000002a80000)]

Other Threads:
  0x0000000005fd6000 VMThread [stack: 0x0000000006a50000,0x0000000006b50000] [id=5800]
  0x000000000609e800 WatcherThread [stack: 0x0000000007330000,0x0000000007430000] [id=4124]

VM state:not at safepoint (normal execution)

VM Mutex/Monitor currently owned by a thread: None

Heap:
 PSYoungGen      total 76800K, used 52698K [0x00000000eab00000, 0x00000000f4000000, 0x0000000100000000)
  eden space 65536K, 76% used [0x00000000eab00000,0x00000000edbfe6a8,0x00000000eeb00000)
  from space 11264K, 22% used [0x00000000ef600000,0x00000000ef8782a8,0x00000000f0100000)
  to   space 11264K, 0% used [0x00000000eeb00000,0x00000000eeb00000,0x00000000ef600000)
 ParOldGen       total 44032K, used 23904K [0x00000000c0000000, 0x00000000c2b00000, 0x00000000eab00000)
  object space 44032K, 54% used [0x00000000c0000000,0x00000000c1758308,0x00000000c2b00000)
 Metaspace       used 8321K, capacity 8440K, committed 8576K, reserved 1056768K
  class space    used 794K, capacity 851K, committed 896K, reserved 1048576K

Card table byte_map: [0x0000000002f40000,0x0000000003150000] byte_map_base: 0x0000000002940000

Marking Bits: (ParMarkBitMap*) 0x000000006831a5b0
 Begin Bits: [0x00000000034b0000, 0x00000000044b0000)
 End Bits:   [0x00000000044b0000, 0x00000000054b0000)

Polling page: 0x0000000000b90000

CodeCache: size=245760Kb used=10508Kb max_used=10508Kb free=235251Kb
 bounds [0x000000000f010000, 0x000000000fa60000, 0x000000001e010000]
 total_blobs=3173 nmethods=2878 adapters=208
 compilation: enabled

Compilation events (10 events):
Event: 9.882 Thread 0x0000000006007800 2898       4       com.android.dex.Dex$Section::writeInt (10 bytes)
Event: 9.884 Thread 0x0000000006007800 nmethod 2898 0x000000000fa40710 code [0x000000000fa40860, 0x000000000fa40a18]
Event: 9.884 Thread 0x0000000006007800 2896       4       com.android.dx.io.instructions.InstructionCodec::access$200 (5 bytes)
Event: 9.885 Thread 0x0000000006007800 nmethod 2896 0x000000000f19ce90 code [0x000000000f19cfc0, 0x000000000f19cff8]
Event: 9.885 Thread 0x0000000006007800 2901       4       com.android.dx.merge.IndexMap$EncodedValueTransformer::transform (495 bytes)
Event: 9.971 Thread 0x000000000600b000 2907       1       java.util.Formatter::access$300 (5 bytes)
Event: 9.971 Thread 0x000000000600b000 nmethod 2907 0x000000000fa40450 code [0x000000000fa405a0, 0x000000000fa40690]
Event: 9.971 Thread 0x000000000600b000 2908       2       java.lang.StringBuilder::length (5 bytes)
Event: 9.971 Thread 0x000000000600b000 nmethod 2908 0x000000000fa40150 code [0x000000000fa402a0, 0x000000000fa403f0]
Event: 9.992 Thread 0x000000000600b000 2910 %     3       java.util.ComparableTimSort::mergeHi @ 185 (729 bytes)

GC Heap History (10 events):
Event: 6.437 GC heap before
{Heap before GC invocations=4 (full 0):
 PSYoungGen      total 18944K, used 18726K [0x00000000eab00000, 0x00000000ed000000, 0x0000000100000000)
  eden space 16384K, 98% used [0x00000000eab00000,0x00000000ebacf5e8,0x00000000ebb00000)
  from space 2560K, 99% used [0x00000000ebb00000,0x00000000ebd7a3c8,0x00000000ebd80000)
  to   space 2560K, 0% used [0x00000000ecd80000,0x00000000ecd80000,0x00000000ed000000)
 ParOldGen       total 44032K, used 8875K [0x00000000c0000000, 0x00000000c2b00000, 0x00000000eab00000)
  object space 44032K, 20% used [0x00000000c0000000,0x00000000c08aae80,0x00000000c2b00000)
 Metaspace       used 6183K, capacity 7088K, committed 7296K, reserved 1056768K
  class space    used 591K, capacity 616K, committed 640K, reserved 1048576K
Event: 6.477 GC heap after
Heap after GC invocations=4 (full 0):
 PSYoungGen      total 35328K, used 2559K [0x00000000eab00000, 0x00000000ed000000, 0x0000000100000000)
  eden space 32768K, 0% used [0x00000000eab00000,0x00000000eab00000,0x00000000ecb00000)
  from space 2560K, 99% used [0x00000000ecd80000,0x00000000ecfffdf0,0x00000000ed000000)
  to   space 2560K, 0% used [0x00000000ecb00000,0x00000000ecb00000,0x00000000ecd80000)
 ParOldGen       total 44032K, used 13620K [0x00000000c0000000, 0x00000000c2b00000, 0x00000000eab00000)
  object space 44032K, 30% used [0x00000000c0000000,0x00000000c0d4d048,0x00000000c2b00000)
 Metaspace       used 6183K, capacity 7088K, committed 7296K, reserved 1056768K
  class space    used 591K, capacity 616K, committed 640K, reserved 1048576K
}
Event: 8.820 GC heap before
{Heap before GC invocations=5 (full 0):
 PSYoungGen      total 35328K, used 35327K [0x00000000eab00000, 0x00000000ed000000, 0x0000000100000000)
  eden space 32768K, 100% used [0x00000000eab00000,0x00000000ecb00000,0x00000000ecb00000)
  from space 2560K, 99% used [0x00000000ecd80000,0x00000000ecfffdf0,0x00000000ed000000)
  to   space 2560K, 0% used [0x00000000ecb00000,0x00000000ecb00000,0x00000000ecd80000)
 ParOldGen       total 44032K, used 13620K [0x00000000c0000000, 0x00000000c2b00000, 0x00000000eab00000)
  object space 44032K, 30% used [0x00000000c0000000,0x00000000c0d4d048,0x00000000c2b00000)
 Metaspace       used 8138K, capacity 8258K, committed 8576K, reserved 1056768K
  class space    used 785K, capacity 818K, committed 896K, reserved 1048576K
Event: 8.836 GC heap after
Heap after GC invocations=5 (full 0):
 PSYoungGen      total 35328K, used 2543K [0x00000000eab00000, 0x00000000f0100000, 0x0000000100000000)
  eden space 32768K, 0% used [0x00000000eab00000,0x00000000eab00000,0x00000000ecb00000)
  from space 2560K, 99% used [0x00000000ecb00000,0x00000000ecd7bcf8,0x00000000ecd80000)
  to   space 11264K, 0% used [0x00000000ef600000,0x00000000ef600000,0x00000000f0100000)
 ParOldGen       total 44032K, used 21986K [0x00000000c0000000, 0x00000000c2b00000, 0x00000000eab00000)
  object space 44032K, 49% used [0x00000000c0000000,0x00000000c1578ae8,0x00000000c2b00000)
 Metaspace       used 8138K, capacity 8258K, committed 8576K, reserved 1056768K
  class space    used 785K, capacity 818K, committed 896K, reserved 1048576K
}
Event: 9.093 GC heap before
{Heap before GC invocations=6 (full 0):
 PSYoungGen      total 35328K, used 34469K [0x00000000eab00000, 0x00000000f0100000, 0x0000000100000000)
  eden space 32768K, 97% used [0x00000000eab00000,0x00000000eca2da60,0x00000000ecb00000)
  from space 2560K, 99% used [0x00000000ecb00000,0x00000000ecd7bcf8,0x00000000ecd80000)
  to   space 11264K, 0% used [0x00000000ef600000,0x00000000ef600000,0x00000000f0100000)
 ParOldGen       total 44032K, used 21986K [0x00000000c0000000, 0x00000000c2b00000, 0x00000000eab00000)
  object space 44032K, 49% used [0x00000000c0000000,0x00000000c1578ae8,0x00000000c2b00000)
 Metaspace       used 8179K, capacity 8258K, committed 8576K, reserved 1056768K
  class space    used 785K, capacity 818K, committed 896K, reserved 1048576K
Event: 9.108 GC heap after
Heap after GC invocations=6 (full 0):
 PSYoungGen      total 76288K, used 3435K [0x00000000eab00000, 0x00000000f0200000, 0x0000000100000000)
  eden space 65024K, 0% used [0x00000000eab00000,0x00000000eab00000,0x00000000eea80000)
  from space 11264K, 30% used [0x00000000ef600000,0x00000000ef95ac40,0x00000000f0100000)
  to   space 11776K, 0% used [0x00000000eea80000,0x00000000eea80000,0x00000000ef600000)
 ParOldGen       total 44032K, used 21994K [0x00000000c0000000, 0x00000000c2b00000, 0x00000000eab00000)
  object space 44032K, 49% used [0x00000000c0000000,0x00000000c157aae8,0x00000000c2b00000)
 Metaspace       used 8179K, capacity 8258K, committed 8576K, reserved 1056768K
  class space    used 785K, capacity 818K, committed 896K, reserved 1048576K
}
Event: 9.466 GC heap before
{Heap before GC invocations=7 (full 0):
 PSYoungGen      total 76288K, used 68459K [0x00000000eab00000, 0x00000000f0200000, 0x0000000100000000)
  eden space 65024K, 100% used [0x00000000eab00000,0x00000000eea80000,0x00000000eea80000)
  from space 11264K, 30% used [0x00000000ef600000,0x00000000ef95ac40,0x00000000f0100000)
  to   space 11776K, 0% used [0x00000000eea80000,0x00000000eea80000,0x00000000ef600000)
 ParOldGen       total 44032K, used 21994K [0x00000000c0000000, 0x00000000c2b00000, 0x00000000eab00000)
  object space 44032K, 49% used [0x00000000c0000000,0x00000000c157aae8,0x00000000c2b00000)
 Metaspace       used 8291K, capacity 8440K, committed 8576K, reserved 1056768K
  class space    used 794K, capacity 851K, committed 896K, reserved 1048576K
Event: 9.493 GC heap after
Heap after GC invocations=7 (full 0):
 PSYoungGen      total 76800K, used 5571K [0x00000000eab00000, 0x00000000f0200000, 0x0000000100000000)
  eden space 65024K, 0% used [0x00000000eab00000,0x00000000eab00000,0x00000000eea80000)
  from space 11776K, 47% used [0x00000000eea80000,0x00000000eeff0e18,0x00000000ef600000)
  to   space 11264K, 0% used [0x00000000ef600000,0x00000000ef600000,0x00000000f0100000)
 ParOldGen       total 44032K, used 23133K [0x00000000c0000000, 0x00000000c2b00000, 0x00000000eab00000)
  object space 44032K, 52% used [0x00000000c0000000,0x00000000c1697558,0x00000000c2b00000)
 Metaspace       used 8291K, capacity 8440K, committed 8576K, reserved 1056768K
  class space    used 794K, capacity 851K, committed 896K, reserved 1048576K
}
Event: 9.805 GC heap before
{Heap before GC invocations=8 (full 0):
 PSYoungGen      total 76800K, used 69920K [0x00000000eab00000, 0x00000000f0200000, 0x0000000100000000)
  eden space 65024K, 98% used [0x00000000eab00000,0x00000000ee9d72f0,0x00000000eea80000)
  from space 11776K, 47% used [0x00000000eea80000,0x00000000eeff0e18,0x00000000ef600000)
  to   space 11264K, 0% used [0x00000000ef600000,0x00000000ef600000,0x00000000f0100000)
 ParOldGen       total 44032K, used 23133K [0x00000000c0000000, 0x00000000c2b00000, 0x00000000eab00000)
  object space 44032K, 52% used [0x00000000c0000000,0x00000000c1697558,0x00000000c2b00000)
 Metaspace       used 8320K, capacity 8440K, committed 8576K, reserved 1056768K
  class space    used 794K, capacity 851K, committed 896K, reserved 1048576K
Event: 9.810 GC heap after
Heap after GC invocations=8 (full 0):
 PSYoungGen      total 76800K, used 2528K [0x00000000eab00000, 0x00000000f4000000, 0x0000000100000000)
  eden space 65536K, 0% used [0x00000000eab00000,0x00000000eab00000,0x00000000eeb00000)
  from space 11264K, 22% used [0x00000000ef600000,0x00000000ef8782a8,0x00000000f0100000)
  to   space 11264K, 0% used [0x00000000eeb00000,0x00000000eeb00000,0x00000000ef600000)
 ParOldGen       total 44032K, used 23904K [0x00000000c0000000, 0x00000000c2b00000, 0x00000000eab00000)
  object space 44032K, 54% used [0x00000000c0000000,0x00000000c1758308,0x00000000c2b00000)
 Metaspace       used 8320K, capacity 8440K, committed 8576K, reserved 1056768K
  class space    used 794K, capacity 851K, committed 896K, reserved 1048576K
}

Deoptimization events (10 events):
Event: 8.503 Thread 0x0000000002a82800 Uncommon trap: reason=unstable_if action=reinterpret pc=0x000000000f554c20 method=java.util.HashMap.resize()[Ljava/util/HashMap$Node; @ 206
Event: 8.564 Thread 0x0000000002a82800 Uncommon trap: reason=unstable_if action=reinterpret pc=0x000000000f76c910 method=java.util.HashMap.getNode(ILjava/lang/Object;)Ljava/util/HashMap$Node; @ 84
Event: 8.668 Thread 0x0000000002a82800 Uncommon trap: reason=unstable_if action=reinterpret pc=0x000000000f8f4cb4 method=sun.misc.URLClassPath.getLoader(I)Lsun/misc/URLClassPath$Loader; @ 36
Event: 8.669 Thread 0x0000000002a82800 Uncommon trap: reason=unstable_if action=reinterpret pc=0x000000000f1ece84 method=sun.misc.MetaIndex.mayContain(Ljava/lang/String;)Z @ 13
Event: 8.673 Thread 0x0000000002a82800 Uncommon trap: reason=class_check action=maybe_recompile pc=0x000000000f53f88c method=java.util.ArrayList.<init>(Ljava/util/Collection;)V @ 6
Event: 8.690 Thread 0x0000000002a82800 Uncommon trap: reason=class_check action=maybe_recompile pc=0x000000000f53f88c method=java.util.ArrayList.<init>(Ljava/util/Collection;)V @ 6
Event: 8.720 Thread 0x0000000002a82800 Uncommon trap: reason=predicate action=maybe_recompile pc=0x000000000f911318 method=com.android.dex.Leb128.readUnsignedLeb128(Lcom/android/dex/util/ByteInput;)I @ 41
Event: 8.801 Thread 0x0000000002a82800 Uncommon trap: reason=unstable_if action=reinterpret pc=0x000000000f964d00 method=java.util.HashMap.putVal(ILjava/lang/Object;Ljava/lang/Object;ZZ)Ljava/lang/Object; @ 162
Event: 8.801 Thread 0x0000000002a82800 Uncommon trap: reason=unstable_if action=reinterpret pc=0x000000000f96deec method=java.util.HashMap.putVal(ILjava/lang/Object;Ljava/lang/Object;ZZ)Ljava/lang/Object; @ 162
Event: 8.918 Thread 0x0000000002a82800 Uncommon trap: reason=unstable_if action=reinterpret pc=0x000000000f977f24 method=com.android.dex.FieldId.compareTo(Lcom/android/dex/FieldId;)I @ 8

Internal exceptions (7 events):
Event: 0.072 Thread 0x0000000002a82800 Exception <a 'java/lang/NoSuchMethodError': Method sun.misc.Unsafe.defineClass(Ljava/lang/String;[BII)Ljava/lang/Class; name or signature does not match> (0x00000000eab13020) thrown at [C:\re\workspace\8-2-build-windows-amd64-cygwin\jdk8u60\4407\hotspot\srVW*¬’l²?
Event: 0.072 Thread 0x0000000002a82800 Exception <a 'java/lang/NoSuchMethodError': Method sun.misc.Unsafe.prefetchRead(Ljava/lang/Object;J)V name or signature does not match> (0x00000000eab13308) thrown at [C:\re\workspace\8-2-build-windows-amd64-cygwin\jdk8u60\4407\hotspot\src\share\vm\prims\jž(½QCÅ÷?
Event: 1.486 Thread 0x0000000007568000 Implicit null exception at 0x000000000f3805e2 to 0x000000000f3806d2
Event: 8.669 Thread 0x0000000002a82800 Exception <a 'java/security/PrivilegedActionException'> (0x00000000ec3ddc18) thrown at [C:\re\workspace\8-2-build-windows-amd64-cygwin\jdk8u60\4407\hotspot\src\share\vm\prims\jvm.cpp, line 1386]
Event: 8.669 Thread 0x0000000002a82800 Exception <a 'java/security/PrivilegedActionException'> (0x00000000ec3de010) thrown at [C:\re\workspace\8-2-build-windows-amd64-cygwin\jdk8u60\4407\hotspot\src\share\vm\prims\jvm.cpp, line 1386]
Event: 8.671 Thread 0x0000000002a82800 Exception <a 'java/security/PrivilegedActionException'> (0x00000000ec3e2228) thrown at [C:\re\workspace\8-2-build-windows-amd64-cygwin\jdk8u60\4407\hotspot\src\share\vm\prims\jvm.cpp, line 1386]
Event: 8.671 Thread 0x0000000002a82800 Exception <a 'java/security/PrivilegedActionException'> (0x00000000ec3e2620) thrown at [C:\re\workspace\8-2-build-windows-amd64-cygwin\jdk8u60\4407\hotspot\src\share\vm\prims\jvm.cpp, line 1386]

Events (10 events):
Event: 9.825 Thread 0x0000000002a82800 DEOPT PACKING pc=0x000000000f9b55a9 sp=0x0000000002a7f0e0
Event: 9.825 Thread 0x0000000002a82800 DEOPT UNPACKING pc=0x000000000f05747f sp=0x0000000002a7ee60 mode 0
Event: 9.837 Thread 0x0000000002a82800 DEOPT PACKING pc=0x000000000f7ab39c sp=0x0000000002a7eec0
Event: 9.837 Thread 0x0000000002a82800 DEOPT UNPACKING pc=0x000000000f05747f sp=0x0000000002a7ec28 mode 0
Event: 9.842 loading class com/android/dex/Dex$1
Event: 9.842 loading class com/android/dex/Dex$1 done
Event: 9.912 Thread 0x0000000002a82800 DEOPT PACKING pc=0x000000000fa2b960 sp=0x0000000002a7ed50
Event: 9.912 Thread 0x0000000002a82800 DEOPT UNPACKING pc=0x000000000f05747f sp=0x0000000002a7eae8 mode 0
Event: 9.918 Thread 0x0000000002a82800 DEOPT PACKING pc=0x000000000f9ed249 sp=0x0000000002a7ef30
Event: 9.918 Thread 0x0000000002a82800 DEOPT UNPACKING pc=0x000000000f05747f sp=0x0000000002a7ec60 mode 0


Dynamic libraries:
0x00007ff61c3e0000 - 0x00007ff61c417000 	C:\Program Files\Java\jdk1.8.0_60\bin\java.exe
0x00007ff81b620000 - 0x00007ff81b7cc000 	C:\Windows\SYSTEM32\ntdll.dll
0x00007ff819090000 - 0x00007ff8191ce000 	C:\Windows\system32\KERNEL32.DLL
0x00007ff818a70000 - 0x00007ff818b85000 	C:\Windows\system32\KERNELBASE.dll
0x00007ff8172c0000 - 0x00007ff81734e000 	C:\Windows\system32\apphelp.dll
0x00007ffffe2e0000 - 0x00007ffffe333000 	C:\Windows\AppPatch\AppPatch64\AcGenral.DLL
0x00007ff818fd0000 - 0x00007ff81907a000 	C:\Windows\system32\msvcrt.dll
0x00007ff8184f0000 - 0x00007ff81851e000 	C:\Windows\SYSTEM32\SspiCli.dll
0x00007ff81a9c0000 - 0x00007ff81aa14000 	C:\Windows\system32\SHLWAPI.dll
0x00007ff818de0000 - 0x00007ff818f57000 	C:\Windows\system32\USER32.dll
0x00007ff8191d0000 - 0x00007ff819364000 	C:\Windows\system32\ole32.dll
0x00007ff819440000 - 0x00007ff81a958000 	C:\Windows\system32\SHELL32.dll
0x00007ff817cc0000 - 0x00007ff817ce1000 	C:\Windows\SYSTEM32\USERENV.dll
0x00007ff81aa20000 - 0x00007ff81aaca000 	C:\Windows\system32\ADVAPI32.dll
0x00007ff8104f0000 - 0x00007ff81050e000 	C:\Windows\SYSTEM32\MPR.dll
0x00007ff81b170000 - 0x00007ff81b2b1000 	C:\Windows\system32\RPCRT4.dll
0x00007ff81aad0000 - 0x00007ff81ab29000 	C:\Windows\SYSTEM32\sechost.dll
0x00007ff81af30000 - 0x00007ff81b141000 	C:\Windows\SYSTEM32\combase.dll
0x00007ff81ad10000 - 0x00007ff81ae61000 	C:\Windows\system32\GDI32.dll
0x00007ff818770000 - 0x00007ff818785000 	C:\Windows\SYSTEM32\profapi.dll
0x00007ff816f50000 - 0x00007ff817002000 	C:\Windows\SYSTEM32\SHCORE.dll
0x00007ff81b2c0000 - 0x00007ff81b2f6000 	C:\Windows\system32\IMM32.DLL
0x00007ff81b300000 - 0x00007ff81b452000 	C:\Windows\system32\MSCTF.dll
0x00007ff818720000 - 0x00007ff818751000 	C:\Windows\system32\nvinitx.dll
0x00007ff818710000 - 0x00007ff81871a000 	C:\Windows\SYSTEM32\VERSION.dll
0x000000000f000000 - 0x000000000f006000 	C:\Program Files\NVIDIA Corporation\CoProcManager\_etoured.dll
0x00007ff816c30000 - 0x00007ff816c62000 	C:\Program Files\NVIDIA Corporation\CoProcManager\nvd3d9wrapx.dll
0x00007ff81ab30000 - 0x00007ff81ad0a000 	C:\Windows\system32\SETUPAPI.dll
0x00007ff818a20000 - 0x00007ff818a6f000 	C:\Windows\system32\CFGMGR32.dll
0x00007ff816c00000 - 0x00007ff816c22000 	C:\Program Files\NVIDIA Corporation\CoProcManager\nvdxgiwrapx.dll
0x00007ff814d20000 - 0x00007ff814f9b000 	C:\Windows\WinSxS\amd64_microsoft.windows.common-controls_6595b64144ccf1df_6.0.9600.17415_none_6240486fecbd8abb\COMCTL32.dll
0x00000000687f0000 - 0x00000000688c2000 	C:\Program Files\Java\jdk1.8.0_60\jre\bin\msvcr100.dll
0x0000000067b10000 - 0x0000000068399000 	C:\Program Files\Java\jdk1.8.0_60\jre\bin\server\jvm.dll
0x00007ff8133b0000 - 0x00007ff8133b9000 	C:\Windows\SYSTEM32\WSOCK32.dll
0x00007ff813fb0000 - 0x00007ff813fd2000 	C:\Windows\SYSTEM32\WINMM.dll
0x00007ff818fc0000 - 0x00007ff818fc7000 	C:\Windows\system32\PSAPI.DLL
0x00007ff81a960000 - 0x00007ff81a9ba000 	C:\Windows\system32\WS2_32.dll
0x00007ff813cc0000 - 0x00007ff813cea000 	C:\Windows\SYSTEM32\WINMMBASE.dll
0x00007ff819370000 - 0x00007ff819379000 	C:\Windows\system32\NSI.dll
0x00007ff817510000 - 0x00007ff817538000 	C:\Windows\SYSTEM32\DEVOBJ.dll
0x0000000068c60000 - 0x0000000068c6f000 	C:\Program Files\Java\jdk1.8.0_60\jre\bin\verify.dll
0x0000000068c30000 - 0x0000000068c59000 	C:\Program Files\Java\jdk1.8.0_60\jre\bin\java.dll
0x0000000068c10000 - 0x0000000068c26000 	C:\Program Files\Java\jdk1.8.0_60\jre\bin\zip.dll

VM Arguments:
jvm_args: -Xmx1024M -Dfile.encoding=windows-1251 -Duser.country=RU -Duser.language=ru -Duser.variant 
java_command: com.android.dx.command.Main --dex --num-threads=4 --output C:\java\android\EventHunter\app\build\intermediates\dex\debug C:\java\android\EventHunter\app\build\intermediates\classes\debug C:\java\android\EventHunter\app\build\intermediates\pre-dexed\debug\support-annotations-23.0.1-83676807229e344ee5d98b2e8f5ee90735dbc5c3.jar C:\java\android\EventHunter\app\build\intermediates\pre-dexed\debug\classes-c20afcc1740d79820e65179484dbec29bb5f60ea.jar C:\java\android\EventHunter\app\build\intermediates\pre-dexed\debug\internal_impl-22.2.0-a83752519c01ad2ba20bc016f010d047b228f261.jar C:\java\android\EventHunter\app\build\intermediates\pre-dexed\debug\classes-b4805c3dc551e8addcdfe83006eb2e2069d3f69f.jar C:\java\android\EventHunter\app\build\intermediates\pre-dexed\debug\classes-ae9b863311f49a782185bfb452b8025793af85c8.jar C:\java\android\EventHunter\app\build\intermediates\pre-dexed\debug\classes-a8918f74546ee3dbc7aab13fd9ad1bdefcfba1e4.jar C:\java\android\EventHunter\app\build\intermediates\pre-dexed\debug\bolts-android-1.2.1-356a198f80105d5433eee2afd667d2e7d02573d1.jar C:\java\android\EventHunter\app\build\intermediates\pre-dexed\debug\classes-06bb6aa3532cad2f72f9a491dcfa9f789652485a.jar C:\java\android\EventHunter\app\build\intermediates\pre-dexed\debug\classes-b0e1490f23c0dbfdbfc3758d5ddbb5797a31a832.jar C:\java\android\EventHunter\app\build\intermediates\pre-dexed\debug\classes-573c3b2aaaf01ebf77281ed216568a2ea3f0c246.jar C:\java\android\EventHunter\app\build\intermediates\pre-dexed\debug\classes-ae8a2d517b50dadc2316914ab7a8fef2dd55ff44.jar C:\java\android\EventHunter\app\build\intermediates\pre-dexed\debug\classes-551fcf9ef8ced75a4427f5325a0b04b927bbc6d8.jar C:\java\android\EventHunter\app\build\intermediates\pre-dexed\debug\classes-639a1f6c50ea7c1445d2d4ef22bb93066db0ed9e.jar C:\java\android\EventHunter\app\build\intermediates\pre-dexed\debug\classes-5ca4f3c4ceb3497993ee5090b90b68d342d08305.jar C:\java\android\EventHunter\app\build\intermediates\pre-dex
java_class_path (initial): C:\Users\user\AppData\Local\Android\sdk\build-tools\23.0.1\lib\dx.jar
Launcher Type: SUN_STANDARD

Environment Variables:
PATH=C:\ProgramData\Oracle\Java\javapath;C:\Windows\system32;C:\Windows;C:\Windows\System32\Wbem;C:\Windows\System32\WindowsPowerShell\v1.0\;C:\Program Files (x86)\Windows Kits\8.1\Windows Performance Toolkit\;C:\Program Files\Microsoft SQL Server\110\Tools\Binn\;C:\Program Files (x86)\Intel\OpenCL SDK\2.0\bin\x86;C:\Program Files (x86)\Intel\OpenCL SDK\2.0\bin\x64;C:\Program Files (x86)\NVIDIA Corporation\PhysX\Common;c:\altera\91sp2\quartus\bin;C:\TDM-GCC-32\bin;C:\Program Files\Java\jdk1.8.0_60\bin;C:\Program Files (x86)\Skype\Phone\
USERNAME=user
OS=Windows_NT
PROCESSOR_IDENTIFIER=Intel64 Family 6 Model 42 Stepping 7, GenuineIntel



---------------  S Y S T E M  ---------------

OS: Windows 8.1 , 64 bit Build 9600 (6.3.9600.17415)

CPU:total 2 (2 cores per cpu, 1 threads per core) family 6 model 42 stepping 7, cmov, cx8, fxsr, mmx, sse, sse2, sse3, ssse3, sse4.1, sse4.2, popcnt, clmul, tsc, tscinvbit

Memory: 4k page, physical 4089116k(487476k free), swap 4089116k(6140k free)

vm_info: Java HotSpot(TM) 64-Bit Server VM (25.60-b23) for windows-amd64 JRE (1.8.0_60-b27), built on Aug  4 2015 11:06:27 by "java_re" with MS VC++ 10.0 (VS2010)

time: Sun Oct 11 12:31:42 2015
elapsed time: 9 seconds (0d 0h 0m 9s)

