#
# There is insufficient memory for the Java Runtime Environment to continue.
# Native memory allocation (malloc) failed to allocate 2030016 bytes for Chunk::new
# Possible reasons:
#   The system is out of physical RAM or swap space
#   In 32 bit mode, the process size limit was hit
# Possible solutions:
#   Reduce memory load on the system
#   Increase physical memory or swap space
#   Check if swap backing store is full
#   Use 64 bit Java on a 64 bit OS
#   Decrease Java heap size (-Xmx/-Xms)
#   Decrease number of Java threads
#   Decrease Java thread stack sizes (-Xss)
#   Set larger code cache with -XX:ReservedCodeCacheSize=
# This output file may be truncated or incomplete.
#
#  Out of Memory Error (allocation.cpp:390), pid=4092, tid=4668
#
# JRE version: Java(TM) SE Runtime Environment (8.0_60-b27) (build 1.8.0_60-b27)
# Java VM: Java HotSpot(TM) 64-Bit Server VM (25.60-b23 mixed mode windows-amd64 compressed oops)
# Failed to write core dump. Minidumps are not enabled by default on client versions of Windows
#

---------------  T H R E A D  ---------------

Current thread (0x00000000056a5000):  JavaThread "C2 CompilerThread0" daemon [_thread_in_native, id=4668, stack(0x00000000066c0000,0x00000000067c0000)]

Stack: [0x00000000066c0000,0x00000000067c0000]
[error occurred during error reporting (printing stack bounds), id 0xc0000005]

Native frames: (J=compiled Java code, j=interpreted, Vv=VM code, C=native code)


Current CompileTask:
C2:  10059 1901   !   4       com.android.dx.cf.cst.ConstantPoolParser::parse0 (731 bytes)


---------------  P R O C E S S  ---------------

Java Threads: ( => current thread )
  0x0000000006cee800 JavaThread "pool-1-thread-4" [_thread_blocked, id=3756, stack(0x00000000072c0000,0x00000000073c0000)]
  0x0000000006cee000 JavaThread "pool-1-thread-3" [_thread_in_Java, id=4256, stack(0x00000000071c0000,0x00000000072c0000)]
  0x0000000006ceb000 JavaThread "pool-1-thread-2" [_thread_in_Java, id=588, stack(0x00000000070c0000,0x00000000071c0000)]
  0x0000000006ce4800 JavaThread "pool-2-thread-1" [_thread_blocked, id=1684, stack(0x0000000006fc0000,0x00000000070c0000)]
  0x0000000006ce1000 JavaThread "pool-1-thread-1" [_thread_in_Java, id=4644, stack(0x0000000006ec0000,0x0000000006fc0000)]
  0x0000000005705800 JavaThread "Service Thread" daemon [_thread_blocked, id=2884, stack(0x00000000068c0000,0x00000000069c0000)]
  0x0000000005702800 JavaThread "C1 CompilerThread1" daemon [_thread_blocked, id=4536, stack(0x00000000067c0000,0x00000000068c0000)]
=>0x00000000056a5000 JavaThread "C2 CompilerThread0" daemon [_thread_in_native, id=4668, stack(0x00000000066c0000,0x00000000067c0000)]
  0x00000000056b5000 JavaThread "Attach Listener" daemon [_thread_blocked, id=3428, stack(0x00000000065c0000,0x00000000066c0000)]
  0x00000000056b1800 JavaThread "Signal Dispatcher" daemon [_thread_blocked, id=4288, stack(0x00000000064c0000,0x00000000065c0000)]
  0x0000000002213800 JavaThread "Finalizer" daemon [_thread_blocked, id=4072, stack(0x00000000062e0000,0x00000000063e0000)]
  0x0000000002209800 JavaThread "Reference Handler" daemon [_thread_blocked, id=960, stack(0x00000000061e0000,0x00000000062e0000)]
  0x0000000002120800 JavaThread "main" [_thread_in_Java, id=3364, stack(0x0000000002020000,0x0000000002120000)]

Other Threads:
  0x0000000005676000 VMThread [stack: 0x00000000060e0000,0x00000000061e0000] [id=1740]
  0x0000000005711000 WatcherThread [stack: 0x00000000069c0000,0x0000000006ac0000] [id=3964]

VM state:not at safepoint (normal execution)

VM Mutex/Monitor currently owned by a thread: None

Heap:
 PSYoungGen      total 72704K, used 42525K [0x00000000eab00000, 0x00000000efb00000, 0x0000000100000000)
  eden space 65024K, 53% used [0x00000000eab00000,0x00000000ecd07750,0x00000000eea80000)
  from space 7680K, 100% used [0x00000000ef280000,0x00000000efa00000,0x00000000efa00000)
  to   space 8192K, 0% used [0x00000000eea80000,0x00000000eea80000,0x00000000ef280000)
 ParOldGen       total 44032K, used 32326K [0x00000000c0000000, 0x00000000c2b00000, 0x00000000eab00000)
  object space 44032K, 73% used [0x00000000c0000000,0x00000000c1f91868,0x00000000c2b00000)
 Metaspace       used 6378K, capacity 7192K, committed 7424K, reserved 1056768K
  class space    used 611K, capacity 656K, committed 768K, reserved 1048576K

Card table byte_map: [0x00000000025e0000,0x00000000027f0000] byte_map_base: 0x0000000001fe0000

Marking Bits: (ParMarkBitMap*) 0x0000000074b3a5b0
 Begin Bits: [0x0000000002b50000, 0x0000000003b50000)
 End Bits:   [0x0000000003b50000, 0x0000000004b50000)

Polling page: 0x0000000001f70000

CodeCache: size=245760Kb used=8044Kb max_used=8044Kb free=237715Kb
 bounds [0x000000000f010000, 0x000000000f800000, 0x000000001e010000]
 total_blobs=2132 nmethods=1863 adapters=182
 compilation: enabled

Compilation events (10 events):
Event: 9.980 Thread 0x0000000005702800 1976       2       com.android.dx.rop.code.Rops::opAput (97 bytes)
Event: 9.981 Thread 0x0000000005702800 nmethod 1976 0x000000000f7ec3d0 code [0x000000000f7ec5a0, 0x000000000f7ecb18]
Event: 9.981 Thread 0x0000000005702800 1977       2       com.android.dx.cf.code.ExecutionStack::peekLocal (46 bytes)
Event: 9.982 Thread 0x0000000005702800 nmethod 1977 0x000000000f7ece10 code [0x000000000f7ecfa0, 0x000000000f7ed298]
Event: 9.982 Thread 0x0000000005702800 1978       2       com.android.dx.cf.code.BaseMachine::popArgs (204 bytes)
Event: 9.983 Thread 0x0000000005702800 nmethod 1978 0x000000000f7ed450 code [0x000000000f7ed7a0, 0x000000000f7ee508]
Event: 9.989 Thread 0x0000000005702800 1979       2       com.android.dx.rop.type.Type::getArrayType (50 bytes)
Event: 9.990 Thread 0x0000000005702800 nmethod 1979 0x000000000f7ef350 code [0x000000000f7ef500, 0x000000000f7ef968]
Event: 9.996 Thread 0x0000000005702800 1980       2       com.android.dx.rop.code.RegisterSpecList::withoutLast (60 bytes)
Event: 9.997 Thread 0x0000000005702800 nmethod 1980 0x000000000f7efc90 code [0x000000000f7efe60, 0x000000000f7f0428]

GC Heap History (10 events):
Event: 3.511 GC heap before
{Heap before GC invocations=4 (full 0):
 PSYoungGen      total 18944K, used 18912K [0x00000000eab00000, 0x00000000ed000000, 0x0000000100000000)
  eden space 16384K, 100% used [0x00000000eab00000,0x00000000ebb00000,0x00000000ebb00000)
  from space 2560K, 98% used [0x00000000ebb00000,0x00000000ebd78010,0x00000000ebd80000)
  to   space 2560K, 0% used [0x00000000ecd80000,0x00000000ecd80000,0x00000000ed000000)
 ParOldGen       total 44032K, used 7115K [0x00000000c0000000, 0x00000000c2b00000, 0x00000000eab00000)
  object space 44032K, 16% used [0x00000000c0000000,0x00000000c06f2fb0,0x00000000c2b00000)
 Metaspace       used 6070K, capacity 7024K, committed 7296K, reserved 1056768K
  class space    used 590K, capacity 616K, committed 640K, reserved 1048576K
Event: 3.531 GC heap after
Heap after GC invocations=4 (full 0):
 PSYoungGen      total 35328K, used 2528K [0x00000000eab00000, 0x00000000ed000000, 0x0000000100000000)
  eden space 32768K, 0% used [0x00000000eab00000,0x00000000eab00000,0x00000000ecb00000)
  from space 2560K, 98% used [0x00000000ecd80000,0x00000000ecff8030,0x00000000ed000000)
  to   space 2560K, 0% used [0x00000000ecb00000,0x00000000ecb00000,0x00000000ecd80000)
 ParOldGen       total 44032K, used 9832K [0x00000000c0000000, 0x00000000c2b00000, 0x00000000eab00000)
  object space 44032K, 22% used [0x00000000c0000000,0x00000000c099a120,0x00000000c2b00000)
 Metaspace       used 6070K, capacity 7024K, committed 7296K, reserved 1056768K
  class space    used 590K, capacity 616K, committed 640K, reserved 1048576K
}
Event: 4.080 GC heap before
{Heap before GC invocations=5 (full 0):
 PSYoungGen      total 35328K, used 35296K [0x00000000eab00000, 0x00000000ed000000, 0x0000000100000000)
  eden space 32768K, 100% used [0x00000000eab00000,0x00000000ecb00000,0x00000000ecb00000)
  from space 2560K, 98% used [0x00000000ecd80000,0x00000000ecff8030,0x00000000ed000000)
  to   space 2560K, 0% used [0x00000000ecb00000,0x00000000ecb00000,0x00000000ecd80000)
 ParOldGen       total 44032K, used 9832K [0x00000000c0000000, 0x00000000c2b00000, 0x00000000eab00000)
  object space 44032K, 22% used [0x00000000c0000000,0x00000000c099a120,0x00000000c2b00000)
 Metaspace       used 6224K, capacity 7128K, committed 7424K, reserved 1056768K
  class space    used 611K, capacity 656K, committed 768K, reserved 1048576K
Event: 4.143 GC heap after
Heap after GC invocations=5 (full 0):
 PSYoungGen      total 35328K, used 2529K [0x00000000eab00000, 0x00000000efa00000, 0x0000000100000000)
  eden space 32768K, 0% used [0x00000000eab00000,0x00000000eab00000,0x00000000ecb00000)
  from space 2560K, 98% used [0x00000000ecb00000,0x00000000ecd78420,0x00000000ecd80000)
  to   space 7680K, 0% used [0x00000000ef280000,0x00000000ef280000,0x00000000efa00000)
 ParOldGen       total 44032K, used 14558K [0x00000000c0000000, 0x00000000c2b00000, 0x00000000eab00000)
  object space 44032K, 33% used [0x00000000c0000000,0x00000000c0e37998,0x00000000c2b00000)
 Metaspace       used 6224K, capacity 7128K, committed 7424K, reserved 1056768K
  class space    used 611K, capacity 656K, committed 768K, reserved 1048576K
}
Event: 4.735 GC heap before
{Heap before GC invocations=6 (full 0):
 PSYoungGen      total 35328K, used 35297K [0x00000000eab00000, 0x00000000efa00000, 0x0000000100000000)
  eden space 32768K, 100% used [0x00000000eab00000,0x00000000ecb00000,0x00000000ecb00000)
  from space 2560K, 98% used [0x00000000ecb00000,0x00000000ecd78420,0x00000000ecd80000)
  to   space 7680K, 0% used [0x00000000ef280000,0x00000000ef280000,0x00000000efa00000)
 ParOldGen       total 44032K, used 14558K [0x00000000c0000000, 0x00000000c2b00000, 0x00000000eab00000)
  object space 44032K, 33% used [0x00000000c0000000,0x00000000c0e37998,0x00000000c2b00000)
 Metaspace       used 6244K, capacity 7128K, committed 7424K, reserved 1056768K
  class space    used 611K, capacity 656K, committed 768K, reserved 1048576K
Event: 4.764 GC heap after
Heap after GC invocations=6 (full 0):
 PSYoungGen      total 72704K, used 7313K [0x00000000eab00000, 0x00000000efb00000, 0x0000000100000000)
  eden space 65024K, 0% used [0x00000000eab00000,0x00000000eab00000,0x00000000eea80000)
  from space 7680K, 95% used [0x00000000ef280000,0x00000000ef9a4430,0x00000000efa00000)
  to   space 8192K, 0% used [0x00000000eea80000,0x00000000eea80000,0x00000000ef280000)
 ParOldGen       total 44032K, used 14558K [0x00000000c0000000, 0x00000000c2b00000, 0x00000000eab00000)
  object space 44032K, 33% used [0x00000000c0000000,0x00000000c0e37998,0x00000000c2b00000)
 Metaspace       used 6244K, capacity 7128K, committed 7424K, reserved 1056768K
  class space    used 611K, capacity 656K, committed 768K, reserved 1048576K
}
Event: 5.832 GC heap before
{Heap before GC invocations=7 (full 0):
 PSYoungGen      total 72704K, used 72337K [0x00000000eab00000, 0x00000000efb00000, 0x0000000100000000)
  eden space 65024K, 100% used [0x00000000eab00000,0x00000000eea80000,0x00000000eea80000)
  from space 7680K, 95% used [0x00000000ef280000,0x00000000ef9a4430,0x00000000efa00000)
  to   space 8192K, 0% used [0x00000000eea80000,0x00000000eea80000,0x00000000ef280000)
 ParOldGen       total 44032K, used 14558K [0x00000000c0000000, 0x00000000c2b00000, 0x00000000eab00000)
  object space 44032K, 33% used [0x00000000c0000000,0x00000000c0e37998,0x00000000c2b00000)
 Metaspace       used 6354K, capacity 7192K, committed 7424K, reserved 1056768K
  class space    used 611K, capacity 656K, committed 768K, reserved 1048576K
Event: 6.074 GC heap after
Heap after GC invocations=7 (full 0):
 PSYoungGen      total 73216K, used 8161K [0x00000000eab00000, 0x00000000efb00000, 0x0000000100000000)
  eden space 65024K, 0% used [0x00000000eab00000,0x00000000eab00000,0x00000000eea80000)
  from space 8192K, 99% used [0x00000000eea80000,0x00000000ef278430,0x00000000ef280000)
  to   space 7680K, 0% used [0x00000000ef280000,0x00000000ef280000,0x00000000efa00000)
 ParOldGen       total 44032K, used 22255K [0x00000000c0000000, 0x00000000c2b00000, 0x00000000eab00000)
  object space 44032K, 50% used [0x00000000c0000000,0x00000000c15bbc10,0x00000000c2b00000)
 Metaspace       used 6354K, capacity 7192K, committed 7424K, reserved 1056768K
  class space    used 611K, capacity 656K, committed 768K, reserved 1048576K
}
Event: 9.182 GC heap before
{Heap before GC invocations=8 (full 0):
 PSYoungGen      total 73216K, used 73185K [0x00000000eab00000, 0x00000000efb00000, 0x0000000100000000)
  eden space 65024K, 100% used [0x00000000eab00000,0x00000000eea80000,0x00000000eea80000)
  from space 8192K, 99% used [0x00000000eea80000,0x00000000ef278430,0x00000000ef280000)
  to   space 7680K, 0% used [0x00000000ef280000,0x00000000ef280000,0x00000000efa00000)
 ParOldGen       total 44032K, used 22255K [0x00000000c0000000, 0x00000000c2b00000, 0x00000000eab00000)
  object space 44032K, 50% used [0x00000000c0000000,0x00000000c15bbc10,0x00000000c2b00000)
 Metaspace       used 6376K, capacity 7192K, committed 7424K, reserved 1056768K
  class space    used 611K, capacity 656K, committed 768K, reserved 1048576K
Event: 9.572 GC heap after
Heap after GC invocations=8 (full 0):
 PSYoungGen      total 72704K, used 7680K [0x00000000eab00000, 0x00000000efb00000, 0x0000000100000000)
  eden space 65024K, 0% used [0x00000000eab00000,0x00000000eab00000,0x00000000eea80000)
  from space 7680K, 100% used [0x00000000ef280000,0x00000000efa00000,0x00000000efa00000)
  to   space 8192K, 0% used [0x00000000eea80000,0x00000000eea80000,0x00000000ef280000)
 ParOldGen       total 44032K, used 32326K [0x00000000c0000000, 0x00000000c2b00000, 0x00000000eab00000)
  object space 44032K, 73% used [0x00000000c0000000,0x00000000c1f91868,0x00000000c2b00000)
 Metaspace       used 6376K, capacity 7192K, committed 7424K, reserved 1056768K
  class space    used 611K, capacity 656K, committed 768K, reserved 1048576K
}

Deoptimization events (10 events):
Event: 3.597 Thread 0x0000000006ceb000 Uncommon trap: reason=bimorphic action=maybe_recompile pc=0x000000000f253ddc method=java.util.HashMap.getNode(ILjava/lang/Object;)Ljava/util/HashMap$Node; @ 126
Event: 3.893 Thread 0x0000000002120800 Uncommon trap: reason=unstable_if action=reinterpret pc=0x000000000f35fa2c method=java.util.HashMap.putVal(ILjava/lang/Object;Ljava/lang/Object;ZZ)Ljava/lang/Object; @ 162
Event: 4.003 Thread 0x0000000002120800 Uncommon trap: reason=unstable_if action=reinterpret pc=0x000000000f3196cc method=java.util.HashMap.getNode(ILjava/lang/Object;)Ljava/util/HashMap$Node; @ 84
Event: 4.005 Thread 0x0000000002120800 Uncommon trap: reason=unstable_if action=reinterpret pc=0x000000000f253dbc method=java.util.HashMap.getNode(ILjava/lang/Object;)Ljava/util/HashMap$Node; @ 84
Event: 4.517 Thread 0x0000000006ce1000 Uncommon trap: reason=class_check action=maybe_recompile pc=0x000000000f64bedc method=com.android.dx.ssa.SCCP.simulateBranch(Lcom/android/dx/ssa/SsaInsn;)V @ 145
Event: 4.707 Thread 0x0000000006ceb000 Uncommon trap: reason=unstable_if action=reinterpret pc=0x000000000f687860 method=com.android.dx.cf.code.BytecodeArray.parseInstruction(ILcom/android/dx/cf/code/BytecodeArray$Visitor;)I @ 1198
Event: 6.860 Thread 0x0000000006ceb000 Uncommon trap: reason=class_check action=maybe_recompile pc=0x000000000f64bedc method=com.android.dx.ssa.SCCP.simulateBranch(Lcom/android/dx/ssa/SsaInsn;)V @ 145
Event: 8.202 Thread 0x0000000006ceb000 Uncommon trap: reason=unstable_if action=reinterpret pc=0x000000000f705158 method=com.android.dx.cf.code.Merger.mergeType(Lcom/android/dx/rop/type/TypeBearer;Lcom/android/dx/rop/type/TypeBearer;)Lcom/android/dx/rop/type/TypeBearer; @ 126
Event: 8.205 Thread 0x0000000006ceb000 Uncommon trap: reason=unstable_if action=reinterpret pc=0x000000000f6b28a0 method=java.util.HashMap.putVal(ILjava/lang/Object;Ljava/lang/Object;ZZ)Ljava/lang/Object; @ 109
Event: 9.884 Thread 0x0000000006ceb000 Uncommon trap: reason=unstable_if action=reinterpret pc=0x000000000f73e394 method=com.android.dx.ssa.MoveParamCombiner$1.visitNonMoveInsn(Lcom/android/dx/ssa/NormalSsaInsn;)V @ 27

Internal exceptions (5 events):
Event: 0.456 Thread 0x0000000002120800 Exception <a 'java/lang/NoSuchMethodError': Method sun.misc.Unsafe.defineClass(Ljava/lang/String;[BII)Ljava/lang/Class; name or signature does not match> (0x00000000eab13020) thrown at [C:\re\workspace\8-2-build-windows-amd64-cygwin\jdk8u60\4407\hotspot\sr3£
Event: 0.456 Thread 0x0000000002120800 Exception <a 'java/lang/NoSuchMethodError': Method sun.misc.Unsafe.prefetchRead(Ljava/lang/Object;J)V name or signature does not match> (0x00000000eab13308) thrown at [C:\re\workspace\8-2-build-windows-amd64-cygwin\jdk8u60\4407\hotspot\src\share\vm\prims\j LOÓ6œ@
Event: 3.976 Thread 0x0000000002120800 Exception <a 'java/lang/ArrayIndexOutOfBoundsException': 18> (0x00000000ec72c860) thrown at [C:\re\workspace\8-2-build-windows-amd64-cygwin\jdk8u60\4407\hotspot\src\share\vm\interpreter\interpreterRuntime.cpp, line 366]
Event: 3.977 Thread 0x0000000002120800 Exception <a 'java/lang/ArrayIndexOutOfBoundsException'> (0x00000000ec72e3e0) thrown at [C:\re\workspace\8-2-build-windows-amd64-cygwin\jdk8u60\4407\hotspot\src\share\vm\runtime\sharedRuntime.cpp, line 605]
Event: 3.999 Thread 0x0000000002120800 Exception <a 'java/lang/ArrayIndexOutOfBoundsException'> (0x00000000ec72f6c8) thrown at [C:\re\workspace\8-2-build-windows-amd64-cygwin\jdk8u60\4407\hotspot\src\share\vm\runtime\sharedRuntime.cpp, line 605]

Events (10 events):
Event: 8.659 Thread 0x0000000002120800 DEOPT UNPACKING pc=0x000000000f05747f sp=0x000000000211e170 mode 0
Event: 8.739 Executing VM operation: ParallelGCFailedAllocation
Event: 9.572 Executing VM operation: ParallelGCFailedAllocation done
Event: 9.614 Thread 0x0000000006ceb000 DEOPT PACKING pc=0x000000000f2d04c3 sp=0x00000000071bebc0
Event: 9.614 Thread 0x0000000006ceb000 DEOPT UNPACKING pc=0x000000000f05747f sp=0x00000000071be940 mode 0
Event: 9.884 Thread 0x0000000006ceb000 Uncommon trap: trap_request=0xffffff65 fr.pc=0x000000000f73e394
Event: 9.884 Thread 0x0000000006ceb000 DEOPT PACKING pc=0x000000000f73e394 sp=0x00000000071beab0
Event: 9.885 Thread 0x0000000006ceb000 DEOPT UNPACKING pc=0x000000000f05582a sp=0x00000000071bea08 mode 2
Event: 9.899 Thread 0x0000000006ceb000 DEOPT PACKING pc=0x000000000f61f8ca sp=0x00000000071bea00
Event: 9.899 Thread 0x0000000006ceb000 DEOPT UNPACKING pc=0x000000000f05747f sp=0x00000000071be788 mode 0


Dynamic libraries:
0x00007ff649730000 - 0x00007ff649767000 	C:\Program Files\Java\jdk1.8.0_60\bin\java.exe
0x00007ffabf4b0000 - 0x00007ffabf65c000 	C:\Windows\SYSTEM32\ntdll.dll
0x00007ffabd0d0000 - 0x00007ffabd20e000 	C:\Windows\system32\KERNEL32.DLL
0x00007ffabc960000 - 0x00007ffabca75000 	C:\Windows\system32\KERNELBASE.dll
0x00007ffabb150000 - 0x00007ffabb1de000 	C:\Windows\system32\apphelp.dll
0x00007ffa9ff10000 - 0x00007ffa9ff63000 	C:\Windows\AppPatch\AppPatch64\AcGenral.DLL
0x00007ffabcb90000 - 0x00007ffabcc3a000 	C:\Windows\system32\msvcrt.dll
0x00007ffabc380000 - 0x00007ffabc3ae000 	C:\Windows\SYSTEM32\SspiCli.dll
0x00007ffabecd0000 - 0x00007ffabed24000 	C:\Windows\system32\SHLWAPI.dll
0x00007ffabea30000 - 0x00007ffabeba7000 	C:\Windows\system32\USER32.dll
0x00007ffabeee0000 - 0x00007ffabf074000 	C:\Windows\system32\ole32.dll
0x00007ffabd3a0000 - 0x00007ffabe8b8000 	C:\Windows\system32\SHELL32.dll
0x00007ffabbb50000 - 0x00007ffabbb71000 	C:\Windows\SYSTEM32\USERENV.dll
0x00007ffabd220000 - 0x00007ffabd2ca000 	C:\Windows\system32\ADVAPI32.dll
0x00007ffab44f0000 - 0x00007ffab450e000 	C:\Windows\SYSTEM32\MPR.dll
0x00007ffabf0c0000 - 0x00007ffabf201000 	C:\Windows\system32\RPCRT4.dll
0x00007ffabcf10000 - 0x00007ffabcf69000 	C:\Windows\SYSTEM32\sechost.dll
0x00007ffabcc60000 - 0x00007ffabce71000 	C:\Windows\SYSTEM32\combase.dll
0x00007ffabcf70000 - 0x00007ffabd0c1000 	C:\Windows\system32\GDI32.dll
0x00007ffabc600000 - 0x00007ffabc615000 	C:\Windows\SYSTEM32\profapi.dll
0x00007ffabade0000 - 0x00007ffabae92000 	C:\Windows\SYSTEM32\SHCORE.dll
0x00007ffabf080000 - 0x00007ffabf0b6000 	C:\Windows\system32\IMM32.DLL
0x00007ffabe8c0000 - 0x00007ffabea12000 	C:\Windows\system32\MSCTF.dll
0x00007ffabc5b0000 - 0x00007ffabc5e1000 	C:\Windows\system32\nvinitx.dll
0x00007ffabc5a0000 - 0x00007ffabc5aa000 	C:\Windows\SYSTEM32\VERSION.dll
0x000000000f000000 - 0x000000000f006000 	C:\Program Files\NVIDIA Corporation\CoProcManager\_etoured.dll
0x00007ffaba8f0000 - 0x00007ffaba922000 	C:\Program Files\NVIDIA Corporation\CoProcManager\nvd3d9wrapx.dll
0x00007ffabf210000 - 0x00007ffabf3ea000 	C:\Windows\system32\SETUPAPI.dll
0x00007ffabc910000 - 0x00007ffabc95f000 	C:\Windows\system32\CFGMGR32.dll
0x00007ffaba8c0000 - 0x00007ffaba8e2000 	C:\Program Files\NVIDIA Corporation\CoProcManager\nvdxgiwrapx.dll
0x00007ffab8770000 - 0x00007ffab89eb000 	C:\Windows\WinSxS\amd64_microsoft.windows.common-controls_6595b64144ccf1df_6.0.9600.17415_none_6240486fecbd8abb\COMCTL32.dll
0x0000000073c80000 - 0x0000000073d52000 	C:\Program Files\Java\jdk1.8.0_60\jre\bin\msvcr100.dll
0x0000000074330000 - 0x0000000074bb9000 	C:\Program Files\Java\jdk1.8.0_60\jre\bin\server\jvm.dll
0x00007ffaaff30000 - 0x00007ffaaff39000 	C:\Windows\SYSTEM32\WSOCK32.dll
0x00007ffab8aa0000 - 0x00007ffab8ac2000 	C:\Windows\SYSTEM32\WINMM.dll
0x00007ffabea20000 - 0x00007ffabea27000 	C:\Windows\system32\PSAPI.DLL
0x00007ffabebb0000 - 0x00007ffabec0a000 	C:\Windows\system32\WS2_32.dll
0x00007ffab7b50000 - 0x00007ffab7b7a000 	C:\Windows\SYSTEM32\WINMMBASE.dll
0x00007ffabcf00000 - 0x00007ffabcf09000 	C:\Windows\system32\NSI.dll
0x00007ffabb3b0000 - 0x00007ffabb3d8000 	C:\Windows\SYSTEM32\DEVOBJ.dll
0x0000000074320000 - 0x000000007432f000 	C:\Program Files\Java\jdk1.8.0_60\jre\bin\verify.dll
0x00000000742f0000 - 0x0000000074319000 	C:\Program Files\Java\jdk1.8.0_60\jre\bin\java.dll
0x00000000742d0000 - 0x00000000742e6000 	C:\Program Files\Java\jdk1.8.0_60\jre\bin\zip.dll

VM Arguments:
jvm_args: -Xmx1024M -Dfile.encoding=windows-1251 -Duser.country=RU -Duser.language=ru -Duser.variant 
java_command: com.android.dx.command.Main --dex --num-threads=4 --output C:\java\android\EventHunter\app\build\intermediates\pre-dexed\release\classes-2fb1833e1229b2d3c16924247c7edace660836b0.jar C:\java\android\EventHunter\app\build\intermediates\exploded-aar\com.google.android.gms\play-services-ads\8.1.0\jars\classes.jar
java_class_path (initial): C:\Users\user\AppData\Local\Android\sdk\build-tools\23.0.1\lib\dx.jar
Launcher Type: SUN_STANDARD

Environment Variables:
PATH=C:\ProgramData\Oracle\Java\javapath;C:\Windows\system32;C:\Windows;C:\Windows\System32\Wbem;C:\Windows\System32\WindowsPowerShell\v1.0\;C:\Program Files (x86)\Windows Kits\8.1\Windows Performance Toolkit\;C:\Program Files\Microsoft SQL Server\110\Tools\Binn\;C:\Program Files (x86)\Intel\OpenCL SDK\2.0\bin\x86;C:\Program Files (x86)\Intel\OpenCL SDK\2.0\bin\x64;C:\Program Files (x86)\NVIDIA Corporation\PhysX\Common;c:\altera\91sp2\quartus\bin;C:\TDM-GCC-32\bin;C:\Program Files\Java\jdk1.8.0_60\bin;C:\Program Files (x86)\Skype\Phone\
USERNAME=user
OS=Windows_NT
PROCESSOR_IDENTIFIER=Intel64 Family 6 Model 42 Stepping 7, GenuineIntel



---------------  S Y S T E M  ---------------

OS: Windows 8.1 , 64 bit Build 9600 (6.3.9600.17415)

CPU:total 2 (2 cores per cpu, 1 threads per core) family 6 model 42 stepping 7, cmov, cx8, fxsr, mmx, sse, sse2, sse3, ssse3, sse4.1, sse4.2, popcnt, clmul, tsc, tscinvbit

Memory: 4k page, physical 4089116k(368068k free), swap 4089116k(6496k free)

vm_info: Java HotSpot(TM) 64-Bit Server VM (25.60-b23) for windows-amd64 JRE (1.8.0_60-b27), built on Aug  4 2015 11:06:27 by "java_re" with MS VC++ 10.0 (VS2010)

time: Tue Oct 13 23:45:26 2015
elapsed time: 10 seconds (0d 0h 0m 10s)

