
[error occurred during error reporting (printing stack bounds), id 0xc0000005]

Native frames: (J=compiled Java code, j=interpreted, Vv=VM code, C=native code)


Current CompileTask:
C2:   4907  923 %     4       com.android.dx.rop.cst.CstString::utf8BytesToString @ 14 (391 bytes)


---------------  P R O C E S S  ---------------

Java Threads: ( => current thread )
  0x0000000007224000 JavaThread "pool-1-thread-4" [_thread_in_Java, id=1408, stack(0x0000000007800000,0x0000000007900000)]
  0x000000000721c800 JavaThread "pool-1-thread-3" [_thread_in_Java, id=3540, stack(0x0000000007700000,0x0000000007800000)]
  0x000000000721b800 JavaThread "pool-1-thread-2" [_thread_in_Java, id=4396, stack(0x0000000007600000,0x0000000007700000)]
  0x000000000721a000 JavaThread "pool-2-thread-1" [_thread_blocked, id=1932, stack(0x0000000007500000,0x0000000007600000)]
  0x00000000070f8800 JavaThread "pool-1-thread-1" [_thread_in_vm, id=2080, stack(0x0000000007400000,0x0000000007500000)]
  0x0000000005c35000 JavaThread "Service Thread" daemon [_thread_blocked, id=4920, stack(0x0000000006e00000,0x0000000006f00000)]
  0x0000000005c32000 JavaThread "C1 CompilerThread1" daemon [_thread_blocked, id=424, stack(0x0000000006d00000,0x0000000006e00000)]
=>0x0000000005bda800 JavaThread "C2 CompilerThread0" daemon [_thread_in_native, id=2120, stack(0x0000000006c00000,0x0000000006d00000)]
  0x0000000005bd9000 JavaThread "Attach Listener" daemon [_thread_blocked, id=3604, stack(0x0000000006b00000,0x0000000006c00000)]
  0x0000000005bd5800 JavaThread "Signal Dispatcher" daemon [_thread_blocked, id=2512, stack(0x0000000006a00000,0x0000000006b00000)]
  0x0000000002742800 JavaThread "Finalizer" daemon [_thread_blocked, id=1308, stack(0x0000000006820000,0x0000000006920000)]
  0x0000000002739800 JavaThread "Reference Handler" daemon [_thread_blocked, id=3740, stack(0x0000000006720000,0x0000000006820000)]
  0x0000000002650800 JavaThread "main" [_thread_in_Java, id=3416, stack(0x0000000002550000,0x0000000002650000)]

Other Threads:
  0x0000000005ba6800 VMThread [stack: 0x0000000006620000,0x0000000006720000] [id=4424]
  0x0000000005c40800 WatcherThread [stack: 0x0000000006f00000,0x0000000007000000] [id=1376]

VM state:not at safepoint (normal execution)

VM Mutex/Monitor currently owned by a thread: None

Heap:
 PSYoungGen      total 18944K, used 16666K [0x00000000eab00000, 0x00000000ec000000, 0x0000000100000000)
  eden space 16384K, 86% used [0x00000000eab00000,0x00000000eb8ccd90,0x00000000ebb00000)
  from space 2560K, 99% used [0x00000000ebb00000,0x00000000ebd79c70,0x00000000ebd80000)
  to   space 2560K, 0% used [0x00000000ebd80000,0x00000000ebd80000,0x00000000ec000000)
 ParOldGen       total 44032K, used 1764K [0x00000000c0000000, 0x00000000c2b00000, 0x00000000eab00000)
  object space 44032K, 4% used [0x00000000c0000000,0x00000000c01b9170,0x00000000c2b00000)
 Metaspace       used 5677K, capacity 6768K, committed 7040K, reserved 1056768K
  class space    used 586K, capacity 616K, committed 640K, reserved 1048576K

Card table byte_map: [0x0000000002b10000,0x0000000002d20000] byte_map_base: 0x0000000002510000

Marking Bits: (ParMarkBitMap*) 0x0000000074b3a5b0
 Begin Bits: [0x0000000003080000, 0x0000000004080000)
 End Bits:   [0x0000000004080000, 0x0000000005080000)

Polling page: 0x00000000007a0000

CodeCache: size=245760Kb used=3698Kb max_used=3698Kb free=242061Kb
 bounds [0x000000000f010000, 0x000000000f3b0000, 0x000000001e010000]
 total_blobs=1178 nmethods=909 adapters=182
 compilation: disabled (not enough contiguous free space left)

Compilation events (10 events):
Event: 4.832 Thread 0x0000000005c32000 nmethod 902 0x000000000f39d410 code [0x000000000f39d560, 0x000000000f39d670]
Event: 4.832 Thread 0x0000000005c32000  921       1       com.android.dx.rop.code.Insn$BaseVisitor::visitPlainInsn (1 bytes)
Event: 4.832 Thread 0x0000000005c32000 nmethod 921 0x000000000f39d150 code [0x000000000f39d2a0, 0x000000000f39d3b0]
Event: 4.832 Thread 0x0000000005c32000  894       3       java.util.ArrayList::remove (77 bytes)
Event: 4.833 Thread 0x0000000005c32000 nmethod 894 0x000000000f39c810 code [0x000000000f39c9c0, 0x000000000f39cf08]
Event: 4.833 Thread 0x0000000005c32000  912       2       com.android.dx.cf.code.ConcreteMethod::makeSourcePosistion (21 bytes)
Event: 4.833 Thread 0x0000000005c32000 nmethod 912 0x000000000f39c390 code [0x000000000f39c500, 0x000000000f39c718]
Event: 4.833 Thread 0x0000000005c32000  895       3       java.util.ArrayList::fastRemove (57 bytes)
Event: 4.833 Thread 0x0000000005c32000 nmethod 895 0x000000000f3a37d0 code [0x000000000f3a3940, 0x000000000f3a3d28]
Event: 4.833 Thread 0x0000000005c32000  884       3       com.android.dx.ssa.SsaMethod::getEntryBlock (15 bytes)

GC Heap History (2 events):
Event: 4.397 GC heap before
{Heap before GC invocations=1 (full 0):
 PSYoungGen      total 18944K, used 16384K [0x00000000eab00000, 0x00000000ec000000, 0x0000000100000000)
  eden space 16384K, 100% used [0x00000000eab00000,0x00000000ebb00000,0x00000000ebb00000)
  from space 2560K, 0% used [0x00000000ebd80000,0x00000000ebd80000,0x00000000ec000000)
  to   space 2560K, 0% used [0x00000000ebb00000,0x00000000ebb00000,0x00000000ebd80000)
 ParOldGen       total 44032K, used 0K [0x00000000c0000000, 0x00000000c2b00000, 0x00000000eab00000)
  object space 44032K, 0% used [0x00000000c0000000,0x00000000c0000000,0x00000000c2b00000)
 Metaspace       used 5658K, capacity 6704K, committed 6784K, reserved 1056768K
  class space    used 585K, capacity 616K, committed 640K, reserved 1048576K
Event: 4.670 GC heap after
Heap after GC invocations=1 (full 0):
 PSYoungGen      total 18944K, used 2535K [0x00000000eab00000, 0x00000000ec000000, 0x0000000100000000)
  eden space 16384K, 0% used [0x00000000eab00000,0x00000000eab00000,0x00000000ebb00000)
  from space 2560K, 99% used [0x00000000ebb00000,0x00000000ebd79c70,0x00000000ebd80000)
  to   space 2560K, 0% used [0x00000000ebd80000,0x00000000ebd80000,0x00000000ec000000)
 ParOldGen       total 44032K, used 1764K [0x00000000c0000000, 0x00000000c2b00000, 0x00000000eab00000)
  object space 44032K, 4% used [0x00000000c0000000,0x00000000c01b9170,0x00000000c2b00000)
 Metaspace       used 5658K, capacity 6704K, committed 6784K, reserved 1056768K
  class space    used 585K, capacity 616K, committed 640K, reserved 1048576K
}

Deoptimization events (8 events):
Event: 3.890 Thread 0x0000000007224000 Uncommon trap: reason=unstable_if action=reinterpret pc=0x000000000f2618b4 method=java.util.BitSet.ensureCapacity(I)V @ 6
Event: 4.166 Thread 0x0000000002650800 Uncommon trap: reason=unstable_if action=reinterpret pc=0x000000000f370bf0 method=java.lang.String.<init>([CII)V @ 18
Event: 4.185 Thread 0x0000000002650800 Uncommon trap: reason=class_check action=maybe_recompile pc=0x000000000f2e208c method=com.android.dx.ssa.NormalSsaInsn.accept(Lcom/android/dx/ssa/SsaInsn$Visitor;)V @ 9
Event: 4.186 Thread 0x0000000002650800 Uncommon trap: reason=class_check action=maybe_recompile pc=0x000000000f25eb70 method=com.android.dx.ssa.NormalSsaInsn.accept(Lcom/android/dx/ssa/SsaInsn$Visitor;)V @ 9
Event: 4.186 Thread 0x0000000002650800 Uncommon trap: reason=class_check action=maybe_recompile pc=0x000000000f25eb70 method=com.android.dx.ssa.NormalSsaInsn.accept(Lcom/android/dx/ssa/SsaInsn$Visitor;)V @ 9
Event: 4.188 Thread 0x0000000002650800 Uncommon trap: reason=class_check action=maybe_recompile pc=0x000000000f2e208c method=com.android.dx.ssa.NormalSsaInsn.accept(Lcom/android/dx/ssa/SsaInsn$Visitor;)V @ 9
Event: 4.188 Thread 0x0000000002650800 Uncommon trap: reason=class_check action=maybe_recompile pc=0x000000000f25eb70 method=com.android.dx.ssa.NormalSsaInsn.accept(Lcom/android/dx/ssa/SsaInsn$Visitor;)V @ 9
Event: 4.799 Thread 0x0000000002650800 Uncommon trap: reason=unstable_if action=reinterpret pc=0x000000000f2969d4 method=java.lang.String.<init>([CII)V @ 18

Internal exceptions (2 events):
Event: 0.833 Thread 0x0000000002650800 Exception <a 'java/lang/NoSuchMethodError': Method sun.misc.Unsafe.defineClass(Ljava/lang/String;[BII)Ljava/lang/Class; name or signature does not match> (0x00000000eab12c48) thrown at [C:\re\workspace\8-2-build-windows-amd64-cygwin\jdk8u60\4407\hotspot\srðÓ	Ö¦ê?
Event: 0.833 Thread 0x0000000002650800 Exception <a 'java/lang/NoSuchMethodError': Method sun.misc.Unsafe.prefetchRead(Ljava/lang/Object;J)V name or signature does not match> (0x00000000eab12f30) thrown at [C:\re\workspace\8-2-build-windows-amd64-cygwin\jdk8u60\4407\hotspot\src\share\vm\prims\j

Events (10 events):
Event: 4.207 loading class com/android/dx/dex/file/FieldAnnotationStruct done
Event: 4.212 loading class com/android/dx/dex/file/MethodAnnotationStruct
Event: 4.212 loading class com/android/dx/dex/file/MethodAnnotationStruct done
Event: 4.263 Executing VM operation: ParallelGCFailedAllocation
Event: 4.670 Executing VM operation: ParallelGCFailedAllocation done
Event: 4.747 loading class com/android/dx/cf/code/BytecodeArray$ConstantParserVisitor
Event: 4.747 loading class com/android/dx/cf/code/BytecodeArray$ConstantParserVisitor done
Event: 4.799 Thread 0x0000000002650800 Uncommon trap: trap_request=0xffffff65 fr.pc=0x000000000f2969d4
Event: 4.799 Thread 0x0000000002650800 DEOPT PACKING pc=0x000000000f2969d4 sp=0x000000000264e420
Event: 4.799 Thread 0x0000000002650800 DEOPT UNPACKING pc=0x000000000f05582a sp=0x000000000264e3e8 mode 2


Dynamic libraries:
0x00007ff649730000 - 0x00007ff649767000 	C:\Program Files\Java\jdk1.8.0_60\bin\java.exe
0x00007ffabf4b0000 - 0x00007ffabf65c000 	C:\Windows\SYSTEM32\ntdll.dll
0x00007ffabd0d0000 - 0x00007ffabd20e000 	C:\Windows\system32\KERNEL32.DLL
0x00007ffabc960000 - 0x00007ffabca75000 	C:\Windows\system32\KERNELBASE.dll
0x00007ffabb150000 - 0x00007ffabb1de000 	C:\Windows\system32\apphelp.dll
0x00007ffa9ff10000 - 0x00007ffa9ff63000 	C:\Windows\AppPatch\AppPatch64\AcGenral.DLL
0x00007ffabcb90000 - 0x00007ffabcc3a000 	C:\Windows\system32\msvcrt.dll
0x00007ffabc380000 - 0x00007ffabc3ae000 	C:\Windows\SYSTEM32\SspiCli.dll
0x00007ffabecd0000 - 0x00007ffabed24000 	C:\Windows\system32\SHLWAPI.dll
0x00007ffabea30000 - 0x00007ffabeba7000 	C:\Windows\system32\USER32.dll
0x00007ffabeee0000 - 0x00007ffabf074000 	C:\Windows\system32\ole32.dll
0x00007ffabd3a0000 - 0x00007ffabe8b8000 	C:\Windows\system32\SHELL32.dll
0x00007ffabbb50000 - 0x00007ffabbb71000 	C:\Windows\SYSTEM32\USERENV.dll
0x00007ffabd220000 - 0x00007ffabd2ca000 	C:\Windows\system32\ADVAPI32.dll
0x00007ffab44f0000 - 0x00007ffab450e000 	C:\Windows\SYSTEM32\MPR.dll
0x00007ffabf0c0000 - 0x00007ffabf201000 	C:\Windows\system32\RPCRT4.dll
0x00007ffabcf10000 - 0x00007ffabcf69000 	C:\Windows\SYSTEM32\sechost.dll
0x00007ffabcc60000 - 0x00007ffabce71000 	C:\Windows\SYSTEM32\combase.dll
0x00007ffabcf70000 - 0x00007ffabd0c1000 	C:\Windows\system32\GDI32.dll
0x00007ffabc600000 - 0x00007ffabc615000 	C:\Windows\SYSTEM32\profapi.dll
0x00007ffabade0000 - 0x00007ffabae92000 	C:\Windows\SYSTEM32\SHCORE.dll
0x00007ffabf080000 - 0x00007ffabf0b6000 	C:\Windows\system32\IMM32.DLL
0x00007ffabe8c0000 - 0x00007ffabea12000 	C:\Windows\system32\MSCTF.dll
0x00007ffabc5b0000 - 0x00007ffabc5e1000 	C:\Windows\system32\nvinitx.dll
0x00007ffabc5a0000 - 0x00007ffabc5aa000 	C:\Windows\SYSTEM32\VERSION.dll
0x000000000f000000 - 0x000000000f006000 	C:\Program Files\NVIDIA Corporation\CoProcManager\_etoured.dll
0x00007ffaba8f0000 - 0x00007ffaba922000 	C:\Program Files\NVIDIA Corporation\CoProcManager\nvd3d9wrapx.dll
0x00007ffabf210000 - 0x00007ffabf3ea000 	C:\Windows\system32\SETUPAPI.dll
0x00007ffabc910000 - 0x00007ffabc95f000 	C:\Windows\system32\CFGMGR32.dll
0x00007ffaba8c0000 - 0x00007ffaba8e2000 	C:\Program Files\NVIDIA Corporation\CoProcManager\nvdxgiwrapx.dll
0x00007ffab8770000 - 0x00007ffab89eb000 	C:\Windows\WinSxS\amd64_microsoft.windows.common-controls_6595b64144ccf1df_6.0.9600.17415_none_6240486fecbd8abb\COMCTL32.dll
0x0000000073c80000 - 0x0000000073d52000 	C:\Program Files\Java\jdk1.8.0_60\jre\bin\msvcr100.dll
0x0000000074330000 - 0x0000000074bb9000 	C:\Program Files\Java\jdk1.8.0_60\jre\bin\server\jvm.dll
0x00007ffaaff30000 - 0x00007ffaaff39000 	C:\Windows\SYSTEM32\WSOCK32.dll
0x00007ffab8aa0000 - 0x00007ffab8ac2000 	C:\Windows\SYSTEM32\WINMM.dll
0x00007ffabea20000 - 0x00007ffabea27000 	C:\Windows\system32\PSAPI.DLL
0x00007ffabebb0000 - 0x00007ffabec0a000 	C:\Windows\system32\WS2_32.dll
0x00007ffab7b50000 - 0x00007ffab7b7a000 	C:\Windows\SYSTEM32\WINMMBASE.dll
0x00007ffabcf00000 - 0x00007ffabcf09000 	C:\Windows\system32\NSI.dll
0x00007ffabb3b0000 - 0x00007ffabb3d8000 	C:\Windows\SYSTEM32\DEVOBJ.dll
0x0000000074320000 - 0x000000007432f000 	C:\Program Files\Java\jdk1.8.0_60\jre\bin\verify.dll
0x00000000742f0000 - 0x0000000074319000 	C:\Program Files\Java\jdk1.8.0_60\jre\bin\java.dll
0x00000000742d0000 - 0x00000000742e6000 	C:\Program Files\Java\jdk1.8.0_60\jre\bin\zip.dll

VM Arguments:
jvm_args: -Xmx1024M -Dfile.encoding=windows-1251 -Duser.country=RU -Duser.language=ru -Duser.variant 
java_command: com.android.dx.command.Main --dex --num-threads=4 --output C:\java\android\EventHunter\app\build\intermediates\pre-dexed\release\classes-5ca4f3c4ceb3497993ee5090b90b68d342d08305.jar C:\java\android\EventHunter\app\build\intermediates\exploded-aar\com.google.android.gms\play-services-measurement\8.1.0\jars\classes.jar
java_class_path (initial): C:\Users\user\AppData\Local\Android\sdk\build-tools\23.0.1\lib\dx.jar
Launcher Type: SUN_STANDARD

Environment Variables:
PATH=C:\ProgramData\Oracle\Java\javapath;C:\Windows\system32;C:\Windows;C:\Windows\System32\Wbem;C:\Windows\System32\WindowsPowerShell\v1.0\;C:\Program Files (x86)\Windows Kits\8.1\Windows Performance Toolkit\;C:\Program Files\Microsoft SQL Server\110\Tools\Binn\;C:\Program Files (x86)\Intel\OpenCL SDK\2.0\bin\x86;C:\Program Files (x86)\Intel\OpenCL SDK\2.0\bin\x64;C:\Program Files (x86)\NVIDIA Corporation\PhysX\Common;c:\altera\91sp2\quartus\bin;C:\TDM-GCC-32\bin;C:\Program Files\Java\jdk1.8.0_60\bin;C:\Program Files (x86)\Skype\Phone\
USERNAME=user
OS=Windows_NT
PROCESSOR_IDENTIFIER=Intel64 Family 6 Model 42 Stepping 7, GenuineIntel



---------------  S Y S T E M  ---------------

OS: Windows 8.1 , 64 bit Build 9600 (6.3.9600.17415)

CPU:total 2 (2 cores per cpu, 1 threads per core) family 6 model 42 stepping 7, cmov, cx8, fxsr, mmx, sse, sse2, sse3, ssse3, sse4.1, sse4.2, popcnt, clmul, tsc, tscinvbit

Memory: 4k page, physical 4089116k(462464k free), swap 4089116k(5124k free)

vm_info: Java HotSpot(TM) 64-Bit Server VM (25.60-b23) for windows-amd64 JRE (1.8.0_60-b27), built on Aug  4 2015 11:06:27 by "java_re" with MS VC++ 10.0 (VS2010)

time: Tue Oct 13 23:46:27 2015
elapsed time: 4 seconds (0d 0h 0m 4s)

