#
# There is insufficient memory for the Java Runtime Environment to continue.
# Native memory allocation (malloc) failed to allocate 195056 bytes for Chunk::new
# Possible reasons:
#   The system is out of physical RAM or swap space
#   In 32 bit mode, the process size limit was hit
# Possible solutions:
#   Reduce memory load on the system
#   Increase physical memory or swap space
#   Check if swap backing store is full
#   Use 64 bit Java on a 64 bit OS
#   Decrease Java heap size (-Xmx/-Xms)
#   Decrease number of Java threads
#   Decrease Java thread stack sizes (-Xss)
#   Set larger code cache with -XX:ReservedCodeCacheSize=
# This output file may be truncated or incomplete.
#
#  Out of Memory Error (allocation.cpp:390), pid=924, tid=3164
#
# JRE version: Java(TM) SE Runtime Environment (8.0_60-b27) (build 1.8.0_60-b27)
# Java VM: Java HotSpot(TM) 64-Bit Server VM (25.60-b23 mixed mode windows-amd64 compressed oops)
# Failed to write core dump. Minidumps are not enabled by default on client versions of Windows
#

---------------  T H R E A D  ---------------

Current thread (0x00000000057f8800):  JavaThread "C2 CompilerThread0" daemon [_thread_in_native, id=3164, stack(0x0000000006820000,0x0000000006920000)]

Stack: [0x0000000006820000,0x0000000006920000]
[error occurred during error reporting (printing stack bounds), id 0xc0000005]

Native frames: (J=compiled Java code, j=interpreted, Vv=VM code, C=native code)


Current CompileTask:
C2:  13047 3182       4       java.util.TimSort::mergeLo (659 bytes)


---------------  P R O C E S S  ---------------

Java Threads: ( => current thread )
  0x0000000005845800 JavaThread "Service Thread" daemon [_thread_blocked, id=4452, stack(0x0000000006a20000,0x0000000006b20000)]
  0x00000000057fc000 JavaThread "C1 CompilerThread1" daemon [_thread_blocked, id=984, stack(0x0000000006920000,0x0000000006a20000)]
=>0x00000000057f8800 JavaThread "C2 CompilerThread0" daemon [_thread_in_native, id=3164, stack(0x0000000006820000,0x0000000006920000)]
  0x0000000005804800 JavaThread "Attach Listener" daemon [_thread_blocked, id=4208, stack(0x0000000006720000,0x0000000006820000)]
  0x0000000005803800 JavaThread "Signal Dispatcher" daemon [_thread_blocked, id=3748, stack(0x0000000006620000,0x0000000006720000)]
  0x0000000002364800 JavaThread "Finalizer" daemon [_thread_blocked, id=3492, stack(0x0000000006440000,0x0000000006540000)]
  0x000000000235b800 JavaThread "Reference Handler" daemon [_thread_blocked, id=3376, stack(0x0000000006340000,0x0000000006440000)]
  0x0000000002272800 JavaThread "main" [_thread_in_Java, id=3788, stack(0x0000000002120000,0x0000000002220000)]

Other Threads:
  0x00000000057c6000 VMThread [stack: 0x0000000006240000,0x0000000006340000] [id=2568]
  0x0000000006b21800 WatcherThread [stack: 0x0000000006f20000,0x0000000007020000] [id=3036]

VM state:not at safepoint (normal execution)

VM Mutex/Monitor currently owned by a thread: None

Heap:
 PSYoungGen      total 115712K, used 108025K [0x00000000eab00000, 0x00000000f2680000, 0x0000000100000000)
  eden space 104960K, 93% used [0x00000000eab00000,0x00000000f0a6a238,0x00000000f1180000)
  from space 10752K, 95% used [0x00000000f1c00000,0x00000000f26143d8,0x00000000f2680000)
  to   space 10752K, 0% used [0x00000000f1180000,0x00000000f1180000,0x00000000f1c00000)
 ParOldGen       total 69632K, used 52739K [0x00000000c0000000, 0x00000000c4400000, 0x00000000eab00000)
  object space 69632K, 75% used [0x00000000c0000000,0x00000000c3380f78,0x00000000c4400000)
 Metaspace       used 8396K, capacity 8504K, committed 8576K, reserved 1056768K
  class space    used 794K, capacity 851K, committed 896K, reserved 1048576K

Card table byte_map: [0x0000000002730000,0x0000000002940000] byte_map_base: 0x0000000002130000

Marking Bits: (ParMarkBitMap*) 0x0000000074b3a5b0
 Begin Bits: [0x0000000002ca0000, 0x0000000003ca0000)
 End Bits:   [0x0000000003ca0000, 0x0000000004ca0000)

Polling page: 0x00000000005a0000

CodeCache: size=245760Kb used=11388Kb max_used=11509Kb free=234371Kb
 bounds [0x000000000f010000, 0x000000000fb60000, 0x000000001e010000]
 total_blobs=3392 nmethods=3096 adapters=208
 compilation: enabled

Compilation events (10 events):
Event: 12.732 Thread 0x00000000057f8800 nmethod 3177 0x000000000f1a3a90 code [0x000000000f1a3c00, 0x000000000f1a3d98]
Event: 12.976 Thread 0x00000000057fc000 3178       3       java.util.HashMap$TreeNode::treeify (221 bytes)
Event: 12.977 Thread 0x00000000057fc000 nmethod 3178 0x000000000f1a46d0 code [0x000000000f1a48e0, 0x000000000f1a5448]
Event: 12.978 Thread 0x00000000057fc000 3179       3       java.util.HashMap$TreeNode::balanceInsertion (245 bytes)
Event: 12.979 Thread 0x00000000057fc000 nmethod 3179 0x000000000f16bd50 code [0x000000000f16bf80, 0x000000000f16c938]
Event: 12.981 Thread 0x00000000057f8800 3180       4       com.android.dx.merge.DexMerger::transformAnnotationDirectories (51 bytes)
Event: 12.984 Thread 0x00000000057f8800 nmethod 3180 0x000000000f1259d0 code [0x000000000f125b20, 0x000000000f125c58]
Event: 12.985 Thread 0x00000000057f8800 3181       4       com.android.dx.merge.DexMerger::transformStaticValues (47 bytes)
Event: 13.009 Thread 0x00000000057f8800 

Event: 13.014 Thread 0x00000000057f8800 3182       4       java.util.TimSort::mergeLo (659 bytes)

GC Heap History (10 events):
Event: 12.026 GC heap before
{Heap before GC invocations=21 (full 2):
 PSYoungGen      total 115712K, used 104960K [0x00000000eab00000, 0x00000000f2680000, 0x0000000100000000)
  eden space 104960K, 100% used [0x00000000eab00000,0x00000000f1180000,0x00000000f1180000)
  from space 10752K, 0% used [0x00000000f1c00000,0x00000000f1c00000,0x00000000f2680000)
  to   space 10752K, 0% used [0x00000000f1180000,0x00000000f1180000,0x00000000f1c00000)
 ParOldGen       total 69632K, used 33079K [0x00000000c0000000, 0x00000000c4400000, 0x00000000eab00000)
  object space 69632K, 47% used [0x00000000c0000000,0x00000000c204dfd8,0x00000000c4400000)
 Metaspace       used 8396K, capacity 8504K, committed 8576K, reserved 1056768K
  class space    used 794K, capacity 851K, committed 896K, reserved 1048576K
Event: 12.034 GC heap after
Heap after GC invocations=21 (full 2):
 PSYoungGen      total 115712K, used 8612K [0x00000000eab00000, 0x00000000f2680000, 0x0000000100000000)
  eden space 104960K, 0% used [0x00000000eab00000,0x00000000eab00000,0x00000000f1180000)
  from space 10752K, 80% used [0x00000000f1180000,0x00000000f19e92c0,0x00000000f1c00000)
  to   space 10752K, 0% used [0x00000000f1c00000,0x00000000f1c00000,0x00000000f2680000)
 ParOldGen       total 69632K, used 38715K [0x00000000c0000000, 0x00000000c4400000, 0x00000000eab00000)
  object space 69632K, 55% used [0x00000000c0000000,0x00000000c25cec50,0x00000000c4400000)
 Metaspace       used 8396K, capacity 8504K, committed 8576K, reserved 1056768K
  class space    used 794K, capacity 851K, committed 896K, reserved 1048576K
}
Event: 12.228 GC heap before
{Heap before GC invocations=22 (full 2):
 PSYoungGen      total 115712K, used 113572K [0x00000000eab00000, 0x00000000f2680000, 0x0000000100000000)
  eden space 104960K, 100% used [0x00000000eab00000,0x00000000f1180000,0x00000000f1180000)
  from space 10752K, 80% used [0x00000000f1180000,0x00000000f19e92c0,0x00000000f1c00000)
  to   space 10752K, 0% used [0x00000000f1c00000,0x00000000f1c00000,0x00000000f2680000)
 ParOldGen       total 69632K, used 38715K [0x00000000c0000000, 0x00000000c4400000, 0x00000000eab00000)
  object space 69632K, 55% used [0x00000000c0000000,0x00000000c25cec50,0x00000000c4400000)
 Metaspace       used 8396K, capacity 8504K, committed 8576K, reserved 1056768K
  class space    used 794K, capacity 851K, committed 896K, reserved 1048576K
Event: 12.237 GC heap after
Heap after GC invocations=22 (full 2):
 PSYoungGen      total 115712K, used 9204K [0x00000000eab00000, 0x00000000f2680000, 0x0000000100000000)
  eden space 104960K, 0% used [0x00000000eab00000,0x00000000eab00000,0x00000000f1180000)
  from space 10752K, 85% used [0x00000000f1c00000,0x00000000f24fd018,0x00000000f2680000)
  to   space 10752K, 0% used [0x00000000f1180000,0x00000000f1180000,0x00000000f1c00000)
 ParOldGen       total 69632K, used 46688K [0x00000000c0000000, 0x00000000c4400000, 0x00000000eab00000)
  object space 69632K, 67% used [0x00000000c0000000,0x00000000c2d98258,0x00000000c4400000)
 Metaspace       used 8396K, capacity 8504K, committed 8576K, reserved 1056768K
  class space    used 794K, capacity 851K, committed 896K, reserved 1048576K
}
Event: 12.454 GC heap before
{Heap before GC invocations=23 (full 2):
 PSYoungGen      total 115712K, used 114164K [0x00000000eab00000, 0x00000000f2680000, 0x0000000100000000)
  eden space 104960K, 100% used [0x00000000eab00000,0x00000000f1180000,0x00000000f1180000)
  from space 10752K, 85% used [0x00000000f1c00000,0x00000000f24fd018,0x00000000f2680000)
  to   space 10752K, 0% used [0x00000000f1180000,0x00000000f1180000,0x00000000f1c00000)
 ParOldGen       total 69632K, used 46688K [0x00000000c0000000, 0x00000000c4400000, 0x00000000eab00000)
  object space 69632K, 67% used [0x00000000c0000000,0x00000000c2d98258,0x00000000c4400000)
 Metaspace       used 8396K, capacity 8504K, committed 8576K, reserved 1056768K
  class space    used 794K, capacity 851K, committed 896K, reserved 1048576K
Event: 12.466 GC heap after
Heap after GC invocations=23 (full 2):
 PSYoungGen      total 115712K, used 10306K [0x00000000eab00000, 0x00000000f2680000, 0x0000000100000000)
  eden space 104960K, 0% used [0x00000000eab00000,0x00000000eab00000,0x00000000f1180000)
  from space 10752K, 95% used [0x00000000f1180000,0x00000000f1b908d8,0x00000000f1c00000)
  to   space 10752K, 0% used [0x00000000f1c00000,0x00000000f1c00000,0x00000000f2680000)
 ParOldGen       total 69632K, used 55038K [0x00000000c0000000, 0x00000000c4400000, 0x00000000eab00000)
  object space 69632K, 79% used [0x00000000c0000000,0x00000000c35bf8e0,0x00000000c4400000)
 Metaspace       used 8396K, capacity 8504K, committed 8576K, reserved 1056768K
  class space    used 794K, capacity 851K, committed 896K, reserved 1048576K
}
Event: 12.466 GC heap before
{Heap before GC invocations=24 (full 3):
 PSYoungGen      total 115712K, used 10306K [0x00000000eab00000, 0x00000000f2680000, 0x0000000100000000)
  eden space 104960K, 0% used [0x00000000eab00000,0x00000000eab00000,0x00000000f1180000)
  from space 10752K, 95% used [0x00000000f1180000,0x00000000f1b908d8,0x00000000f1c00000)
  to   space 10752K, 0% used [0x00000000f1c00000,0x00000000f1c00000,0x00000000f2680000)
 ParOldGen       total 69632K, used 55038K [0x00000000c0000000, 0x00000000c4400000, 0x00000000eab00000)
  object space 69632K, 79% used [0x00000000c0000000,0x00000000c35bf8e0,0x00000000c4400000)
 Metaspace       used 8396K, capacity 8504K, committed 8576K, reserved 1056768K
  class space    used 794K, capacity 851K, committed 896K, reserved 1048576K
Event: 12.563 GC heap after
Heap after GC invocations=24 (full 3):
 PSYoungGen      total 115712K, used 0K [0x00000000eab00000, 0x00000000f2680000, 0x0000000100000000)
  eden space 104960K, 0% used [0x00000000eab00000,0x00000000eab00000,0x00000000f1180000)
  from space 10752K, 0% used [0x00000000f1180000,0x00000000f1180000,0x00000000f1c00000)
  to   space 10752K, 0% used [0x00000000f1c00000,0x00000000f1c00000,0x00000000f2680000)
 ParOldGen       total 69632K, used 43765K [0x00000000c0000000, 0x00000000c4400000, 0x00000000eab00000)
  object space 69632K, 62% used [0x00000000c0000000,0x00000000c2abd400,0x00000000c4400000)
 Metaspace       used 8396K, capacity 8504K, committed 8576K, reserved 1056768K
  class space    used 794K, capacity 851K, committed 896K, reserved 1048576K
}
Event: 12.777 GC heap before
{Heap before GC invocations=25 (full 3):
 PSYoungGen      total 115712K, used 104960K [0x00000000eab00000, 0x00000000f2680000, 0x0000000100000000)
  eden space 104960K, 100% used [0x00000000eab00000,0x00000000f1180000,0x00000000f1180000)
  from space 10752K, 0% used [0x00000000f1180000,0x00000000f1180000,0x00000000f1c00000)
  to   space 10752K, 0% used [0x00000000f1c00000,0x00000000f1c00000,0x00000000f2680000)
 ParOldGen       total 69632K, used 43765K [0x00000000c0000000, 0x00000000c4400000, 0x00000000eab00000)
  object space 69632K, 62% used [0x00000000c0000000,0x00000000c2abd400,0x00000000c4400000)
 Metaspace       used 8396K, capacity 8504K, committed 8576K, reserved 1056768K
  class space    used 794K, capacity 851K, committed 896K, reserved 1048576K
Event: 12.786 GC heap after
Heap after GC invocations=25 (full 3):
 PSYoungGen      total 115712K, used 10320K [0x00000000eab00000, 0x00000000f2680000, 0x0000000100000000)
  eden space 104960K, 0% used [0x00000000eab00000,0x00000000eab00000,0x00000000f1180000)
  from space 10752K, 95% used [0x00000000f1c00000,0x00000000f26143d8,0x00000000f2680000)
  to   space 10752K, 0% used [0x00000000f1180000,0x00000000f1180000,0x00000000f1c00000)
 ParOldGen       total 69632K, used 52739K [0x00000000c0000000, 0x00000000c4400000, 0x00000000eab00000)
  object space 69632K, 75% used [0x00000000c0000000,0x00000000c3380f78,0x00000000c4400000)
 Metaspace       used 8396K, capacity 8504K, committed 8576K, reserved 1056768K
  class space    used 794K, capacity 851K, committed 896K, reserved 1048576K
}

Deoptimization events (10 events):
Event: 11.561 Thread 0x0000000002272800 Uncommon trap: reason=unstable_if action=reinterpret pc=0x000000000f99fc6c method=com.android.dex.Mutf8.decode(Lcom/android/dex/util/ByteInput;[C)Ljava/lang/String; @ 54
Event: 11.562 Thread 0x0000000002272800 Uncommon trap: reason=unstable_if action=reinterpret pc=0x000000000f9ef774 method=com.android.dex.Mutf8.countBytes(Ljava/lang/String;Z)J @ 28
Event: 11.562 Thread 0x0000000002272800 Uncommon trap: reason=unstable_if action=reinterpret pc=0x000000000f8ea01c method=com.android.dex.Mutf8.encode([BILjava/lang/String;)V @ 24
Event: 11.563 Thread 0x0000000002272800 Uncommon trap: reason=unstable_if action=reinterpret pc=0x000000000f9f6a00 method=com.android.dex.Mutf8.countBytes(Ljava/lang/String;Z)J @ 28
Event: 11.563 Thread 0x0000000002272800 Uncommon trap: reason=unstable_if action=reinterpret pc=0x000000000f9f8b4c method=com.android.dex.Mutf8.countBytes(Ljava/lang/String;Z)J @ 28
Event: 11.563 Thread 0x0000000002272800 Uncommon trap: reason=unstable_if action=reinterpret pc=0x000000000f8dbf08 method=com.android.dex.Mutf8.countBytes(Ljava/lang/String;Z)J @ 28
Event: 11.642 Thread 0x0000000002272800 Uncommon trap: reason=unstable_if action=reinterpret pc=0x000000000fb4eeac method=com.android.dex.Mutf8.countBytes(Ljava/lang/String;Z)J @ 50
Event: 11.642 Thread 0x0000000002272800 Uncommon trap: reason=unstable_if action=reinterpret pc=0x000000000fb43354 method=com.android.dex.Mutf8.countBytes(Ljava/lang/String;Z)J @ 50
Event: 12.976 Thread 0x0000000002272800 Uncommon trap: reason=unstable_if action=reinterpret pc=0x000000000f158bc0 method=java.util.HashMap$TreeNode.balanceInsertion(Ljava/util/HashMap$TreeNode;Ljava/util/HashMap$TreeNode;)Ljava/util/HashMap$TreeNode; @ 57
Event: 12.976 Thread 0x0000000002272800 Uncommon trap: reason=unstable_if action=reinterpret pc=0x000000000f1a0c60 method=java.util.HashMap$TreeNode.balanceInsertion(Ljava/util/HashMap$TreeNode;Ljava/util/HashMap$TreeNode;)Ljava/util/HashMap$TreeNode; @ 57

Internal exceptions (7 events):
Event: 0.690 Thread 0x0000000002272800 Exception <a 'java/lang/NoSuchMethodError': Method sun.misc.Unsafe.defineClass(Ljava/lang/String;[BII)Ljava/lang/Class; name or signature does not match> (0x00000000eab12e18) thrown at [C:\re\workspace\8-2-build-windows-amd64-cygwin\jdk8u60\4407\hotspot\srïîW¥;æ?
Event: 0.690 Thread 0x0000000002272800 Exception <a 'java/lang/NoSuchMethodError': Method sun.misc.Unsafe.prefetchRead(Ljava/lang/Object;J)V name or signature does not match> (0x00000000eab13100) thrown at [C:\re\workspace\8-2-build-windows-amd64-cygwin\jdk8u60\4407\hotspot\src\share\vm\prims\jA¨ÍÏÞ#@
Event: 2.393 Thread 0x0000000006d0e800 Implicit null exception at 0x000000000f38f1e2 to 0x000000000f38f2d2
Event: 7.067 Thread 0x0000000002272800 Exception <a 'java/security/PrivilegedActionException'> (0x00000000ec828988) thrown at [C:\re\workspace\8-2-build-windows-amd64-cygwin\jdk8u60\4407\hotspot\src\share\vm\prims\jvm.cpp, line 1386]
Event: 7.067 Thread 0x0000000002272800 Exception <a 'java/security/PrivilegedActionException'> (0x00000000ec828d80) thrown at [C:\re\workspace\8-2-build-windows-amd64-cygwin\jdk8u60\4407\hotspot\src\share\vm\prims\jvm.cpp, line 1386]
Event: 7.068 Thread 0x0000000002272800 Exception <a 'java/security/PrivilegedActionException'> (0x00000000ec82cf98) thrown at [C:\re\workspace\8-2-build-windows-amd64-cygwin\jdk8u60\4407\hotspot\src\share\vm\prims\jvm.cpp, line 1386]
Event: 7.068 Thread 0x0000000002272800 Exception <a 'java/security/PrivilegedActionException'> (0x00000000ec82d390) thrown at [C:\re\workspace\8-2-build-windows-amd64-cygwin\jdk8u60\4407\hotspot\src\share\vm\prims\jvm.cpp, line 1386]

Events (10 events):
Event: 12.984 Thread 0x00000000057f8800 flushing nmethod 0x000000000f224490
Event: 12.984 Thread 0x00000000057f8800 flushing nmethod 0x000000000f226050
Event: 12.984 Thread 0x00000000057f8800 flushing nmethod 0x000000000f2273d0
Event: 12.984 Thread 0x00000000057f8800 flushing nmethod 0x000000000f230010
Event: 12.984 Thread 0x00000000057f8800 flushing nmethod 0x000000000f233350
Event: 12.984 Thread 0x00000000057f8800 flushing nmethod 0x000000000f233ad0
Event: 12.984 Thread 0x0000000002272800 DEOPT PACKING pc=0x000000000fb2eb36 sp=0x000000000221efe0
Event: 12.984 Thread 0x0000000002272800 DEOPT UNPACKING pc=0x000000000f05747f sp=0x000000000221ed28 mode 0
Event: 13.006 Thread 0x00000000057f8800 flushing nmethod 0x000000000f284e50
Event: 13.006 Thread 0x00000000057f8800 flushing nmethod 0x000000000f28a8d0


Dynamic libraries:
0x00007ff649730000 - 0x00007ff649767000 	C:\Program Files\Java\jdk1.8.0_60\bin\java.exe
0x00007ffabf4b0000 - 0x00007ffabf65c000 	C:\Windows\SYSTEM32\ntdll.dll
0x00007ffabd0d0000 - 0x00007ffabd20e000 	C:\Windows\system32\KERNEL32.DLL
0x00007ffabc960000 - 0x00007ffabca75000 	C:\Windows\system32\KERNELBASE.dll
0x00007ffabb150000 - 0x00007ffabb1de000 	C:\Windows\system32\apphelp.dll
0x00007ffa9ff10000 - 0x00007ffa9ff63000 	C:\Windows\AppPatch\AppPatch64\AcGenral.DLL
0x00007ffabcb90000 - 0x00007ffabcc3a000 	C:\Windows\system32\msvcrt.dll
0x00007ffabc380000 - 0x00007ffabc3ae000 	C:\Windows\SYSTEM32\SspiCli.dll
0x00007ffabecd0000 - 0x00007ffabed24000 	C:\Windows\system32\SHLWAPI.dll
0x00007ffabea30000 - 0x00007ffabeba7000 	C:\Windows\system32\USER32.dll
0x00007ffabeee0000 - 0x00007ffabf074000 	C:\Windows\system32\ole32.dll
0x00007ffabd3a0000 - 0x00007ffabe8b8000 	C:\Windows\system32\SHELL32.dll
0x00007ffabbb50000 - 0x00007ffabbb71000 	C:\Windows\SYSTEM32\USERENV.dll
0x00007ffabd220000 - 0x00007ffabd2ca000 	C:\Windows\system32\ADVAPI32.dll
0x00007ffab44f0000 - 0x00007ffab450e000 	C:\Windows\SYSTEM32\MPR.dll
0x00007ffabf0c0000 - 0x00007ffabf201000 	C:\Windows\system32\RPCRT4.dll
0x00007ffabcf10000 - 0x00007ffabcf69000 	C:\Windows\SYSTEM32\sechost.dll
0x00007ffabcc60000 - 0x00007ffabce71000 	C:\Windows\SYSTEM32\combase.dll
0x00007ffabcf70000 - 0x00007ffabd0c1000 	C:\Windows\system32\GDI32.dll
0x00007ffabc600000 - 0x00007ffabc615000 	C:\Windows\SYSTEM32\profapi.dll
0x00007ffabade0000 - 0x00007ffabae92000 	C:\Windows\SYSTEM32\SHCORE.dll
0x00007ffabf080000 - 0x00007ffabf0b6000 	C:\Windows\system32\IMM32.DLL
0x00007ffabe8c0000 - 0x00007ffabea12000 	C:\Windows\system32\MSCTF.dll
0x00007ffabc5b0000 - 0x00007ffabc5e1000 	C:\Windows\system32\nvinitx.dll
0x00007ffabc5a0000 - 0x00007ffabc5aa000 	C:\Windows\SYSTEM32\VERSION.dll
0x000000000f000000 - 0x000000000f006000 	C:\Program Files\NVIDIA Corporation\CoProcManager\_etoured.dll
0x00007ffaba8f0000 - 0x00007ffaba922000 	C:\Program Files\NVIDIA Corporation\CoProcManager\nvd3d9wrapx.dll
0x00007ffabf210000 - 0x00007ffabf3ea000 	C:\Windows\system32\SETUPAPI.dll
0x00007ffabc910000 - 0x00007ffabc95f000 	C:\Windows\system32\CFGMGR32.dll
0x00007ffaba8c0000 - 0x00007ffaba8e2000 	C:\Program Files\NVIDIA Corporation\CoProcManager\nvdxgiwrapx.dll
0x00007ffab8770000 - 0x00007ffab89eb000 	C:\Windows\WinSxS\amd64_microsoft.windows.common-controls_6595b64144ccf1df_6.0.9600.17415_none_6240486fecbd8abb\COMCTL32.dll
0x0000000073c80000 - 0x0000000073d52000 	C:\Program Files\Java\jdk1.8.0_60\jre\bin\msvcr100.dll
0x0000000074330000 - 0x0000000074bb9000 	C:\Program Files\Java\jdk1.8.0_60\jre\bin\server\jvm.dll
0x00007ffaaff30000 - 0x00007ffaaff39000 	C:\Windows\SYSTEM32\WSOCK32.dll
0x00007ffab8aa0000 - 0x00007ffab8ac2000 	C:\Windows\SYSTEM32\WINMM.dll
0x00007ffabea20000 - 0x00007ffabea27000 	C:\Windows\system32\PSAPI.DLL
0x00007ffabebb0000 - 0x00007ffabec0a000 	C:\Windows\system32\WS2_32.dll
0x00007ffab7b50000 - 0x00007ffab7b7a000 	C:\Windows\SYSTEM32\WINMMBASE.dll
0x00007ffabcf00000 - 0x00007ffabcf09000 	C:\Windows\system32\NSI.dll
0x00007ffabb3b0000 - 0x00007ffabb3d8000 	C:\Windows\SYSTEM32\DEVOBJ.dll
0x0000000074320000 - 0x000000007432f000 	C:\Program Files\Java\jdk1.8.0_60\jre\bin\verify.dll
0x00000000742f0000 - 0x0000000074319000 	C:\Program Files\Java\jdk1.8.0_60\jre\bin\java.dll
0x00000000742d0000 - 0x00000000742e6000 	C:\Program Files\Java\jdk1.8.0_60\jre\bin\zip.dll

VM Arguments:
jvm_args: -Xmx1024M -Dfile.encoding=windows-1251 -Duser.country=RU -Duser.language=ru -Duser.variant 
java_command: com.android.dx.command.Main --dex --num-threads=4 --output C:\java\android\EventHunter\app\build\intermediates\dex\debug C:\java\android\EventHunter\app\build\intermediates\classes\debug C:\java\android\EventHunter\app\build\intermediates\pre-dexed\debug\support-annotations-23.0.1-83676807229e344ee5d98b2e8f5ee90735dbc5c3.jar C:\java\android\EventHunter\app\build\intermediates\pre-dexed\debug\classes-c20afcc1740d79820e65179484dbec29bb5f60ea.jar C:\java\android\EventHunter\app\build\intermediates\pre-dexed\debug\internal_impl-22.2.0-a83752519c01ad2ba20bc016f010d047b228f261.jar C:\java\android\EventHunter\app\build\intermediates\pre-dexed\debug\classes-b4805c3dc551e8addcdfe83006eb2e2069d3f69f.jar C:\java\android\EventHunter\app\build\intermediates\pre-dexed\debug\classes-ae9b863311f49a782185bfb452b8025793af85c8.jar C:\java\android\EventHunter\app\build\intermediates\pre-dexed\debug\classes-a8918f74546ee3dbc7aab13fd9ad1bdefcfba1e4.jar C:\java\android\EventHunter\app\build\intermediates\pre-dexed\debug\bolts-android-1.2.1-356a198f80105d5433eee2afd667d2e7d02573d1.jar C:\java\android\EventHunter\app\build\intermediates\pre-dexed\debug\classes-06bb6aa3532cad2f72f9a491dcfa9f789652485a.jar C:\java\android\EventHunter\app\build\intermediates\pre-dexed\debug\classes-b0e1490f23c0dbfdbfc3758d5ddbb5797a31a832.jar C:\java\android\EventHunter\app\build\intermediates\pre-dexed\debug\classes-573c3b2aaaf01ebf77281ed216568a2ea3f0c246.jar C:\java\android\EventHunter\app\build\intermediates\pre-dexed\debug\classes-ae8a2d517b50dadc2316914ab7a8fef2dd55ff44.jar C:\java\android\EventHunter\app\build\intermediates\pre-dexed\debug\classes-551fcf9ef8ced75a4427f5325a0b04b927bbc6d8.jar C:\java\android\EventHunter\app\build\intermediates\pre-dexed\debug\classes-639a1f6c50ea7c1445d2d4ef22bb93066db0ed9e.jar C:\java\android\EventHunter\app\build\intermediates\pre-dexed\debug\classes-5ca4f3c4ceb3497993ee5090b90b68d342d08305.jar C:\java\android\EventHunter\app\build\intermediates\pre-dex
java_class_path (initial): C:\Users\user\AppData\Local\Android\sdk\build-tools\23.0.1\lib\dx.jar
Launcher Type: SUN_STANDARD

Environment Variables:
PATH=C:\ProgramData\Oracle\Java\javapath;C:\Windows\system32;C:\Windows;C:\Windows\System32\Wbem;C:\Windows\System32\WindowsPowerShell\v1.0\;C:\Program Files (x86)\Windows Kits\8.1\Windows Performance Toolkit\;C:\Program Files\Microsoft SQL Server\110\Tools\Binn\;C:\Program Files (x86)\Intel\OpenCL SDK\2.0\bin\x86;C:\Program Files (x86)\Intel\OpenCL SDK\2.0\bin\x64;C:\Program Files (x86)\NVIDIA Corporation\PhysX\Common;c:\altera\91sp2\quartus\bin;C:\TDM-GCC-32\bin;C:\Program Files\Java\jdk1.8.0_60\bin;C:\Program Files (x86)\Skype\Phone\
USERNAME=user
OS=Windows_NT
PROCESSOR_IDENTIFIER=Intel64 Family 6 Model 42 Stepping 7, GenuineIntel



---------------  S Y S T E M  ---------------

OS: Windows 8.1 , 64 bit Build 9600 (6.3.9600.17415)

CPU:total 2 (2 cores per cpu, 1 threads per core) family 6 model 42 stepping 7, cmov, cx8, fxsr, mmx, sse, sse2, sse3, ssse3, sse4.1, sse4.2, popcnt, clmul, tsc, tscinvbit

Memory: 4k page, physical 4089116k(86568k free), swap 4089116k(8272k free)

vm_info: Java HotSpot(TM) 64-Bit Server VM (25.60-b23) for windows-amd64 JRE (1.8.0_60-b27), built on Aug  4 2015 11:06:27 by "java_re" with MS VC++ 10.0 (VS2010)

time: Tue Oct 13 21:06:23 2015
elapsed time: 13 seconds (0d 0h 0m 13s)

