#
# There is insufficient memory for the Java Runtime Environment to continue.
# Native memory allocation (malloc) failed to allocate 1745936 bytes for Chunk::new
# Possible reasons:
#   The system is out of physical RAM or swap space
#   In 32 bit mode, the process size limit was hit
# Possible solutions:
#   Reduce memory load on the system
#   Increase physical memory or swap space
#   Check if swap backing store is full
#   Use 64 bit Java on a 64 bit OS
#   Decrease Java heap size (-Xmx/-Xms)
#   Decrease number of Java threads
#   Decrease Java thread stack sizes (-Xss)
#   Set larger code cache with -XX:ReservedCodeCacheSize=
# This output file may be truncated or incomplete.
#
#  Out of Memory Error (allocation.cpp:390), pid=2580, tid=1072
#
# JRE version: Java(TM) SE Runtime Environment (8.0_60-b27) (build 1.8.0_60-b27)
# Java VM: Java HotSpot(TM) 64-Bit Server VM (25.60-b23 mixed mode windows-amd64 compressed oops)
# Failed to write core dump. Minidumps are not enabled by default on client versions of Windows
#

---------------  T H R E A D  ---------------

Current thread (0x0000000005635000):  JavaThread "C2 CompilerThread0" daemon [_thread_in_native, id=1072, stack(0x0000000006650000,0x0000000006750000)]

Stack: [0x0000000006650000,0x0000000006750000]
[error occurred during error reporting (printing stack bounds), id 0xc0000005]

Native frames: (J=compiled Java code, j=interpreted, Vv=VM code, C=native code)


Current CompileTask:
C2:   9413 1949   !   4       com.android.dx.cf.code.Ropper::processBlock (1101 bytes)


---------------  P R O C E S S  ---------------

Java Threads: ( => current thread )
  0x0000000006c83800 JavaThread "pool-1-thread-4" [_thread_in_Java, id=2584, stack(0x0000000007250000,0x0000000007350000)]
  0x0000000006c82000 JavaThread "pool-1-thread-3" [_thread_in_Java, id=2504, stack(0x0000000007150000,0x0000000007250000)]
  0x0000000006c77000 JavaThread "pool-1-thread-2" [_thread_blocked, id=176, stack(0x0000000007050000,0x0000000007150000)]
  0x0000000006c76000 JavaThread "pool-2-thread-1" [_thread_blocked, id=3096, stack(0x0000000006f50000,0x0000000007050000)]
  0x0000000006c72800 JavaThread "pool-1-thread-1" [_thread_in_Java, id=2384, stack(0x0000000006e50000,0x0000000006f50000)]
  0x0000000005684000 JavaThread "Service Thread" daemon [_thread_blocked, id=2992, stack(0x0000000006850000,0x0000000006950000)]
  0x0000000005680800 JavaThread "C1 CompilerThread1" daemon [_thread_blocked, id=900, stack(0x0000000006750000,0x0000000006850000)]
=>0x0000000005635000 JavaThread "C2 CompilerThread0" daemon [_thread_in_native, id=1072, stack(0x0000000006650000,0x0000000006750000)]
  0x0000000005633800 JavaThread "Attach Listener" daemon [_thread_blocked, id=3004, stack(0x0000000006550000,0x0000000006650000)]
  0x0000000005630000 JavaThread "Signal Dispatcher" daemon [_thread_blocked, id=4276, stack(0x0000000006450000,0x0000000006550000)]
  0x0000000002192800 JavaThread "Finalizer" daemon [_thread_blocked, id=824, stack(0x0000000006270000,0x0000000006370000)]
  0x0000000002189800 JavaThread "Reference Handler" daemon [_thread_blocked, id=3944, stack(0x0000000006170000,0x0000000006270000)]
  0x00000000020a0800 JavaThread "main" [_thread_in_Java, id=3648, stack(0x0000000001fa0000,0x00000000020a0000)]

Other Threads:
  0x00000000055f6000 VMThread [stack: 0x0000000006070000,0x0000000006170000] [id=4472]
  0x0000000005691800 WatcherThread [stack: 0x0000000006950000,0x0000000006a50000] [id=1768]

VM state:not at safepoint (normal execution)

VM Mutex/Monitor currently owned by a thread: None

Heap:
 PSYoungGen      total 142336K, used 35420K [0x00000000eab00000, 0x00000000f4b00000, 0x0000000100000000)
  eden space 124928K, 18% used [0x00000000eab00000,0x00000000ec1568e0,0x00000000f2500000)
  from space 17408K, 72% used [0x00000000f2500000,0x00000000f31409d8,0x00000000f3600000)
  to   space 13312K, 0% used [0x00000000f3600000,0x00000000f3600000,0x00000000f4300000)
 ParOldGen       total 89088K, used 48894K [0x00000000c0000000, 0x00000000c5700000, 0x00000000eab00000)
  object space 89088K, 54% used [0x00000000c0000000,0x00000000c2fbf8b0,0x00000000c5700000)
 Metaspace       used 6411K, capacity 7192K, committed 7424K, reserved 1056768K
  class space    used 610K, capacity 656K, committed 768K, reserved 1048576K

Card table byte_map: [0x0000000002560000,0x0000000002770000] byte_map_base: 0x0000000001f60000

Marking Bits: (ParMarkBitMap*) 0x0000000074b3a5b0
 Begin Bits: [0x0000000002ad0000, 0x0000000003ad0000)
 End Bits:   [0x0000000003ad0000, 0x0000000004ad0000)

Polling page: 0x0000000001e80000

CodeCache: size=245760Kb used=7943Kb max_used=7963Kb free=237816Kb
 bounds [0x000000000f010000, 0x000000000f7f0000, 0x000000001e010000]
 total_blobs=2178 nmethods=1909 adapters=182
 compilation: enabled

Compilation events (10 events):
Event: 9.130 Thread 0x0000000005635000 nmethod 1914 0x000000000f7c7510 code [0x000000000f7c8420, 0x000000000f7cf450]
Event: 9.131 Thread 0x0000000005635000 1916       4       com.android.dx.cf.code.BaseMachine::storeResults (90 bytes)
Event: 9.239 Thread 0x0000000005635000 nmethod 1916 0x000000000f7d8cd0 code [0x000000000f7d90e0, 0x000000000f7dbbc0]
Event: 9.240 Thread 0x0000000005635000 1949   !   4       com.android.dx.cf.code.Ropper::processBlock (1101 bytes)
Event: 9.278 Thread 0x0000000005680800 1951       1       com.android.dx.cf.code.SwitchList::size (5 bytes)
Event: 9.279 Thread 0x0000000005680800 nmethod 1951 0x000000000f790ed0 code [0x000000000f791020, 0x000000000f791130]
Event: 9.280 Thread 0x0000000005680800 1953       2       com.android.dx.rop.cst.CstInteger::getValue (5 bytes)
Event: 9.280 Thread 0x0000000005680800 nmethod 1953 0x000000000f790b90 code [0x000000000f790ce0, 0x000000000f790e30]
Event: 9.300 Thread 0x0000000005680800 1954       2       com.android.dx.rop.code.SwitchInsn::withNewRegisters (22 bytes)
Event: 9.301 Thread 0x0000000005680800 nmethod 1954 0x000000000f790750 code [0x000000000f7908c0, 0x000000000f790aa8]

GC Heap History (10 events):
Event: 5.187 GC heap before
{Heap before GC invocations=6 (full 0):
 PSYoungGen      total 35328K, used 35313K [0x00000000eab00000, 0x00000000efa00000, 0x0000000100000000)
  eden space 32768K, 100% used [0x00000000eab00000,0x00000000ecb00000,0x00000000ecb00000)
  from space 2560K, 99% used [0x00000000ecb00000,0x00000000ecd7c400,0x00000000ecd80000)
  to   space 7680K, 0% used [0x00000000ef280000,0x00000000ef280000,0x00000000efa00000)
 ParOldGen       total 44032K, used 14427K [0x00000000c0000000, 0x00000000c2b00000, 0x00000000eab00000)
  object space 44032K, 32% used [0x00000000c0000000,0x00000000c0e16e78,0x00000000c2b00000)
 Metaspace       used 6274K, capacity 7128K, committed 7424K, reserved 1056768K
  class space    used 610K, capacity 656K, committed 768K, reserved 1048576K
Event: 5.209 GC heap after
Heap after GC invocations=6 (full 0):
 PSYoungGen      total 72192K, used 7616K [0x00000000eab00000, 0x00000000efc00000, 0x0000000100000000)
  eden space 64512K, 0% used [0x00000000eab00000,0x00000000eab00000,0x00000000eea00000)
  from space 7680K, 99% used [0x00000000ef280000,0x00000000ef9f0010,0x00000000efa00000)
  to   space 8704K, 0% used [0x00000000eea00000,0x00000000eea00000,0x00000000ef280000)
 ParOldGen       total 44032K, used 14427K [0x00000000c0000000, 0x00000000c2b00000, 0x00000000eab00000)
  object space 44032K, 32% used [0x00000000c0000000,0x00000000c0e16e78,0x00000000c2b00000)
 Metaspace       used 6274K, capacity 7128K, committed 7424K, reserved 1056768K
  class space    used 610K, capacity 656K, committed 768K, reserved 1048576K
}
Event: 5.911 GC heap before
{Heap before GC invocations=7 (full 0):
 PSYoungGen      total 72192K, used 72128K [0x00000000eab00000, 0x00000000efc00000, 0x0000000100000000)
  eden space 64512K, 100% used [0x00000000eab00000,0x00000000eea00000,0x00000000eea00000)
  from space 7680K, 99% used [0x00000000ef280000,0x00000000ef9f0010,0x00000000efa00000)
  to   space 8704K, 0% used [0x00000000eea00000,0x00000000eea00000,0x00000000ef280000)
 ParOldGen       total 44032K, used 14427K [0x00000000c0000000, 0x00000000c2b00000, 0x00000000eab00000)
  object space 44032K, 32% used [0x00000000c0000000,0x00000000c0e16e78,0x00000000c2b00000)
 Metaspace       used 6384K, capacity 7192K, committed 7424K, reserved 1056768K
  class space    used 610K, capacity 656K, committed 768K, reserved 1048576K
Event: 5.953 GC heap after
Heap after GC invocations=7 (full 0):
 PSYoungGen      total 73216K, used 8689K [0x00000000eab00000, 0x00000000f4300000, 0x0000000100000000)
  eden space 64512K, 0% used [0x00000000eab00000,0x00000000eab00000,0x00000000eea00000)
  from space 8704K, 99% used [0x00000000eea00000,0x00000000ef27c400,0x00000000ef280000)
  to   space 13312K, 0% used [0x00000000f3600000,0x00000000f3600000,0x00000000f4300000)
 ParOldGen       total 44032K, used 21905K [0x00000000c0000000, 0x00000000c2b00000, 0x00000000eab00000)
  object space 44032K, 49% used [0x00000000c0000000,0x00000000c15645a0,0x00000000c2b00000)
 Metaspace       used 6384K, capacity 7192K, committed 7424K, reserved 1056768K
  class space    used 610K, capacity 656K, committed 768K, reserved 1048576K
}
Event: 6.545 GC heap before
{Heap before GC invocations=8 (full 0):
 PSYoungGen      total 73216K, used 73201K [0x00000000eab00000, 0x00000000f4300000, 0x0000000100000000)
  eden space 64512K, 100% used [0x00000000eab00000,0x00000000eea00000,0x00000000eea00000)
  from space 8704K, 99% used [0x00000000eea00000,0x00000000ef27c400,0x00000000ef280000)
  to   space 13312K, 0% used [0x00000000f3600000,0x00000000f3600000,0x00000000f4300000)
 ParOldGen       total 44032K, used 21905K [0x00000000c0000000, 0x00000000c2b00000, 0x00000000eab00000)
  object space 44032K, 49% used [0x00000000c0000000,0x00000000c15645a0,0x00000000c2b00000)
 Metaspace       used 6405K, capacity 7192K, committed 7424K, reserved 1056768K
  class space    used 610K, capacity 656K, committed 768K, reserved 1048576K
Event: 6.584 GC heap after
Heap after GC invocations=8 (full 0):
 PSYoungGen      total 138240K, used 13312K [0x00000000eab00000, 0x00000000f4b00000, 0x0000000100000000)
  eden space 124928K, 0% used [0x00000000eab00000,0x00000000eab00000,0x00000000f2500000)
  from space 13312K, 100% used [0x00000000f3600000,0x00000000f4300000,0x00000000f4300000)
  to   space 17408K, 0% used [0x00000000f2500000,0x00000000f2500000,0x00000000f3600000)
 ParOldGen       total 44032K, used 27135K [0x00000000c0000000, 0x00000000c2b00000, 0x00000000eab00000)
  object space 44032K, 61% used [0x00000000c0000000,0x00000000c1a7ffd0,0x00000000c2b00000)
 Metaspace       used 6405K, capacity 7192K, committed 7424K, reserved 1056768K
  class space    used 610K, capacity 656K, committed 768K, reserved 1048576K
}
Event: 8.080 GC heap before
{Heap before GC invocations=9 (full 0):
 PSYoungGen      total 138240K, used 138240K [0x00000000eab00000, 0x00000000f4b00000, 0x0000000100000000)
  eden space 124928K, 100% used [0x00000000eab00000,0x00000000f2500000,0x00000000f2500000)
  from space 13312K, 100% used [0x00000000f3600000,0x00000000f4300000,0x00000000f4300000)
  to   space 17408K, 0% used [0x00000000f2500000,0x00000000f2500000,0x00000000f3600000)
 ParOldGen       total 44032K, used 27135K [0x00000000c0000000, 0x00000000c2b00000, 0x00000000eab00000)
  object space 44032K, 61% used [0x00000000c0000000,0x00000000c1a7ffd0,0x00000000c2b00000)
 Metaspace       used 6409K, capacity 7192K, committed 7424K, reserved 1056768K
  class space    used 610K, capacity 656K, committed 768K, reserved 1048576K
Event: 8.175 GC heap after
Heap after GC invocations=9 (full 0):
 PSYoungGen      total 142336K, used 17400K [0x00000000eab00000, 0x00000000f4b00000, 0x0000000100000000)
  eden space 124928K, 0% used [0x00000000eab00000,0x00000000eab00000,0x00000000f2500000)
  from space 17408K, 99% used [0x00000000f2500000,0x00000000f35fe2a8,0x00000000f3600000)
  to   space 13312K, 0% used [0x00000000f3600000,0x00000000f3600000,0x00000000f4300000)
 ParOldGen       total 49152K, used 49037K [0x00000000c0000000, 0x00000000c3000000, 0x00000000eab00000)
  object space 49152K, 99% used [0x00000000c0000000,0x00000000c2fe3518,0x00000000c3000000)
 Metaspace       used 6409K, capacity 7192K, committed 7424K, reserved 1056768K
  class space    used 610K, capacity 656K, committed 768K, reserved 1048576K
}
Event: 8.175 GC heap before
{Heap before GC invocations=10 (full 1):
 PSYoungGen      total 142336K, used 17400K [0x00000000eab00000, 0x00000000f4b00000, 0x0000000100000000)
  eden space 124928K, 0% used [0x00000000eab00000,0x00000000eab00000,0x00000000f2500000)
  from space 17408K, 99% used [0x00000000f2500000,0x00000000f35fe2a8,0x00000000f3600000)
  to   space 13312K, 0% used [0x00000000f3600000,0x00000000f3600000,0x00000000f4300000)
 ParOldGen       total 49152K, used 49037K [0x00000000c0000000, 0x00000000c3000000, 0x00000000eab00000)
  object space 49152K, 99% used [0x00000000c0000000,0x00000000c2fe3518,0x00000000c3000000)
 Metaspace       used 6409K, capacity 7192K, committed 7424K, reserved 1056768K
  class space    used 610K, capacity 656K, committed 768K, reserved 1048576K
Event: 8.911 GC heap after
Heap after GC invocations=10 (full 1):
 PSYoungGen      total 142336K, used 12546K [0x00000000eab00000, 0x00000000f4b00000, 0x0000000100000000)
  eden space 124928K, 0% used [0x00000000eab00000,0x00000000eab00000,0x00000000f2500000)
  from space 17408K, 72% used [0x00000000f2500000,0x00000000f31409d8,0x00000000f3600000)
  to   space 13312K, 0% used [0x00000000f3600000,0x00000000f3600000,0x00000000f4300000)
 ParOldGen       total 89088K, used 48894K [0x00000000c0000000, 0x00000000c5700000, 0x00000000eab00000)
  object space 89088K, 54% used [0x00000000c0000000,0x00000000c2fbf8b0,0x00000000c5700000)
 Metaspace       used 6409K, capacity 7192K, committed 7424K, reserved 1056768K
  class space    used 610K, capacity 656K, committed 768K, reserved 1048576K
}

Deoptimization events (10 events):
Event: 4.376 Thread 0x0000000006c77000 Uncommon trap: reason=bimorphic action=maybe_recompile pc=0x000000000f259a28 method=java.util.HashMap.getNode(ILjava/lang/Object;)Ljava/util/HashMap$Node; @ 126
Event: 4.539 Thread 0x0000000006c83800 Uncommon trap: reason=bimorphic action=maybe_recompile pc=0x000000000f358368 method=java.util.HashMap.getNode(ILjava/lang/Object;)Ljava/util/HashMap$Node; @ 126
Event: 4.693 Thread 0x0000000006c83800 Uncommon trap: reason=unstable_if action=reinterpret pc=0x000000000f5fe310 method=com.android.dx.cf.code.BytecodeArray.parseInstruction(ILcom/android/dx/cf/code/BytecodeArray$Visitor;)I @ 1198
Event: 4.785 Thread 0x0000000006c72800 Uncommon trap: reason=unstable_if action=reinterpret pc=0x000000000f383a50 method=java.util.HashMap.putVal(ILjava/lang/Object;Ljava/lang/Object;ZZ)Ljava/lang/Object; @ 162
Event: 4.793 Thread 0x0000000006c83800 Uncommon trap: reason=unstable_if action=reinterpret pc=0x000000000f259910 method=java.util.HashMap.getNode(ILjava/lang/Object;)Ljava/util/HashMap$Node; @ 129
Event: 4.800 Thread 0x0000000006c83800 Uncommon trap: reason=unstable_if action=reinterpret pc=0x000000000f358348 method=java.util.HashMap.getNode(ILjava/lang/Object;)Ljava/util/HashMap$Node; @ 84
Event: 6.403 Thread 0x0000000006c77000 Uncommon trap: reason=unstable_if action=reinterpret pc=0x000000000f6bff58 method=com.android.dx.cf.code.Merger.mergeType(Lcom/android/dx/rop/type/TypeBearer;Lcom/android/dx/rop/type/TypeBearer;)Lcom/android/dx/rop/type/TypeBearer; @ 126
Event: 6.406 Thread 0x0000000006c77000 Uncommon trap: reason=unstable_if action=reinterpret pc=0x000000000f68a420 method=java.util.HashMap.putVal(ILjava/lang/Object;Ljava/lang/Object;ZZ)Ljava/lang/Object; @ 109
Event: 6.819 Thread 0x0000000006c83800 Uncommon trap: reason=unstable_if action=reinterpret pc=0x000000000f6e9f14 method=com.android.dx.ssa.MoveParamCombiner$1.visitNonMoveInsn(Lcom/android/dx/ssa/NormalSsaInsn;)V @ 27
Event: 7.496 Thread 0x0000000006c77000 Uncommon trap: reason=unstable_if action=reinterpret pc=0x000000000f527f4c method=com.android.dx.ssa.SCCP.simulateStmt(Lcom/android/dx/ssa/SsaInsn;)V @ 59

Internal exceptions (5 events):
Event: 0.372 Thread 0x00000000020a0800 Exception <a 'java/lang/NoSuchMethodError': Method sun.misc.Unsafe.defineClass(Ljava/lang/String;[BII)Ljava/lang/Class; name or signature does not match> (0x00000000eab13020) thrown at [C:\re\workspace\8-2-build-windows-amd64-cygwin\jdk8u60\4407\hotspot\sr~¶Å˛$Œ◊?
Event: 0.372 Thread 0x00000000020a0800 Exception <a 'java/lang/NoSuchMethodError': Method sun.misc.Unsafe.prefetchRead(Ljava/lang/Object;J)V name or signature does not match> (0x00000000eab13308) thrown at [C:\re\workspace\8-2-build-windows-amd64-cygwin\jdk8u60\4407\hotspot\src\share\vm\prims\j
]T7R%@
Event: 4.786 Thread 0x0000000006c72800 Exception <a 'java/lang/ArrayIndexOutOfBoundsException': 18> (0x00000000ec6cf1b0) thrown at [C:\re\workspace\8-2-build-windows-amd64-cygwin\jdk8u60\4407\hotspot\src\share\vm\interpreter\interpreterRuntime.cpp, line 366]
Event: 4.791 Thread 0x0000000006c72800 Exception <a 'java/lang/ArrayIndexOutOfBoundsException'> (0x00000000ec6d0d30) thrown at [C:\re\workspace\8-2-build-windows-amd64-cygwin\jdk8u60\4407\hotspot\src\share\vm\runtime\sharedRuntime.cpp, line 605]
Event: 4.792 Thread 0x0000000006c72800 Exception <a 'java/lang/ArrayIndexOutOfBoundsException'> (0x00000000ec6d2018) thrown at [C:\re\workspace\8-2-build-windows-amd64-cygwin\jdk8u60\4407\hotspot\src\share\vm\runtime\sharedRuntime.cpp, line 605]

Events (10 events):
Event: 6.924 Thread 0x0000000006c72800 DEOPT UNPACKING pc=0x000000000f05747f sp=0x0000000006f4e938 mode 0
Event: 7.058 Thread 0x0000000006c83800 DEOPT PACKING pc=0x000000000f577102 sp=0x000000000734ecd0
Event: 7.058 Thread 0x0000000006c83800 DEOPT UNPACKING pc=0x000000000f05747f sp=0x000000000734ea00 mode 0
Event: 7.496 Thread 0x0000000006c77000 Uncommon trap: trap_request=0xffffff65 fr.pc=0x000000000f527f4c
Event: 7.496 Thread 0x0000000006c77000 DEOPT PACKING pc=0x000000000f527f4c sp=0x000000000714e7b0
Event: 7.496 Thread 0x0000000006c77000 DEOPT UNPACKING pc=0x000000000f05582a sp=0x000000000714e7a8 mode 2
Event: 8.076 Thread 0x0000000006c77000 DEOPT PACKING pc=0x000000000f5e6c13 sp=0x000000000714e770
Event: 8.076 Thread 0x0000000006c77000 DEOPT UNPACKING pc=0x000000000f05747f sp=0x000000000714e500 mode 0
Event: 8.078 Executing VM operation: ParallelGCFailedAllocation
Event: 8.911 Executing VM operation: ParallelGCFailedAllocation done


Dynamic libraries:
0x00007ff649730000 - 0x00007ff649767000 	C:\Program Files\Java\jdk1.8.0_60\bin\java.exe
0x00007ffabf4b0000 - 0x00007ffabf65c000 	C:\Windows\SYSTEM32\ntdll.dll
0x00007ffabd0d0000 - 0x00007ffabd20e000 	C:\Windows\system32\KERNEL32.DLL
0x00007ffabc960000 - 0x00007ffabca75000 	C:\Windows\system32\KERNELBASE.dll
0x00007ffabb150000 - 0x00007ffabb1de000 	C:\Windows\system32\apphelp.dll
0x00007ffa9ff10000 - 0x00007ffa9ff63000 	C:\Windows\AppPatch\AppPatch64\AcGenral.DLL
0x00007ffabcb90000 - 0x00007ffabcc3a000 	C:\Windows\system32\msvcrt.dll
0x00007ffabc380000 - 0x00007ffabc3ae000 	C:\Windows\SYSTEM32\SspiCli.dll
0x00007ffabecd0000 - 0x00007ffabed24000 	C:\Windows\system32\SHLWAPI.dll
0x00007ffabea30000 - 0x00007ffabeba7000 	C:\Windows\system32\USER32.dll
0x00007ffabeee0000 - 0x00007ffabf074000 	C:\Windows\system32\ole32.dll
0x00007ffabd3a0000 - 0x00007ffabe8b8000 	C:\Windows\system32\SHELL32.dll
0x00007ffabbb50000 - 0x00007ffabbb71000 	C:\Windows\SYSTEM32\USERENV.dll
0x00007ffabd220000 - 0x00007ffabd2ca000 	C:\Windows\system32\ADVAPI32.dll
0x00007ffab44f0000 - 0x00007ffab450e000 	C:\Windows\SYSTEM32\MPR.dll
0x00007ffabf0c0000 - 0x00007ffabf201000 	C:\Windows\system32\RPCRT4.dll
0x00007ffabcf10000 - 0x00007ffabcf69000 	C:\Windows\SYSTEM32\sechost.dll
0x00007ffabcc60000 - 0x00007ffabce71000 	C:\Windows\SYSTEM32\combase.dll
0x00007ffabcf70000 - 0x00007ffabd0c1000 	C:\Windows\system32\GDI32.dll
0x00007ffabc600000 - 0x00007ffabc615000 	C:\Windows\SYSTEM32\profapi.dll
0x00007ffabade0000 - 0x00007ffabae92000 	C:\Windows\SYSTEM32\SHCORE.dll
0x00007ffabf080000 - 0x00007ffabf0b6000 	C:\Windows\system32\IMM32.DLL
0x00007ffabe8c0000 - 0x00007ffabea12000 	C:\Windows\system32\MSCTF.dll
0x00007ffabc5b0000 - 0x00007ffabc5e1000 	C:\Windows\system32\nvinitx.dll
0x00007ffabc5a0000 - 0x00007ffabc5aa000 	C:\Windows\SYSTEM32\VERSION.dll
0x000000000f000000 - 0x000000000f006000 	C:\Program Files\NVIDIA Corporation\CoProcManager\_etoured.dll
0x00007ffaba8f0000 - 0x00007ffaba922000 	C:\Program Files\NVIDIA Corporation\CoProcManager\nvd3d9wrapx.dll
0x00007ffabf210000 - 0x00007ffabf3ea000 	C:\Windows\system32\SETUPAPI.dll
0x00007ffabc910000 - 0x00007ffabc95f000 	C:\Windows\system32\CFGMGR32.dll
0x00007ffaba8c0000 - 0x00007ffaba8e2000 	C:\Program Files\NVIDIA Corporation\CoProcManager\nvdxgiwrapx.dll
0x00007ffab8770000 - 0x00007ffab89eb000 	C:\Windows\WinSxS\amd64_microsoft.windows.common-controls_6595b64144ccf1df_6.0.9600.17415_none_6240486fecbd8abb\COMCTL32.dll
0x0000000073c80000 - 0x0000000073d52000 	C:\Program Files\Java\jdk1.8.0_60\jre\bin\msvcr100.dll
0x0000000074330000 - 0x0000000074bb9000 	C:\Program Files\Java\jdk1.8.0_60\jre\bin\server\jvm.dll
0x00007ffaaff30000 - 0x00007ffaaff39000 	C:\Windows\SYSTEM32\WSOCK32.dll
0x00007ffab8aa0000 - 0x00007ffab8ac2000 	C:\Windows\SYSTEM32\WINMM.dll
0x00007ffabea20000 - 0x00007ffabea27000 	C:\Windows\system32\PSAPI.DLL
0x00007ffabebb0000 - 0x00007ffabec0a000 	C:\Windows\system32\WS2_32.dll
0x00007ffab7b50000 - 0x00007ffab7b7a000 	C:\Windows\SYSTEM32\WINMMBASE.dll
0x00007ffabcf00000 - 0x00007ffabcf09000 	C:\Windows\system32\NSI.dll
0x00007ffabb3b0000 - 0x00007ffabb3d8000 	C:\Windows\SYSTEM32\DEVOBJ.dll
0x0000000074320000 - 0x000000007432f000 	C:\Program Files\Java\jdk1.8.0_60\jre\bin\verify.dll
0x00000000742f0000 - 0x0000000074319000 	C:\Program Files\Java\jdk1.8.0_60\jre\bin\java.dll
0x00000000742d0000 - 0x00000000742e6000 	C:\Program Files\Java\jdk1.8.0_60\jre\bin\zip.dll

VM Arguments:
jvm_args: -Xmx1024M -Dfile.encoding=windows-1251 -Duser.country=RU -Duser.language=ru -Duser.variant 
java_command: com.android.dx.command.Main --dex --num-threads=4 --output C:\java\android\EventHunter\app\build\intermediates\pre-dexed\release\classes-2fb1833e1229b2d3c16924247c7edace660836b0.jar C:\java\android\EventHunter\app\build\intermediates\exploded-aar\com.google.android.gms\play-services-ads\8.1.0\jars\classes.jar
java_class_path (initial): C:\Users\user\AppData\Local\Android\sdk\build-tools\23.0.1\lib\dx.jar
Launcher Type: SUN_STANDARD

Environment Variables:
PATH=C:\ProgramData\Oracle\Java\javapath;C:\Windows\system32;C:\Windows;C:\Windows\System32\Wbem;C:\Windows\System32\WindowsPowerShell\v1.0\;C:\Program Files (x86)\Windows Kits\8.1\Windows Performance Toolkit\;C:\Program Files\Microsoft SQL Server\110\Tools\Binn\;C:\Program Files (x86)\Intel\OpenCL SDK\2.0\bin\x86;C:\Program Files (x86)\Intel\OpenCL SDK\2.0\bin\x64;C:\Program Files (x86)\NVIDIA Corporation\PhysX\Common;c:\altera\91sp2\quartus\bin;C:\TDM-GCC-32\bin;C:\Program Files\Java\jdk1.8.0_60\bin;C:\Program Files (x86)\Skype\Phone\
USERNAME=user
OS=Windows_NT
PROCESSOR_IDENTIFIER=Intel64 Family 6 Model 42 Stepping 7, GenuineIntel



---------------  S Y S T E M  ---------------

OS: Windows 8.1 , 64 bit Build 9600 (6.3.9600.17415)

CPU:total 2 (2 cores per cpu, 1 threads per core) family 6 model 42 stepping 7, cmov, cx8, fxsr, mmx, sse, sse2, sse3, ssse3, sse4.1, sse4.2, popcnt, clmul, tsc, tscinvbit

Memory: 4k page, physical 4089116k(490516k free), swap 4089116k(5896k free)

vm_info: Java HotSpot(TM) 64-Bit Server VM (25.60-b23) for windows-amd64 JRE (1.8.0_60-b27), built on Aug  4 2015 11:06:27 by "java_re" with MS VC++ 10.0 (VS2010)

time: Tue Oct 13 23:50:23 2015
elapsed time: 9 seconds (0d 0h 0m 9s)

