#
# There is insufficient memory for the Java Runtime Environment to continue.
# Native memory allocation (malloc) failed to allocate 32784 bytes for Chunk::new
# Possible reasons:
#   The system is out of physical RAM or swap space
#   In 32 bit mode, the process size limit was hit
# Possible solutions:
#   Reduce memory load on the system
#   Increase physical memory or swap space
#   Check if swap backing store is full
#   Use 64 bit Java on a 64 bit OS
#   Decrease Java heap size (-Xmx/-Xms)
#   Decrease number of Java threads
#   Decrease Java thread stack sizes (-Xss)
#   Set larger code cache with -XX:ReservedCodeCacheSize=
# This output file may be truncated or incomplete.
#
#  Out of Memory Error (allocation.cpp:390), pid=4696, tid=3164
#
# JRE version: Java(TM) SE Runtime Environment (8.0_60-b27) (build 1.8.0_60-b27)
# Java VM: Java HotSpot(TM) 64-Bit Server VM (25.60-b23 mixed mode windows-amd64 compressed oops)
# Failed to write core dump. Minidumps are not enabled by default on client versions of Windows
#

---------------  T H R E A D  ---------------

Current thread (0x0000000005e57800):  JavaThread "C2 CompilerThread0" daemon [_thread_in_native, id=3164, stack(0x0000000006e70000,0x0000000006f70000)]

Stack: [0x0000000006e70000,0x0000000006f70000]
[error occurred during error reporting (printing stack bounds), id 0xc0000005]

Native frames: (J=compiled Java code, j=interpreted, Vv=VM code, C=native code)


Current CompileTask:
C2:   8639 3140       4       java.util.ComparableTimSort::gallopRight (327 bytes)


---------------  P R O C E S S  ---------------

Java Threads: ( => current thread )
  0x0000000005e60800 JavaThread "Service Thread" daemon [_thread_blocked, id=3692, stack(0x0000000007070000,0x0000000007170000)]
  0x0000000005e5e000 JavaThread "C1 CompilerThread1" daemon [_thread_blocked, id=5112, stack(0x0000000006f70000,0x0000000007070000)]
=>0x0000000005e57800 JavaThread "C2 CompilerThread0" daemon [_thread_in_native, id=3164, stack(0x0000000006e70000,0x0000000006f70000)]
  0x0000000005e56000 JavaThread "Attach Listener" daemon [_thread_blocked, id=1872, stack(0x0000000006d70000,0x0000000006e70000)]
  0x0000000005e63000 JavaThread "Signal Dispatcher" daemon [_thread_blocked, id=1684, stack(0x0000000006c70000,0x0000000006d70000)]
  0x00000000029c4800 JavaThread "Finalizer" daemon [_thread_blocked, id=2172, stack(0x0000000006a90000,0x0000000006b90000)]
  0x00000000029bb800 JavaThread "Reference Handler" daemon [_thread_blocked, id=5356, stack(0x0000000006990000,0x0000000006a90000)]
  0x00000000028d2800 JavaThread "main" [_thread_in_Java, id=84, stack(0x00000000027d0000,0x00000000028d0000)]

Other Threads:
  0x0000000005e26000 VMThread [stack: 0x0000000006890000,0x0000000006990000] [id=3144]
  0x0000000005eed800 WatcherThread [stack: 0x0000000007170000,0x0000000007270000] [id=4440]

VM state:not at safepoint (normal execution)

VM Mutex/Monitor currently owned by a thread: None

Heap:
 PSYoungGen      total 89088K, used 14765K [0x00000000eab00000, 0x00000000f2d00000, 0x0000000100000000)
  eden space 74240K, 7% used [0x00000000eab00000,0x00000000eb0c5188,0x00000000ef380000)
  from space 14848K, 59% used [0x00000000ef380000,0x00000000efc26640,0x00000000f0200000)
  to   space 15360K, 0% used [0x00000000f1e00000,0x00000000f1e00000,0x00000000f2d00000)
 ParOldGen       total 58880K, used 24831K [0x00000000c0000000, 0x00000000c3980000, 0x00000000eab00000)
  object space 58880K, 42% used [0x00000000c0000000,0x00000000c183ff48,0x00000000c3980000)
 Metaspace       used 8368K, capacity 8504K, committed 8576K, reserved 1056768K
  class space    used 794K, capacity 851K, committed 896K, reserved 1048576K

Card table byte_map: [0x0000000002d90000,0x0000000002fa0000] byte_map_base: 0x0000000002790000

Marking Bits: (ParMarkBitMap*) 0x000000006831a5b0
 Begin Bits: [0x0000000003300000, 0x0000000004300000)
 End Bits:   [0x0000000004300000, 0x0000000005300000)

Polling page: 0x0000000000ad0000

CodeCache: size=245760Kb used=10396Kb max_used=10591Kb free=235363Kb
 bounds [0x000000000f010000, 0x000000000fa80000, 0x000000001e010000]
 total_blobs=3354 nmethods=3059 adapters=208
 compilation: enabled

Compilation events (10 events):
Event: 8.545 Thread 0x0000000005e5e000 3136       1       java.text.DecimalFormatSymbols::getDecimalSeparator (5 bytes)
Event: 8.546 Thread 0x0000000005e5e000 nmethod 3136 0x000000000fa62290 code [0x000000000fa623e0, 0x000000000fa624f0]
Event: 8.549 Thread 0x0000000005e57800 nmethod 3120% 0x000000000fa61750 code [0x000000000fa618e0, 0x000000000fa61dd8]
Event: 8.566 Thread 0x0000000005e57800 3137 %     4       com.android.dx.merge.DexMerger$IdMerger::readUnsortedValues @ 42 (101 bytes)
Event: 8.584 Thread 0x0000000005e57800 nmethod 3137% 0x000000000fa6bed0 code [0x000000000fa6c080, 0x000000000fa6c8d8]
Event: 8.602 Thread 0x0000000005e57800 3138       4       com.android.dx.merge.DexMerger$IdMerger::readUnsortedValues (101 bytes)
Event: 8.619 Thread 0x0000000005e57800 nmethod 3138 0x000000000fa6d8d0 code [0x000000000fa6daa0, 0x000000000fa6e688]
Event: 8.621 Thread 0x0000000005e5e000 3139       3       java.util.ComparableTimSort::mergeCollapse (101 bytes)
Event: 8.623 Thread 0x0000000005e5e000 nmethod 3139 0x000000000f113e10 code [0x000000000f113fa0, 0x000000000f1143b8]
Event: 8.623 Thread 0x0000000005e57800 3140       4       java.util.ComparableTimSort::gallopRight (327 bytes)

GC Heap History (10 events):
Event: 7.792 GC heap before
{Heap before GC invocations=12 (full 1):
 PSYoungGen      total 88576K, used 84656K [0x00000000eab00000, 0x00000000f1200000, 0x0000000100000000)
  eden space 74240K, 100% used [0x00000000eab00000,0x00000000ef380000,0x00000000ef380000)
  from space 14336K, 72% used [0x00000000f0200000,0x00000000f0c2c2b0,0x00000000f1000000)
  to   space 14848K, 0% used [0x00000000ef380000,0x00000000ef380000,0x00000000f0200000)
 ParOldGen       total 58880K, used 24815K [0x00000000c0000000, 0x00000000c3980000, 0x00000000eab00000)
  object space 58880K, 42% used [0x00000000c0000000,0x00000000c183bf48,0x00000000c3980000)
 Metaspace       used 8360K, capacity 8504K, committed 8576K, reserved 1056768K
  class space    used 794K, capacity 851K, committed 896K, reserved 1048576K
Event: 7.800 GC heap after
Heap after GC invocations=12 (full 1):
 PSYoungGen      total 89088K, used 8989K [0x00000000eab00000, 0x00000000f1200000, 0x0000000100000000)
  eden space 74240K, 0% used [0x00000000eab00000,0x00000000eab00000,0x00000000ef380000)
  from space 14848K, 60% used [0x00000000ef380000,0x00000000efc47770,0x00000000f0200000)
  to   space 14336K, 0% used [0x00000000f0200000,0x00000000f0200000,0x00000000f1000000)
 ParOldGen       total 58880K, used 24823K [0x00000000c0000000, 0x00000000c3980000, 0x00000000eab00000)
  object space 58880K, 42% used [0x00000000c0000000,0x00000000c183df48,0x00000000c3980000)
 Metaspace       used 8360K, capacity 8504K, committed 8576K, reserved 1056768K
  class space    used 794K, capacity 851K, committed 896K, reserved 1048576K
}
Event: 7.995 GC heap before
{Heap before GC invocations=13 (full 1):
 PSYoungGen      total 89088K, used 81649K [0x00000000eab00000, 0x00000000f1200000, 0x0000000100000000)
  eden space 74240K, 97% used [0x00000000eab00000,0x00000000ef1f4d10,0x00000000ef380000)
  from space 14848K, 60% used [0x00000000ef380000,0x00000000efc47770,0x00000000f0200000)
  to   space 14336K, 0% used [0x00000000f0200000,0x00000000f0200000,0x00000000f1000000)
 ParOldGen       total 58880K, used 24823K [0x00000000c0000000, 0x00000000c3980000, 0x00000000eab00000)
  object space 58880K, 42% used [0x00000000c0000000,0x00000000c183df48,0x00000000c3980000)
 Metaspace       used 8360K, capacity 8504K, committed 8576K, reserved 1056768K
  class space    used 794K, capacity 851K, committed 896K, reserved 1048576K
Event: 8.001 GC heap after
Heap after GC invocations=13 (full 1):
 PSYoungGen      total 88576K, used 12348K [0x00000000eab00000, 0x00000000f1200000, 0x0000000100000000)
  eden space 74240K, 0% used [0x00000000eab00000,0x00000000eab00000,0x00000000ef380000)
  from space 14336K, 86% used [0x00000000f0200000,0x00000000f0e0f150,0x00000000f1000000)
  to   space 14848K, 0% used [0x00000000ef380000,0x00000000ef380000,0x00000000f0200000)
 ParOldGen       total 58880K, used 24823K [0x00000000c0000000, 0x00000000c3980000, 0x00000000eab00000)
  object space 58880K, 42% used [0x00000000c0000000,0x00000000c183df48,0x00000000c3980000)
 Metaspace       used 8360K, capacity 8504K, committed 8576K, reserved 1056768K
  class space    used 794K, capacity 851K, committed 896K, reserved 1048576K
}
Event: 8.161 GC heap before
{Heap before GC invocations=14 (full 1):
 PSYoungGen      total 88576K, used 86588K [0x00000000eab00000, 0x00000000f1200000, 0x0000000100000000)
  eden space 74240K, 100% used [0x00000000eab00000,0x00000000ef380000,0x00000000ef380000)
  from space 14336K, 86% used [0x00000000f0200000,0x00000000f0e0f150,0x00000000f1000000)
  to   space 14848K, 0% used [0x00000000ef380000,0x00000000ef380000,0x00000000f0200000)
 ParOldGen       total 58880K, used 24823K [0x00000000c0000000, 0x00000000c3980000, 0x00000000eab00000)
  object space 58880K, 42% used [0x00000000c0000000,0x00000000c183df48,0x00000000c3980000)
 Metaspace       used 8364K, capacity 8504K, committed 8576K, reserved 1056768K
  class space    used 794K, capacity 851K, committed 896K, reserved 1048576K
Event: 8.168 GC heap after
Heap after GC invocations=14 (full 1):
 PSYoungGen      total 89088K, used 8173K [0x00000000eab00000, 0x00000000f1200000, 0x0000000100000000)
  eden space 74240K, 0% used [0x00000000eab00000,0x00000000eab00000,0x00000000ef380000)
  from space 14848K, 55% used [0x00000000ef380000,0x00000000efb7b738,0x00000000f0200000)
  to   space 14336K, 0% used [0x00000000f0200000,0x00000000f0200000,0x00000000f1000000)
 ParOldGen       total 58880K, used 24831K [0x00000000c0000000, 0x00000000c3980000, 0x00000000eab00000)
  object space 58880K, 42% used [0x00000000c0000000,0x00000000c183ff48,0x00000000c3980000)
 Metaspace       used 8364K, capacity 8504K, committed 8576K, reserved 1056768K
  class space    used 794K, capacity 851K, committed 896K, reserved 1048576K
}
Event: 8.341 GC heap before
{Heap before GC invocations=15 (full 1):
 PSYoungGen      total 89088K, used 82413K [0x00000000eab00000, 0x00000000f1200000, 0x0000000100000000)
  eden space 74240K, 100% used [0x00000000eab00000,0x00000000ef380000,0x00000000ef380000)
  from space 14848K, 55% used [0x00000000ef380000,0x00000000efb7b738,0x00000000f0200000)
  to   space 14336K, 0% used [0x00000000f0200000,0x00000000f0200000,0x00000000f1000000)
 ParOldGen       total 58880K, used 24831K [0x00000000c0000000, 0x00000000c3980000, 0x00000000eab00000)
  object space 58880K, 42% used [0x00000000c0000000,0x00000000c183ff48,0x00000000c3980000)
 Metaspace       used 8365K, capacity 8504K, committed 8576K, reserved 1056768K
  class space    used 794K, capacity 851K, committed 896K, reserved 1048576K
Event: 8.347 GC heap after
Heap after GC invocations=15 (full 1):
 PSYoungGen      total 88576K, used 10830K [0x00000000eab00000, 0x00000000f1200000, 0x0000000100000000)
  eden space 74240K, 0% used [0x00000000eab00000,0x00000000eab00000,0x00000000ef380000)
  from space 14336K, 75% used [0x00000000f0200000,0x00000000f0c939b8,0x00000000f1000000)
  to   space 14848K, 0% used [0x00000000ef380000,0x00000000ef380000,0x00000000f0200000)
 ParOldGen       total 58880K, used 24831K [0x00000000c0000000, 0x00000000c3980000, 0x00000000eab00000)
  object space 58880K, 42% used [0x00000000c0000000,0x00000000c183ff48,0x00000000c3980000)
 Metaspace       used 8365K, capacity 8504K, committed 8576K, reserved 1056768K
  class space    used 794K, capacity 851K, committed 896K, reserved 1048576K
}
Event: 8.587 GC heap before
{Heap before GC invocations=16 (full 1):
 PSYoungGen      total 88576K, used 85070K [0x00000000eab00000, 0x00000000f1200000, 0x0000000100000000)
  eden space 74240K, 100% used [0x00000000eab00000,0x00000000ef380000,0x00000000ef380000)
  from space 14336K, 75% used [0x00000000f0200000,0x00000000f0c939b8,0x00000000f1000000)
  to   space 14848K, 0% used [0x00000000ef380000,0x00000000ef380000,0x00000000f0200000)
 ParOldGen       total 58880K, used 24831K [0x00000000c0000000, 0x00000000c3980000, 0x00000000eab00000)
  object space 58880K, 42% used [0x00000000c0000000,0x00000000c183ff48,0x00000000c3980000)
 Metaspace       used 8368K, capacity 8504K, committed 8576K, reserved 1056768K
  class space    used 794K, capacity 851K, committed 896K, reserved 1048576K
Event: 8.595 GC heap after
Heap after GC invocations=16 (full 1):
 PSYoungGen      total 89088K, used 8857K [0x00000000eab00000, 0x00000000f2d00000, 0x0000000100000000)
  eden space 74240K, 0% used [0x00000000eab00000,0x00000000eab00000,0x00000000ef380000)
  from space 14848K, 59% used [0x00000000ef380000,0x00000000efc26640,0x00000000f0200000)
  to   space 15360K, 0% used [0x00000000f1e00000,0x00000000f1e00000,0x00000000f2d00000)
 ParOldGen       total 58880K, used 24831K [0x00000000c0000000, 0x00000000c3980000, 0x00000000eab00000)
  object space 58880K, 42% used [0x00000000c0000000,0x00000000c183ff48,0x00000000c3980000)
 Metaspace       used 8368K, capacity 8504K, committed 8576K, reserved 1056768K
  class space    used 794K, capacity 851K, committed 896K, reserved 1048576K
}

Deoptimization events (10 events):
Event: 7.788 Thread 0x00000000028d2800 Uncommon trap: reason=predicate action=maybe_recompile pc=0x000000000fa00b60 method=java.util.TimSort.binarySort([Ljava/lang/Object;IIILjava/util/Comparator;)V @ 37
Event: 7.909 Thread 0x00000000028d2800 Uncommon trap: reason=array_check action=maybe_recompile pc=0x000000000fa16df4 method=java.util.TimSort.binarySort([Ljava/lang/Object;IIILjava/util/Comparator;)V @ 183
Event: 7.909 Thread 0x00000000028d2800 Uncommon trap: reason=array_check action=maybe_recompile pc=0x000000000fa16c08 method=java.util.TimSort.binarySort([Ljava/lang/Object;IIILjava/util/Comparator;)V @ 215
Event: 7.909 Thread 0x00000000028d2800 Uncommon trap: reason=array_check action=maybe_recompile pc=0x000000000fa16cfc method=java.util.TimSort.binarySort([Ljava/lang/Object;IIILjava/util/Comparator;)V @ 193
Event: 7.909 Thread 0x00000000028d2800 Uncommon trap: reason=array_check action=maybe_recompile pc=0x000000000fa16cfc method=java.util.TimSort.binarySort([Ljava/lang/Object;IIILjava/util/Comparator;)V @ 193
Event: 8.098 Thread 0x00000000028d2800 Uncommon trap: reason=predicate action=maybe_recompile pc=0x000000000fa2d5ac method=java.util.ComparableTimSort.binarySort([Ljava/lang/Object;III)V @ 37
Event: 8.232 Thread 0x00000000028d2800 Uncommon trap: reason=array_check action=maybe_recompile pc=0x000000000fa403d4 method=java.util.ComparableTimSort.binarySort([Ljava/lang/Object;III)V @ 193
Event: 8.426 Thread 0x00000000028d2800 Uncommon trap: reason=unstable_if action=reinterpret pc=0x000000000f9f88b0 method=java.util.HashMap$TreeNode.balanceInsertion(Ljava/util/HashMap$TreeNode;Ljava/util/HashMap$TreeNode;)Ljava/util/HashMap$TreeNode; @ 189
Event: 8.426 Thread 0x00000000028d2800 Uncommon trap: reason=unstable_if action=reinterpret pc=0x000000000f9b6734 method=java.util.HashMap$TreeNode.balanceInsertion(Ljava/util/HashMap$TreeNode;Ljava/util/HashMap$TreeNode;)Ljava/util/HashMap$TreeNode; @ 189
Event: 8.547 Thread 0x00000000028d2800 Uncommon trap: reason=array_check action=maybe_recompile pc=0x000000000fa403d4 method=java.util.ComparableTimSort.binarySort([Ljava/lang/Object;III)V @ 193

Internal exceptions (7 events):
Event: 0.066 Thread 0x00000000028d2800 Exception <a 'java/lang/NoSuchMethodError': Method sun.misc.Unsafe.defineClass(Ljava/lang/String;[BII)Ljava/lang/Class; name or signature does not match> (0x00000000eab13020) thrown at [C:\re\workspace\8-2-build-windows-amd64-cygwin\jdk8u60\4407\hotspot\srÒZÚµÛ±?
Event: 0.066 Thread 0x00000000028d2800 Exception <a 'java/lang/NoSuchMethodError': Method sun.misc.Unsafe.prefetchRead(Ljava/lang/Object;J)V name or signature does not match> (0x00000000eab13308) thrown at [C:\re\workspace\8-2-build-windows-amd64-cygwin\jdk8u60\4407\hotspot\src\share\vm\prims\j:ËcU‰ı?
Event: 1.368 Thread 0x000000000736e000 Implicit null exception at 0x000000000f4602a2 to 0x000000000f460392
Event: 5.501 Thread 0x00000000028d2800 Exception <a 'java/security/PrivilegedActionException'> (0x00000000ec5973a0) thrown at [C:\re\workspace\8-2-build-windows-amd64-cygwin\jdk8u60\4407\hotspot\src\share\vm\prims\jvm.cpp, line 1386]
Event: 5.502 Thread 0x00000000028d2800 Exception <a 'java/security/PrivilegedActionException'> (0x00000000ec597798) thrown at [C:\re\workspace\8-2-build-windows-amd64-cygwin\jdk8u60\4407\hotspot\src\share\vm\prims\jvm.cpp, line 1386]
Event: 5.503 Thread 0x00000000028d2800 Exception <a 'java/security/PrivilegedActionException'> (0x00000000ec59b9b0) thrown at [C:\re\workspace\8-2-build-windows-amd64-cygwin\jdk8u60\4407\hotspot\src\share\vm\prims\jvm.cpp, line 1386]
Event: 5.503 Thread 0x00000000028d2800 Exception <a 'java/security/PrivilegedActionException'> (0x00000000ec59bda8) thrown at [C:\re\workspace\8-2-build-windows-amd64-cygwin\jdk8u60\4407\hotspot\src\share\vm\prims\jvm.cpp, line 1386]

Events (10 events):
Event: 8.623 Thread 0x0000000005e5e000 flushing nmethod 0x000000000f1d8350
Event: 8.623 Thread 0x0000000005e5e000 flushing nmethod 0x000000000f1d8710
Event: 8.623 Thread 0x0000000005e5e000 flushing nmethod 0x000000000f1dcf50
Event: 8.623 Thread 0x0000000005e5e000 flushing nmethod 0x000000000f1e1e90
Event: 8.623 Thread 0x0000000005e5e000 flushing nmethod 0x000000000f1e2810
Event: 8.623 Thread 0x0000000005e5e000 flushing nmethod 0x000000000f1e30d0
Event: 8.623 Thread 0x0000000005e5e000 flushing nmethod 0x000000000f1ebe50
Event: 8.623 Thread 0x0000000005e5e000 flushing nmethod 0x000000000f1ef9d0
Event: 8.623 Thread 0x0000000005e5e000 flushing nmethod 0x000000000f1f2090
Event: 8.623 Thread 0x0000000005e5e000 flushing nmethod 0x000000000f1f7d10


Dynamic libraries:
0x00007ff61c3e0000 - 0x00007ff61c417000 	C:\Program Files\Java\jdk1.8.0_60\bin\java.exe
0x00007ff81b620000 - 0x00007ff81b7cc000 	C:\Windows\SYSTEM32\ntdll.dll
0x00007ff819090000 - 0x00007ff8191ce000 	C:\Windows\system32\KERNEL32.DLL
0x00007ff818a70000 - 0x00007ff818b85000 	C:\Windows\system32\KERNELBASE.dll
0x00007ff8172c0000 - 0x00007ff81734e000 	C:\Windows\system32\apphelp.dll
0x00007ffffe2e0000 - 0x00007ffffe333000 	C:\Windows\AppPatch\AppPatch64\AcGenral.DLL
0x00007ff818fd0000 - 0x00007ff81907a000 	C:\Windows\system32\msvcrt.dll
0x00007ff8184f0000 - 0x00007ff81851e000 	C:\Windows\SYSTEM32\SspiCli.dll
0x00007ff81a9c0000 - 0x00007ff81aa14000 	C:\Windows\system32\SHLWAPI.dll
0x00007ff818de0000 - 0x00007ff818f57000 	C:\Windows\system32\USER32.dll
0x00007ff8191d0000 - 0x00007ff819364000 	C:\Windows\system32\ole32.dll
0x00007ff819440000 - 0x00007ff81a958000 	C:\Windows\system32\SHELL32.dll
0x00007ff817cc0000 - 0x00007ff817ce1000 	C:\Windows\SYSTEM32\USERENV.dll
0x00007ff81aa20000 - 0x00007ff81aaca000 	C:\Windows\system32\ADVAPI32.dll
0x00007ff8104f0000 - 0x00007ff81050e000 	C:\Windows\SYSTEM32\MPR.dll
0x00007ff81b170000 - 0x00007ff81b2b1000 	C:\Windows\system32\RPCRT4.dll
0x00007ff81aad0000 - 0x00007ff81ab29000 	C:\Windows\SYSTEM32\sechost.dll
0x00007ff81af30000 - 0x00007ff81b141000 	C:\Windows\SYSTEM32\combase.dll
0x00007ff81ad10000 - 0x00007ff81ae61000 	C:\Windows\system32\GDI32.dll
0x00007ff818770000 - 0x00007ff818785000 	C:\Windows\SYSTEM32\profapi.dll
0x00007ff816f50000 - 0x00007ff817002000 	C:\Windows\SYSTEM32\SHCORE.dll
0x00007ff81b2c0000 - 0x00007ff81b2f6000 	C:\Windows\system32\IMM32.DLL
0x00007ff81b300000 - 0x00007ff81b452000 	C:\Windows\system32\MSCTF.dll
0x00007ff818720000 - 0x00007ff818751000 	C:\Windows\system32\nvinitx.dll
0x00007ff818710000 - 0x00007ff81871a000 	C:\Windows\SYSTEM32\VERSION.dll
0x000000000f000000 - 0x000000000f006000 	C:\Program Files\NVIDIA Corporation\CoProcManager\_etoured.dll
0x00007ff816c30000 - 0x00007ff816c62000 	C:\Program Files\NVIDIA Corporation\CoProcManager\nvd3d9wrapx.dll
0x00007ff81ab30000 - 0x00007ff81ad0a000 	C:\Windows\system32\SETUPAPI.dll
0x00007ff818a20000 - 0x00007ff818a6f000 	C:\Windows\system32\CFGMGR32.dll
0x00007ff816c00000 - 0x00007ff816c22000 	C:\Program Files\NVIDIA Corporation\CoProcManager\nvdxgiwrapx.dll
0x00007ff814d20000 - 0x00007ff814f9b000 	C:\Windows\WinSxS\amd64_microsoft.windows.common-controls_6595b64144ccf1df_6.0.9600.17415_none_6240486fecbd8abb\COMCTL32.dll
0x00000000687f0000 - 0x00000000688c2000 	C:\Program Files\Java\jdk1.8.0_60\jre\bin\msvcr100.dll
0x0000000067b10000 - 0x0000000068399000 	C:\Program Files\Java\jdk1.8.0_60\jre\bin\server\jvm.dll
0x00007ff8133b0000 - 0x00007ff8133b9000 	C:\Windows\SYSTEM32\WSOCK32.dll
0x00007ff813fb0000 - 0x00007ff813fd2000 	C:\Windows\SYSTEM32\WINMM.dll
0x00007ff818fc0000 - 0x00007ff818fc7000 	C:\Windows\system32\PSAPI.DLL
0x00007ff81a960000 - 0x00007ff81a9ba000 	C:\Windows\system32\WS2_32.dll
0x00007ff813cc0000 - 0x00007ff813cea000 	C:\Windows\SYSTEM32\WINMMBASE.dll
0x00007ff819370000 - 0x00007ff819379000 	C:\Windows\system32\NSI.dll
0x00007ff817510000 - 0x00007ff817538000 	C:\Windows\SYSTEM32\DEVOBJ.dll
0x0000000068c60000 - 0x0000000068c6f000 	C:\Program Files\Java\jdk1.8.0_60\jre\bin\verify.dll
0x0000000068c30000 - 0x0000000068c59000 	C:\Program Files\Java\jdk1.8.0_60\jre\bin\java.dll
0x0000000068c10000 - 0x0000000068c26000 	C:\Program Files\Java\jdk1.8.0_60\jre\bin\zip.dll

VM Arguments:
jvm_args: -Xmx1024M -Dfile.encoding=windows-1251 -Duser.country=RU -Duser.language=ru -Duser.variant 
java_command: com.android.dx.command.Main --dex --num-threads=4 --output C:\java\android\EventHunter\app\build\intermediates\dex\debug C:\java\android\EventHunter\app\build\intermediates\classes\debug C:\java\android\EventHunter\app\build\intermediates\pre-dexed\debug\support-annotations-23.0.1-83676807229e344ee5d98b2e8f5ee90735dbc5c3.jar C:\java\android\EventHunter\app\build\intermediates\pre-dexed\debug\classes-c20afcc1740d79820e65179484dbec29bb5f60ea.jar C:\java\android\EventHunter\app\build\intermediates\pre-dexed\debug\internal_impl-22.2.0-a83752519c01ad2ba20bc016f010d047b228f261.jar C:\java\android\EventHunter\app\build\intermediates\pre-dexed\debug\classes-b4805c3dc551e8addcdfe83006eb2e2069d3f69f.jar C:\java\android\EventHunter\app\build\intermediates\pre-dexed\debug\classes-ae9b863311f49a782185bfb452b8025793af85c8.jar C:\java\android\EventHunter\app\build\intermediates\pre-dexed\debug\classes-a8918f74546ee3dbc7aab13fd9ad1bdefcfba1e4.jar C:\java\android\EventHunter\app\build\intermediates\pre-dexed\debug\bolts-android-1.2.1-356a198f80105d5433eee2afd667d2e7d02573d1.jar C:\java\android\EventHunter\app\build\intermediates\pre-dexed\debug\classes-06bb6aa3532cad2f72f9a491dcfa9f789652485a.jar C:\java\android\EventHunter\app\build\intermediates\pre-dexed\debug\classes-b0e1490f23c0dbfdbfc3758d5ddbb5797a31a832.jar C:\java\android\EventHunter\app\build\intermediates\pre-dexed\debug\classes-573c3b2aaaf01ebf77281ed216568a2ea3f0c246.jar C:\java\android\EventHunter\app\build\intermediates\pre-dexed\debug\classes-ae8a2d517b50dadc2316914ab7a8fef2dd55ff44.jar C:\java\android\EventHunter\app\build\intermediates\pre-dexed\debug\classes-551fcf9ef8ced75a4427f5325a0b04b927bbc6d8.jar C:\java\android\EventHunter\app\build\intermediates\pre-dexed\debug\classes-639a1f6c50ea7c1445d2d4ef22bb93066db0ed9e.jar C:\java\android\EventHunter\app\build\intermediates\pre-dexed\debug\classes-5ca4f3c4ceb3497993ee5090b90b68d342d08305.jar C:\java\android\EventHunter\app\build\intermediates\pre-dex
java_class_path (initial): C:\Users\user\AppData\Local\Android\sdk\build-tools\23.0.1\lib\dx.jar
Launcher Type: SUN_STANDARD

Environment Variables:
PATH=C:\ProgramData\Oracle\Java\javapath;C:\Windows\system32;C:\Windows;C:\Windows\System32\Wbem;C:\Windows\System32\WindowsPowerShell\v1.0\;C:\Program Files (x86)\Windows Kits\8.1\Windows Performance Toolkit\;C:\Program Files\Microsoft SQL Server\110\Tools\Binn\;C:\Program Files (x86)\Intel\OpenCL SDK\2.0\bin\x86;C:\Program Files (x86)\Intel\OpenCL SDK\2.0\bin\x64;C:\Program Files (x86)\NVIDIA Corporation\PhysX\Common;c:\altera\91sp2\quartus\bin;C:\TDM-GCC-32\bin;C:\Program Files\Java\jdk1.8.0_60\bin;C:\Program Files (x86)\Skype\Phone\
USERNAME=user
OS=Windows_NT
PROCESSOR_IDENTIFIER=Intel64 Family 6 Model 42 Stepping 7, GenuineIntel



---------------  S Y S T E M  ---------------

OS: Windows 8.1 , 64 bit Build 9600 (6.3.9600.17415)

CPU:total 2 (2 cores per cpu, 1 threads per core) family 6 model 42 stepping 7, cmov, cx8, fxsr, mmx, sse, sse2, sse3, ssse3, sse4.1, sse4.2, popcnt, clmul, tsc, tscinvbit

Memory: 4k page, physical 4089116k(416384k free), swap 4089116k(5352k free)

vm_info: Java HotSpot(TM) 64-Bit Server VM (25.60-b23) for windows-amd64 JRE (1.8.0_60-b27), built on Aug  4 2015 11:06:27 by "java_re" with MS VC++ 10.0 (VS2010)

time: Sun Oct 11 12:30:39 2015
elapsed time: 8 seconds (0d 0h 0m 8s)

