#
# There is insufficient memory for the Java Runtime Environment to continue.
# Native memory allocation (malloc) failed to allocate 107472 bytes for Chunk::new
# Possible reasons:
#   The system is out of physical RAM or swap space
#   In 32 bit mode, the process size limit was hit
# Possible solutions:
#   Reduce memory load on the system
#   Increase physical memory or swap space
#   Check if swap backing store is full
#   Use 64 bit Java on a 64 bit OS
#   Decrease Java heap size (-Xmx/-Xms)
#   Decrease number of Java threads
#   Decrease Java thread stack sizes (-Xss)
#   Set larger code cache with -XX:ReservedCodeCacheSize=
# This output file may be truncated or incomplete.
#
#  Out of Memory Error (allocation.cpp:390), pid=4324, tid=824
#
# JRE version: Java(TM) SE Runtime Environment (8.0_60-b27) (build 1.8.0_60-b27)
# Java VM: Java HotSpot(TM) 64-Bit Server VM (25.60-b23 mixed mode windows-amd64 compressed oops)
# Failed to write core dump. Minidumps are not enabled by default on client versions of Windows
#

---------------  T H R E A D  ---------------

Current thread (0x0000000005933000):  JavaThread "C2 CompilerThread0" daemon [_thread_in_native, id=824, stack(0x0000000006950000,0x0000000006a50000)]

Stack: [0x0000000006950000,0x0000000006a50000]
[error occurred during error reporting (printing stack bounds), id 0xc0000005]

Native frames: (J=compiled Java code, j=interpreted, Vv=VM code, C=native code)


Current CompileTask:
C2:   8842 1795   !   4       com.android.dx.cf.code.RopperMachine::run (1550 bytes)


---------------  P R O C E S S  ---------------

Java Threads: ( => current thread )
  0x0000000006f72000 JavaThread "pool-1-thread-4" [_thread_in_Java, id=3208, stack(0x0000000007550000,0x0000000007650000)]
  0x0000000006f6d000 JavaThread "pool-1-thread-3" [_thread_in_vm, id=1496, stack(0x0000000007450000,0x0000000007550000)]
  0x0000000006f63000 JavaThread "pool-1-thread-2" [_thread_in_Java, id=1432, stack(0x0000000007350000,0x0000000007450000)]
  0x0000000006f62800 JavaThread "pool-2-thread-1" [_thread_blocked, id=3176, stack(0x0000000007250000,0x0000000007350000)]
  0x0000000006f5e800 JavaThread "pool-1-thread-1" [_thread_blocked, id=3744, stack(0x0000000007150000,0x0000000007250000)]
  0x000000000599b800 JavaThread "Service Thread" daemon [_thread_blocked, id=3836, stack(0x0000000006b50000,0x0000000006c50000)]
  0x0000000005989800 JavaThread "C1 CompilerThread1" daemon [_thread_blocked, id=4440, stack(0x0000000006a50000,0x0000000006b50000)]
=>0x0000000005933000 JavaThread "C2 CompilerThread0" daemon [_thread_in_native, id=824, stack(0x0000000006950000,0x0000000006a50000)]
  0x0000000005944000 JavaThread "Attach Listener" daemon [_thread_blocked, id=2372, stack(0x0000000006850000,0x0000000006950000)]
  0x0000000005941000 JavaThread "Signal Dispatcher" daemon [_thread_blocked, id=4824, stack(0x0000000006750000,0x0000000006850000)]
  0x00000000024a2800 JavaThread "Finalizer" daemon [_thread_blocked, id=4632, stack(0x0000000006570000,0x0000000006670000)]
  0x0000000002499800 JavaThread "Reference Handler" daemon [_thread_blocked, id=4232, stack(0x0000000006470000,0x0000000006570000)]
  0x00000000023b0800 JavaThread "main" [_thread_blocked, id=2428, stack(0x00000000022b0000,0x00000000023b0000)]

Other Threads:
  0x0000000005906000 VMThread [stack: 0x0000000006370000,0x0000000006470000] [id=2900]
  0x00000000059a0800 WatcherThread [stack: 0x0000000006c50000,0x0000000006d50000] [id=900]

VM state:not at safepoint (normal execution)

VM Mutex/Monitor currently owned by a thread: None

Heap:
 PSYoungGen      total 68096K, used 59264K [0x00000000eab00000, 0x00000000ef000000, 0x0000000100000000)
  eden space 65536K, 86% used [0x00000000eab00000,0x00000000ee2682b8,0x00000000eeb00000)
  from space 2560K, 98% used [0x00000000eed80000,0x00000000eeff8018,0x00000000ef000000)
  to   space 2560K, 0% used [0x00000000eeb00000,0x00000000eeb00000,0x00000000eed80000)
 ParOldGen       total 44032K, used 16161K [0x00000000c0000000, 0x00000000c2b00000, 0x00000000eab00000)
  object space 44032K, 36% used [0x00000000c0000000,0x00000000c0fc84a0,0x00000000c2b00000)
 Metaspace       used 6324K, capacity 7192K, committed 7424K, reserved 1056768K
  class space    used 610K, capacity 656K, committed 768K, reserved 1048576K

Card table byte_map: [0x0000000002870000,0x0000000002a80000] byte_map_base: 0x0000000002270000

Marking Bits: (ParMarkBitMap*) 0x0000000074b3a5b0
 Begin Bits: [0x0000000002de0000, 0x0000000003de0000)
 End Bits:   [0x0000000003de0000, 0x0000000004de0000)

Polling page: 0x00000000006d0000

CodeCache: size=245760Kb used=7449Kb max_used=7449Kb free=238310Kb
 bounds [0x000000000f010000, 0x000000000f760000, 0x000000001e010000]
 total_blobs=2085 nmethods=1816 adapters=182
 compilation: enabled

Compilation events (10 events):
Event: 8.825 Thread 0x0000000005989800 1874   !   2       java.util.concurrent.ArrayBlockingQueue::offer (55 bytes)
Event: 8.826 Thread 0x0000000005989800 nmethod 1874 0x000000000f758310 code [0x000000000f7584c0, 0x000000000f7587f8]
Event: 8.826 Thread 0x0000000005989800 1875       2       java.util.concurrent.locks.ReentrantLock$FairSync::lock (6 bytes)
Event: 8.826 Thread 0x0000000005989800 nmethod 1875 0x000000000f758b50 code [0x000000000f758ce0, 0x000000000f758ef8]
Event: 8.831 Thread 0x0000000005989800 1876       2       com.android.dx.dex.code.RopTranslator$TranslationVisitor::addOutputSuffix (9 bytes)
Event: 8.832 Thread 0x0000000005989800 nmethod 1876 0x000000000f759050 code [0x000000000f7591c0, 0x000000000f759448]
Event: 8.832 Thread 0x0000000005989800 1877       1       com.android.dx.cf.direct.DirectClassFile$DcfTypeList::isMutable (2 bytes)
Event: 8.832 Thread 0x0000000005989800 nmethod 1877 0x000000000f6f8310 code [0x000000000f6f8460, 0x000000000f6f8570]
Event: 8.835 Thread 0x0000000005989800 1878   !   2       java.util.concurrent.locks.AbstractQueuedSynchronizer::acquireQueued (93 bytes)
Event: 8.836 Thread 0x0000000005989800 nmethod 1878 0x000000000f759690 code [0x000000000f759860, 0x000000000f759d98]

GC Heap History (8 events):
Event: 1.496 GC heap before
{Heap before GC invocations=1 (full 0):
 PSYoungGen      total 18944K, used 16384K [0x00000000eab00000, 0x00000000ec000000, 0x0000000100000000)
  eden space 16384K, 100% used [0x00000000eab00000,0x00000000ebb00000,0x00000000ebb00000)
  from space 2560K, 0% used [0x00000000ebd80000,0x00000000ebd80000,0x00000000ec000000)
  to   space 2560K, 0% used [0x00000000ebb00000,0x00000000ebb00000,0x00000000ebd80000)
 ParOldGen       total 44032K, used 0K [0x00000000c0000000, 0x00000000c2b00000, 0x00000000eab00000)
  object space 44032K, 0% used [0x00000000c0000000,0x00000000c0000000,0x00000000c2b00000)
 Metaspace       used 5741K, capacity 6768K, committed 7040K, reserved 1056768K
  class space    used 587K, capacity 616K, committed 640K, reserved 1048576K
Event: 1.714 GC heap after
Heap after GC invocations=1 (full 0):
 PSYoungGen      total 18944K, used 2535K [0x00000000eab00000, 0x00000000ed000000, 0x0000000100000000)
  eden space 16384K, 0% used [0x00000000eab00000,0x00000000eab00000,0x00000000ebb00000)
  from space 2560K, 99% used [0x00000000ebb00000,0x00000000ebd79c88,0x00000000ebd80000)
  to   space 2560K, 0% used [0x00000000ecd80000,0x00000000ecd80000,0x00000000ed000000)
 ParOldGen       total 44032K, used 2440K [0x00000000c0000000, 0x00000000c2b00000, 0x00000000eab00000)
  object space 44032K, 5% used [0x00000000c0000000,0x00000000c0262090,0x00000000c2b00000)
 Metaspace       used 5741K, capacity 6768K, committed 7040K, reserved 1056768K
  class space    used 587K, capacity 616K, committed 640K, reserved 1048576K
}
Event: 2.193 GC heap before
{Heap before GC invocations=2 (full 0):
 PSYoungGen      total 18944K, used 18919K [0x00000000eab00000, 0x00000000ed000000, 0x0000000100000000)
  eden space 16384K, 100% used [0x00000000eab00000,0x00000000ebb00000,0x00000000ebb00000)
  from space 2560K, 99% used [0x00000000ebb00000,0x00000000ebd79c88,0x00000000ebd80000)
  to   space 2560K, 0% used [0x00000000ecd80000,0x00000000ecd80000,0x00000000ed000000)
 ParOldGen       total 44032K, used 2440K [0x00000000c0000000, 0x00000000c2b00000, 0x00000000eab00000)
  object space 44032K, 5% used [0x00000000c0000000,0x00000000c0262090,0x00000000c2b00000)
 Metaspace       used 5901K, capacity 6960K, committed 7040K, reserved 1056768K
  class space    used 587K, capacity 616K, committed 640K, reserved 1048576K
Event: 2.712 GC heap after
Heap after GC invocations=2 (full 0):
 PSYoungGen      total 35328K, used 2528K [0x00000000eab00000, 0x00000000ed000000, 0x0000000100000000)
  eden space 32768K, 0% used [0x00000000eab00000,0x00000000eab00000,0x00000000ecb00000)
  from space 2560K, 98% used [0x00000000ecd80000,0x00000000ecff8018,0x00000000ed000000)
  to   space 2560K, 0% used [0x00000000ecb00000,0x00000000ecb00000,0x00000000ecd80000)
 ParOldGen       total 44032K, used 5646K [0x00000000c0000000, 0x00000000c2b00000, 0x00000000eab00000)
  object space 44032K, 12% used [0x00000000c0000000,0x00000000c0583940,0x00000000c2b00000)
 Metaspace       used 5901K, capacity 6960K, committed 7040K, reserved 1056768K
  class space    used 587K, capacity 616K, committed 640K, reserved 1048576K
}
Event: 4.168 GC heap before
{Heap before GC invocations=3 (full 0):
 PSYoungGen      total 35328K, used 35296K [0x00000000eab00000, 0x00000000ed000000, 0x0000000100000000)
  eden space 32768K, 100% used [0x00000000eab00000,0x00000000ecb00000,0x00000000ecb00000)
  from space 2560K, 98% used [0x00000000ecd80000,0x00000000ecff8018,0x00000000ed000000)
  to   space 2560K, 0% used [0x00000000ecb00000,0x00000000ecb00000,0x00000000ecd80000)
 ParOldGen       total 44032K, used 5646K [0x00000000c0000000, 0x00000000c2b00000, 0x00000000eab00000)
  object space 44032K, 12% used [0x00000000c0000000,0x00000000c0583940,0x00000000c2b00000)
 Metaspace       used 6069K, capacity 7088K, committed 7296K, reserved 1056768K
  class space    used 589K, capacity 616K, committed 640K, reserved 1048576K
Event: 4.205 GC heap after
Heap after GC invocations=3 (full 0):
 PSYoungGen      total 35328K, used 2528K [0x00000000eab00000, 0x00000000ef000000, 0x0000000100000000)
  eden space 32768K, 0% used [0x00000000eab00000,0x00000000eab00000,0x00000000ecb00000)
  from space 2560K, 98% used [0x00000000ecb00000,0x00000000ecd78018,0x00000000ecd80000)
  to   space 2560K, 0% used [0x00000000eed80000,0x00000000eed80000,0x00000000ef000000)
 ParOldGen       total 44032K, used 11148K [0x00000000c0000000, 0x00000000c2b00000, 0x00000000eab00000)
  object space 44032K, 25% used [0x00000000c0000000,0x00000000c0ae33f0,0x00000000c2b00000)
 Metaspace       used 6069K, capacity 7088K, committed 7296K, reserved 1056768K
  class space    used 589K, capacity 616K, committed 640K, reserved 1048576K
}
Event: 5.486 GC heap before
{Heap before GC invocations=4 (full 0):
 PSYoungGen      total 35328K, used 35296K [0x00000000eab00000, 0x00000000ef000000, 0x0000000100000000)
  eden space 32768K, 100% used [0x00000000eab00000,0x00000000ecb00000,0x00000000ecb00000)
  from space 2560K, 98% used [0x00000000ecb00000,0x00000000ecd78018,0x00000000ecd80000)
  to   space 2560K, 0% used [0x00000000eed80000,0x00000000eed80000,0x00000000ef000000)
 ParOldGen       total 44032K, used 11148K [0x00000000c0000000, 0x00000000c2b00000, 0x00000000eab00000)
  object space 44032K, 25% used [0x00000000c0000000,0x00000000c0ae33f0,0x00000000c2b00000)
 Metaspace       used 6125K, capacity 7088K, committed 7296K, reserved 1056768K
  class space    used 590K, capacity 616K, committed 640K, reserved 1048576K
Event: 5.642 GC heap after
Heap after GC invocations=4 (full 0):
 PSYoungGen      total 68096K, used 2528K [0x00000000eab00000, 0x00000000ef000000, 0x0000000100000000)
  eden space 65536K, 0% used [0x00000000eab00000,0x00000000eab00000,0x00000000eeb00000)
  from space 2560K, 98% used [0x00000000eed80000,0x00000000eeff8018,0x00000000ef000000)
  to   space 2560K, 0% used [0x00000000eeb00000,0x00000000eeb00000,0x00000000eed80000)
 ParOldGen       total 44032K, used 16161K [0x00000000c0000000, 0x00000000c2b00000, 0x00000000eab00000)
  object space 44032K, 36% used [0x00000000c0000000,0x00000000c0fc84a0,0x00000000c2b00000)
 Metaspace       used 6125K, capacity 7088K, committed 7296K, reserved 1056768K
  class space    used 590K, capacity 616K, committed 640K, reserved 1048576K
}

Deoptimization events (10 events):
Event: 3.132 Thread 0x00000000023b0800 Uncommon trap: reason=unstable_if action=reinterpret pc=0x000000000f42ab1c method=com.android.dx.ssa.SsaMethod.updateOneDefinition(Lcom/android/dx/ssa/SsaInsn;Lcom/android/dx/rop/code/RegisterSpec;)V @ 4
Event: 3.383 Thread 0x0000000006f63000 Uncommon trap: reason=class_check action=maybe_recompile pc=0x000000000f486750 method=java.util.HashMap.putVal(ILjava/lang/Object;Ljava/lang/Object;ZZ)Ljava/lang/Object; @ 203
Event: 3.383 Thread 0x0000000006f63000 Uncommon trap: reason=bimorphic action=maybe_recompile pc=0x000000000f2fc83c method=java.util.HashMap.getNode(ILjava/lang/Object;)Ljava/util/HashMap$Node; @ 126
Event: 4.835 Thread 0x00000000023b0800 Uncommon trap: reason=class_check action=maybe_recompile pc=0x000000000f48dda0 method=java.util.HashMap.putVal(ILjava/lang/Object;Ljava/lang/Object;ZZ)Ljava/lang/Object; @ 203
Event: 5.049 Thread 0x0000000006f72000 Uncommon trap: reason=class_check action=maybe_recompile pc=0x000000000f48dda0 method=java.util.HashMap.putVal(ILjava/lang/Object;Ljava/lang/Object;ZZ)Ljava/lang/Object; @ 203
Event: 5.817 Thread 0x0000000006f6d000 Uncommon trap: reason=class_check action=maybe_recompile pc=0x000000000f48dda0 method=java.util.HashMap.putVal(ILjava/lang/Object;Ljava/lang/Object;ZZ)Ljava/lang/Object; @ 203
Event: 5.881 Thread 0x0000000006f72000 Uncommon trap: reason=unstable_if action=reinterpret pc=0x000000000f5f9cf0 method=com.android.dx.ssa.SCCP.simulateBranch(Lcom/android/dx/ssa/SsaInsn;)V @ 548
Event: 5.906 Thread 0x0000000006f72000 Uncommon trap: reason=unstable_if action=reinterpret pc=0x000000000f4d9bdc method=com.android.dx.ssa.SCCP.simulateStmt(Lcom/android/dx/ssa/SsaInsn;)V @ 53
Event: 7.391 Thread 0x0000000006f72000 Uncommon trap: reason=unstable_if action=reinterpret pc=0x000000000f415684 method=java.util.HashMap.putVal(ILjava/lang/Object;Ljava/lang/Object;ZZ)Ljava/lang/Object; @ 162
Event: 7.395 Thread 0x0000000006f72000 Uncommon trap: reason=unstable_if action=reinterpret pc=0x000000000f5f0e84 method=java.util.HashMap.getNode(ILjava/lang/Object;)Ljava/util/HashMap$Node; @ 84

Internal exceptions (5 events):
Event: 0.048 Thread 0x00000000023b0800 Exception <a 'java/lang/NoSuchMethodError': Method sun.misc.Unsafe.defineClass(Ljava/lang/String;[BII)Ljava/lang/Class; name or signature does not match> (0x00000000eab13020) thrown at [C:\re\workspace\8-2-build-windows-amd64-cygwin\jdk8u60\4407\hotspot\sr“ü`®_¨?
Event: 0.048 Thread 0x00000000023b0800 Exception <a 'java/lang/NoSuchMethodError': Method sun.misc.Unsafe.prefetchRead(Ljava/lang/Object;J)V name or signature does not match> (0x00000000eab13308) thrown at [C:\re\workspace\8-2-build-windows-amd64-cygwin\jdk8u60\4407\hotspot\src\share\vm\prims\ji§'ä‘@
Event: 7.392 Thread 0x0000000006f72000 Exception <a 'java/lang/ArrayIndexOutOfBoundsException': 18> (0x00000000ed219140) thrown at [C:\re\workspace\8-2-build-windows-amd64-cygwin\jdk8u60\4407\hotspot\src\share\vm\interpreter\interpreterRuntime.cpp, line 366]
Event: 7.393 Thread 0x0000000006f72000 Exception <a 'java/lang/ArrayIndexOutOfBoundsException'> (0x00000000ed21acc0) thrown at [C:\re\workspace\8-2-build-windows-amd64-cygwin\jdk8u60\4407\hotspot\src\share\vm\runtime\sharedRuntime.cpp, line 605]
Event: 7.394 Thread 0x0000000006f72000 Exception <a 'java/lang/ArrayIndexOutOfBoundsException'> (0x00000000ed21bfa8) thrown at [C:\re\workspace\8-2-build-windows-amd64-cygwin\jdk8u60\4407\hotspot\src\share\vm\runtime\sharedRuntime.cpp, line 605]

Events (10 events):
Event: 7.394 loading class sun/reflect/generics/reflectiveObjects/TypeVariableImpl done
Event: 7.395 Thread 0x0000000006f72000 Uncommon trap: trap_request=0xffffff65 fr.pc=0x000000000f5f0e84
Event: 7.395 Thread 0x0000000006f72000 DEOPT PACKING pc=0x000000000f5f0e84 sp=0x000000000764e570
Event: 7.395 Thread 0x0000000006f72000 DEOPT UNPACKING pc=0x000000000f05582a sp=0x000000000764e490 mode 2
Event: 8.258 Thread 0x0000000006f5e800 DEOPT PACKING pc=0x000000000f4c3631 sp=0x000000000724e700
Event: 8.258 Thread 0x0000000006f5e800 DEOPT UNPACKING pc=0x000000000f05747f sp=0x000000000724e468 mode 0
Event: 8.324 Thread 0x0000000006f6d000 DEOPT PACKING pc=0x000000000f40bfbb sp=0x000000000754e2a0
Event: 8.324 Thread 0x0000000006f6d000 DEOPT UNPACKING pc=0x000000000f05747f sp=0x000000000754e0b0 mode 0
Event: 8.715 Thread 0x0000000006f5e800 DEOPT PACKING pc=0x000000000f41326c sp=0x000000000724e650
Event: 8.715 Thread 0x0000000006f5e800 DEOPT UNPACKING pc=0x000000000f05747f sp=0x000000000724e3d0 mode 0


Dynamic libraries:
0x00007ff649730000 - 0x00007ff649767000 	C:\Program Files\Java\jdk1.8.0_60\bin\java.exe
0x00007ffabf4b0000 - 0x00007ffabf65c000 	C:\Windows\SYSTEM32\ntdll.dll
0x00007ffabd0d0000 - 0x00007ffabd20e000 	C:\Windows\system32\KERNEL32.DLL
0x00007ffabc960000 - 0x00007ffabca75000 	C:\Windows\system32\KERNELBASE.dll
0x00007ffabb150000 - 0x00007ffabb1de000 	C:\Windows\system32\apphelp.dll
0x00007ffa9ff10000 - 0x00007ffa9ff63000 	C:\Windows\AppPatch\AppPatch64\AcGenral.DLL
0x00007ffabcb90000 - 0x00007ffabcc3a000 	C:\Windows\system32\msvcrt.dll
0x00007ffabc380000 - 0x00007ffabc3ae000 	C:\Windows\SYSTEM32\SspiCli.dll
0x00007ffabecd0000 - 0x00007ffabed24000 	C:\Windows\system32\SHLWAPI.dll
0x00007ffabea30000 - 0x00007ffabeba7000 	C:\Windows\system32\USER32.dll
0x00007ffabeee0000 - 0x00007ffabf074000 	C:\Windows\system32\ole32.dll
0x00007ffabd3a0000 - 0x00007ffabe8b8000 	C:\Windows\system32\SHELL32.dll
0x00007ffabbb50000 - 0x00007ffabbb71000 	C:\Windows\SYSTEM32\USERENV.dll
0x00007ffabd220000 - 0x00007ffabd2ca000 	C:\Windows\system32\ADVAPI32.dll
0x00007ffab44f0000 - 0x00007ffab450e000 	C:\Windows\SYSTEM32\MPR.dll
0x00007ffabf0c0000 - 0x00007ffabf201000 	C:\Windows\system32\RPCRT4.dll
0x00007ffabcf10000 - 0x00007ffabcf69000 	C:\Windows\SYSTEM32\sechost.dll
0x00007ffabcc60000 - 0x00007ffabce71000 	C:\Windows\SYSTEM32\combase.dll
0x00007ffabcf70000 - 0x00007ffabd0c1000 	C:\Windows\system32\GDI32.dll
0x00007ffabc600000 - 0x00007ffabc615000 	C:\Windows\SYSTEM32\profapi.dll
0x00007ffabade0000 - 0x00007ffabae92000 	C:\Windows\SYSTEM32\SHCORE.dll
0x00007ffabf080000 - 0x00007ffabf0b6000 	C:\Windows\system32\IMM32.DLL
0x00007ffabe8c0000 - 0x00007ffabea12000 	C:\Windows\system32\MSCTF.dll
0x00007ffabc5b0000 - 0x00007ffabc5e1000 	C:\Windows\system32\nvinitx.dll
0x00007ffabc5a0000 - 0x00007ffabc5aa000 	C:\Windows\SYSTEM32\VERSION.dll
0x000000000f000000 - 0x000000000f006000 	C:\Program Files\NVIDIA Corporation\CoProcManager\_etoured.dll
0x00007ffaba8f0000 - 0x00007ffaba922000 	C:\Program Files\NVIDIA Corporation\CoProcManager\nvd3d9wrapx.dll
0x00007ffabf210000 - 0x00007ffabf3ea000 	C:\Windows\system32\SETUPAPI.dll
0x00007ffabc910000 - 0x00007ffabc95f000 	C:\Windows\system32\CFGMGR32.dll
0x00007ffaba8c0000 - 0x00007ffaba8e2000 	C:\Program Files\NVIDIA Corporation\CoProcManager\nvdxgiwrapx.dll
0x00007ffab8770000 - 0x00007ffab89eb000 	C:\Windows\WinSxS\amd64_microsoft.windows.common-controls_6595b64144ccf1df_6.0.9600.17415_none_6240486fecbd8abb\COMCTL32.dll
0x0000000073c80000 - 0x0000000073d52000 	C:\Program Files\Java\jdk1.8.0_60\jre\bin\msvcr100.dll
0x0000000074330000 - 0x0000000074bb9000 	C:\Program Files\Java\jdk1.8.0_60\jre\bin\server\jvm.dll
0x00007ffaaff30000 - 0x00007ffaaff39000 	C:\Windows\SYSTEM32\WSOCK32.dll
0x00007ffab8aa0000 - 0x00007ffab8ac2000 	C:\Windows\SYSTEM32\WINMM.dll
0x00007ffabea20000 - 0x00007ffabea27000 	C:\Windows\system32\PSAPI.DLL
0x00007ffabebb0000 - 0x00007ffabec0a000 	C:\Windows\system32\WS2_32.dll
0x00007ffab7b50000 - 0x00007ffab7b7a000 	C:\Windows\SYSTEM32\WINMMBASE.dll
0x00007ffabcf00000 - 0x00007ffabcf09000 	C:\Windows\system32\NSI.dll
0x00007ffabb3b0000 - 0x00007ffabb3d8000 	C:\Windows\SYSTEM32\DEVOBJ.dll
0x0000000074320000 - 0x000000007432f000 	C:\Program Files\Java\jdk1.8.0_60\jre\bin\verify.dll
0x00000000742f0000 - 0x0000000074319000 	C:\Program Files\Java\jdk1.8.0_60\jre\bin\java.dll
0x00000000742d0000 - 0x00000000742e6000 	C:\Program Files\Java\jdk1.8.0_60\jre\bin\zip.dll

VM Arguments:
jvm_args: -Xmx1024M -Dfile.encoding=windows-1251 -Duser.country=RU -Duser.language=ru -Duser.variant 
java_command: com.android.dx.command.Main --dex --num-threads=4 --output C:\java\android\EventHunter\app\build\intermediates\pre-dexed\release\classes-bd9cd78c2b2b05cb0bac95cd557b8ebfb4ca5059.jar C:\java\android\EventHunter\app\build\intermediates\exploded-aar\com.google.android.gms\play-services-fitness\8.1.0\jars\classes.jar
java_class_path (initial): C:\Users\user\AppData\Local\Android\sdk\build-tools\23.0.1\lib\dx.jar
Launcher Type: SUN_STANDARD

Environment Variables:
PATH=C:\ProgramData\Oracle\Java\javapath;C:\Windows\system32;C:\Windows;C:\Windows\System32\Wbem;C:\Windows\System32\WindowsPowerShell\v1.0\;C:\Program Files (x86)\Windows Kits\8.1\Windows Performance Toolkit\;C:\Program Files\Microsoft SQL Server\110\Tools\Binn\;C:\Program Files (x86)\Intel\OpenCL SDK\2.0\bin\x86;C:\Program Files (x86)\Intel\OpenCL SDK\2.0\bin\x64;C:\Program Files (x86)\NVIDIA Corporation\PhysX\Common;c:\altera\91sp2\quartus\bin;C:\TDM-GCC-32\bin;C:\Program Files\Java\jdk1.8.0_60\bin;C:\Program Files (x86)\Skype\Phone\
USERNAME=user
OS=Windows_NT
PROCESSOR_IDENTIFIER=Intel64 Family 6 Model 42 Stepping 7, GenuineIntel



---------------  S Y S T E M  ---------------

OS: Windows 8.1 , 64 bit Build 9600 (6.3.9600.17415)

CPU:total 2 (2 cores per cpu, 1 threads per core) family 6 model 42 stepping 7, cmov, cx8, fxsr, mmx, sse, sse2, sse3, ssse3, sse4.1, sse4.2, popcnt, clmul, tsc, tscinvbit

Memory: 4k page, physical 4089116k(380392k free), swap 4089116k(5296k free)

vm_info: Java HotSpot(TM) 64-Bit Server VM (25.60-b23) for windows-amd64 JRE (1.8.0_60-b27), built on Aug  4 2015 11:06:27 by "java_re" with MS VC++ 10.0 (VS2010)

time: Tue Oct 13 23:45:59 2015
elapsed time: 8 seconds (0d 0h 0m 8s)

