#
# There is insufficient memory for the Java Runtime Environment to continue.
# Native memory allocation (malloc) failed to allocate 968816 bytes for Chunk::new
# Possible reasons:
#   The system is out of physical RAM or swap space
#   In 32 bit mode, the process size limit was hit
# Possible solutions:
#   Reduce memory load on the system
#   Increase physical memory or swap space
#   Check if swap backing store is full
#   Use 64 bit Java on a 64 bit OS
#   Decrease Java heap size (-Xmx/-Xms)
#   Decrease number of Java threads
#   Decrease Java thread stack sizes (-Xss)
#   Set larger code cache with -XX:ReservedCodeCacheSize=
# This output file may be truncated or incomplete.
#
#  Out of Memory Error (allocation.cpp:390), pid=4956, tid=752
#
# JRE version: Java(TM) SE Runtime Environment (8.0_60-b27) (build 1.8.0_60-b27)
# Java VM: Java HotSpot(TM) 64-Bit Server VM (25.60-b23 mixed mode windows-amd64 compressed oops)
# Failed to write core dump. Minidumps are not enabled by default on client versions of Windows
#

---------------  T H R E A D  ---------------

Current thread (0x00000000057f9800):  JavaThread "C2 CompilerThread0" daemon [_thread_in_native, id=752, stack(0x0000000006820000,0x0000000006920000)]

Stack: [0x0000000006820000,0x0000000006920000]
[error occurred during error reporting (printing stack bounds), id 0xc0000005]

Native frames: (J=compiled Java code, j=interpreted, Vv=VM code, C=native code)


Current CompileTask:
C2:   3305 1503       4       com.android.dx.ssa.SCCP::simulateBranch (666 bytes)


---------------  P R O C E S S  ---------------

Java Threads: ( => current thread )
  0x0000000006e57000 JavaThread "pool-1-thread-4" [_thread_in_Java, id=2796, stack(0x0000000007420000,0x0000000007520000)]
  0x0000000006e4c000 JavaThread "pool-1-thread-3" [_thread_in_Java, id=4428, stack(0x0000000007320000,0x0000000007420000)]
  0x0000000006e48800 JavaThread "pool-1-thread-2" [_thread_in_vm, id=1524, stack(0x0000000007220000,0x0000000007320000)]
  0x0000000006e46000 JavaThread "pool-2-thread-1" [_thread_blocked, id=3872, stack(0x0000000007120000,0x0000000007220000)]
  0x0000000006e44000 JavaThread "pool-1-thread-1" [_thread_in_Java, id=4440, stack(0x0000000007020000,0x0000000007120000)]
  0x000000000585d000 JavaThread "Service Thread" daemon [_thread_blocked, id=3172, stack(0x0000000006a20000,0x0000000006b20000)]
  0x00000000057fc800 JavaThread "C1 CompilerThread1" daemon [_thread_blocked, id=2424, stack(0x0000000006920000,0x0000000006a20000)]
=>0x00000000057f9800 JavaThread "C2 CompilerThread0" daemon [_thread_in_native, id=752, stack(0x0000000006820000,0x0000000006920000)]
  0x00000000057f8000 JavaThread "Attach Listener" daemon [_thread_blocked, id=4728, stack(0x0000000006720000,0x0000000006820000)]
  0x00000000057f5000 JavaThread "Signal Dispatcher" daemon [_thread_blocked, id=4868, stack(0x0000000006620000,0x0000000006720000)]
  0x00000000022fd000 JavaThread "Finalizer" daemon [_thread_blocked, id=5048, stack(0x0000000006440000,0x0000000006540000)]
  0x00000000022f9800 JavaThread "Reference Handler" daemon [_thread_blocked, id=1632, stack(0x0000000006340000,0x0000000006440000)]
  0x0000000002210800 JavaThread "main" [_thread_in_Java, id=1120, stack(0x00000000005d0000,0x00000000006d0000)]

Other Threads:
  0x00000000057c6000 VMThread [stack: 0x0000000006240000,0x0000000006340000] [id=4580]
  0x0000000005879000 WatcherThread [stack: 0x0000000006b20000,0x0000000006c20000] [id=3880]

VM state:not at safepoint (normal execution)

VM Mutex/Monitor currently owned by a thread: None

Heap:
 PSYoungGen      total 35328K, used 20893K [0x00000000eab00000, 0x00000000ed000000, 0x0000000100000000)
  eden space 32768K, 55% used [0x00000000eab00000,0x00000000ebce9460,0x00000000ecb00000)
  from space 2560K, 99% used [0x00000000ecd80000,0x00000000ecffe1c0,0x00000000ed000000)
  to   space 2560K, 0% used [0x00000000ecb00000,0x00000000ecb00000,0x00000000ecd80000)
 ParOldGen       total 44032K, used 9909K [0x00000000c0000000, 0x00000000c2b00000, 0x00000000eab00000)
  object space 44032K, 22% used [0x00000000c0000000,0x00000000c09ad5c0,0x00000000c2b00000)
 Metaspace       used 6198K, capacity 7128K, committed 7424K, reserved 1056768K
  class space    used 615K, capacity 656K, committed 768K, reserved 1048576K

Card table byte_map: [0x0000000002730000,0x0000000002940000] byte_map_base: 0x0000000002130000

Marking Bits: (ParMarkBitMap*) 0x0000000074b3a5b0
 Begin Bits: [0x0000000002ca0000, 0x0000000003ca0000)
 End Bits:   [0x0000000003ca0000, 0x0000000004ca0000)

Polling page: 0x0000000000440000

CodeCache: size=245760Kb used=6078Kb max_used=6085Kb free=239681Kb
 bounds [0x000000000f010000, 0x000000000f610000, 0x000000001e010000]
 total_blobs=1766 nmethods=1498 adapters=182
 compilation: enabled

Compilation events (10 events):
Event: 3.233 Thread 0x00000000057fc800 1502       2       com.android.dx.dex.file.ClassDefItem::addInstanceField (9 bytes)
Event: 3.234 Thread 0x00000000057fc800 nmethod 1502 0x000000000f5fb8d0 code [0x000000000f5fba60, 0x000000000f5fbd98]
Event: 3.238 Thread 0x00000000057f9800 nmethod 1257 0x000000000f604550 code [0x000000000f6046c0, 0x000000000f604d58]
Event: 3.238 Thread 0x00000000057f9800 1503       4       com.android.dx.ssa.SCCP::simulateBranch (666 bytes)
Event: 3.271 Thread 0x00000000057fc800 1506       2       java.util.concurrent.locks.LockSupport::setBlocker (12 bytes)
Event: 3.272 Thread 0x00000000057fc800 nmethod 1506 0x000000000f6020d0 code [0x000000000f602220, 0x000000000f602370]
Event: 3.276 Thread 0x00000000057fc800 1508       2       com.android.dx.rop.annotation.Annotations::<init> (16 bytes)
Event: 3.276 Thread 0x00000000057fc800 nmethod 1508 0x000000000f601950 code [0x000000000f601aa0, 0x000000000f601c70]
Event: 3.279 Thread 0x00000000057fc800 1509       2       com.android.dx.cf.direct.AttributeFactory::parse0 (53 bytes)
Event: 3.280 Thread 0x00000000057fc800 nmethod 1509 0x000000000f600e90 code [0x000000000f601040, 0x000000000f6014c8]

GC Heap History (8 events):
Event: 1.148 GC heap before
{Heap before GC invocations=1 (full 0):
 PSYoungGen      total 18944K, used 16384K [0x00000000eab00000, 0x00000000ec000000, 0x0000000100000000)
  eden space 16384K, 100% used [0x00000000eab00000,0x00000000ebb00000,0x00000000ebb00000)
  from space 2560K, 0% used [0x00000000ebd80000,0x00000000ebd80000,0x00000000ec000000)
  to   space 2560K, 0% used [0x00000000ebb00000,0x00000000ebb00000,0x00000000ebd80000)
 ParOldGen       total 44032K, used 0K [0x00000000c0000000, 0x00000000c2b00000, 0x00000000eab00000)
  object space 44032K, 0% used [0x00000000c0000000,0x00000000c0000000,0x00000000c2b00000)
 Metaspace       used 5786K, capacity 6832K, committed 7040K, reserved 1056768K
  class space    used 593K, capacity 616K, committed 640K, reserved 1048576K
Event: 1.157 GC heap after
Heap after GC invocations=1 (full 0):
 PSYoungGen      total 18944K, used 2546K [0x00000000eab00000, 0x00000000ec000000, 0x0000000100000000)
  eden space 16384K, 0% used [0x00000000eab00000,0x00000000eab00000,0x00000000ebb00000)
  from space 2560K, 99% used [0x00000000ebb00000,0x00000000ebd7c880,0x00000000ebd80000)
  to   space 2560K, 0% used [0x00000000ebd80000,0x00000000ebd80000,0x00000000ec000000)
 ParOldGen       total 44032K, used 1851K [0x00000000c0000000, 0x00000000c2b00000, 0x00000000eab00000)
  object space 44032K, 4% used [0x00000000c0000000,0x00000000c01ceef8,0x00000000c2b00000)
 Metaspace       used 5786K, capacity 6832K, committed 7040K, reserved 1056768K
  class space    used 593K, capacity 616K, committed 640K, reserved 1048576K
}
Event: 1.580 GC heap before
{Heap before GC invocations=2 (full 0):
 PSYoungGen      total 18944K, used 18930K [0x00000000eab00000, 0x00000000ec000000, 0x0000000100000000)
  eden space 16384K, 100% used [0x00000000eab00000,0x00000000ebb00000,0x00000000ebb00000)
  from space 2560K, 99% used [0x00000000ebb00000,0x00000000ebd7c880,0x00000000ebd80000)
  to   space 2560K, 0% used [0x00000000ebd80000,0x00000000ebd80000,0x00000000ec000000)
 ParOldGen       total 44032K, used 1851K [0x00000000c0000000, 0x00000000c2b00000, 0x00000000eab00000)
  object space 44032K, 4% used [0x00000000c0000000,0x00000000c01ceef8,0x00000000c2b00000)
 Metaspace       used 5979K, capacity 6960K, committed 7040K, reserved 1056768K
  class space    used 594K, capacity 616K, committed 640K, reserved 1048576K
Event: 1.812 GC heap after
Heap after GC invocations=2 (full 0):
 PSYoungGen      total 18944K, used 2549K [0x00000000eab00000, 0x00000000ed000000, 0x0000000100000000)
  eden space 16384K, 0% used [0x00000000eab00000,0x00000000eab00000,0x00000000ebb00000)
  from space 2560K, 99% used [0x00000000ebd80000,0x00000000ebffd570,0x00000000ec000000)
  to   space 2560K, 0% used [0x00000000ebb00000,0x00000000ebb00000,0x00000000ebd80000)
 ParOldGen       total 44032K, used 4975K [0x00000000c0000000, 0x00000000c2b00000, 0x00000000eab00000)
  object space 44032K, 11% used [0x00000000c0000000,0x00000000c04dbf38,0x00000000c2b00000)
 Metaspace       used 5979K, capacity 6960K, committed 7040K, reserved 1056768K
  class space    used 594K, capacity 616K, committed 640K, reserved 1048576K
}
Event: 2.230 GC heap before
{Heap before GC invocations=3 (full 0):
 PSYoungGen      total 18944K, used 18933K [0x00000000eab00000, 0x00000000ed000000, 0x0000000100000000)
  eden space 16384K, 100% used [0x00000000eab00000,0x00000000ebb00000,0x00000000ebb00000)
  from space 2560K, 99% used [0x00000000ebd80000,0x00000000ebffd570,0x00000000ec000000)
  to   space 2560K, 0% used [0x00000000ebb00000,0x00000000ebb00000,0x00000000ebd80000)
 ParOldGen       total 44032K, used 4975K [0x00000000c0000000, 0x00000000c2b00000, 0x00000000eab00000)
  object space 44032K, 11% used [0x00000000c0000000,0x00000000c04dbf38,0x00000000c2b00000)
 Metaspace       used 6063K, capacity 7024K, committed 7296K, reserved 1056768K
  class space    used 594K, capacity 616K, committed 640K, reserved 1048576K
Event: 2.425 GC heap after
Heap after GC invocations=3 (full 0):
 PSYoungGen      total 18944K, used 2539K [0x00000000eab00000, 0x00000000ed000000, 0x0000000100000000)
  eden space 16384K, 0% used [0x00000000eab00000,0x00000000eab00000,0x00000000ebb00000)
  from space 2560K, 99% used [0x00000000ebb00000,0x00000000ebd7acd0,0x00000000ebd80000)
  to   space 2560K, 0% used [0x00000000ecd80000,0x00000000ecd80000,0x00000000ed000000)
 ParOldGen       total 44032K, used 7585K [0x00000000c0000000, 0x00000000c2b00000, 0x00000000eab00000)
  object space 44032K, 17% used [0x00000000c0000000,0x00000000c0768650,0x00000000c2b00000)
 Metaspace       used 6063K, capacity 7024K, committed 7296K, reserved 1056768K
  class space    used 594K, capacity 616K, committed 640K, reserved 1048576K
}
Event: 2.651 GC heap before
{Heap before GC invocations=4 (full 0):
 PSYoungGen      total 18944K, used 18923K [0x00000000eab00000, 0x00000000ed000000, 0x0000000100000000)
  eden space 16384K, 100% used [0x00000000eab00000,0x00000000ebb00000,0x00000000ebb00000)
  from space 2560K, 99% used [0x00000000ebb00000,0x00000000ebd7acd0,0x00000000ebd80000)
  to   space 2560K, 0% used [0x00000000ecd80000,0x00000000ecd80000,0x00000000ed000000)
 ParOldGen       total 44032K, used 7585K [0x00000000c0000000, 0x00000000c2b00000, 0x00000000eab00000)
  object space 44032K, 17% used [0x00000000c0000000,0x00000000c0768650,0x00000000c2b00000)
 Metaspace       used 6177K, capacity 7128K, committed 7424K, reserved 1056768K
  class space    used 615K, capacity 656K, committed 768K, reserved 1048576K
Event: 3.074 GC heap after
Heap after GC invocations=4 (full 0):
 PSYoungGen      total 35328K, used 2552K [0x00000000eab00000, 0x00000000ed000000, 0x0000000100000000)
  eden space 32768K, 0% used [0x00000000eab00000,0x00000000eab00000,0x00000000ecb00000)
  from space 2560K, 99% used [0x00000000ecd80000,0x00000000ecffe1c0,0x00000000ed000000)
  to   space 2560K, 0% used [0x00000000ecb00000,0x00000000ecb00000,0x00000000ecd80000)
 ParOldGen       total 44032K, used 9909K [0x00000000c0000000, 0x00000000c2b00000, 0x00000000eab00000)
  object space 44032K, 22% used [0x00000000c0000000,0x00000000c09ad5c0,0x00000000c2b00000)
 Metaspace       used 6177K, capacity 7128K, committed 7424K, reserved 1056768K
  class space    used 615K, capacity 656K, committed 768K, reserved 1048576K
}

Deoptimization events (10 events):
Event: 2.488 Thread 0x0000000006e57000 Uncommon trap: reason=unstable_if action=reinterpret pc=0x000000000f3b7d24 method=java.util.HashMap.putVal(ILjava/lang/Object;Ljava/lang/Object;ZZ)Ljava/lang/Object; @ 162
Event: 2.491 Thread 0x0000000006e57000 Uncommon trap: reason=unstable_if action=reinterpret pc=0x000000000f25c308 method=java.util.HashMap.getNode(ILjava/lang/Object;)Ljava/util/HashMap$Node; @ 84
Event: 2.531 Thread 0x0000000006e44000 Uncommon trap: reason=bimorphic action=maybe_recompile pc=0x000000000f2f8120 method=java.util.HashMap.getNode(ILjava/lang/Object;)Ljava/util/HashMap$Node; @ 126
Event: 2.531 Thread 0x0000000006e44000 Uncommon trap: reason=class_check action=maybe_recompile pc=0x000000000f488384 method=java.util.HashMap.putVal(ILjava/lang/Object;Ljava/lang/Object;ZZ)Ljava/lang/Object; @ 203
Event: 2.531 Thread 0x0000000006e44000 Uncommon trap: reason=bimorphic action=maybe_recompile pc=0x000000000f2f8120 method=java.util.HashMap.getNode(ILjava/lang/Object;)Ljava/util/HashMap$Node; @ 126
Event: 2.531 Thread 0x0000000006e44000 Uncommon trap: reason=class_check action=maybe_recompile pc=0x000000000f488384 method=java.util.HashMap.putVal(ILjava/lang/Object;Ljava/lang/Object;ZZ)Ljava/lang/Object; @ 203
Event: 2.531 Thread 0x0000000006e44000 Uncommon trap: reason=bimorphic action=maybe_recompile pc=0x000000000f2f8120 method=java.util.HashMap.getNode(ILjava/lang/Object;)Ljava/util/HashMap$Node; @ 126
Event: 2.535 Thread 0x0000000006e44000 Uncommon trap: reason=unstable_if action=reinterpret pc=0x000000000f2f8100 method=java.util.HashMap.getNode(ILjava/lang/Object;)Ljava/util/HashMap$Node; @ 84
Event: 2.535 Thread 0x0000000006e44000 Uncommon trap: reason=unstable_if action=reinterpret pc=0x000000000f48831c method=java.util.HashMap.putVal(ILjava/lang/Object;Ljava/lang/Object;ZZ)Ljava/lang/Object; @ 109
Event: 3.087 Thread 0x0000000006e48800 Uncommon trap: reason=unstable_if action=reinterpret pc=0x000000000f4eccfc method=com.android.dx.util.IntList.binarysearch(I)I @ 105

Internal exceptions (6 events):
Event: 0.054 Thread 0x0000000002210800 Exception <a 'java/lang/NoSuchMethodError': Method sun.misc.Unsafe.defineClass(Ljava/lang/String;[BII)Ljava/lang/Class; name or signature does not match> (0x00000000eab13020) thrown at [C:\re\workspace\8-2-build-windows-amd64-cygwin\jdk8u60\4407\hotspot\srU,
Event: 0.054 Thread 0x0000000002210800 Exception <a 'java/lang/NoSuchMethodError': Method sun.misc.Unsafe.prefetchRead(Ljava/lang/Object;J)V name or signature does not match> (0x00000000eab13308) thrown at [C:\re\workspace\8-2-build-windows-amd64-cygwin\jdk8u60\4407\hotspot\src\share\vm\prims\j<–ƒ–Qó?
Event: 1.207 Thread 0x0000000006e48800 Implicit null exception at 0x000000000f403022 to 0x000000000f403112
Event: 2.489 Thread 0x0000000006e57000 Exception <a 'java/lang/ArrayIndexOutOfBoundsException': 18> (0x00000000eaeea548) thrown at [C:\re\workspace\8-2-build-windows-amd64-cygwin\jdk8u60\4407\hotspot\src\share\vm\interpreter\interpreterRuntime.cpp, line 366]
Event: 2.490 Thread 0x0000000006e57000 Exception <a 'java/lang/ArrayIndexOutOfBoundsException'> (0x00000000eaeec0c8) thrown at [C:\re\workspace\8-2-build-windows-amd64-cygwin\jdk8u60\4407\hotspot\src\share\vm\runtime\sharedRuntime.cpp, line 605]
Event: 2.491 Thread 0x0000000006e57000 Exception <a 'java/lang/ArrayIndexOutOfBoundsException'> (0x00000000eaeed3b0) thrown at [C:\re\workspace\8-2-build-windows-amd64-cygwin\jdk8u60\4407\hotspot\src\share\vm\runtime\sharedRuntime.cpp, line 605]

Events (10 events):
Event: 2.535 Thread 0x0000000006e44000 Uncommon trap: trap_request=0xffffff65 fr.pc=0x000000000f48831c
Event: 2.535 Thread 0x0000000006e44000 DEOPT PACKING pc=0x000000000f48831c sp=0x000000000711e750
Event: 2.535 Thread 0x0000000006e44000 DEOPT UNPACKING pc=0x000000000f05582a sp=0x000000000711e6e0 mode 2
Event: 2.637 loading class com/android/dx/cf/attrib/AttExceptions
Event: 2.637 loading class com/android/dx/cf/attrib/AttExceptions done
Event: 2.651 Executing VM operation: ParallelGCFailedAllocation
Event: 3.074 Executing VM operation: ParallelGCFailedAllocation done
Event: 3.087 Thread 0x0000000006e48800 Uncommon trap: trap_request=0xffffff65 fr.pc=0x000000000f4eccfc
Event: 3.087 Thread 0x0000000006e48800 DEOPT PACKING pc=0x000000000f4eccfc sp=0x000000000731ec90
Event: 3.087 Thread 0x0000000006e48800 DEOPT UNPACKING pc=0x000000000f05582a sp=0x000000000731ec08 mode 2


Dynamic libraries:
0x00007ff649730000 - 0x00007ff649767000 	C:\Program Files\Java\jdk1.8.0_60\bin\java.exe
0x00007ffabf4b0000 - 0x00007ffabf65c000 	C:\Windows\SYSTEM32\ntdll.dll
0x00007ffabd0d0000 - 0x00007ffabd20e000 	C:\Windows\system32\KERNEL32.DLL
0x00007ffabc960000 - 0x00007ffabca75000 	C:\Windows\system32\KERNELBASE.dll
0x00007ffabb150000 - 0x00007ffabb1de000 	C:\Windows\system32\apphelp.dll
0x00007ffa9ff10000 - 0x00007ffa9ff63000 	C:\Windows\AppPatch\AppPatch64\AcGenral.DLL
0x00007ffabcb90000 - 0x00007ffabcc3a000 	C:\Windows\system32\msvcrt.dll
0x00007ffabc380000 - 0x00007ffabc3ae000 	C:\Windows\SYSTEM32\SspiCli.dll
0x00007ffabecd0000 - 0x00007ffabed24000 	C:\Windows\system32\SHLWAPI.dll
0x00007ffabea30000 - 0x00007ffabeba7000 	C:\Windows\system32\USER32.dll
0x00007ffabeee0000 - 0x00007ffabf074000 	C:\Windows\system32\ole32.dll
0x00007ffabd3a0000 - 0x00007ffabe8b8000 	C:\Windows\system32\SHELL32.dll
0x00007ffabbb50000 - 0x00007ffabbb71000 	C:\Windows\SYSTEM32\USERENV.dll
0x00007ffabd220000 - 0x00007ffabd2ca000 	C:\Windows\system32\ADVAPI32.dll
0x00007ffab44f0000 - 0x00007ffab450e000 	C:\Windows\SYSTEM32\MPR.dll
0x00007ffabf0c0000 - 0x00007ffabf201000 	C:\Windows\system32\RPCRT4.dll
0x00007ffabcf10000 - 0x00007ffabcf69000 	C:\Windows\SYSTEM32\sechost.dll
0x00007ffabcc60000 - 0x00007ffabce71000 	C:\Windows\SYSTEM32\combase.dll
0x00007ffabcf70000 - 0x00007ffabd0c1000 	C:\Windows\system32\GDI32.dll
0x00007ffabc600000 - 0x00007ffabc615000 	C:\Windows\SYSTEM32\profapi.dll
0x00007ffabade0000 - 0x00007ffabae92000 	C:\Windows\SYSTEM32\SHCORE.dll
0x00007ffabf080000 - 0x00007ffabf0b6000 	C:\Windows\system32\IMM32.DLL
0x00007ffabe8c0000 - 0x00007ffabea12000 	C:\Windows\system32\MSCTF.dll
0x00007ffabc5b0000 - 0x00007ffabc5e1000 	C:\Windows\system32\nvinitx.dll
0x00007ffabc5a0000 - 0x00007ffabc5aa000 	C:\Windows\SYSTEM32\VERSION.dll
0x000000000f000000 - 0x000000000f006000 	C:\Program Files\NVIDIA Corporation\CoProcManager\_etoured.dll
0x00007ffaba8f0000 - 0x00007ffaba922000 	C:\Program Files\NVIDIA Corporation\CoProcManager\nvd3d9wrapx.dll
0x00007ffabf210000 - 0x00007ffabf3ea000 	C:\Windows\system32\SETUPAPI.dll
0x00007ffabc910000 - 0x00007ffabc95f000 	C:\Windows\system32\CFGMGR32.dll
0x00007ffaba8c0000 - 0x00007ffaba8e2000 	C:\Program Files\NVIDIA Corporation\CoProcManager\nvdxgiwrapx.dll
0x00007ffab8770000 - 0x00007ffab89eb000 	C:\Windows\WinSxS\amd64_microsoft.windows.common-controls_6595b64144ccf1df_6.0.9600.17415_none_6240486fecbd8abb\COMCTL32.dll
0x0000000073c80000 - 0x0000000073d52000 	C:\Program Files\Java\jdk1.8.0_60\jre\bin\msvcr100.dll
0x0000000074330000 - 0x0000000074bb9000 	C:\Program Files\Java\jdk1.8.0_60\jre\bin\server\jvm.dll
0x00007ffaaff30000 - 0x00007ffaaff39000 	C:\Windows\SYSTEM32\WSOCK32.dll
0x00007ffab8aa0000 - 0x00007ffab8ac2000 	C:\Windows\SYSTEM32\WINMM.dll
0x00007ffabea20000 - 0x00007ffabea27000 	C:\Windows\system32\PSAPI.DLL
0x00007ffabebb0000 - 0x00007ffabec0a000 	C:\Windows\system32\WS2_32.dll
0x00007ffab7b50000 - 0x00007ffab7b7a000 	C:\Windows\SYSTEM32\WINMMBASE.dll
0x00007ffabcf00000 - 0x00007ffabcf09000 	C:\Windows\system32\NSI.dll
0x00007ffabb3b0000 - 0x00007ffabb3d8000 	C:\Windows\SYSTEM32\DEVOBJ.dll
0x0000000074320000 - 0x000000007432f000 	C:\Program Files\Java\jdk1.8.0_60\jre\bin\verify.dll
0x00000000742f0000 - 0x0000000074319000 	C:\Program Files\Java\jdk1.8.0_60\jre\bin\java.dll
0x00000000742d0000 - 0x00000000742e6000 	C:\Program Files\Java\jdk1.8.0_60\jre\bin\zip.dll

VM Arguments:
jvm_args: -Xmx1024M -Dfile.encoding=windows-1251 -Duser.country=RU -Duser.language=ru -Duser.variant 
java_command: com.android.dx.command.Main --dex --num-threads=4 --output C:\java\android\EventHunter\app\build\intermediates\pre-dexed\release\classes-fd08227504f10de6b4d78f74ae597a0d2aefb18a.jar C:\java\android\EventHunter\app\build\intermediates\exploded-aar\com.android.support\appcompat-v7\23.0.1\jars\classes.jar
java_class_path (initial): C:\Users\user\AppData\Local\Android\sdk\build-tools\23.0.1\lib\dx.jar
Launcher Type: SUN_STANDARD

Environment Variables:
PATH=C:\ProgramData\Oracle\Java\javapath;C:\Windows\system32;C:\Windows;C:\Windows\System32\Wbem;C:\Windows\System32\WindowsPowerShell\v1.0\;C:\Program Files (x86)\Windows Kits\8.1\Windows Performance Toolkit\;C:\Program Files\Microsoft SQL Server\110\Tools\Binn\;C:\Program Files (x86)\Intel\OpenCL SDK\2.0\bin\x86;C:\Program Files (x86)\Intel\OpenCL SDK\2.0\bin\x64;C:\Program Files (x86)\NVIDIA Corporation\PhysX\Common;c:\altera\91sp2\quartus\bin;C:\TDM-GCC-32\bin;C:\Program Files\Java\jdk1.8.0_60\bin;C:\Program Files (x86)\Skype\Phone\
USERNAME=user
OS=Windows_NT
PROCESSOR_IDENTIFIER=Intel64 Family 6 Model 42 Stepping 7, GenuineIntel



---------------  S Y S T E M  ---------------

OS: Windows 8.1 , 64 bit Build 9600 (6.3.9600.17415)

CPU:total 2 (2 cores per cpu, 1 threads per core) family 6 model 42 stepping 7, cmov, cx8, fxsr, mmx, sse, sse2, sse3, ssse3, sse4.1, sse4.2, popcnt, clmul, tsc, tscinvbit

Memory: 4k page, physical 4089116k(580264k free), swap 4089116k(5208k free)

vm_info: Java HotSpot(TM) 64-Bit Server VM (25.60-b23) for windows-amd64 JRE (1.8.0_60-b27), built on Aug  4 2015 11:06:27 by "java_re" with MS VC++ 10.0 (VS2010)

time: Tue Oct 13 23:50:28 2015
elapsed time: 3 seconds (0d 0h 0m 3s)

