#
# There is insufficient memory for the Java Runtime Environment to continue.
# Native memory allocation (malloc) failed to allocate 655616 bytes for Chunk::new
# Possible reasons:
#   The system is out of physical RAM or swap space
#   In 32 bit mode, the process size limit was hit
# Possible solutions:
#   Reduce memory load on the system
#   Increase physical memory or swap space
#   Check if swap backing store is full
#   Use 64 bit Java on a 64 bit OS
#   Decrease Java heap size (-Xmx/-Xms)
#   Decrease number of Java threads
#   Decrease Java thread stack sizes (-Xss)
#   Set larger code cache with -XX:ReservedCodeCacheSize=
# This output file may be truncated or incomplete.
#
#  Out of Memory Error (allocation.cpp:390), pid=3732, tid=3096
#
# JRE version: Java(TM) SE Runtime Environment (8.0_60-b27) (build 1.8.0_60-b27)
# Java VM: Java HotSpot(TM) 64-Bit Server VM (25.60-b23 mixed mode windows-amd64 compressed oops)
# Failed to write core dump. Minidumps are not enabled by default on client versions of Windows
#

---------------  T H R E A D  ---------------

Current thread (0x00000000062e8800):  JavaThread "C2 CompilerThread0" daemon [_thread_in_native, id=3096, stack(0x0000000007300000,0x0000000007400000)]

Stack: [0x0000000007300000,0x0000000007400000]
[error occurred during error reporting (printing stack bounds), id 0xc0000005]

Native frames: (J=compiled Java code, j=interpreted, Vv=VM code, C=native code)


Current CompileTask:
C2:   6218 2766       4       com.android.dx.merge.DexMerger::transformDebugInfoItem (313 bytes)


---------------  P R O C E S S  ---------------

Java Threads: ( => current thread )
  0x0000000006356000 JavaThread "Service Thread" daemon [_thread_blocked, id=3432, stack(0x0000000007500000,0x0000000007600000)]
  0x0000000006343800 JavaThread "C1 CompilerThread1" daemon [_thread_in_native, id=5004, stack(0x0000000007400000,0x0000000007500000)]
=>0x00000000062e8800 JavaThread "C2 CompilerThread0" daemon [_thread_in_native, id=3096, stack(0x0000000007300000,0x0000000007400000)]
  0x00000000062f4800 JavaThread "Attach Listener" daemon [_thread_blocked, id=760, stack(0x0000000007200000,0x0000000007300000)]
  0x00000000062f3800 JavaThread "Signal Dispatcher" daemon [_thread_blocked, id=2980, stack(0x0000000007100000,0x0000000007200000)]
  0x0000000002e54800 JavaThread "Finalizer" daemon [_thread_blocked, id=788, stack(0x0000000006f20000,0x0000000007020000)]
  0x0000000002e4b800 JavaThread "Reference Handler" daemon [_thread_blocked, id=4156, stack(0x0000000006e20000,0x0000000006f20000)]
  0x0000000002d62800 JavaThread "main" [_thread_in_Java, id=5096, stack(0x0000000002c00000,0x0000000002d00000)]

Other Threads:
  0x00000000062b6000 VMThread [stack: 0x0000000006d20000,0x0000000006e20000] [id=4360]
  0x0000000006350800 WatcherThread [stack: 0x0000000007600000,0x0000000007700000] [id=3416]

VM state:not at safepoint (normal execution)

VM Mutex/Monitor currently owned by a thread: None

Heap:
 PSYoungGen      total 68096K, used 25411K [0x00000000eab00000, 0x00000000f4600000, 0x0000000100000000)
  eden space 65536K, 34% used [0x00000000eab00000,0x00000000ec150f58,0x00000000eeb00000)
  from space 2560K, 99% used [0x00000000eeb00000,0x00000000eed7ff80,0x00000000eed80000)
  to   space 13824K, 0% used [0x00000000f3880000,0x00000000f3880000,0x00000000f4600000)
 ParOldGen       total 44032K, used 23926K [0x00000000c0000000, 0x00000000c2b00000, 0x00000000eab00000)
  object space 44032K, 54% used [0x00000000c0000000,0x00000000c175d918,0x00000000c2b00000)
 Metaspace       used 8206K, capacity 8258K, committed 8576K, reserved 1056768K
  class space    used 785K, capacity 818K, committed 896K, reserved 1048576K

Card table byte_map: [0x0000000003220000,0x0000000003430000] byte_map_base: 0x0000000002c20000

Marking Bits: (ParMarkBitMap*) 0x0000000074b3a5b0
 Begin Bits: [0x0000000003790000, 0x0000000004790000)
 End Bits:   [0x0000000004790000, 0x0000000005790000)

Polling page: 0x0000000001060000

CodeCache: size=245760Kb used=9980Kb max_used=9980Kb free=235779Kb
 bounds [0x000000000f010000, 0x000000000f9e0000, 0x000000001e010000]
 total_blobs=3061 nmethods=2768 adapters=206
 compilation: enabled

Compilation events (10 events):
Event: 6.169 Thread 0x0000000006343800 2778       2       java.util.TimSort::mergeCollapse (101 bytes)
Event: 6.169 Thread 0x0000000006343800 nmethod 2778 0x000000000f9c5ed0 code [0x000000000f9c6060, 0x000000000f9c6338]
Event: 6.197 Thread 0x0000000006343800 2780       2       java.util.regex.Pattern$GroupTail::match (111 bytes)
Event: 6.198 Thread 0x0000000006343800 nmethod 2780 0x000000000f9c5810 code [0x000000000f9c5980, 0x000000000f9c5c28]
Event: 6.198 Thread 0x0000000006343800 2781       2       java.lang.String::subSequence (7 bytes)
Event: 6.198 Thread 0x0000000006343800 nmethod 2781 0x000000000f9c5450 code [0x000000000f9c55c0, 0x000000000f9c5728]
Event: 6.198 Thread 0x0000000006343800 2782       2       java.nio.Buffer::flip (20 bytes)
Event: 6.198 Thread 0x0000000006343800 nmethod 2782 0x000000000f9d33d0 code [0x000000000f9d3520, 0x000000000f9d3690]
Event: 6.198 Thread 0x0000000006343800 2783       2       java.nio.Buffer::clear (20 bytes)
Event: 6.198 Thread 0x0000000006343800 nmethod 2783 0x000000000f9d3710 code [0x000000000f9d3860, 0x000000000f9d39d0]

GC Heap History (10 events):
Event: 1.028 GC heap before
{Heap before GC invocations=1 (full 0):
 PSYoungGen      total 18944K, used 16384K [0x00000000eab00000, 0x00000000ec000000, 0x0000000100000000)
  eden space 16384K, 100% used [0x00000000eab00000,0x00000000ebb00000,0x00000000ebb00000)
  from space 2560K, 0% used [0x00000000ebd80000,0x00000000ebd80000,0x00000000ec000000)
  to   space 2560K, 0% used [0x00000000ebb00000,0x00000000ebb00000,0x00000000ebd80000)
 ParOldGen       total 44032K, used 0K [0x00000000c0000000, 0x00000000c2b00000, 0x00000000eab00000)
  object space 44032K, 0% used [0x00000000c0000000,0x00000000c0000000,0x00000000c2b00000)
 Metaspace       used 5587K, capacity 6832K, committed 7040K, reserved 1056768K
  class space    used 573K, capacity 616K, committed 640K, reserved 1048576K
Event: 1.045 GC heap after
Heap after GC invocations=1 (full 0):
 PSYoungGen      total 18944K, used 2531K [0x00000000eab00000, 0x00000000ed000000, 0x0000000100000000)
  eden space 16384K, 0% used [0x00000000eab00000,0x00000000eab00000,0x00000000ebb00000)
  from space 2560K, 98% used [0x00000000ebb00000,0x00000000ebd78dc8,0x00000000ebd80000)
  to   space 2560K, 0% used [0x00000000ecd80000,0x00000000ecd80000,0x00000000ed000000)
 ParOldGen       total 44032K, used 2212K [0x00000000c0000000, 0x00000000c2b00000, 0x00000000eab00000)
  object space 44032K, 5% used [0x00000000c0000000,0x00000000c02293c0,0x00000000c2b00000)
 Metaspace       used 5587K, capacity 6832K, committed 7040K, reserved 1056768K
  class space    used 573K, capacity 616K, committed 640K, reserved 1048576K
}
Event: 1.634 GC heap before
{Heap before GC invocations=2 (full 0):
 PSYoungGen      total 18944K, used 18915K [0x00000000eab00000, 0x00000000ed000000, 0x0000000100000000)
  eden space 16384K, 100% used [0x00000000eab00000,0x00000000ebb00000,0x00000000ebb00000)
  from space 2560K, 98% used [0x00000000ebb00000,0x00000000ebd78dc8,0x00000000ebd80000)
  to   space 2560K, 0% used [0x00000000ecd80000,0x00000000ecd80000,0x00000000ed000000)
 ParOldGen       total 44032K, used 2212K [0x00000000c0000000, 0x00000000c2b00000, 0x00000000eab00000)
  object space 44032K, 5% used [0x00000000c0000000,0x00000000c02293c0,0x00000000c2b00000)
 Metaspace       used 5792K, capacity 6960K, committed 7040K, reserved 1056768K
  class space    used 576K, capacity 616K, committed 640K, reserved 1048576K
Event: 1.689 GC heap after
Heap after GC invocations=2 (full 0):
 PSYoungGen      total 35328K, used 2546K [0x00000000eab00000, 0x00000000ed000000, 0x0000000100000000)
  eden space 32768K, 0% used [0x00000000eab00000,0x00000000eab00000,0x00000000ecb00000)
  from space 2560K, 99% used [0x00000000ecd80000,0x00000000ecffc990,0x00000000ed000000)
  to   space 2560K, 0% used [0x00000000ecb00000,0x00000000ecb00000,0x00000000ecd80000)
 ParOldGen       total 44032K, used 4847K [0x00000000c0000000, 0x00000000c2b00000, 0x00000000eab00000)
  object space 44032K, 11% used [0x00000000c0000000,0x00000000c04bbe90,0x00000000c2b00000)
 Metaspace       used 5792K, capacity 6960K, committed 7040K, reserved 1056768K
  class space    used 576K, capacity 616K, committed 640K, reserved 1048576K
}
Event: 3.788 GC heap before
{Heap before GC invocations=3 (full 0):
 PSYoungGen      total 35328K, used 35076K [0x00000000eab00000, 0x00000000ed000000, 0x0000000100000000)
  eden space 32768K, 99% used [0x00000000eab00000,0x00000000ecac4a48,0x00000000ecb00000)
  from space 2560K, 99% used [0x00000000ecd80000,0x00000000ecffc990,0x00000000ed000000)
  to   space 2560K, 0% used [0x00000000ecb00000,0x00000000ecb00000,0x00000000ecd80000)
 ParOldGen       total 44032K, used 4847K [0x00000000c0000000, 0x00000000c2b00000, 0x00000000eab00000)
  object space 44032K, 11% used [0x00000000c0000000,0x00000000c04bbe90,0x00000000c2b00000)
 Metaspace       used 6205K, capacity 7152K, committed 7296K, reserved 1056768K
  class space    used 591K, capacity 616K, committed 640K, reserved 1048576K
Event: 3.834 GC heap after
Heap after GC invocations=3 (full 0):
 PSYoungGen      total 35328K, used 2542K [0x00000000eab00000, 0x00000000ef000000, 0x0000000100000000)
  eden space 32768K, 0% used [0x00000000eab00000,0x00000000eab00000,0x00000000ecb00000)
  from space 2560K, 99% used [0x00000000ecb00000,0x00000000ecd7b808,0x00000000ecd80000)
  to   space 2560K, 0% used [0x00000000eed80000,0x00000000eed80000,0x00000000ef000000)
 ParOldGen       total 44032K, used 13427K [0x00000000c0000000, 0x00000000c2b00000, 0x00000000eab00000)
  object space 44032K, 30% used [0x00000000c0000000,0x00000000c0d1ce98,0x00000000c2b00000)
 Metaspace       used 6205K, capacity 7152K, committed 7296K, reserved 1056768K
  class space    used 591K, capacity 616K, committed 640K, reserved 1048576K
}
Event: 5.523 GC heap before
{Heap before GC invocations=4 (full 0):
 PSYoungGen      total 35328K, used 35310K [0x00000000eab00000, 0x00000000ef000000, 0x0000000100000000)
  eden space 32768K, 100% used [0x00000000eab00000,0x00000000ecb00000,0x00000000ecb00000)
  from space 2560K, 99% used [0x00000000ecb00000,0x00000000ecd7b808,0x00000000ecd80000)
  to   space 2560K, 0% used [0x00000000eed80000,0x00000000eed80000,0x00000000ef000000)
 ParOldGen       total 44032K, used 13427K [0x00000000c0000000, 0x00000000c2b00000, 0x00000000eab00000)
  object space 44032K, 30% used [0x00000000c0000000,0x00000000c0d1ce98,0x00000000c2b00000)
 Metaspace       used 8128K, capacity 8258K, committed 8576K, reserved 1056768K
  class space    used 785K, capacity 818K, committed 896K, reserved 1048576K
Event: 5.551 GC heap after
Heap after GC invocations=4 (full 0):
 PSYoungGen      total 68096K, used 2558K [0x00000000eab00000, 0x00000000ef000000, 0x0000000100000000)
  eden space 65536K, 0% used [0x00000000eab00000,0x00000000eab00000,0x00000000eeb00000)
  from space 2560K, 99% used [0x00000000eed80000,0x00000000eefff9b0,0x00000000ef000000)
  to   space 2560K, 0% used [0x00000000eeb00000,0x00000000eeb00000,0x00000000eed80000)
 ParOldGen       total 44032K, used 22213K [0x00000000c0000000, 0x00000000c2b00000, 0x00000000eab00000)
  object space 44032K, 50% used [0x00000000c0000000,0x00000000c15b16a8,0x00000000c2b00000)
 Metaspace       used 8128K, capacity 8258K, committed 8576K, reserved 1056768K
  class space    used 785K, capacity 818K, committed 896K, reserved 1048576K
}
Event: 6.114 GC heap before
{Heap before GC invocations=5 (full 0):
 PSYoungGen      total 68096K, used 68094K [0x00000000eab00000, 0x00000000ef000000, 0x0000000100000000)
  eden space 65536K, 100% used [0x00000000eab00000,0x00000000eeb00000,0x00000000eeb00000)
  from space 2560K, 99% used [0x00000000eed80000,0x00000000eefff9b0,0x00000000ef000000)
  to   space 2560K, 0% used [0x00000000eeb00000,0x00000000eeb00000,0x00000000eed80000)
 ParOldGen       total 44032K, used 22213K [0x00000000c0000000, 0x00000000c2b00000, 0x00000000eab00000)
  object space 44032K, 50% used [0x00000000c0000000,0x00000000c15b16a8,0x00000000c2b00000)
 Metaspace       used 8197K, capacity 8258K, committed 8576K, reserved 1056768K
  class space    used 785K, capacity 818K, committed 896K, reserved 1048576K
Event: 6.132 GC heap after
Heap after GC invocations=5 (full 0):
 PSYoungGen      total 68096K, used 2559K [0x00000000eab00000, 0x00000000f4600000, 0x0000000100000000)
  eden space 65536K, 0% used [0x00000000eab00000,0x00000000eab00000,0x00000000eeb00000)
  from space 2560K, 99% used [0x00000000eeb00000,0x00000000eed7ff80,0x00000000eed80000)
  to   space 13824K, 0% used [0x00000000f3880000,0x00000000f3880000,0x00000000f4600000)
 ParOldGen       total 44032K, used 23926K [0x00000000c0000000, 0x00000000c2b00000, 0x00000000eab00000)
  object space 44032K, 54% used [0x00000000c0000000,0x00000000c175d918,0x00000000c2b00000)
 Metaspace       used 8197K, capacity 8258K, committed 8576K, reserved 1056768K
  class space    used 785K, capacity 818K, committed 896K, reserved 1048576K
}

Deoptimization events (10 events):
Event: 5.330 Thread 0x0000000002d62800 Uncommon trap: reason=unstable_if action=reinterpret pc=0x000000000f89e2b4 method=com.android.dx.merge.IndexMap.adjustString(I)I @ 2
Event: 5.404 Thread 0x0000000002d62800 Uncommon trap: reason=unstable_if action=reinterpret pc=0x000000000f8716b4 method=sun.misc.URLClassPath.getLoader(I)Lsun/misc/URLClassPath$Loader; @ 36
Event: 5.404 Thread 0x0000000002d62800 Uncommon trap: reason=unstable_if action=reinterpret pc=0x000000000f86a858 method=sun.misc.URLClassPath.getLoader(I)Lsun/misc/URLClassPath$Loader; @ 36
Event: 5.405 Thread 0x0000000002d62800 Uncommon trap: reason=unstable_if action=reinterpret pc=0x000000000f8d72c0 method=sun.misc.MetaIndex.mayContain(Ljava/lang/String;)Z @ 13
Event: 5.405 Thread 0x0000000002d62800 Uncommon trap: reason=unstable_if action=reinterpret pc=0x000000000f1f7744 method=sun.misc.MetaIndex.mayContain(Ljava/lang/String;)Z @ 13
Event: 5.408 Thread 0x0000000002d62800 Uncommon trap: reason=class_check action=maybe_recompile pc=0x000000000f4509cc method=java.util.ArrayList.<init>(Ljava/util/Collection;)V @ 6
Event: 5.443 Thread 0x0000000002d62800 Uncommon trap: reason=class_check action=maybe_recompile pc=0x000000000f4509cc method=java.util.ArrayList.<init>(Ljava/util/Collection;)V @ 6
Event: 5.461 Thread 0x0000000002d62800 Uncommon trap: reason=unstable_if action=reinterpret pc=0x000000000f88e138 method=com.android.dex.Mutf8.decode(Lcom/android/dex/util/ByteInput;[C)Ljava/lang/String; @ 37
Event: 5.482 Thread 0x0000000002d62800 Uncommon trap: reason=predicate action=maybe_recompile pc=0x000000000f8f6c88 method=com.android.dex.Leb128.readUnsignedLeb128(Lcom/android/dex/util/ByteInput;)I @ 41
Event: 5.581 Thread 0x0000000002d62800 Uncommon trap: reason=unstable_if action=reinterpret pc=0x000000000f946634 method=com.android.dex.FieldId.compareTo(Lcom/android/dex/FieldId;)I @ 8

Internal exceptions (7 events):
Event: 0.055 Thread 0x0000000002d62800 Exception <a 'java/lang/NoSuchMethodError': Method sun.misc.Unsafe.defineClass(Ljava/lang/String;[BII)Ljava/lang/Class; name or signature does not match> (0x00000000eab12e18) thrown at [C:\re\workspace\8-2-build-windows-amd64-cygwin\jdk8u60\4407\hotspot\srSŒ#Ð[¬?
Event: 0.055 Thread 0x0000000002d62800 Exception <a 'java/lang/NoSuchMethodError': Method sun.misc.Unsafe.prefetchRead(Ljava/lang/Object;J)V name or signature does not match> (0x00000000eab13100) thrown at [C:\re\workspace\8-2-build-windows-amd64-cygwin\jdk8u60\4407\hotspot\src\share\vm\prims\jÃ!ãTŽò?
Event: 1.160 Thread 0x000000000781d800 Implicit null exception at 0x000000000f409022 to 0x000000000f409112
Event: 5.405 Thread 0x0000000002d62800 Exception <a 'java/security/PrivilegedActionException'> (0x00000000ec7ea678) thrown at [C:\re\workspace\8-2-build-windows-amd64-cygwin\jdk8u60\4407\hotspot\src\share\vm\prims\jvm.cpp, line 1386]
Event: 5.405 Thread 0x0000000002d62800 Exception <a 'java/security/PrivilegedActionException'> (0x00000000ec7eaa70) thrown at [C:\re\workspace\8-2-build-windows-amd64-cygwin\jdk8u60\4407\hotspot\src\share\vm\prims\jvm.cpp, line 1386]
Event: 5.406 Thread 0x0000000002d62800 Exception <a 'java/security/PrivilegedActionException'> (0x00000000ec7eec88) thrown at [C:\re\workspace\8-2-build-windows-amd64-cygwin\jdk8u60\4407\hotspot\src\share\vm\prims\jvm.cpp, line 1386]
Event: 5.406 Thread 0x0000000002d62800 Exception <a 'java/security/PrivilegedActionException'> (0x00000000ec7ef080) thrown at [C:\re\workspace\8-2-build-windows-amd64-cygwin\jdk8u60\4407\hotspot\src\share\vm\prims\jvm.cpp, line 1386]

Events (10 events):
Event: 6.057 Thread 0x0000000002d62800 DEOPT PACKING pc=0x000000000f97e929 sp=0x0000000002cff320
Event: 6.057 Thread 0x0000000002d62800 DEOPT UNPACKING pc=0x000000000f05747f sp=0x0000000002cff0a0 mode 0
Event: 6.060 Thread 0x0000000002d62800 DEOPT PACKING pc=0x000000000f97e929 sp=0x0000000002cff320
Event: 6.060 Thread 0x0000000002d62800 DEOPT UNPACKING pc=0x000000000f05747f sp=0x0000000002cff0a0 mode 0
Event: 6.066 Thread 0x0000000002d62800 DEOPT PACKING pc=0x000000000f92abb0 sp=0x0000000002cff240
Event: 6.066 Thread 0x0000000002d62800 DEOPT UNPACKING pc=0x000000000f05747f sp=0x0000000002cfef38 mode 0
Event: 6.098 Thread 0x0000000002d62800 DEOPT PACKING pc=0x000000000f97e929 sp=0x0000000002cff320
Event: 6.098 Thread 0x0000000002d62800 DEOPT UNPACKING pc=0x000000000f05747f sp=0x0000000002cff0a0 mode 0
Event: 6.114 Executing VM operation: ParallelGCFailedAllocation
Event: 6.132 Executing VM operation: ParallelGCFailedAllocation done


Dynamic libraries:
0x00007ff649730000 - 0x00007ff649767000 	C:\Program Files\Java\jdk1.8.0_60\bin\java.exe
0x00007ffabf4b0000 - 0x00007ffabf65c000 	C:\Windows\SYSTEM32\ntdll.dll
0x00007ffabd0d0000 - 0x00007ffabd20e000 	C:\Windows\system32\KERNEL32.DLL
0x00007ffabc960000 - 0x00007ffabca75000 	C:\Windows\system32\KERNELBASE.dll
0x00007ffabb150000 - 0x00007ffabb1de000 	C:\Windows\system32\apphelp.dll
0x00007ffa9ff10000 - 0x00007ffa9ff63000 	C:\Windows\AppPatch\AppPatch64\AcGenral.DLL
0x00007ffabcb90000 - 0x00007ffabcc3a000 	C:\Windows\system32\msvcrt.dll
0x00007ffabc380000 - 0x00007ffabc3ae000 	C:\Windows\SYSTEM32\SspiCli.dll
0x00007ffabecd0000 - 0x00007ffabed24000 	C:\Windows\system32\SHLWAPI.dll
0x00007ffabea30000 - 0x00007ffabeba7000 	C:\Windows\system32\USER32.dll
0x00007ffabeee0000 - 0x00007ffabf074000 	C:\Windows\system32\ole32.dll
0x00007ffabd3a0000 - 0x00007ffabe8b8000 	C:\Windows\system32\SHELL32.dll
0x00007ffabbb50000 - 0x00007ffabbb71000 	C:\Windows\SYSTEM32\USERENV.dll
0x00007ffabd220000 - 0x00007ffabd2ca000 	C:\Windows\system32\ADVAPI32.dll
0x00007ffab44f0000 - 0x00007ffab450e000 	C:\Windows\SYSTEM32\MPR.dll
0x00007ffabf0c0000 - 0x00007ffabf201000 	C:\Windows\system32\RPCRT4.dll
0x00007ffabcf10000 - 0x00007ffabcf69000 	C:\Windows\SYSTEM32\sechost.dll
0x00007ffabcc60000 - 0x00007ffabce71000 	C:\Windows\SYSTEM32\combase.dll
0x00007ffabcf70000 - 0x00007ffabd0c1000 	C:\Windows\system32\GDI32.dll
0x00007ffabc600000 - 0x00007ffabc615000 	C:\Windows\SYSTEM32\profapi.dll
0x00007ffabade0000 - 0x00007ffabae92000 	C:\Windows\SYSTEM32\SHCORE.dll
0x00007ffabf080000 - 0x00007ffabf0b6000 	C:\Windows\system32\IMM32.DLL
0x00007ffabe8c0000 - 0x00007ffabea12000 	C:\Windows\system32\MSCTF.dll
0x00007ffabc5b0000 - 0x00007ffabc5e1000 	C:\Windows\system32\nvinitx.dll
0x00007ffabc5a0000 - 0x00007ffabc5aa000 	C:\Windows\SYSTEM32\VERSION.dll
0x000000000f000000 - 0x000000000f006000 	C:\Program Files\NVIDIA Corporation\CoProcManager\_etoured.dll
0x00007ffaba8f0000 - 0x00007ffaba922000 	C:\Program Files\NVIDIA Corporation\CoProcManager\nvd3d9wrapx.dll
0x00007ffabf210000 - 0x00007ffabf3ea000 	C:\Windows\system32\SETUPAPI.dll
0x00007ffabc910000 - 0x00007ffabc95f000 	C:\Windows\system32\CFGMGR32.dll
0x00007ffaba8c0000 - 0x00007ffaba8e2000 	C:\Program Files\NVIDIA Corporation\CoProcManager\nvdxgiwrapx.dll
0x00007ffab8770000 - 0x00007ffab89eb000 	C:\Windows\WinSxS\amd64_microsoft.windows.common-controls_6595b64144ccf1df_6.0.9600.17415_none_6240486fecbd8abb\COMCTL32.dll
0x0000000073c80000 - 0x0000000073d52000 	C:\Program Files\Java\jdk1.8.0_60\jre\bin\msvcr100.dll
0x0000000074330000 - 0x0000000074bb9000 	C:\Program Files\Java\jdk1.8.0_60\jre\bin\server\jvm.dll
0x00007ffaaff30000 - 0x00007ffaaff39000 	C:\Windows\SYSTEM32\WSOCK32.dll
0x00007ffab8aa0000 - 0x00007ffab8ac2000 	C:\Windows\SYSTEM32\WINMM.dll
0x00007ffabea20000 - 0x00007ffabea27000 	C:\Windows\system32\PSAPI.DLL
0x00007ffabebb0000 - 0x00007ffabec0a000 	C:\Windows\system32\WS2_32.dll
0x00007ffab7b50000 - 0x00007ffab7b7a000 	C:\Windows\SYSTEM32\WINMMBASE.dll
0x00007ffabcf00000 - 0x00007ffabcf09000 	C:\Windows\system32\NSI.dll
0x00007ffabb3b0000 - 0x00007ffabb3d8000 	C:\Windows\SYSTEM32\DEVOBJ.dll
0x0000000074320000 - 0x000000007432f000 	C:\Program Files\Java\jdk1.8.0_60\jre\bin\verify.dll
0x00000000742f0000 - 0x0000000074319000 	C:\Program Files\Java\jdk1.8.0_60\jre\bin\java.dll
0x00000000742d0000 - 0x00000000742e6000 	C:\Program Files\Java\jdk1.8.0_60\jre\bin\zip.dll

VM Arguments:
jvm_args: -Xmx1024M -Dfile.encoding=windows-1251 -Duser.country=RU -Duser.language=ru -Duser.variant 
java_command: com.android.dx.command.Main --dex --num-threads=4 --output C:\java\android\EventHunter\app\build\intermediates\dex\debug C:\java\android\EventHunter\app\build\intermediates\classes\debug C:\java\android\EventHunter\app\build\intermediates\pre-dexed\debug\support-annotations-23.0.1-83676807229e344ee5d98b2e8f5ee90735dbc5c3.jar C:\java\android\EventHunter\app\build\intermediates\pre-dexed\debug\classes-c20afcc1740d79820e65179484dbec29bb5f60ea.jar C:\java\android\EventHunter\app\build\intermediates\pre-dexed\debug\internal_impl-22.2.0-a83752519c01ad2ba20bc016f010d047b228f261.jar C:\java\android\EventHunter\app\build\intermediates\pre-dexed\debug\classes-b4805c3dc551e8addcdfe83006eb2e2069d3f69f.jar C:\java\android\EventHunter\app\build\intermediates\pre-dexed\debug\classes-ae9b863311f49a782185bfb452b8025793af85c8.jar C:\java\android\EventHunter\app\build\intermediates\pre-dexed\debug\classes-a8918f74546ee3dbc7aab13fd9ad1bdefcfba1e4.jar C:\java\android\EventHunter\app\build\intermediates\pre-dexed\debug\bolts-android-1.2.1-356a198f80105d5433eee2afd667d2e7d02573d1.jar C:\java\android\EventHunter\app\build\intermediates\pre-dexed\debug\classes-06bb6aa3532cad2f72f9a491dcfa9f789652485a.jar C:\java\android\EventHunter\app\build\intermediates\pre-dexed\debug\classes-b0e1490f23c0dbfdbfc3758d5ddbb5797a31a832.jar C:\java\android\EventHunter\app\build\intermediates\pre-dexed\debug\classes-573c3b2aaaf01ebf77281ed216568a2ea3f0c246.jar C:\java\android\EventHunter\app\build\intermediates\pre-dexed\debug\classes-ae8a2d517b50dadc2316914ab7a8fef2dd55ff44.jar C:\java\android\EventHunter\app\build\intermediates\pre-dexed\debug\classes-551fcf9ef8ced75a4427f5325a0b04b927bbc6d8.jar C:\java\android\EventHunter\app\build\intermediates\pre-dexed\debug\classes-639a1f6c50ea7c1445d2d4ef22bb93066db0ed9e.jar C:\java\android\EventHunter\app\build\intermediates\pre-dexed\debug\classes-5ca4f3c4ceb3497993ee5090b90b68d342d08305.jar C:\java\android\EventHunter\app\build\intermediates\pre-dex
java_class_path (initial): C:\Users\user\AppData\Local\Android\sdk\build-tools\23.0.1\lib\dx.jar
Launcher Type: SUN_STANDARD

Environment Variables:
PATH=C:\ProgramData\Oracle\Java\javapath;C:\Windows\system32;C:\Windows;C:\Windows\System32\Wbem;C:\Windows\System32\WindowsPowerShell\v1.0\;C:\Program Files (x86)\Windows Kits\8.1\Windows Performance Toolkit\;C:\Program Files\Microsoft SQL Server\110\Tools\Binn\;C:\Program Files (x86)\Intel\OpenCL SDK\2.0\bin\x86;C:\Program Files (x86)\Intel\OpenCL SDK\2.0\bin\x64;C:\Program Files (x86)\NVIDIA Corporation\PhysX\Common;c:\altera\91sp2\quartus\bin;C:\TDM-GCC-32\bin;C:\Program Files\Java\jdk1.8.0_60\bin;C:\Program Files (x86)\Skype\Phone\
USERNAME=user
OS=Windows_NT
PROCESSOR_IDENTIFIER=Intel64 Family 6 Model 42 Stepping 7, GenuineIntel



---------------  S Y S T E M  ---------------

OS: Windows 8.1 , 64 bit Build 9600 (6.3.9600.17415)

CPU:total 2 (2 cores per cpu, 1 threads per core) family 6 model 42 stepping 7, cmov, cx8, fxsr, mmx, sse, sse2, sse3, ssse3, sse4.1, sse4.2, popcnt, clmul, tsc, tscinvbit

Memory: 4k page, physical 4089116k(275584k free), swap 4089116k(6336k free)

vm_info: Java HotSpot(TM) 64-Bit Server VM (25.60-b23) for windows-amd64 JRE (1.8.0_60-b27), built on Aug  4 2015 11:06:27 by "java_re" with MS VC++ 10.0 (VS2010)

time: Tue Oct 13 23:36:02 2015
elapsed time: 6 seconds (0d 0h 0m 6s)

