#
# There is insufficient memory for the Java Runtime Environment to continue.
# Native memory allocation (malloc) failed to allocate 203296 bytes for Chunk::new
# Possible reasons:
#   The system is out of physical RAM or swap space
#   In 32 bit mode, the process size limit was hit
# Possible solutions:
#   Reduce memory load on the system
#   Increase physical memory or swap space
#   Check if swap backing store is full
#   Use 64 bit Java on a 64 bit OS
#   Decrease Java heap size (-Xmx/-Xms)
#   Decrease number of Java threads
#   Decrease Java thread stack sizes (-Xss)
#   Set larger code cache with -XX:ReservedCodeCacheSize=
# This output file may be truncated or incomplete.
#
#  Out of Memory Error (allocation.cpp:390), pid=5868, tid=2200
#
# JRE version: Java(TM) SE Runtime Environment (8.0_60-b27) (build 1.8.0_60-b27)
# Java VM: Java HotSpot(TM) 64-Bit Server VM (25.60-b23 mixed mode windows-amd64 compressed oops)
# Failed to write core dump. Minidumps are not enabled by default on client versions of Windows
#

---------------  T H R E A D  ---------------

Current thread (0x0000000005c48000):  JavaThread "C2 CompilerThread0" daemon [_thread_in_native, id=2200, stack(0x0000000006b80000,0x0000000006c80000)]

Stack: [0x0000000006b80000,0x0000000006c80000]
[error occurred during error reporting (printing stack bounds), id 0xc0000005]

Native frames: (J=compiled Java code, j=interpreted, Vv=VM code, C=native code)


Current CompileTask:
C2:  14081 3045       4       com.android.dx.io.instructions.InstructionCodec$33::decode (99 bytes)


---------------  P R O C E S S  ---------------

Java Threads: ( => current thread )
  0x0000000005cda800 JavaThread "Service Thread" daemon [_thread_blocked, id=6096, stack(0x0000000006d80000,0x0000000006e80000)]
  0x0000000005c4d800 JavaThread "C1 CompilerThread1" daemon [_thread_blocked, id=3512, stack(0x0000000006c80000,0x0000000006d80000)]
=>0x0000000005c48000 JavaThread "C2 CompilerThread0" daemon [_thread_in_native, id=2200, stack(0x0000000006b80000,0x0000000006c80000)]
  0x0000000005c46800 JavaThread "Attach Listener" daemon [_thread_blocked, id=1448, stack(0x0000000006a80000,0x0000000006b80000)]
  0x0000000005c53000 JavaThread "Signal Dispatcher" daemon [_thread_blocked, id=196, stack(0x0000000006980000,0x0000000006a80000)]
  0x00000000027b5800 JavaThread "Finalizer" daemon [_thread_blocked, id=3356, stack(0x0000000006880000,0x0000000006980000)]
  0x00000000027ab800 JavaThread "Reference Handler" daemon [_thread_blocked, id=2852, stack(0x0000000006780000,0x0000000006880000)]
  0x00000000026c2800 JavaThread "main" [_thread_in_Java, id=4812, stack(0x00000000025c0000,0x00000000026c0000)]

Other Threads:
  0x0000000005c16000 VMThread [stack: 0x0000000006680000,0x0000000006780000] [id=2136]
  0x0000000005cde000 WatcherThread [stack: 0x0000000006e80000,0x0000000006f80000] [id=4600]

VM state:not at safepoint (normal execution)

VM Mutex/Monitor currently owned by a thread: None

Heap:
 PSYoungGen      total 26112K, used 24216K [0x00000000eab00000, 0x00000000ee900000, 0x0000000100000000)
  eden space 23552K, 91% used [0x00000000eab00000,0x00000000ec028618,0x00000000ec200000)
  from space 2560K, 99% used [0x00000000ecd80000,0x00000000ecffda10,0x00000000ed000000)
  to   space 11776K, 0% used [0x00000000ec200000,0x00000000ec200000,0x00000000ecd80000)
 ParOldGen       total 61952K, used 50523K [0x00000000c0000000, 0x00000000c3c80000, 0x00000000eab00000)
  object space 61952K, 81% used [0x00000000c0000000,0x00000000c3156d08,0x00000000c3c80000)
 Metaspace       used 8313K, capacity 8428K, committed 8576K, reserved 1056768K
  class space    used 795K, capacity 851K, committed 896K, reserved 1048576K

Card table byte_map: [0x0000000002b80000,0x0000000002d90000] byte_map_base: 0x0000000002580000

Marking Bits: (ParMarkBitMap*) 0x000000006831a5b0
 Begin Bits: [0x00000000030f0000, 0x00000000040f0000)
 End Bits:   [0x00000000040f0000, 0x00000000050f0000)

Polling page: 0x0000000000740000

CodeCache: size=245760Kb used=10950Kb max_used=11084Kb free=234809Kb
 bounds [0x000000000f010000, 0x000000000fb00000, 0x000000001e010000]
 total_blobs=3222 nmethods=2927 adapters=208
 compilation: enabled

Compilation events (10 events):
Event: 13.875 Thread 0x0000000005c4d800 nmethod 3040 0x000000000faf6dd0 code [0x000000000faf7060, 0x000000000faf8c48]
Event: 13.899 Thread 0x0000000005c48000 3041       4       sun.security.provider.DigestBase::engineUpdate (189 bytes)
Event: 13.910 Thread 0x0000000005c48000 nmethod 3041 0x000000000f113c10 code [0x000000000f113d80, 0x000000000f1141d8]
Event: 14.057 Thread 0x0000000005c4d800 3042       3       com.android.dx.io.instructions.InstructionCodec$31::decode (36 bytes)
Event: 14.057 Thread 0x0000000005c4d800 nmethod 3042 0x000000000f223750 code [0x000000000f223900, 0x000000000f223db8]
Event: 14.057 Thread 0x0000000005c4d800 3043       3       com.android.dx.io.instructions.ShortArrayCodeInput::readLong (45 bytes)
Event: 14.058 Thread 0x0000000005c4d800 nmethod 3043 0x000000000f18ca50 code [0x000000000f18cc60, 0x000000000f18db58]
Event: 14.059 Thread 0x0000000005c4d800 3044       3       com.android.dx.io.instructions.InstructionCodec$31::encode (39 bytes)
Event: 14.060 Thread 0x0000000005c4d800 nmethod 3044 0x000000000f1ede90 code [0x000000000f1ee0e0, 0x000000000f1ef518]
Event: 14.068 Thread 0x0000000005c48000 3045       4       com.android.dx.io.instructions.InstructionCodec$33::decode (99 bytes)

GC Heap History (10 events):
Event: 13.164 GC heap before
{Heap before GC invocations=18 (full 2):
 PSYoungGen      total 35328K, used 35320K [0x00000000eab00000, 0x00000000ed000000, 0x0000000100000000)
  eden space 32768K, 100% used [0x00000000eab00000,0x00000000ecb00000,0x00000000ecb00000)
  from space 2560K, 99% used [0x00000000ecb00000,0x00000000ecd7e320,0x00000000ecd80000)
  to   space 2560K, 0% used [0x00000000ecd80000,0x00000000ecd80000,0x00000000ed000000)
 ParOldGen       total 61952K, used 30884K [0x00000000c0000000, 0x00000000c3c80000, 0x00000000eab00000)
  object space 61952K, 49% used [0x00000000c0000000,0x00000000c1e292d0,0x00000000c3c80000)
 Metaspace       used 8308K, capacity 8428K, committed 8576K, reserved 1056768K
  class space    used 795K, capacity 851K, committed 896K, reserved 1048576K
Event: 13.168 GC heap after
Heap after GC invocations=18 (full 2):
 PSYoungGen      total 35328K, used 1022K [0x00000000eab00000, 0x00000000ed000000, 0x0000000100000000)
  eden space 32768K, 0% used [0x00000000eab00000,0x00000000eab00000,0x00000000ecb00000)
  from space 2560K, 39% used [0x00000000ecd80000,0x00000000ece7fbb8,0x00000000ed000000)
  to   space 2560K, 0% used [0x00000000ecb00000,0x00000000ecb00000,0x00000000ecd80000)
 ParOldGen       total 61952K, used 35701K [0x00000000c0000000, 0x00000000c3c80000, 0x00000000eab00000)
  object space 61952K, 57% used [0x00000000c0000000,0x00000000c22dd570,0x00000000c3c80000)
 Metaspace       used 8308K, capacity 8428K, committed 8576K, reserved 1056768K
  class space    used 795K, capacity 851K, committed 896K, reserved 1048576K
}
Event: 13.462 GC heap before
{Heap before GC invocations=19 (full 2):
 PSYoungGen      total 35328K, used 33790K [0x00000000eab00000, 0x00000000ed000000, 0x0000000100000000)
  eden space 32768K, 100% used [0x00000000eab00000,0x00000000ecb00000,0x00000000ecb00000)
  from space 2560K, 39% used [0x00000000ecd80000,0x00000000ece7fbb8,0x00000000ed000000)
  to   space 2560K, 0% used [0x00000000ecb00000,0x00000000ecb00000,0x00000000ecd80000)
 ParOldGen       total 61952K, used 35701K [0x00000000c0000000, 0x00000000c3c80000, 0x00000000eab00000)
  object space 61952K, 57% used [0x00000000c0000000,0x00000000c22dd570,0x00000000c3c80000)
 Metaspace       used 8309K, capacity 8428K, committed 8576K, reserved 1056768K
  class space    used 795K, capacity 851K, committed 896K, reserved 1048576K
Event: 13.466 GC heap after
Heap after GC invocations=19 (full 2):
 PSYoungGen      total 35328K, used 2468K [0x00000000eab00000, 0x00000000ed000000, 0x0000000100000000)
  eden space 32768K, 0% used [0x00000000eab00000,0x00000000eab00000,0x00000000ecb00000)
  from space 2560K, 96% used [0x00000000ecb00000,0x00000000ecd69240,0x00000000ecd80000)
  to   space 2560K, 0% used [0x00000000ecd80000,0x00000000ecd80000,0x00000000ed000000)
 ParOldGen       total 61952K, used 39339K [0x00000000c0000000, 0x00000000c3c80000, 0x00000000eab00000)
  object space 61952K, 63% used [0x00000000c0000000,0x00000000c266ad10,0x00000000c3c80000)
 Metaspace       used 8309K, capacity 8428K, committed 8576K, reserved 1056768K
  class space    used 795K, capacity 851K, committed 896K, reserved 1048576K
}
Event: 13.671 GC heap before
{Heap before GC invocations=20 (full 2):
 PSYoungGen      total 35328K, used 35236K [0x00000000eab00000, 0x00000000ed000000, 0x0000000100000000)
  eden space 32768K, 100% used [0x00000000eab00000,0x00000000ecb00000,0x00000000ecb00000)
  from space 2560K, 96% used [0x00000000ecb00000,0x00000000ecd69240,0x00000000ecd80000)
  to   space 2560K, 0% used [0x00000000ecd80000,0x00000000ecd80000,0x00000000ed000000)
 ParOldGen       total 61952K, used 39339K [0x00000000c0000000, 0x00000000c3c80000, 0x00000000eab00000)
  object space 61952K, 63% used [0x00000000c0000000,0x00000000c266ad10,0x00000000c3c80000)
 Metaspace       used 8309K, capacity 8428K, committed 8576K, reserved 1056768K
  class space    used 795K, capacity 851K, committed 896K, reserved 1048576K
Event: 13.678 GC heap after
Heap after GC invocations=20 (full 2):
 PSYoungGen      total 35328K, used 2549K [0x00000000eab00000, 0x00000000ed000000, 0x0000000100000000)
  eden space 32768K, 0% used [0x00000000eab00000,0x00000000eab00000,0x00000000ecb00000)
  from space 2560K, 99% used [0x00000000ecd80000,0x00000000ecffd6b8,0x00000000ed000000)
  to   space 2560K, 0% used [0x00000000ecb00000,0x00000000ecb00000,0x00000000ecd80000)
 ParOldGen       total 61952K, used 40475K [0x00000000c0000000, 0x00000000c3c80000, 0x00000000eab00000)
  object space 61952K, 65% used [0x00000000c0000000,0x00000000c2786f80,0x00000000c3c80000)
 Metaspace       used 8309K, capacity 8428K, committed 8576K, reserved 1056768K
  class space    used 795K, capacity 851K, committed 896K, reserved 1048576K
}
Event: 13.843 GC heap before
{Heap before GC invocations=21 (full 2):
 PSYoungGen      total 35328K, used 35317K [0x00000000eab00000, 0x00000000ed000000, 0x0000000100000000)
  eden space 32768K, 100% used [0x00000000eab00000,0x00000000ecb00000,0x00000000ecb00000)
  from space 2560K, 99% used [0x00000000ecd80000,0x00000000ecffd6b8,0x00000000ed000000)
  to   space 2560K, 0% used [0x00000000ecb00000,0x00000000ecb00000,0x00000000ecd80000)
 ParOldGen       total 61952K, used 40475K [0x00000000c0000000, 0x00000000c3c80000, 0x00000000eab00000)
  object space 61952K, 65% used [0x00000000c0000000,0x00000000c2786f80,0x00000000c3c80000)
 Metaspace       used 8309K, capacity 8428K, committed 8576K, reserved 1056768K
  class space    used 795K, capacity 851K, committed 896K, reserved 1048576K
Event: 13.855 GC heap after
Heap after GC invocations=21 (full 2):
 PSYoungGen      total 35328K, used 1531K [0x00000000eab00000, 0x00000000ed000000, 0x0000000100000000)
  eden space 32768K, 0% used [0x00000000eab00000,0x00000000eab00000,0x00000000ecb00000)
  from space 2560K, 59% used [0x00000000ecb00000,0x00000000ecc7ef38,0x00000000ecd80000)
  to   space 2560K, 0% used [0x00000000ecd80000,0x00000000ecd80000,0x00000000ed000000)
 ParOldGen       total 61952K, used 47544K [0x00000000c0000000, 0x00000000c3c80000, 0x00000000eab00000)
  object space 61952K, 76% used [0x00000000c0000000,0x00000000c2e6e398,0x00000000c3c80000)
 Metaspace       used 8309K, capacity 8428K, committed 8576K, reserved 1056768K
  class space    used 795K, capacity 851K, committed 896K, reserved 1048576K
}
Event: 14.027 GC heap before
{Heap before GC invocations=22 (full 2):
 PSYoungGen      total 35328K, used 34299K [0x00000000eab00000, 0x00000000ed000000, 0x0000000100000000)
  eden space 32768K, 100% used [0x00000000eab00000,0x00000000ecb00000,0x00000000ecb00000)
  from space 2560K, 59% used [0x00000000ecb00000,0x00000000ecc7ef38,0x00000000ecd80000)
  to   space 2560K, 0% used [0x00000000ecd80000,0x00000000ecd80000,0x00000000ed000000)
 ParOldGen       total 61952K, used 47544K [0x00000000c0000000, 0x00000000c3c80000, 0x00000000eab00000)
  object space 61952K, 76% used [0x00000000c0000000,0x00000000c2e6e398,0x00000000c3c80000)
 Metaspace       used 8309K, capacity 8428K, committed 8576K, reserved 1056768K
  class space    used 795K, capacity 851K, committed 896K, reserved 1048576K
Event: 14.042 GC heap after
Heap after GC invocations=22 (full 2):
 PSYoungGen      total 26112K, used 2550K [0x00000000eab00000, 0x00000000ee900000, 0x0000000100000000)
  eden space 23552K, 0% used [0x00000000eab00000,0x00000000eab00000,0x00000000ec200000)
  from space 2560K, 99% used [0x00000000ecd80000,0x00000000ecffda10,0x00000000ed000000)
  to   space 11776K, 0% used [0x00000000ec200000,0x00000000ec200000,0x00000000ecd80000)
 ParOldGen       total 61952K, used 50523K [0x00000000c0000000, 0x00000000c3c80000, 0x00000000eab00000)
  object space 61952K, 81% used [0x00000000c0000000,0x00000000c3156d08,0x00000000c3c80000)
 Metaspace       used 8309K, capacity 8428K, committed 8576K, reserved 1056768K
  class space    used 795K, capacity 851K, committed 896K, reserved 1048576K
}

Deoptimization events (10 events):
Event: 13.460 Thread 0x00000000026c2800 Uncommon trap: reason=predicate action=maybe_recompile pc=0x000000000fabed2c method=java.util.ComparableTimSort.binarySort([Ljava/lang/Object;III)V @ 37
Event: 13.571 Thread 0x00000000026c2800 Uncommon trap: reason=array_check action=maybe_recompile pc=0x000000000fad3c54 method=java.util.TimSort.binarySort([Ljava/lang/Object;IIILjava/util/Comparator;)V @ 215
Event: 13.584 Thread 0x00000000026c2800 Uncommon trap: reason=array_check action=maybe_recompile pc=0x000000000faedf38 method=java.util.TimSort.binarySort([Ljava/lang/Object;IIILjava/util/Comparator;)V @ 183
Event: 13.584 Thread 0x00000000026c2800 Uncommon trap: reason=array_check action=maybe_recompile pc=0x000000000fad3d9c method=java.util.TimSort.binarySort([Ljava/lang/Object;IIILjava/util/Comparator;)V @ 183
Event: 13.584 Thread 0x00000000026c2800 Uncommon trap: reason=array_check action=maybe_recompile pc=0x000000000faedf38 method=java.util.TimSort.binarySort([Ljava/lang/Object;IIILjava/util/Comparator;)V @ 183
Event: 13.584 Thread 0x00000000026c2800 Uncommon trap: reason=array_check action=maybe_recompile pc=0x000000000faca534 method=java.util.TimSort.binarySort([Ljava/lang/Object;IIILjava/util/Comparator;)V @ 215
Event: 13.584 Thread 0x00000000026c2800 Uncommon trap: reason=array_check action=maybe_recompile pc=0x000000000fad3d9c method=java.util.TimSort.binarySort([Ljava/lang/Object;IIILjava/util/Comparator;)V @ 183
Event: 13.712 Thread 0x00000000026c2800 Uncommon trap: reason=array_check action=maybe_recompile pc=0x000000000fae5c54 method=java.util.ComparableTimSort.binarySort([Ljava/lang/Object;III)V @ 193
Event: 13.815 Thread 0x00000000026c2800 Uncommon trap: reason=array_check action=maybe_recompile pc=0x000000000f181e78 method=java.util.TimSort.binarySort([Ljava/lang/Object;IIILjava/util/Comparator;)V @ 193
Event: 13.815 Thread 0x00000000026c2800 Uncommon trap: reason=array_check action=maybe_recompile pc=0x000000000f181e78 method=java.util.TimSort.binarySort([Ljava/lang/Object;IIILjava/util/Comparator;)V @ 193

Internal exceptions (8 events):
Event: 0.064 Thread 0x00000000026c2800 Exception <a 'java/lang/NoSuchMethodError': Method sun.misc.Unsafe.defineClass(Ljava/lang/String;[BII)Ljava/lang/Class; name or signature does not match> (0x00000000eab13020) thrown at [C:\re\workspace\8-2-build-windows-amd64-cygwin\jdk8u60\4407\hotspot\sr–P#íP}°?
Event: 0.064 Thread 0x00000000026c2800 Exception <a 'java/lang/NoSuchMethodError': Method sun.misc.Unsafe.prefetchRead(Ljava/lang/Object;J)V name or signature does not match> (0x00000000eab13308) thrown at [C:\re\workspace\8-2-build-windows-amd64-cygwin\jdk8u60\4407\hotspot\src\share\vm\prims\jyÁ–ü?
Event: 1.755 Thread 0x0000000007183000 Implicit null exception at 0x000000000f378fe2 to 0x000000000f3790d2
Event: 8.874 Thread 0x00000000026c2800 Implicit null exception at 0x000000000f7878a0 to 0x000000000f7880c9
Event: 10.509 Thread 0x00000000026c2800 Exception <a 'java/security/PrivilegedActionException'> (0x00000000ec398048) thrown at [C:\re\workspace\8-2-build-windows-amd64-cygwin\jdk8u60\4407\hotspot\src\share\vm\prims\jvm.cpp, line 1386]
Event: 10.509 Thread 0x00000000026c2800 Exception <a 'java/security/PrivilegedActionException'> (0x00000000ec398440) thrown at [C:\re\workspace\8-2-build-windows-amd64-cygwin\jdk8u60\4407\hotspot\src\share\vm\prims\jvm.cpp, line 1386]
Event: 10.510 Thread 0x00000000026c2800 Exception <a 'java/security/PrivilegedActionException'> (0x00000000ec39c658) thrown at [C:\re\workspace\8-2-build-windows-amd64-cygwin\jdk8u60\4407\hotspot\src\share\vm\prims\jvm.cpp, line 1386]
Event: 10.510 Thread 0x00000000026c2800 Exception <a 'java/security/PrivilegedActionException'> (0x00000000ec39ca50) thrown at [C:\re\workspace\8-2-build-windows-amd64-cygwin\jdk8u60\4407\hotspot\src\share\vm\prims\jvm.cpp, line 1386]

Events (10 events):
Event: 14.060 Thread 0x0000000005c4d800 flushing nmethod 0x000000000f218810
Event: 14.060 Thread 0x0000000005c4d800 flushing nmethod 0x000000000f2192d0
Event: 14.060 Thread 0x0000000005c4d800 flushing nmethod 0x000000000f21c550
Event: 14.060 Thread 0x0000000005c4d800 flushing nmethod 0x000000000f21e090
Event: 14.060 Thread 0x0000000005c4d800 flushing nmethod 0x000000000f220690
Event: 14.060 Thread 0x0000000005c4d800 flushing nmethod 0x000000000f254b50
Event: 14.060 Thread 0x0000000005c4d800 flushing nmethod 0x000000000f2561d0
Event: 14.060 Thread 0x0000000005c4d800 flushing nmethod 0x000000000f25ab50
Event: 14.060 Thread 0x0000000005c4d800 flushing nmethod 0x000000000f266d90
Event: 14.060 Thread 0x0000000005c4d800 flushing nmethod 0x000000000f27af90


Dynamic libraries:
0x00007ff666700000 - 0x00007ff666737000 	C:\Program Files\Java\jdk1.8.0_60\bin\java.exe
0x00007ff81b620000 - 0x00007ff81b7cc000 	C:\Windows\SYSTEM32\ntdll.dll
0x00007ff819090000 - 0x00007ff8191ce000 	C:\Windows\system32\KERNEL32.DLL
0x00007ff818a70000 - 0x00007ff818b85000 	C:\Windows\system32\KERNELBASE.dll
0x00007ff8172c0000 - 0x00007ff81734e000 	C:\Windows\system32\apphelp.dll
0x00007ff8017c0000 - 0x00007ff801813000 	C:\Windows\AppPatch\AppPatch64\AcGenral.DLL
0x00007ff818fd0000 - 0x00007ff81907a000 	C:\Windows\system32\msvcrt.dll
0x00007ff8184f0000 - 0x00007ff81851e000 	C:\Windows\SYSTEM32\SspiCli.dll
0x00007ff81a9c0000 - 0x00007ff81aa14000 	C:\Windows\system32\SHLWAPI.dll
0x00007ff818de0000 - 0x00007ff818f57000 	C:\Windows\system32\USER32.dll
0x00007ff8191d0000 - 0x00007ff819364000 	C:\Windows\system32\ole32.dll
0x00007ff819440000 - 0x00007ff81a958000 	C:\Windows\system32\SHELL32.dll
0x00007ff817cc0000 - 0x00007ff817ce1000 	C:\Windows\SYSTEM32\USERENV.dll
0x00007ff81aa20000 - 0x00007ff81aaca000 	C:\Windows\system32\ADVAPI32.dll
0x00007ff8104f0000 - 0x00007ff81050e000 	C:\Windows\SYSTEM32\MPR.dll
0x00007ff81b170000 - 0x00007ff81b2b1000 	C:\Windows\system32\RPCRT4.dll
0x00007ff81aad0000 - 0x00007ff81ab29000 	C:\Windows\SYSTEM32\sechost.dll
0x00007ff81af30000 - 0x00007ff81b141000 	C:\Windows\SYSTEM32\combase.dll
0x00007ff81ad10000 - 0x00007ff81ae61000 	C:\Windows\system32\GDI32.dll
0x00007ff818770000 - 0x00007ff818785000 	C:\Windows\SYSTEM32\profapi.dll
0x00007ff816f50000 - 0x00007ff817002000 	C:\Windows\SYSTEM32\SHCORE.dll
0x00007ff81b2c0000 - 0x00007ff81b2f6000 	C:\Windows\system32\IMM32.DLL
0x00007ff81b300000 - 0x00007ff81b452000 	C:\Windows\system32\MSCTF.dll
0x00007ff818720000 - 0x00007ff818751000 	C:\Windows\system32\nvinitx.dll
0x00007ff818710000 - 0x00007ff81871a000 	C:\Windows\SYSTEM32\VERSION.dll
0x000000000f000000 - 0x000000000f006000 	C:\Program Files\NVIDIA Corporation\CoProcManager\_etoured.dll
0x00007ff816c30000 - 0x00007ff816c62000 	C:\Program Files\NVIDIA Corporation\CoProcManager\nvd3d9wrapx.dll
0x00007ff81ab30000 - 0x00007ff81ad0a000 	C:\Windows\system32\SETUPAPI.dll
0x00007ff818a20000 - 0x00007ff818a6f000 	C:\Windows\system32\CFGMGR32.dll
0x00007ff816c00000 - 0x00007ff816c22000 	C:\Program Files\NVIDIA Corporation\CoProcManager\nvdxgiwrapx.dll
0x00007ff814d20000 - 0x00007ff814f9b000 	C:\Windows\WinSxS\amd64_microsoft.windows.common-controls_6595b64144ccf1df_6.0.9600.17415_none_6240486fecbd8abb\COMCTL32.dll
0x00000000687f0000 - 0x00000000688c2000 	C:\Program Files\Java\jdk1.8.0_60\jre\bin\msvcr100.dll
0x0000000067b10000 - 0x0000000068399000 	C:\Program Files\Java\jdk1.8.0_60\jre\bin\server\jvm.dll
0x00007ff813e70000 - 0x00007ff813e79000 	C:\Windows\SYSTEM32\WSOCK32.dll
0x00007ff813fb0000 - 0x00007ff813fd2000 	C:\Windows\SYSTEM32\WINMM.dll
0x00007ff818fc0000 - 0x00007ff818fc7000 	C:\Windows\system32\PSAPI.DLL
0x00007ff81a960000 - 0x00007ff81a9ba000 	C:\Windows\system32\WS2_32.dll
0x00007ff813cc0000 - 0x00007ff813cea000 	C:\Windows\SYSTEM32\WINMMBASE.dll
0x00007ff819370000 - 0x00007ff819379000 	C:\Windows\system32\NSI.dll
0x00007ff817510000 - 0x00007ff817538000 	C:\Windows\SYSTEM32\DEVOBJ.dll
0x0000000068c60000 - 0x0000000068c6f000 	C:\Program Files\Java\jdk1.8.0_60\jre\bin\verify.dll
0x0000000068c30000 - 0x0000000068c59000 	C:\Program Files\Java\jdk1.8.0_60\jre\bin\java.dll
0x0000000068c10000 - 0x0000000068c26000 	C:\Program Files\Java\jdk1.8.0_60\jre\bin\zip.dll

VM Arguments:
jvm_args: -Xmx1024M -Dfile.encoding=windows-1251 -Duser.country=RU -Duser.language=ru -Duser.variant 
java_command: com.android.dx.command.Main --dex --num-threads=4 --output C:\java\android\EventHunter\app\build\intermediates\dex\debug C:\java\android\EventHunter\app\build\intermediates\classes\debug C:\java\android\EventHunter\app\build\intermediates\pre-dexed\debug\support-annotations-23.0.1-83676807229e344ee5d98b2e8f5ee90735dbc5c3.jar C:\java\android\EventHunter\app\build\intermediates\pre-dexed\debug\classes-c20afcc1740d79820e65179484dbec29bb5f60ea.jar C:\java\android\EventHunter\app\build\intermediates\pre-dexed\debug\internal_impl-22.2.0-a83752519c01ad2ba20bc016f010d047b228f261.jar C:\java\android\EventHunter\app\build\intermediates\pre-dexed\debug\classes-b4805c3dc551e8addcdfe83006eb2e2069d3f69f.jar C:\java\android\EventHunter\app\build\intermediates\pre-dexed\debug\classes-ae9b863311f49a782185bfb452b8025793af85c8.jar C:\java\android\EventHunter\app\build\intermediates\pre-dexed\debug\classes-a8918f74546ee3dbc7aab13fd9ad1bdefcfba1e4.jar C:\java\android\EventHunter\app\build\intermediates\pre-dexed\debug\bolts-android-1.2.1-356a198f80105d5433eee2afd667d2e7d02573d1.jar C:\java\android\EventHunter\app\build\intermediates\pre-dexed\debug\classes-06bb6aa3532cad2f72f9a491dcfa9f789652485a.jar C:\java\android\EventHunter\app\build\intermediates\pre-dexed\debug\classes-b0e1490f23c0dbfdbfc3758d5ddbb5797a31a832.jar C:\java\android\EventHunter\app\build\intermediates\pre-dexed\debug\classes-573c3b2aaaf01ebf77281ed216568a2ea3f0c246.jar C:\java\android\EventHunter\app\build\intermediates\pre-dexed\debug\classes-ae8a2d517b50dadc2316914ab7a8fef2dd55ff44.jar C:\java\android\EventHunter\app\build\intermediates\pre-dexed\debug\classes-551fcf9ef8ced75a4427f5325a0b04b927bbc6d8.jar C:\java\android\EventHunter\app\build\intermediates\pre-dexed\debug\classes-639a1f6c50ea7c1445d2d4ef22bb93066db0ed9e.jar C:\java\android\EventHunter\app\build\intermediates\pre-dexed\debug\classes-5ca4f3c4ceb3497993ee5090b90b68d342d08305.jar C:\java\android\EventHunter\app\build\intermediates\pre-dex
java_class_path (initial): C:\Users\user\AppData\Local\Android\sdk\build-tools\23.0.1\lib\dx.jar
Launcher Type: SUN_STANDARD

Environment Variables:
PATH=C:\ProgramData\Oracle\Java\javapath;C:\Windows\system32;C:\Windows;C:\Windows\System32\Wbem;C:\Windows\System32\WindowsPowerShell\v1.0\;C:\Program Files (x86)\Windows Kits\8.1\Windows Performance Toolkit\;C:\Program Files\Microsoft SQL Server\110\Tools\Binn\;C:\Program Files (x86)\Intel\OpenCL SDK\2.0\bin\x86;C:\Program Files (x86)\Intel\OpenCL SDK\2.0\bin\x64;C:\Program Files (x86)\NVIDIA Corporation\PhysX\Common;c:\altera\91sp2\quartus\bin;C:\TDM-GCC-32\bin;C:\Program Files\Java\jdk1.8.0_60\bin;C:\Program Files (x86)\Skype\Phone\
USERNAME=user
OS=Windows_NT
PROCESSOR_IDENTIFIER=Intel64 Family 6 Model 42 Stepping 7, GenuineIntel



---------------  S Y S T E M  ---------------

OS: Windows 8.1 , 64 bit Build 9600 (6.3.9600.17415)

CPU:total 2 (2 cores per cpu, 1 threads per core) family 6 model 42 stepping 7, cmov, cx8, fxsr, mmx, sse, sse2, sse3, ssse3, sse4.1, sse4.2, popcnt, clmul, tsc, tscinvbit

Memory: 4k page, physical 4089116k(466452k free), swap 4089116k(5140k free)

vm_info: Java HotSpot(TM) 64-Bit Server VM (25.60-b23) for windows-amd64 JRE (1.8.0_60-b27), built on Aug  4 2015 11:06:27 by "java_re" with MS VC++ 10.0 (VS2010)

time: Sat Oct 10 19:33:34 2015
elapsed time: 14 seconds (0d 0h 0m 14s)

