#
# There is insufficient memory for the Java Runtime Environment to continue.
# Native memory allocation (malloc) failed to allocate 986336 bytes for Chunk::new
# Possible reasons:
#   The system is out of physical RAM or swap space
#   In 32 bit mode, the process size limit was hit
# Possible solutions:
#   Reduce memory load on the system
#   Increase physical memory or swap space
#   Check if swap backing store is full
#   Use 64 bit Java on a 64 bit OS
#   Decrease Java heap size (-Xmx/-Xms)
#   Decrease number of Java threads
#   Decrease Java thread stack sizes (-Xss)
#   Set larger code cache with -XX:ReservedCodeCacheSize=
# This output file may be truncated or incomplete.
#
#  Out of Memory Error (allocation.cpp:390), pid=4312, tid=4592
#
# JRE version: Java(TM) SE Runtime Environment (8.0_60-b27) (build 1.8.0_60-b27)
# Java VM: Java HotSpot(TM) 64-Bit Server VM (25.60-b23 mixed mode windows-amd64 compressed oops)
# Failed to write core dump. Minidumps are not enabled by default on client versions of Windows
#

---------------  T H R E A D  ---------------

Current thread (0x0000000005ae9800):  JavaThread "C2 CompilerThread0" daemon [_thread_in_native, id=4592, stack(0x0000000006a30000,0x0000000006b30000)]

Stack: [0x0000000006a30000,0x0000000006b30000]
[error occurred during error reporting (printing stack bounds), id 0xc0000005]

Native frames: (J=compiled Java code, j=interpreted, Vv=VM code, C=native code)


Current CompileTask:
C2:  13071 1813       4       com.android.dx.ssa.SCCP::simulatePhiBlock (50 bytes)


---------------  P R O C E S S  ---------------

Java Threads: ( => current thread )
  0x000000000705e000 JavaThread "pool-1-thread-3" [_thread_in_vm, id=984, stack(0x0000000007530000,0x0000000007630000)]
  0x0000000005b4b800 JavaThread "Service Thread" daemon [_thread_blocked, id=708, stack(0x0000000006c30000,0x0000000006d30000)]
  0x0000000005b41000 JavaThread "C1 CompilerThread1" daemon [_thread_blocked, id=1620, stack(0x0000000006b30000,0x0000000006c30000)]
=>0x0000000005ae9800 JavaThread "C2 CompilerThread0" daemon [_thread_in_native, id=4592, stack(0x0000000006a30000,0x0000000006b30000)]
  0x0000000005ae8800 JavaThread "Attach Listener" daemon [_thread_blocked, id=4176, stack(0x0000000006930000,0x0000000006a30000)]
  0x0000000005ae5000 JavaThread "Signal Dispatcher" daemon [_thread_blocked, id=4872, stack(0x0000000006830000,0x0000000006930000)]
  0x0000000002652800 JavaThread "Finalizer" daemon [_thread_blocked, id=4012, stack(0x0000000006730000,0x0000000006830000)]
  0x0000000002649800 JavaThread "Reference Handler" daemon [_thread_blocked, id=4476, stack(0x0000000006630000,0x0000000006730000)]
  0x0000000002560800 JavaThread "main" [_thread_in_Java, id=2784, stack(0x0000000002460000,0x0000000002560000)]

Other Threads:
  0x0000000005ab6000 VMThread [stack: 0x0000000006530000,0x0000000006630000] [id=1384]
  0x0000000005b69800 WatcherThread [stack: 0x0000000006d30000,0x0000000006e30000] [id=3988]

VM state:not at safepoint (normal execution)

VM Mutex/Monitor currently owned by a thread: None

Heap:
 PSYoungGen      total 35328K, used 34730K [0x00000000eab00000, 0x00000000ed000000, 0x0000000100000000)
  eden space 32768K, 98% used [0x00000000eab00000,0x00000000eca6c178,0x00000000ecb00000)
  from space 2560K, 99% used [0x00000000ecb00000,0x00000000ecd7e988,0x00000000ecd80000)
  to   space 2560K, 0% used [0x00000000ecd80000,0x00000000ecd80000,0x00000000ed000000)
 ParOldGen       total 44032K, used 14832K [0x00000000c0000000, 0x00000000c2b00000, 0x00000000eab00000)
  object space 44032K, 33% used [0x00000000c0000000,0x00000000c0e7c0f0,0x00000000c2b00000)
 Metaspace       used 6356K, capacity 7216K, committed 7296K, reserved 1056768K
  class space    used 596K, capacity 616K, committed 640K, reserved 1048576K

Card table byte_map: [0x0000000002a20000,0x0000000002c30000] byte_map_base: 0x0000000002420000

Marking Bits: (ParMarkBitMap*) 0x0000000074b3a5b0
 Begin Bits: [0x0000000002f90000, 0x0000000003f90000)
 End Bits:   [0x0000000003f90000, 0x0000000004f90000)

Polling page: 0x0000000000670000

CodeCache: size=245760Kb used=8566Kb max_used=8566Kb free=237193Kb
 bounds [0x000000000f010000, 0x000000000f880000, 0x000000001e010000]
 total_blobs=2143 nmethods=1874 adapters=182
 compilation: enabled

Compilation events (10 events):
Event: 13.057 Thread 0x0000000005b41000 1882 %     3       com.android.dx.dex.code.OutputFinisher::getAllConstants @ 18 (47 bytes)
Event: 13.058 Thread 0x0000000005b41000 nmethod 1882% 0x000000000f86ff50 code [0x000000000f870180, 0x000000000f870b98]
Event: 13.058 Thread 0x0000000005b41000 1883       3       com.android.dx.dex.code.OutputFinisher::getAllConstants (47 bytes)
Event: 13.059 Thread 0x0000000005b41000 nmethod 1883 0x000000000f871090 code [0x000000000f8712c0, 0x000000000f871c28]
Event: 13.061 Thread 0x0000000005b41000 1884       2       com.android.dx.dex.file.CodeItem::addContents (174 bytes)
Event: 13.062 Thread 0x0000000005b41000 nmethod 1884 0x000000000f872190 code [0x000000000f8723e0, 0x000000000f872b28]
Event: 13.063 Thread 0x0000000005b41000 1885       2       java.util.HashMap::keySet (27 bytes)
Event: 13.063 Thread 0x0000000005b41000 nmethod 1885 0x000000000f8732d0 code [0x000000000f873420, 0x000000000f873610]
Event: 13.063 Thread 0x0000000005b41000 1886       2       java.util.HashMap$KeySet::iterator (12 bytes)
Event: 13.063 Thread 0x0000000005b41000 nmethod 1886 0x000000000f873690 code [0x000000000f873800, 0x000000000f8739e8]

GC Heap History (10 events):
Event: 4.329 GC heap before
{Heap before GC invocations=1 (full 0):
 PSYoungGen      total 18944K, used 16384K [0x00000000eab00000, 0x00000000ec000000, 0x0000000100000000)
  eden space 16384K, 100% used [0x00000000eab00000,0x00000000ebb00000,0x00000000ebb00000)
  from space 2560K, 0% used [0x00000000ebd80000,0x00000000ebd80000,0x00000000ec000000)
  to   space 2560K, 0% used [0x00000000ebb00000,0x00000000ebb00000,0x00000000ebd80000)
 ParOldGen       total 44032K, used 0K [0x00000000c0000000, 0x00000000c2b00000, 0x00000000eab00000)
  object space 44032K, 0% used [0x00000000c0000000,0x00000000c0000000,0x00000000c2b00000)
 Metaspace       used 5755K, capacity 6768K, committed 7040K, reserved 1056768K
  class space    used 586K, capacity 616K, committed 640K, reserved 1048576K
Event: 4.340 GC heap after
Heap after GC invocations=1 (full 0):
 PSYoungGen      total 18944K, used 2551K [0x00000000eab00000, 0x00000000ec000000, 0x0000000100000000)
  eden space 16384K, 0% used [0x00000000eab00000,0x00000000eab00000,0x00000000ebb00000)
  from space 2560K, 99% used [0x00000000ebb00000,0x00000000ebd7dc60,0x00000000ebd80000)
  to   space 2560K, 0% used [0x00000000ebd80000,0x00000000ebd80000,0x00000000ec000000)
 ParOldGen       total 44032K, used 1911K [0x00000000c0000000, 0x00000000c2b00000, 0x00000000eab00000)
  object space 44032K, 4% used [0x00000000c0000000,0x00000000c01ddc78,0x00000000c2b00000)
 Metaspace       used 5755K, capacity 6768K, committed 7040K, reserved 1056768K
  class space    used 586K, capacity 616K, committed 640K, reserved 1048576K
}
Event: 6.389 GC heap before
{Heap before GC invocations=2 (full 0):
 PSYoungGen      total 18944K, used 18935K [0x00000000eab00000, 0x00000000ec000000, 0x0000000100000000)
  eden space 16384K, 100% used [0x00000000eab00000,0x00000000ebb00000,0x00000000ebb00000)
  from space 2560K, 99% used [0x00000000ebb00000,0x00000000ebd7dc60,0x00000000ebd80000)
  to   space 2560K, 0% used [0x00000000ebd80000,0x00000000ebd80000,0x00000000ec000000)
 ParOldGen       total 44032K, used 1911K [0x00000000c0000000, 0x00000000c2b00000, 0x00000000eab00000)
  object space 44032K, 4% used [0x00000000c0000000,0x00000000c01ddc78,0x00000000c2b00000)
 Metaspace       used 6002K, capacity 6960K, committed 7040K, reserved 1056768K
  class space    used 588K, capacity 616K, committed 640K, reserved 1048576K
Event: 6.566 GC heap after
Heap after GC invocations=2 (full 0):
 PSYoungGen      total 18944K, used 2560K [0x00000000eab00000, 0x00000000ed000000, 0x0000000100000000)
  eden space 16384K, 0% used [0x00000000eab00000,0x00000000eab00000,0x00000000ebb00000)
  from space 2560K, 100% used [0x00000000ebd80000,0x00000000ec000000,0x00000000ec000000)
  to   space 2560K, 0% used [0x00000000ebb00000,0x00000000ebb00000,0x00000000ebd80000)
 ParOldGen       total 44032K, used 4539K [0x00000000c0000000, 0x00000000c2b00000, 0x00000000eab00000)
  object space 44032K, 10% used [0x00000000c0000000,0x00000000c046efb8,0x00000000c2b00000)
 Metaspace       used 6002K, capacity 6960K, committed 7040K, reserved 1056768K
  class space    used 588K, capacity 616K, committed 640K, reserved 1048576K
}
Event: 10.122 GC heap before
{Heap before GC invocations=3 (full 0):
 PSYoungGen      total 18944K, used 18944K [0x00000000eab00000, 0x00000000ed000000, 0x0000000100000000)
  eden space 16384K, 100% used [0x00000000eab00000,0x00000000ebb00000,0x00000000ebb00000)
  from space 2560K, 100% used [0x00000000ebd80000,0x00000000ec000000,0x00000000ec000000)
  to   space 2560K, 0% used [0x00000000ebb00000,0x00000000ebb00000,0x00000000ebd80000)
 ParOldGen       total 44032K, used 4539K [0x00000000c0000000, 0x00000000c2b00000, 0x00000000eab00000)
  object space 44032K, 10% used [0x00000000c0000000,0x00000000c046efb8,0x00000000c2b00000)
 Metaspace       used 6067K, capacity 7024K, committed 7296K, reserved 1056768K
  class space    used 588K, capacity 616K, committed 640K, reserved 1048576K
Event: 10.211 GC heap after
Heap after GC invocations=3 (full 0):
 PSYoungGen      total 18944K, used 2544K [0x00000000eab00000, 0x00000000ed000000, 0x0000000100000000)
  eden space 16384K, 0% used [0x00000000eab00000,0x00000000eab00000,0x00000000ebb00000)
  from space 2560K, 99% used [0x00000000ebb00000,0x00000000ebd7c010,0x00000000ebd80000)
  to   space 2560K, 0% used [0x00000000ecd80000,0x00000000ecd80000,0x00000000ed000000)
 ParOldGen       total 44032K, used 6719K [0x00000000c0000000, 0x00000000c2b00000, 0x00000000eab00000)
  object space 44032K, 15% used [0x00000000c0000000,0x00000000c068ffc8,0x00000000c2b00000)
 Metaspace       used 6067K, capacity 7024K, committed 7296K, reserved 1056768K
  class space    used 588K, capacity 616K, committed 640K, reserved 1048576K
}
Event: 11.984 GC heap before
{Heap before GC invocations=4 (full 0):
 PSYoungGen      total 18944K, used 18928K [0x00000000eab00000, 0x00000000ed000000, 0x0000000100000000)
  eden space 16384K, 100% used [0x00000000eab00000,0x00000000ebb00000,0x00000000ebb00000)
  from space 2560K, 99% used [0x00000000ebb00000,0x00000000ebd7c010,0x00000000ebd80000)
  to   space 2560K, 0% used [0x00000000ecd80000,0x00000000ecd80000,0x00000000ed000000)
 ParOldGen       total 44032K, used 6719K [0x00000000c0000000, 0x00000000c2b00000, 0x00000000eab00000)
  object space 44032K, 15% used [0x00000000c0000000,0x00000000c068ffc8,0x00000000c2b00000)
 Metaspace       used 6122K, capacity 7088K, committed 7296K, reserved 1056768K
  class space    used 588K, capacity 616K, committed 640K, reserved 1048576K
Event: 12.048 GC heap after
Heap after GC invocations=4 (full 0):
 PSYoungGen      total 35328K, used 2554K [0x00000000eab00000, 0x00000000ed000000, 0x0000000100000000)
  eden space 32768K, 0% used [0x00000000eab00000,0x00000000eab00000,0x00000000ecb00000)
  from space 2560K, 99% used [0x00000000ecd80000,0x00000000ecffe988,0x00000000ed000000)
  to   space 2560K, 0% used [0x00000000ecb00000,0x00000000ecb00000,0x00000000ecd80000)
 ParOldGen       total 44032K, used 9418K [0x00000000c0000000, 0x00000000c2b00000, 0x00000000eab00000)
  object space 44032K, 21% used [0x00000000c0000000,0x00000000c0932828,0x00000000c2b00000)
 Metaspace       used 6122K, capacity 7088K, committed 7296K, reserved 1056768K
  class space    used 588K, capacity 616K, committed 640K, reserved 1048576K
}
Event: 12.542 GC heap before
{Heap before GC invocations=5 (full 0):
 PSYoungGen      total 35328K, used 35322K [0x00000000eab00000, 0x00000000ed000000, 0x0000000100000000)
  eden space 32768K, 100% used [0x00000000eab00000,0x00000000ecb00000,0x00000000ecb00000)
  from space 2560K, 99% used [0x00000000ecd80000,0x00000000ecffe988,0x00000000ed000000)
  to   space 2560K, 0% used [0x00000000ecb00000,0x00000000ecb00000,0x00000000ecd80000)
 ParOldGen       total 44032K, used 9418K [0x00000000c0000000, 0x00000000c2b00000, 0x00000000eab00000)
  object space 44032K, 21% used [0x00000000c0000000,0x00000000c0932828,0x00000000c2b00000)
 Metaspace       used 6161K, capacity 7088K, committed 7296K, reserved 1056768K
  class space    used 589K, capacity 616K, committed 640K, reserved 1048576K
Event: 12.608 GC heap after
Heap after GC invocations=5 (full 0):
 PSYoungGen      total 35328K, used 2554K [0x00000000eab00000, 0x00000000ed000000, 0x0000000100000000)
  eden space 32768K, 0% used [0x00000000eab00000,0x00000000eab00000,0x00000000ecb00000)
  from space 2560K, 99% used [0x00000000ecb00000,0x00000000ecd7e988,0x00000000ecd80000)
  to   space 2560K, 0% used [0x00000000ecd80000,0x00000000ecd80000,0x00000000ed000000)
 ParOldGen       total 44032K, used 14832K [0x00000000c0000000, 0x00000000c2b00000, 0x00000000eab00000)
  object space 44032K, 33% used [0x00000000c0000000,0x00000000c0e7c0f0,0x00000000c2b00000)
 Metaspace       used 6161K, capacity 7088K, committed 7296K, reserved 1056768K
  class space    used 589K, capacity 616K, committed 640K, reserved 1048576K
}

Deoptimization events (10 events):
Event: 12.876 Thread 0x000000000705e000 Uncommon trap: reason=bimorphic action=maybe_recompile pc=0x000000000f656fe0 method=com.android.dx.ssa.LiteralOpUpgrader.tryReplacingWithConstant(Lcom/android/dx/ssa/NormalSsaInsn;)Z @ 62
Event: 12.968 Thread 0x0000000007054800 Uncommon trap: reason=bimorphic action=maybe_recompile pc=0x000000000f656fe0 method=com.android.dx.ssa.LiteralOpUpgrader.tryReplacingWithConstant(Lcom/android/dx/ssa/NormalSsaInsn;)Z @ 62
Event: 12.976 Thread 0x0000000007054800 Uncommon trap: reason=bimorphic action=maybe_recompile pc=0x000000000f656fe0 method=com.android.dx.ssa.LiteralOpUpgrader.tryReplacingWithConstant(Lcom/android/dx/ssa/NormalSsaInsn;)Z @ 62
Event: 12.983 Thread 0x0000000007054800 Uncommon trap: reason=bimorphic action=maybe_recompile pc=0x000000000f656fe0 method=com.android.dx.ssa.LiteralOpUpgrader.tryReplacingWithConstant(Lcom/android/dx/ssa/NormalSsaInsn;)Z @ 62
Event: 13.013 Thread 0x0000000002560800 Uncommon trap: reason=class_check action=maybe_recompile pc=0x000000000f4816c8 method=java.util.Arrays.hashCode([Ljava/lang/Object;)I @ 43
Event: 13.013 Thread 0x0000000002560800 Uncommon trap: reason=class_check action=maybe_recompile pc=0x000000000f4816c8 method=java.util.Arrays.hashCode([Ljava/lang/Object;)I @ 43
Event: 13.014 Thread 0x0000000002560800 Uncommon trap: reason=class_check action=maybe_recompile pc=0x000000000f4816c8 method=java.util.Arrays.hashCode([Ljava/lang/Object;)I @ 43
Event: 13.014 Thread 0x0000000002560800 Uncommon trap: reason=class_check action=maybe_recompile pc=0x000000000f4816c8 method=java.util.Arrays.hashCode([Ljava/lang/Object;)I @ 43
Event: 13.016 Thread 0x0000000002560800 Uncommon trap: reason=class_check action=maybe_recompile pc=0x000000000f465b34 method=java.util.Arrays.hashCode([Ljava/lang/Object;)I @ 43
Event: 13.037 Thread 0x0000000002560800 Uncommon trap: reason=class_check action=maybe_recompile pc=0x000000000f4a2558 method=java.util.HashMap.putVal(ILjava/lang/Object;Ljava/lang/Object;ZZ)Ljava/lang/Object; @ 203

Internal exceptions (3 events):
Event: 0.505 Thread 0x0000000002560800 Exception <a 'java/lang/NoSuchMethodError': Method sun.misc.Unsafe.defineClass(Ljava/lang/String;[BII)Ljava/lang/Class; name or signature does not match> (0x00000000eab13020) thrown at [C:\re\workspace\8-2-build-windows-amd64-cygwin\jdk8u60\4407\hotspot\srÏ ¡0(‡?
Event: 0.505 Thread 0x0000000002560800 Exception <a 'java/lang/NoSuchMethodError': Method sun.misc.Unsafe.prefetchRead(Ljava/lang/Object;J)V name or signature does not match> (0x00000000eab13308) thrown at [C:\re\workspace\8-2-build-windows-amd64-cygwin\jdk8u60\4407\hotspot\src\share\vm\prims\jŒ∆"7@
Event: 7.755 Thread 0x0000000007062800 Implicit null exception at 0x000000000f4899e2 to 0x000000000f489ad2

Events (10 events):
Event: 13.016 Thread 0x0000000002560800 DEOPT UNPACKING pc=0x000000000f05582a sp=0x000000000255ebb8 mode 2
Event: 13.016 loading class com/android/dx/rop/cst/Zeroes
Event: 13.016 loading class com/android/dx/rop/cst/Zeroes done
Event: 13.037 Thread 0x0000000002560800 Uncommon trap: trap_request=0xffffffde fr.pc=0x000000000f4a2558
Event: 13.037 Thread 0x0000000002560800 DEOPT PACKING pc=0x000000000f4a2558 sp=0x000000000255eda0
Event: 13.037 Thread 0x0000000002560800 DEOPT UNPACKING pc=0x000000000f05582a sp=0x000000000255ecb0 mode 2
Event: 13.049 loading class com/android/dx/dex/file/CatchStructs
Event: 13.049 loading class com/android/dx/dex/file/CatchStructs done
Event: 13.059 Thread 0x0000000002560800 DEOPT PACKING pc=0x000000000f86ed94 sp=0x000000000255ed80
Event: 13.059 Thread 0x0000000002560800 DEOPT UNPACKING pc=0x000000000f05747f sp=0x000000000255eb18 mode 0


Dynamic libraries:
0x00007ff649730000 - 0x00007ff649767000 	C:\Program Files\Java\jdk1.8.0_60\bin\java.exe
0x00007ffabf4b0000 - 0x00007ffabf65c000 	C:\Windows\SYSTEM32\ntdll.dll
0x00007ffabd0d0000 - 0x00007ffabd20e000 	C:\Windows\system32\KERNEL32.DLL
0x00007ffabc960000 - 0x00007ffabca75000 	C:\Windows\system32\KERNELBASE.dll
0x00007ffabb150000 - 0x00007ffabb1de000 	C:\Windows\system32\apphelp.dll
0x00007ffa9ff10000 - 0x00007ffa9ff63000 	C:\Windows\AppPatch\AppPatch64\AcGenral.DLL
0x00007ffabcb90000 - 0x00007ffabcc3a000 	C:\Windows\system32\msvcrt.dll
0x00007ffabc380000 - 0x00007ffabc3ae000 	C:\Windows\SYSTEM32\SspiCli.dll
0x00007ffabecd0000 - 0x00007ffabed24000 	C:\Windows\system32\SHLWAPI.dll
0x00007ffabea30000 - 0x00007ffabeba7000 	C:\Windows\system32\USER32.dll
0x00007ffabeee0000 - 0x00007ffabf074000 	C:\Windows\system32\ole32.dll
0x00007ffabd3a0000 - 0x00007ffabe8b8000 	C:\Windows\system32\SHELL32.dll
0x00007ffabbb50000 - 0x00007ffabbb71000 	C:\Windows\SYSTEM32\USERENV.dll
0x00007ffabd220000 - 0x00007ffabd2ca000 	C:\Windows\system32\ADVAPI32.dll
0x00007ffab44f0000 - 0x00007ffab450e000 	C:\Windows\SYSTEM32\MPR.dll
0x00007ffabf0c0000 - 0x00007ffabf201000 	C:\Windows\system32\RPCRT4.dll
0x00007ffabcf10000 - 0x00007ffabcf69000 	C:\Windows\SYSTEM32\sechost.dll
0x00007ffabcc60000 - 0x00007ffabce71000 	C:\Windows\SYSTEM32\combase.dll
0x00007ffabcf70000 - 0x00007ffabd0c1000 	C:\Windows\system32\GDI32.dll
0x00007ffabc600000 - 0x00007ffabc615000 	C:\Windows\SYSTEM32\profapi.dll
0x00007ffabade0000 - 0x00007ffabae92000 	C:\Windows\SYSTEM32\SHCORE.dll
0x00007ffabf080000 - 0x00007ffabf0b6000 	C:\Windows\system32\IMM32.DLL
0x00007ffabe8c0000 - 0x00007ffabea12000 	C:\Windows\system32\MSCTF.dll
0x00007ffabc5b0000 - 0x00007ffabc5e1000 	C:\Windows\system32\nvinitx.dll
0x00007ffabc5a0000 - 0x00007ffabc5aa000 	C:\Windows\SYSTEM32\VERSION.dll
0x000000000f000000 - 0x000000000f006000 	C:\Program Files\NVIDIA Corporation\CoProcManager\_etoured.dll
0x00007ffaba8f0000 - 0x00007ffaba922000 	C:\Program Files\NVIDIA Corporation\CoProcManager\nvd3d9wrapx.dll
0x00007ffabf210000 - 0x00007ffabf3ea000 	C:\Windows\system32\SETUPAPI.dll
0x00007ffabc910000 - 0x00007ffabc95f000 	C:\Windows\system32\CFGMGR32.dll
0x00007ffaba8c0000 - 0x00007ffaba8e2000 	C:\Program Files\NVIDIA Corporation\CoProcManager\nvdxgiwrapx.dll
0x00007ffab8770000 - 0x00007ffab89eb000 	C:\Windows\WinSxS\amd64_microsoft.windows.common-controls_6595b64144ccf1df_6.0.9600.17415_none_6240486fecbd8abb\COMCTL32.dll
0x0000000073c80000 - 0x0000000073d52000 	C:\Program Files\Java\jdk1.8.0_60\jre\bin\msvcr100.dll
0x0000000074330000 - 0x0000000074bb9000 	C:\Program Files\Java\jdk1.8.0_60\jre\bin\server\jvm.dll
0x00007ffaaff30000 - 0x00007ffaaff39000 	C:\Windows\SYSTEM32\WSOCK32.dll
0x00007ffab8aa0000 - 0x00007ffab8ac2000 	C:\Windows\SYSTEM32\WINMM.dll
0x00007ffabea20000 - 0x00007ffabea27000 	C:\Windows\system32\PSAPI.DLL
0x00007ffabebb0000 - 0x00007ffabec0a000 	C:\Windows\system32\WS2_32.dll
0x00007ffab7b50000 - 0x00007ffab7b7a000 	C:\Windows\SYSTEM32\WINMMBASE.dll
0x00007ffabcf00000 - 0x00007ffabcf09000 	C:\Windows\system32\NSI.dll
0x00007ffabb3b0000 - 0x00007ffabb3d8000 	C:\Windows\SYSTEM32\DEVOBJ.dll
0x0000000074320000 - 0x000000007432f000 	C:\Program Files\Java\jdk1.8.0_60\jre\bin\verify.dll
0x00000000742f0000 - 0x0000000074319000 	C:\Program Files\Java\jdk1.8.0_60\jre\bin\java.dll
0x00000000742d0000 - 0x00000000742e6000 	C:\Program Files\Java\jdk1.8.0_60\jre\bin\zip.dll

VM Arguments:
jvm_args: -Xmx1024M -Dfile.encoding=windows-1251 -Duser.country=RU -Duser.language=ru -Duser.variant 
java_command: com.android.dx.command.Main --dex --num-threads=4 --output C:\java\android\EventHunter\app\build\intermediates\pre-dexed\release\classes-91f14afccf4f9b128d77971c312d04c72be9b9b2.jar C:\java\android\EventHunter\app\build\intermediates\exploded-aar\com.google.android.gms\play-services-wearable\8.1.0\jars\classes.jar
java_class_path (initial): C:\Users\user\AppData\Local\Android\sdk\build-tools\23.0.1\lib\dx.jar
Launcher Type: SUN_STANDARD

Environment Variables:
PATH=C:\ProgramData\Oracle\Java\javapath;C:\Windows\system32;C:\Windows;C:\Windows\System32\Wbem;C:\Windows\System32\WindowsPowerShell\v1.0\;C:\Program Files (x86)\Windows Kits\8.1\Windows Performance Toolkit\;C:\Program Files\Microsoft SQL Server\110\Tools\Binn\;C:\Program Files (x86)\Intel\OpenCL SDK\2.0\bin\x86;C:\Program Files (x86)\Intel\OpenCL SDK\2.0\bin\x64;C:\Program Files (x86)\NVIDIA Corporation\PhysX\Common;c:\altera\91sp2\quartus\bin;C:\TDM-GCC-32\bin;C:\Program Files\Java\jdk1.8.0_60\bin;C:\Program Files (x86)\Skype\Phone\
USERNAME=user
OS=Windows_NT
PROCESSOR_IDENTIFIER=Intel64 Family 6 Model 42 Stepping 7, GenuineIntel



---------------  S Y S T E M  ---------------

OS: Windows 8.1 , 64 bit Build 9600 (6.3.9600.17415)

CPU:total 2 (2 cores per cpu, 1 threads per core) family 6 model 42 stepping 7, cmov, cx8, fxsr, mmx, sse, sse2, sse3, ssse3, sse4.1, sse4.2, popcnt, clmul, tsc, tscinvbit

Memory: 4k page, physical 4089116k(418424k free), swap 4089116k(5380k free)

vm_info: Java HotSpot(TM) 64-Bit Server VM (25.60-b23) for windows-amd64 JRE (1.8.0_60-b27), built on Aug  4 2015 11:06:27 by "java_re" with MS VC++ 10.0 (VS2010)

time: Tue Oct 13 23:49:39 2015
elapsed time: 13 seconds (0d 0h 0m 13s)

