#
# There is insufficient memory for the Java Runtime Environment to continue.
# Native memory allocation (malloc) failed to allocate 1443056 bytes for Chunk::new
# Possible reasons:
#   The system is out of physical RAM or swap space
#   In 32 bit mode, the process size limit was hit
# Possible solutions:
#   Reduce memory load on the system
#   Increase physical memory or swap space
#   Check if swap backing store is full
#   Use 64 bit Java on a 64 bit OS
#   Decrease Java heap size (-Xmx/-Xms)
#   Decrease number of Java threads
#   Decrease Java thread stack sizes (-Xss)
#   Set larger code cache with -XX:ReservedCodeCacheSize=
# This output file may be truncated or incomplete.
#
#  Out of Memory Error (allocation.cpp:390), pid=5828, tid=2748
#
# JRE version: Java(TM) SE Runtime Environment (8.0_60-b27) (build 1.8.0_60-b27)
# Java VM: Java HotSpot(TM) 64-Bit Server VM (25.60-b23 mixed mode windows-amd64 compressed oops)
# Failed to write core dump. Minidumps are not enabled by default on client versions of Windows
#

---------------  T H R E A D  ---------------

Current thread (0x00000000060e7800):  JavaThread "C2 CompilerThread0" daemon [_thread_in_native, id=2748, stack(0x0000000007110000,0x0000000007210000)]

Stack: [0x0000000007110000,0x0000000007210000]
[error occurred during error reporting (printing stack bounds), id 0xc0000005]

Native frames: (J=compiled Java code, j=interpreted, Vv=VM code, C=native code)


Current CompileTask:
C2:   4130 2818       4       com.android.dx.merge.DexMerger::transformCode (252 bytes)


---------------  P R O C E S S  ---------------

Java Threads: ( => current thread )
  0x000000000617e800 JavaThread "Service Thread" daemon [_thread_blocked, id=5684, stack(0x0000000007310000,0x0000000007410000)]
  0x00000000060ea800 JavaThread "C1 CompilerThread1" daemon [_thread_blocked, id=3904, stack(0x0000000007210000,0x0000000007310000)]
=>0x00000000060e7800 JavaThread "C2 CompilerThread0" daemon [_thread_in_native, id=2748, stack(0x0000000007110000,0x0000000007210000)]
  0x00000000060e6000 JavaThread "Attach Listener" daemon [_thread_blocked, id=1692, stack(0x0000000007010000,0x0000000007110000)]
  0x00000000060f3000 JavaThread "Signal Dispatcher" daemon [_thread_blocked, id=4404, stack(0x0000000006f10000,0x0000000007010000)]
  0x0000000002c54800 JavaThread "Finalizer" daemon [_thread_blocked, id=4956, stack(0x0000000006d30000,0x0000000006e30000)]
  0x0000000002c4b800 JavaThread "Reference Handler" daemon [_thread_blocked, id=3112, stack(0x0000000006c30000,0x0000000006d30000)]
  0x0000000002b62800 JavaThread "main" [_thread_in_Java, id=5184, stack(0x0000000002a60000,0x0000000002b60000)]

Other Threads:
  0x00000000060b6000 VMThread [stack: 0x0000000006b30000,0x0000000006c30000] [id=6140]
  0x0000000007418800 WatcherThread [stack: 0x0000000007810000,0x0000000007910000] [id=4908]

VM state:not at safepoint (normal execution)

VM Mutex/Monitor currently owned by a thread: None

Heap:
 PSYoungGen      total 68096K, used 23763K [0x00000000eab00000, 0x00000000f4600000, 0x0000000100000000)
  eden space 65536K, 32% used [0x00000000eab00000,0x00000000ebfb4fc0,0x00000000eeb00000)
  from space 2560K, 99% used [0x00000000eeb00000,0x00000000eed7fce8,0x00000000eed80000)
  to   space 13824K, 0% used [0x00000000f3880000,0x00000000f3880000,0x00000000f4600000)
 ParOldGen       total 44032K, used 23442K [0x00000000c0000000, 0x00000000c2b00000, 0x00000000eab00000)
  object space 44032K, 53% used [0x00000000c0000000,0x00000000c16e4980,0x00000000c2b00000)
 Metaspace       used 8231K, capacity 8270K, committed 8576K, reserved 1056768K
  class space    used 785K, capacity 818K, committed 896K, reserved 1048576K

Card table byte_map: [0x0000000003020000,0x0000000003230000] byte_map_base: 0x0000000002a20000

Marking Bits: (ParMarkBitMap*) 0x000000006831a5b0
 Begin Bits: [0x0000000003590000, 0x0000000004590000)
 End Bits:   [0x0000000004590000, 0x0000000005590000)

Polling page: 0x0000000000c80000

CodeCache: size=245760Kb used=10128Kb max_used=10128Kb free=235632Kb
 bounds [0x000000000f010000, 0x000000000fa00000, 0x000000001e010000]
 total_blobs=3133 nmethods=2840 adapters=206
 compilation: enabled

Compilation events (10 events):
Event: 4.112 Thread 0x00000000060ea800 2858       3       com.android.dx.merge.DexMerger::transformAnnotationSet (82 bytes)
Event: 4.113 Thread 0x00000000060ea800 nmethod 2858 0x000000000f9f4ed0 code [0x000000000f9f5160, 0x000000000f9f6668]
Event: 4.113 Thread 0x00000000060ea800 2859 %     3       java.util.HashMap$TreeNode::balanceInsertion @ 5 (245 bytes)
Event: 4.114 Thread 0x00000000060ea800 nmethod 2859% 0x000000000f9f7010 code [0x000000000f9f7240, 0x000000000f9f7c38]
Event: 4.114 Thread 0x00000000060ea800 2860       3       java.util.HashMap$TreeNode::balanceInsertion (245 bytes)
Event: 4.115 Thread 0x00000000060ea800 nmethod 2860 0x000000000f9f81d0 code [0x000000000f9f8400, 0x000000000f9f8db8]
Event: 4.119 Thread 0x00000000060ea800 2861       2       java.util.TimSort::ensureCapacity (107 bytes)
Event: 4.119 Thread 0x00000000060ea800 nmethod 2861 0x000000000f9f9350 code [0x000000000f9f94c0, 0x000000000f9f9738]
Event: 4.120 Thread 0x00000000060ea800 2862       2       java.util.TimSort::mergeLo (659 bytes)
Event: 4.122 Thread 0x00000000060ea800 nmethod 2862 0x000000000f9f9890 code [0x000000000f9f9b20, 0x000000000f9fb1f8]

GC Heap History (10 events):
Event: 0.889 GC heap before
{Heap before GC invocations=1 (full 0):
 PSYoungGen      total 18944K, used 16384K [0x00000000eab00000, 0x00000000ec000000, 0x0000000100000000)
  eden space 16384K, 100% used [0x00000000eab00000,0x00000000ebb00000,0x00000000ebb00000)
  from space 2560K, 0% used [0x00000000ebd80000,0x00000000ebd80000,0x00000000ec000000)
  to   space 2560K, 0% used [0x00000000ebb00000,0x00000000ebb00000,0x00000000ebd80000)
 ParOldGen       total 44032K, used 0K [0x00000000c0000000, 0x00000000c2b00000, 0x00000000eab00000)
  object space 44032K, 0% used [0x00000000c0000000,0x00000000c0000000,0x00000000c2b00000)
 Metaspace       used 5575K, capacity 6832K, committed 7040K, reserved 1056768K
  class space    used 573K, capacity 616K, committed 640K, reserved 1048576K
Event: 0.899 GC heap after
Heap after GC invocations=1 (full 0):
 PSYoungGen      total 18944K, used 2536K [0x00000000eab00000, 0x00000000ed000000, 0x0000000100000000)
  eden space 16384K, 0% used [0x00000000eab00000,0x00000000eab00000,0x00000000ebb00000)
  from space 2560K, 99% used [0x00000000ebb00000,0x00000000ebd7a3d0,0x00000000ebd80000)
  to   space 2560K, 0% used [0x00000000ecd80000,0x00000000ecd80000,0x00000000ed000000)
 ParOldGen       total 44032K, used 2162K [0x00000000c0000000, 0x00000000c2b00000, 0x00000000eab00000)
  object space 44032K, 4% used [0x00000000c0000000,0x00000000c021cb08,0x00000000c2b00000)
 Metaspace       used 5575K, capacity 6832K, committed 7040K, reserved 1056768K
  class space    used 573K, capacity 616K, committed 640K, reserved 1048576K
}
Event: 1.444 GC heap before
{Heap before GC invocations=2 (full 0):
 PSYoungGen      total 18944K, used 18920K [0x00000000eab00000, 0x00000000ed000000, 0x0000000100000000)
  eden space 16384K, 100% used [0x00000000eab00000,0x00000000ebb00000,0x00000000ebb00000)
  from space 2560K, 99% used [0x00000000ebb00000,0x00000000ebd7a3d0,0x00000000ebd80000)
  to   space 2560K, 0% used [0x00000000ecd80000,0x00000000ecd80000,0x00000000ed000000)
 ParOldGen       total 44032K, used 2162K [0x00000000c0000000, 0x00000000c2b00000, 0x00000000eab00000)
  object space 44032K, 4% used [0x00000000c0000000,0x00000000c021cb08,0x00000000c2b00000)
 Metaspace       used 5765K, capacity 6960K, committed 7040K, reserved 1056768K
  class space    used 576K, capacity 616K, committed 640K, reserved 1048576K
Event: 1.465 GC heap after
Heap after GC invocations=2 (full 0):
 PSYoungGen      total 35328K, used 2533K [0x00000000eab00000, 0x00000000ed000000, 0x0000000100000000)
  eden space 32768K, 0% used [0x00000000eab00000,0x00000000eab00000,0x00000000ecb00000)
  from space 2560K, 98% used [0x00000000ecd80000,0x00000000ecff9530,0x00000000ed000000)
  to   space 2560K, 0% used [0x00000000ecb00000,0x00000000ecb00000,0x00000000ecd80000)
 ParOldGen       total 44032K, used 4903K [0x00000000c0000000, 0x00000000c2b00000, 0x00000000eab00000)
  object space 44032K, 11% used [0x00000000c0000000,0x00000000c04c9e50,0x00000000c2b00000)
 Metaspace       used 5765K, capacity 6960K, committed 7040K, reserved 1056768K
  class space    used 576K, capacity 616K, committed 640K, reserved 1048576K
}
Event: 2.410 GC heap before
{Heap before GC invocations=3 (full 0):
 PSYoungGen      total 35328K, used 35301K [0x00000000eab00000, 0x00000000ed000000, 0x0000000100000000)
  eden space 32768K, 100% used [0x00000000eab00000,0x00000000ecb00000,0x00000000ecb00000)
  from space 2560K, 98% used [0x00000000ecd80000,0x00000000ecff9530,0x00000000ed000000)
  to   space 2560K, 0% used [0x00000000ecb00000,0x00000000ecb00000,0x00000000ecd80000)
 ParOldGen       total 44032K, used 4903K [0x00000000c0000000, 0x00000000c2b00000, 0x00000000eab00000)
  object space 44032K, 11% used [0x00000000c0000000,0x00000000c04c9e50,0x00000000c2b00000)
 Metaspace       used 6206K, capacity 7152K, committed 7296K, reserved 1056768K
  class space    used 592K, capacity 616K, committed 640K, reserved 1048576K
Event: 2.436 GC heap after
Heap after GC invocations=3 (full 0):
 PSYoungGen      total 35328K, used 2549K [0x00000000eab00000, 0x00000000ef000000, 0x0000000100000000)
  eden space 32768K, 0% used [0x00000000eab00000,0x00000000eab00000,0x00000000ecb00000)
  from space 2560K, 99% used [0x00000000ecb00000,0x00000000ecd7d670,0x00000000ecd80000)
  to   space 2560K, 0% used [0x00000000eed80000,0x00000000eed80000,0x00000000ef000000)
 ParOldGen       total 44032K, used 13375K [0x00000000c0000000, 0x00000000c2b00000, 0x00000000eab00000)
  object space 44032K, 30% used [0x00000000c0000000,0x00000000c0d0fd20,0x00000000c2b00000)
 Metaspace       used 6206K, capacity 7152K, committed 7296K, reserved 1056768K
  class space    used 592K, capacity 616K, committed 640K, reserved 1048576K
}
Event: 3.500 GC heap before
{Heap before GC invocations=4 (full 0):
 PSYoungGen      total 35328K, used 35317K [0x00000000eab00000, 0x00000000ef000000, 0x0000000100000000)
  eden space 32768K, 100% used [0x00000000eab00000,0x00000000ecb00000,0x00000000ecb00000)
  from space 2560K, 99% used [0x00000000ecb00000,0x00000000ecd7d670,0x00000000ecd80000)
  to   space 2560K, 0% used [0x00000000eed80000,0x00000000eed80000,0x00000000ef000000)
 ParOldGen       total 44032K, used 13375K [0x00000000c0000000, 0x00000000c2b00000, 0x00000000eab00000)
  object space 44032K, 30% used [0x00000000c0000000,0x00000000c0d0fd20,0x00000000c2b00000)
 Metaspace       used 8160K, capacity 8258K, committed 8576K, reserved 1056768K
  class space    used 785K, capacity 818K, committed 896K, reserved 1048576K
Event: 3.518 GC heap after
Heap after GC invocations=4 (full 0):
 PSYoungGen      total 68096K, used 2532K [0x00000000eab00000, 0x00000000ef000000, 0x0000000100000000)
  eden space 65536K, 0% used [0x00000000eab00000,0x00000000eab00000,0x00000000eeb00000)
  from space 2560K, 98% used [0x00000000eed80000,0x00000000eeff9230,0x00000000ef000000)
  to   space 2560K, 0% used [0x00000000eeb00000,0x00000000eeb00000,0x00000000eed80000)
 ParOldGen       total 44032K, used 21741K [0x00000000c0000000, 0x00000000c2b00000, 0x00000000eab00000)
  object space 44032K, 49% used [0x00000000c0000000,0x00000000c153b7a8,0x00000000c2b00000)
 Metaspace       used 8160K, capacity 8258K, committed 8576K, reserved 1056768K
  class space    used 785K, capacity 818K, committed 896K, reserved 1048576K
}
Event: 4.006 GC heap before
{Heap before GC invocations=5 (full 0):
 PSYoungGen      total 68096K, used 68068K [0x00000000eab00000, 0x00000000ef000000, 0x0000000100000000)
  eden space 65536K, 100% used [0x00000000eab00000,0x00000000eeb00000,0x00000000eeb00000)
  from space 2560K, 98% used [0x00000000eed80000,0x00000000eeff9230,0x00000000ef000000)
  to   space 2560K, 0% used [0x00000000eeb00000,0x00000000eeb00000,0x00000000eed80000)
 ParOldGen       total 44032K, used 21741K [0x00000000c0000000, 0x00000000c2b00000, 0x00000000eab00000)
  object space 44032K, 49% used [0x00000000c0000000,0x00000000c153b7a8,0x00000000c2b00000)
 Metaspace       used 8221K, capacity 8262K, committed 8576K, reserved 1056768K
  class space    used 785K, capacity 818K, committed 896K, reserved 1048576K
Event: 4.028 GC heap after
Heap after GC invocations=5 (full 0):
 PSYoungGen      total 68096K, used 2559K [0x00000000eab00000, 0x00000000f4600000, 0x0000000100000000)
  eden space 65536K, 0% used [0x00000000eab00000,0x00000000eab00000,0x00000000eeb00000)
  from space 2560K, 99% used [0x00000000eeb00000,0x00000000eed7fce8,0x00000000eed80000)
  to   space 13824K, 0% used [0x00000000f3880000,0x00000000f3880000,0x00000000f4600000)
 ParOldGen       total 44032K, used 23442K [0x00000000c0000000, 0x00000000c2b00000, 0x00000000eab00000)
  object space 44032K, 53% used [0x00000000c0000000,0x00000000c16e4980,0x00000000c2b00000)
 Metaspace       used 8221K, capacity 8262K, committed 8576K, reserved 1056768K
  class space    used 785K, capacity 818K, committed 896K, reserved 1048576K
}

Deoptimization events (10 events):
Event: 2.989 Thread 0x0000000002b62800 Uncommon trap: reason=speculate_class_check action=maybe_recompile pc=0x000000000f795838 method=java.util.HashMap.putVal(ILjava/lang/Object;Ljava/lang/Object;ZZ)Ljava/lang/Object; @ 56
Event: 2.990 Thread 0x0000000002b62800 Uncommon trap: reason=speculate_class_check action=maybe_recompile pc=0x000000000f795874 method=java.util.HashMap.putVal(ILjava/lang/Object;Ljava/lang/Object;ZZ)Ljava/lang/Object; @ 152
Event: 2.990 Thread 0x0000000002b62800 Uncommon trap: reason=speculate_class_check action=maybe_recompile pc=0x000000000f795838 method=java.util.HashMap.putVal(ILjava/lang/Object;Ljava/lang/Object;ZZ)Ljava/lang/Object; @ 56
Event: 2.990 Thread 0x0000000002b62800 Uncommon trap: reason=speculate_class_check action=maybe_recompile pc=0x000000000f795838 method=java.util.HashMap.putVal(ILjava/lang/Object;Ljava/lang/Object;ZZ)Ljava/lang/Object; @ 56
Event: 3.145 Thread 0x0000000002b62800 Uncommon trap: reason=unstable_if action=reinterpret pc=0x000000000f54e260 method=java.util.HashMap.resize()[Ljava/util/HashMap$Node; @ 206
Event: 3.218 Thread 0x0000000002b62800 Uncommon trap: reason=unstable_if action=reinterpret pc=0x000000000f74c184 method=java.util.HashMap.getNode(ILjava/lang/Object;)Ljava/util/HashMap$Node; @ 84
Event: 3.350 Thread 0x0000000002b62800 Uncommon trap: reason=unstable_if action=reinterpret pc=0x000000000f1ede84 method=sun.misc.MetaIndex.mayContain(Ljava/lang/String;)Z @ 13
Event: 3.356 Thread 0x0000000002b62800 Uncommon trap: reason=class_check action=maybe_recompile pc=0x000000000f50d48c method=java.util.ArrayList.<init>(Ljava/util/Collection;)V @ 6
Event: 3.375 Thread 0x0000000002b62800 Uncommon trap: reason=class_check action=maybe_recompile pc=0x000000000f50d48c method=java.util.ArrayList.<init>(Ljava/util/Collection;)V @ 6
Event: 3.415 Thread 0x0000000002b62800 Uncommon trap: reason=predicate action=maybe_recompile pc=0x000000000f8fd16c method=com.android.dex.Leb128.readUnsignedLeb128(Lcom/android/dex/util/ByteInput;)I @ 41

Internal exceptions (7 events):
Event: 0.057 Thread 0x0000000002b62800 Exception <a 'java/lang/NoSuchMethodError': Method sun.misc.Unsafe.defineClass(Ljava/lang/String;[BII)Ljava/lang/Class; name or signature does not match> (0x00000000eab13020) thrown at [C:\re\workspace\8-2-build-windows-amd64-cygwin\jdk8u60\4407\hotspot\srö}Amﬂ,≠?
Event: 0.057 Thread 0x0000000002b62800 Exception <a 'java/lang/NoSuchMethodError': Method sun.misc.Unsafe.prefetchRead(Ljava/lang/Object;J)V name or signature does not match> (0x00000000eab13308) thrown at [C:\re\workspace\8-2-build-windows-amd64-cygwin\jdk8u60\4407\hotspot\src\share\vm\prims\j°U	`(Û?
Event: 1.197 Thread 0x0000000007612000 Implicit null exception at 0x000000000f3f5562 to 0x000000000f3f5652
Event: 3.350 Thread 0x0000000002b62800 Exception <a 'java/security/PrivilegedActionException'> (0x00000000ec475c78) thrown at [C:\re\workspace\8-2-build-windows-amd64-cygwin\jdk8u60\4407\hotspot\src\share\vm\prims\jvm.cpp, line 1386]
Event: 3.350 Thread 0x0000000002b62800 Exception <a 'java/security/PrivilegedActionException'> (0x00000000ec476070) thrown at [C:\re\workspace\8-2-build-windows-amd64-cygwin\jdk8u60\4407\hotspot\src\share\vm\prims\jvm.cpp, line 1386]
Event: 3.352 Thread 0x0000000002b62800 Exception <a 'java/security/PrivilegedActionException'> (0x00000000ec47a288) thrown at [C:\re\workspace\8-2-build-windows-amd64-cygwin\jdk8u60\4407\hotspot\src\share\vm\prims\jvm.cpp, line 1386]
Event: 3.352 Thread 0x0000000002b62800 Exception <a 'java/security/PrivilegedActionException'> (0x00000000ec47a680) thrown at [C:\re\workspace\8-2-build-windows-amd64-cygwin\jdk8u60\4407\hotspot\src\share\vm\prims\jvm.cpp, line 1386]

Events (10 events):
Event: 4.084 Thread 0x0000000002b62800 DEOPT PACKING pc=0x000000000f97ca05 sp=0x0000000002b5f100
Event: 4.084 Thread 0x0000000002b62800 DEOPT UNPACKING pc=0x000000000f05747f sp=0x0000000002b5ee20 mode 0
Event: 4.113 Thread 0x0000000002b62800 DEOPT PACKING pc=0x000000000f89f00d sp=0x0000000002b5f1f0
Event: 4.113 Thread 0x0000000002b62800 DEOPT UNPACKING pc=0x000000000f05747f sp=0x0000000002b5ef90 mode 0
Event: 4.115 Thread 0x0000000002b62800 DEOPT PACKING pc=0x000000000f8a36c7 sp=0x0000000002b5ef80
Event: 4.115 Thread 0x0000000002b62800 DEOPT UNPACKING pc=0x000000000f05747f sp=0x0000000002b5ec88 mode 0
Event: 4.124 Thread 0x0000000002b62800 DEOPT PACKING pc=0x000000000f8da0c6 sp=0x0000000002b5efb0
Event: 4.124 Thread 0x0000000002b62800 DEOPT UNPACKING pc=0x000000000f05747f sp=0x0000000002b5ecd0 mode 0
Event: 4.125 Thread 0x0000000002b62800 DEOPT PACKING pc=0x000000000f8da0c6 sp=0x0000000002b5efb0
Event: 4.125 Thread 0x0000000002b62800 DEOPT UNPACKING pc=0x000000000f05747f sp=0x0000000002b5ecd0 mode 0


Dynamic libraries:
0x00007ff61c3e0000 - 0x00007ff61c417000 	C:\Program Files\Java\jdk1.8.0_60\bin\java.exe
0x00007ff81b620000 - 0x00007ff81b7cc000 	C:\Windows\SYSTEM32\ntdll.dll
0x00007ff819090000 - 0x00007ff8191ce000 	C:\Windows\system32\KERNEL32.DLL
0x00007ff818a70000 - 0x00007ff818b85000 	C:\Windows\system32\KERNELBASE.dll
0x00007ff8172c0000 - 0x00007ff81734e000 	C:\Windows\system32\apphelp.dll
0x00007ffffe2e0000 - 0x00007ffffe333000 	C:\Windows\AppPatch\AppPatch64\AcGenral.DLL
0x00007ff818fd0000 - 0x00007ff81907a000 	C:\Windows\system32\msvcrt.dll
0x00007ff8184f0000 - 0x00007ff81851e000 	C:\Windows\SYSTEM32\SspiCli.dll
0x00007ff81a9c0000 - 0x00007ff81aa14000 	C:\Windows\system32\SHLWAPI.dll
0x00007ff818de0000 - 0x00007ff818f57000 	C:\Windows\system32\USER32.dll
0x00007ff8191d0000 - 0x00007ff819364000 	C:\Windows\system32\ole32.dll
0x00007ff819440000 - 0x00007ff81a958000 	C:\Windows\system32\SHELL32.dll
0x00007ff817cc0000 - 0x00007ff817ce1000 	C:\Windows\SYSTEM32\USERENV.dll
0x00007ff81aa20000 - 0x00007ff81aaca000 	C:\Windows\system32\ADVAPI32.dll
0x00007ff8104f0000 - 0x00007ff81050e000 	C:\Windows\SYSTEM32\MPR.dll
0x00007ff81b170000 - 0x00007ff81b2b1000 	C:\Windows\system32\RPCRT4.dll
0x00007ff81aad0000 - 0x00007ff81ab29000 	C:\Windows\SYSTEM32\sechost.dll
0x00007ff81af30000 - 0x00007ff81b141000 	C:\Windows\SYSTEM32\combase.dll
0x00007ff81ad10000 - 0x00007ff81ae61000 	C:\Windows\system32\GDI32.dll
0x00007ff818770000 - 0x00007ff818785000 	C:\Windows\SYSTEM32\profapi.dll
0x00007ff816f50000 - 0x00007ff817002000 	C:\Windows\SYSTEM32\SHCORE.dll
0x00007ff81b2c0000 - 0x00007ff81b2f6000 	C:\Windows\system32\IMM32.DLL
0x00007ff81b300000 - 0x00007ff81b452000 	C:\Windows\system32\MSCTF.dll
0x00007ff818720000 - 0x00007ff818751000 	C:\Windows\system32\nvinitx.dll
0x00007ff818710000 - 0x00007ff81871a000 	C:\Windows\SYSTEM32\VERSION.dll
0x000000000f000000 - 0x000000000f006000 	C:\Program Files\NVIDIA Corporation\CoProcManager\_etoured.dll
0x00007ff816c30000 - 0x00007ff816c62000 	C:\Program Files\NVIDIA Corporation\CoProcManager\nvd3d9wrapx.dll
0x00007ff81ab30000 - 0x00007ff81ad0a000 	C:\Windows\system32\SETUPAPI.dll
0x00007ff818a20000 - 0x00007ff818a6f000 	C:\Windows\system32\CFGMGR32.dll
0x00007ff816c00000 - 0x00007ff816c22000 	C:\Program Files\NVIDIA Corporation\CoProcManager\nvdxgiwrapx.dll
0x00007ff814d20000 - 0x00007ff814f9b000 	C:\Windows\WinSxS\amd64_microsoft.windows.common-controls_6595b64144ccf1df_6.0.9600.17415_none_6240486fecbd8abb\COMCTL32.dll
0x00000000687f0000 - 0x00000000688c2000 	C:\Program Files\Java\jdk1.8.0_60\jre\bin\msvcr100.dll
0x0000000067b10000 - 0x0000000068399000 	C:\Program Files\Java\jdk1.8.0_60\jre\bin\server\jvm.dll
0x00007ff8133b0000 - 0x00007ff8133b9000 	C:\Windows\SYSTEM32\WSOCK32.dll
0x00007ff813fb0000 - 0x00007ff813fd2000 	C:\Windows\SYSTEM32\WINMM.dll
0x00007ff818fc0000 - 0x00007ff818fc7000 	C:\Windows\system32\PSAPI.DLL
0x00007ff81a960000 - 0x00007ff81a9ba000 	C:\Windows\system32\WS2_32.dll
0x00007ff813cc0000 - 0x00007ff813cea000 	C:\Windows\SYSTEM32\WINMMBASE.dll
0x00007ff819370000 - 0x00007ff819379000 	C:\Windows\system32\NSI.dll
0x00007ff817510000 - 0x00007ff817538000 	C:\Windows\SYSTEM32\DEVOBJ.dll
0x0000000068c60000 - 0x0000000068c6f000 	C:\Program Files\Java\jdk1.8.0_60\jre\bin\verify.dll
0x0000000068c30000 - 0x0000000068c59000 	C:\Program Files\Java\jdk1.8.0_60\jre\bin\java.dll
0x0000000068c10000 - 0x0000000068c26000 	C:\Program Files\Java\jdk1.8.0_60\jre\bin\zip.dll

VM Arguments:
jvm_args: -Xmx1024M -Dfile.encoding=windows-1251 -Duser.country=RU -Duser.language=ru -Duser.variant 
java_command: com.android.dx.command.Main --dex --num-threads=4 --output C:\java\android\EventHunter\app\build\intermediates\dex\debug C:\java\android\EventHunter\app\build\intermediates\classes\debug C:\java\android\EventHunter\app\build\intermediates\pre-dexed\debug\support-annotations-23.0.1-83676807229e344ee5d98b2e8f5ee90735dbc5c3.jar C:\java\android\EventHunter\app\build\intermediates\pre-dexed\debug\classes-c20afcc1740d79820e65179484dbec29bb5f60ea.jar C:\java\android\EventHunter\app\build\intermediates\pre-dexed\debug\internal_impl-22.2.0-a83752519c01ad2ba20bc016f010d047b228f261.jar C:\java\android\EventHunter\app\build\intermediates\pre-dexed\debug\classes-b4805c3dc551e8addcdfe83006eb2e2069d3f69f.jar C:\java\android\EventHunter\app\build\intermediates\pre-dexed\debug\classes-ae9b863311f49a782185bfb452b8025793af85c8.jar C:\java\android\EventHunter\app\build\intermediates\pre-dexed\debug\classes-a8918f74546ee3dbc7aab13fd9ad1bdefcfba1e4.jar C:\java\android\EventHunter\app\build\intermediates\pre-dexed\debug\bolts-android-1.2.1-356a198f80105d5433eee2afd667d2e7d02573d1.jar C:\java\android\EventHunter\app\build\intermediates\pre-dexed\debug\classes-06bb6aa3532cad2f72f9a491dcfa9f789652485a.jar C:\java\android\EventHunter\app\build\intermediates\pre-dexed\debug\classes-b0e1490f23c0dbfdbfc3758d5ddbb5797a31a832.jar C:\java\android\EventHunter\app\build\intermediates\pre-dexed\debug\classes-573c3b2aaaf01ebf77281ed216568a2ea3f0c246.jar C:\java\android\EventHunter\app\build\intermediates\pre-dexed\debug\classes-ae8a2d517b50dadc2316914ab7a8fef2dd55ff44.jar C:\java\android\EventHunter\app\build\intermediates\pre-dexed\debug\classes-551fcf9ef8ced75a4427f5325a0b04b927bbc6d8.jar C:\java\android\EventHunter\app\build\intermediates\pre-dexed\debug\classes-639a1f6c50ea7c1445d2d4ef22bb93066db0ed9e.jar C:\java\android\EventHunter\app\build\intermediates\pre-dexed\debug\classes-5ca4f3c4ceb3497993ee5090b90b68d342d08305.jar C:\java\android\EventHunter\app\build\intermediates\pre-dex
java_class_path (initial): C:\Users\user\AppData\Local\Android\sdk\build-tools\23.0.1\lib\dx.jar
Launcher Type: SUN_STANDARD

Environment Variables:
PATH=C:\ProgramData\Oracle\Java\javapath;C:\Windows\system32;C:\Windows;C:\Windows\System32\Wbem;C:\Windows\System32\WindowsPowerShell\v1.0\;C:\Program Files (x86)\Windows Kits\8.1\Windows Performance Toolkit\;C:\Program Files\Microsoft SQL Server\110\Tools\Binn\;C:\Program Files (x86)\Intel\OpenCL SDK\2.0\bin\x86;C:\Program Files (x86)\Intel\OpenCL SDK\2.0\bin\x64;C:\Program Files (x86)\NVIDIA Corporation\PhysX\Common;c:\altera\91sp2\quartus\bin;C:\TDM-GCC-32\bin;C:\Program Files\Java\jdk1.8.0_60\bin;C:\Program Files (x86)\Skype\Phone\
USERNAME=user
OS=Windows_NT
PROCESSOR_IDENTIFIER=Intel64 Family 6 Model 42 Stepping 7, GenuineIntel



---------------  S Y S T E M  ---------------

OS: Windows 8.1 , 64 bit Build 9600 (6.3.9600.17415)

CPU:total 2 (2 cores per cpu, 1 threads per core) family 6 model 42 stepping 7, cmov, cx8, fxsr, mmx, sse, sse2, sse3, ssse3, sse4.1, sse4.2, popcnt, clmul, tsc, tscinvbit

Memory: 4k page, physical 4089116k(454460k free), swap 4089116k(5496k free)

vm_info: Java HotSpot(TM) 64-Bit Server VM (25.60-b23) for windows-amd64 JRE (1.8.0_60-b27), built on Aug  4 2015 11:06:27 by "java_re" with MS VC++ 10.0 (VS2010)

time: Sun Oct 11 12:24:01 2015
elapsed time: 4 seconds (0d 0h 0m 4s)

