#
# There is insufficient memory for the Java Runtime Environment to continue.
# Native memory allocation (malloc) failed to allocate 295776 bytes for Chunk::new
# Possible reasons:
#   The system is out of physical RAM or swap space
#   In 32 bit mode, the process size limit was hit
# Possible solutions:
#   Reduce memory load on the system
#   Increase physical memory or swap space
#   Check if swap backing store is full
#   Use 64 bit Java on a 64 bit OS
#   Decrease Java heap size (-Xmx/-Xms)
#   Decrease number of Java threads
#   Decrease Java thread stack sizes (-Xss)
#   Set larger code cache with -XX:ReservedCodeCacheSize=
# This output file may be truncated or incomplete.
#
#  Out of Memory Error (allocation.cpp:390), pid=3596, tid=3568
#
# JRE version: Java(TM) SE Runtime Environment (8.0_60-b27) (build 1.8.0_60-b27)
# Java VM: Java HotSpot(TM) 64-Bit Server VM (25.60-b23 mixed mode windows-amd64 compressed oops)
# Failed to write core dump. Minidumps are not enabled by default on client versions of Windows
#

---------------  T H R E A D  ---------------

Current thread (0x0000000005ac7800):  JavaThread "C2 CompilerThread0" daemon [_thread_in_native, id=3568, stack(0x0000000006ae0000,0x0000000006be0000)]

Stack: [0x0000000006ae0000,0x0000000006be0000]
[error occurred during error reporting (printing stack bounds), id 0xc0000005]

Native frames: (J=compiled Java code, j=interpreted, Vv=VM code, C=native code)


Current CompileTask:
C2:  21056 3131       4       java.util.ComparableTimSort::mergeLo (656 bytes)


---------------  P R O C E S S  ---------------

Java Threads: ( => current thread )
  0x0000000005ad0000 JavaThread "Service Thread" daemon [_thread_blocked, id=1908, stack(0x0000000006ce0000,0x0000000006de0000)]
  0x0000000005ace000 JavaThread "C1 CompilerThread1" daemon [_thread_blocked, id=1128, stack(0x0000000006be0000,0x0000000006ce0000)]
=>0x0000000005ac7800 JavaThread "C2 CompilerThread0" daemon [_thread_in_native, id=3568, stack(0x0000000006ae0000,0x0000000006be0000)]
  0x0000000005ac6000 JavaThread "Attach Listener" daemon [_thread_blocked, id=3588, stack(0x00000000069e0000,0x0000000006ae0000)]
  0x0000000005ad3000 JavaThread "Signal Dispatcher" daemon [_thread_blocked, id=2904, stack(0x00000000068e0000,0x00000000069e0000)]
  0x0000000002634800 JavaThread "Finalizer" daemon [_thread_blocked, id=2596, stack(0x0000000006700000,0x0000000006800000)]
  0x000000000262b800 JavaThread "Reference Handler" daemon [_thread_blocked, id=3808, stack(0x0000000006600000,0x0000000006700000)]
  0x0000000002542800 JavaThread "main" [_thread_in_Java, id=3428, stack(0x00000000023b0000,0x00000000024b0000)]

Other Threads:
  0x0000000005a96000 VMThread [stack: 0x0000000006500000,0x0000000006600000] [id=5044]
  0x0000000005ae3800 WatcherThread [stack: 0x0000000006de0000,0x0000000006ee0000] [id=984]

VM state:not at safepoint (normal execution)

VM Mutex/Monitor currently owned by a thread: None

Heap:
 PSYoungGen      total 146432K, used 51769K [0x00000000eab00000, 0x00000000f8600000, 0x0000000100000000)
  eden space 131072K, 27% used [0x00000000eab00000,0x00000000ece90c28,0x00000000f2b00000)
  from space 15360K, 99% used [0x00000000f7700000,0x00000000f85fd828,0x00000000f8600000)
  to   space 10752K, 0% used [0x00000000f2b00000,0x00000000f2b00000,0x00000000f3580000)
 ParOldGen       total 62976K, used 46994K [0x00000000c0000000, 0x00000000c3d80000, 0x00000000eab00000)
  object space 62976K, 74% used [0x00000000c0000000,0x00000000c2de49d0,0x00000000c3d80000)
 Metaspace       used 8373K, capacity 8504K, committed 8576K, reserved 1056768K
  class space    used 794K, capacity 851K, committed 896K, reserved 1048576K

Card table byte_map: [0x0000000002a00000,0x0000000002c10000] byte_map_base: 0x0000000002400000

Marking Bits: (ParMarkBitMap*) 0x0000000074b3a5b0
 Begin Bits: [0x0000000002f70000, 0x0000000003f70000)
 End Bits:   [0x0000000003f70000, 0x0000000004f70000)

Polling page: 0x0000000000770000

CodeCache: size=245760Kb used=11303Kb max_used=11303Kb free=234456Kb
 bounds [0x000000000f010000, 0x000000000fb30000, 0x000000001e010000]
 total_blobs=3419 nmethods=3124 adapters=208
 compilation: enabled

Compilation events (10 events):
Event: 20.954 Thread 0x0000000005ace000 nmethod 3129 0x000000000fb1e290 code [0x000000000fb1e440, 0x000000000fb1e928]
Event: 20.954 Thread 0x0000000005ace000 3130       3       java.lang.Character::codePointAt (51 bytes)
Event: 20.954 Thread 0x0000000005ace000 nmethod 3130 0x000000000fb1d890 code [0x000000000fb1da40, 0x000000000fb1e0e8]
Event: 21.002 Thread 0x0000000005ac7800 3131       4       java.util.ComparableTimSort::mergeLo (656 bytes)
Event: 21.007 Thread 0x0000000005ace000 3133       3       com.android.dx.merge.DexMerger::transformAnnotationDirectories (51 bytes)
Event: 21.007 Thread 0x0000000005ace000 nmethod 3133 0x000000000fb1d050 code [0x000000000fb1d1e0, 0x000000000fb1d6b8]
Event: 21.007 Thread 0x0000000005ace000 3134       3       java.util.HashMap::treeifyBin (110 bytes)
Event: 21.008 Thread 0x0000000005ace000 nmethod 3134 0x000000000fb214d0 code [0x000000000fb21680, 0x000000000fb21de8]
Event: 21.009 Thread 0x0000000005ace000 3135       3       java.util.HashMap$TreeNode::balanceInsertion (245 bytes)
Event: 21.009 Thread 0x0000000005ace000 nmethod 3135 0x000000000fb22110 code [0x000000000fb22340, 0x000000000fb22cf8]

GC Heap History (10 events):
Event: 18.817 GC heap before
{Heap before GC invocations=11 (full 0):
 PSYoungGen      total 141312K, used 141293K [0x00000000eab00000, 0x00000000f4000000, 0x0000000100000000)
  eden space 131072K, 100% used [0x00000000eab00000,0x00000000f2b00000,0x00000000f2b00000)
  from space 10240K, 99% used [0x00000000f3600000,0x00000000f3ffb7a0,0x00000000f4000000)
  to   space 10752K, 0% used [0x00000000f2b00000,0x00000000f2b00000,0x00000000f3580000)
 ParOldGen       total 44032K, used 24015K [0x00000000c0000000, 0x00000000c2b00000, 0x00000000eab00000)
  object space 44032K, 54% used [0x00000000c0000000,0x00000000c1773cf8,0x00000000c2b00000)
 Metaspace       used 8363K, capacity 8504K, committed 8576K, reserved 1056768K
  class space    used 794K, capacity 851K, committed 896K, reserved 1048576K
Event: 18.828 GC heap after
Heap after GC invocations=11 (full 0):
 PSYoungGen      total 141824K, used 9872K [0x00000000eab00000, 0x00000000f4000000, 0x0000000100000000)
  eden space 131072K, 0% used [0x00000000eab00000,0x00000000eab00000,0x00000000f2b00000)
  from space 10752K, 91% used [0x00000000f2b00000,0x00000000f34a43e8,0x00000000f3580000)
  to   space 10240K, 0% used [0x00000000f3600000,0x00000000f3600000,0x00000000f4000000)
 ParOldGen       total 44032K, used 29911K [0x00000000c0000000, 0x00000000c2b00000, 0x00000000eab00000)
  object space 44032K, 67% used [0x00000000c0000000,0x00000000c1d35c68,0x00000000c2b00000)
 Metaspace       used 8363K, capacity 8504K, committed 8576K, reserved 1056768K
  class space    used 794K, capacity 851K, committed 896K, reserved 1048576K
}
Event: 19.885 GC heap before
{Heap before GC invocations=12 (full 0):
 PSYoungGen      total 141824K, used 140944K [0x00000000eab00000, 0x00000000f4000000, 0x0000000100000000)
  eden space 131072K, 100% used [0x00000000eab00000,0x00000000f2b00000,0x00000000f2b00000)
  from space 10752K, 91% used [0x00000000f2b00000,0x00000000f34a43e8,0x00000000f3580000)
  to   space 10240K, 0% used [0x00000000f3600000,0x00000000f3600000,0x00000000f4000000)
 ParOldGen       total 44032K, used 29911K [0x00000000c0000000, 0x00000000c2b00000, 0x00000000eab00000)
  object space 44032K, 67% used [0x00000000c0000000,0x00000000c1d35c68,0x00000000c2b00000)
 Metaspace       used 8365K, capacity 8504K, committed 8576K, reserved 1056768K
  class space    used 794K, capacity 851K, committed 896K, reserved 1048576K
Event: 20.071 GC heap after
Heap after GC invocations=12 (full 0):
 PSYoungGen      total 141312K, used 10230K [0x00000000eab00000, 0x00000000f4000000, 0x0000000100000000)
  eden space 131072K, 0% used [0x00000000eab00000,0x00000000eab00000,0x00000000f2b00000)
  from space 10240K, 99% used [0x00000000f3600000,0x00000000f3ffd990,0x00000000f4000000)
  to   space 10752K, 0% used [0x00000000f2b00000,0x00000000f2b00000,0x00000000f3580000)
 ParOldGen       total 44032K, used 35659K [0x00000000c0000000, 0x00000000c2b00000, 0x00000000eab00000)
  object space 44032K, 80% used [0x00000000c0000000,0x00000000c22d2cc0,0x00000000c2b00000)
 Metaspace       used 8365K, capacity 8504K, committed 8576K, reserved 1056768K
  class space    used 794K, capacity 851K, committed 896K, reserved 1048576K
}
Event: 20.071 GC heap before
{Heap before GC invocations=13 (full 1):
 PSYoungGen      total 141312K, used 10230K [0x00000000eab00000, 0x00000000f4000000, 0x0000000100000000)
  eden space 131072K, 0% used [0x00000000eab00000,0x00000000eab00000,0x00000000f2b00000)
  from space 10240K, 99% used [0x00000000f3600000,0x00000000f3ffd990,0x00000000f4000000)
  to   space 10752K, 0% used [0x00000000f2b00000,0x00000000f2b00000,0x00000000f3580000)
 ParOldGen       total 44032K, used 35659K [0x00000000c0000000, 0x00000000c2b00000, 0x00000000eab00000)
  object space 44032K, 80% used [0x00000000c0000000,0x00000000c22d2cc0,0x00000000c2b00000)
 Metaspace       used 8365K, capacity 8504K, committed 8576K, reserved 1056768K
  class space    used 794K, capacity 851K, committed 896K, reserved 1048576K
Event: 20.316 GC heap after
Heap after GC invocations=13 (full 1):
 PSYoungGen      total 141312K, used 0K [0x00000000eab00000, 0x00000000f4000000, 0x0000000100000000)
  eden space 131072K, 0% used [0x00000000eab00000,0x00000000eab00000,0x00000000f2b00000)
  from space 10240K, 0% used [0x00000000f3600000,0x00000000f3600000,0x00000000f4000000)
  to   space 10752K, 0% used [0x00000000f2b00000,0x00000000f2b00000,0x00000000f3580000)
 ParOldGen       total 62976K, used 34337K [0x00000000c0000000, 0x00000000c3d80000, 0x00000000eab00000)
  object space 62976K, 54% used [0x00000000c0000000,0x00000000c21885f8,0x00000000c3d80000)
 Metaspace       used 8365K, capacity 8504K, committed 8576K, reserved 1056768K
  class space    used 794K, capacity 851K, committed 896K, reserved 1048576K
}
Event: 20.651 GC heap before
{Heap before GC invocations=14 (full 1):
 PSYoungGen      total 141312K, used 131072K [0x00000000eab00000, 0x00000000f4000000, 0x0000000100000000)
  eden space 131072K, 100% used [0x00000000eab00000,0x00000000f2b00000,0x00000000f2b00000)
  from space 10240K, 0% used [0x00000000f3600000,0x00000000f3600000,0x00000000f4000000)
  to   space 10752K, 0% used [0x00000000f2b00000,0x00000000f2b00000,0x00000000f3580000)
 ParOldGen       total 62976K, used 34337K [0x00000000c0000000, 0x00000000c3d80000, 0x00000000eab00000)
  object space 62976K, 54% used [0x00000000c0000000,0x00000000c21885f8,0x00000000c3d80000)
 Metaspace       used 8370K, capacity 8504K, committed 8576K, reserved 1056768K
  class space    used 794K, capacity 851K, committed 896K, reserved 1048576K
Event: 20.659 GC heap after
Heap after GC invocations=14 (full 1):
 PSYoungGen      total 141824K, used 7019K [0x00000000eab00000, 0x00000000f8600000, 0x0000000100000000)
  eden space 131072K, 0% used [0x00000000eab00000,0x00000000eab00000,0x00000000f2b00000)
  from space 10752K, 65% used [0x00000000f2b00000,0x00000000f31dade0,0x00000000f3580000)
  to   space 15360K, 0% used [0x00000000f7700000,0x00000000f7700000,0x00000000f8600000)
 ParOldGen       total 62976K, used 40763K [0x00000000c0000000, 0x00000000c3d80000, 0x00000000eab00000)
  object space 62976K, 64% used [0x00000000c0000000,0x00000000c27cec80,0x00000000c3d80000)
 Metaspace       used 8370K, capacity 8504K, committed 8576K, reserved 1056768K
  class space    used 794K, capacity 851K, committed 896K, reserved 1048576K
}
Event: 20.972 GC heap before
{Heap before GC invocations=15 (full 1):
 PSYoungGen      total 141824K, used 138091K [0x00000000eab00000, 0x00000000f8600000, 0x0000000100000000)
  eden space 131072K, 100% used [0x00000000eab00000,0x00000000f2b00000,0x00000000f2b00000)
  from space 10752K, 65% used [0x00000000f2b00000,0x00000000f31dade0,0x00000000f3580000)
  to   space 15360K, 0% used [0x00000000f7700000,0x00000000f7700000,0x00000000f8600000)
 ParOldGen       total 62976K, used 40763K [0x00000000c0000000, 0x00000000c3d80000, 0x00000000eab00000)
  object space 62976K, 64% used [0x00000000c0000000,0x00000000c27cec80,0x00000000c3d80000)
 Metaspace       used 8373K, capacity 8504K, committed 8576K, reserved 1056768K
  class space    used 794K, capacity 851K, committed 896K, reserved 1048576K
Event: 20.986 GC heap after
Heap after GC invocations=15 (full 1):
 PSYoungGen      total 146432K, used 15350K [0x00000000eab00000, 0x00000000f8600000, 0x0000000100000000)
  eden space 131072K, 0% used [0x00000000eab00000,0x00000000eab00000,0x00000000f2b00000)
  from space 15360K, 99% used [0x00000000f7700000,0x00000000f85fd828,0x00000000f8600000)
  to   space 10752K, 0% used [0x00000000f2b00000,0x00000000f2b00000,0x00000000f3580000)
 ParOldGen       total 62976K, used 46994K [0x00000000c0000000, 0x00000000c3d80000, 0x00000000eab00000)
  object space 62976K, 74% used [0x00000000c0000000,0x00000000c2de49d0,0x00000000c3d80000)
 Metaspace       used 8373K, capacity 8504K, committed 8576K, reserved 1056768K
  class space    used 794K, capacity 851K, committed 896K, reserved 1048576K
}

Deoptimization events (10 events):
Event: 18.297 Thread 0x0000000002542800 Uncommon trap: reason=array_check action=maybe_recompile pc=0x000000000faae528 method=java.util.TimSort.binarySort([Ljava/lang/Object;IIILjava/util/Comparator;)V @ 183
Event: 18.298 Thread 0x0000000002542800 Uncommon trap: reason=array_check action=maybe_recompile pc=0x000000000faae494 method=java.util.TimSort.binarySort([Ljava/lang/Object;IIILjava/util/Comparator;)V @ 193
Event: 18.298 Thread 0x0000000002542800 Uncommon trap: reason=array_check action=maybe_recompile pc=0x000000000faae3dc method=java.util.TimSort.binarySort([Ljava/lang/Object;IIILjava/util/Comparator;)V @ 215
Event: 18.388 Thread 0x0000000002542800 Uncommon trap: reason=array_check action=maybe_recompile pc=0x000000000faccc94 method=java.util.ComparableTimSort.binarySort([Ljava/lang/Object;III)V @ 193
Event: 18.879 Thread 0x0000000002542800 Uncommon trap: reason=array_check action=maybe_recompile pc=0x000000000faccc94 method=java.util.ComparableTimSort.binarySort([Ljava/lang/Object;III)V @ 193
Event: 19.059 Thread 0x0000000002542800 Uncommon trap: reason=array_check action=maybe_recompile pc=0x000000000faccc94 method=java.util.ComparableTimSort.binarySort([Ljava/lang/Object;III)V @ 193
Event: 20.432 Thread 0x0000000002542800 Uncommon trap: reason=array_check action=maybe_recompile pc=0x000000000faf8aa0 method=java.util.ComparableTimSort.binarySort([Ljava/lang/Object;III)V @ 215
Event: 20.602 Thread 0x0000000002542800 Uncommon trap: reason=array_check action=maybe_recompile pc=0x000000000faf8aa0 method=java.util.ComparableTimSort.binarySort([Ljava/lang/Object;III)V @ 215
Event: 21.006 Thread 0x0000000002542800 Uncommon trap: reason=unstable_if action=reinterpret pc=0x000000000faf2504 method=java.util.HashMap$TreeNode.balanceInsertion(Ljava/util/HashMap$TreeNode;Ljava/util/HashMap$TreeNode;)Ljava/util/HashMap$TreeNode; @ 189
Event: 21.006 Thread 0x0000000002542800 Uncommon trap: reason=unstable_if action=reinterpret pc=0x000000000facee00 method=java.util.HashMap$TreeNode.balanceInsertion(Ljava/util/HashMap$TreeNode;Ljava/util/HashMap$TreeNode;)Ljava/util/HashMap$TreeNode; @ 189

Internal exceptions (7 events):
Event: 0.407 Thread 0x0000000002542800 Exception <a 'java/lang/NoSuchMethodError': Method sun.misc.Unsafe.defineClass(Ljava/lang/String;[BII)Ljava/lang/Class; name or signature does not match> (0x00000000eab13020) thrown at [C:\re\workspace\8-2-build-windows-amd64-cygwin\jdk8u60\4407\hotspot\sr¸ˆ&·ÃÚ?
Event: 0.407 Thread 0x0000000002542800 Exception <a 'java/lang/NoSuchMethodError': Method sun.misc.Unsafe.prefetchRead(Ljava/lang/Object;J)V name or signature does not match> (0x00000000eab13308) thrown at [C:\re\workspace\8-2-build-windows-amd64-cygwin\jdk8u60\4407\hotspot\src\share\vm\prims\jX4Ÿ1ê
@
Event: 3.253 Thread 0x00000000070e0800 Implicit null exception at 0x000000000f4175e2 to 0x000000000f4176d2
Event: 15.191 Thread 0x0000000002542800 Exception <a 'java/security/PrivilegedActionException'> (0x00000000ecac59d0) thrown at [C:\re\workspace\8-2-build-windows-amd64-cygwin\jdk8u60\4407\hotspot\src\share\vm\prims\jvm.cpp, line 1386]
Event: 15.191 Thread 0x0000000002542800 Exception <a 'java/security/PrivilegedActionException'> (0x00000000ecac5dc8) thrown at [C:\re\workspace\8-2-build-windows-amd64-cygwin\jdk8u60\4407\hotspot\src\share\vm\prims\jvm.cpp, line 1386]
Event: 15.193 Thread 0x0000000002542800 Exception <a 'java/security/PrivilegedActionException'> (0x00000000ecac9fe0) thrown at [C:\re\workspace\8-2-build-windows-amd64-cygwin\jdk8u60\4407\hotspot\src\share\vm\prims\jvm.cpp, line 1386]
Event: 15.193 Thread 0x0000000002542800 Exception <a 'java/security/PrivilegedActionException'> (0x00000000ecaca3d8) thrown at [C:\re\workspace\8-2-build-windows-amd64-cygwin\jdk8u60\4407\hotspot\src\share\vm\prims\jvm.cpp, line 1386]

Events (10 events):
Event: 20.972 Executing VM operation: ParallelGCFailedAllocation
Event: 20.986 Executing VM operation: ParallelGCFailedAllocation done
Event: 21.002 Thread 0x0000000002542800 DEOPT PACKING pc=0x000000000fa67aff sp=0x00000000024aee80
Event: 21.002 Thread 0x0000000002542800 DEOPT UNPACKING pc=0x000000000f05747f sp=0x00000000024aec00 mode 0
Event: 21.006 Thread 0x0000000002542800 Uncommon trap: trap_request=0xffffff65 fr.pc=0x000000000faf2504
Event: 21.006 Thread 0x0000000002542800 DEOPT PACKING pc=0x000000000faf2504 sp=0x00000000024af0f0
Event: 21.006 Thread 0x0000000002542800 DEOPT UNPACKING pc=0x000000000f05582a sp=0x00000000024aef50 mode 2
Event: 21.006 Thread 0x0000000002542800 Uncommon trap: trap_request=0xffffff65 fr.pc=0x000000000facee00
Event: 21.006 Thread 0x0000000002542800 DEOPT PACKING pc=0x000000000facee00 sp=0x00000000024aefb0
Event: 21.006 Thread 0x0000000002542800 DEOPT UNPACKING pc=0x000000000f05582a sp=0x00000000024aef40 mode 2


Dynamic libraries:
0x00007ff649730000 - 0x00007ff649767000 	C:\Program Files\Java\jdk1.8.0_60\bin\java.exe
0x00007ffabf4b0000 - 0x00007ffabf65c000 	C:\Windows\SYSTEM32\ntdll.dll
0x00007ffabd0d0000 - 0x00007ffabd20e000 	C:\Windows\system32\KERNEL32.DLL
0x00007ffabc960000 - 0x00007ffabca75000 	C:\Windows\system32\KERNELBASE.dll
0x00007ffabb150000 - 0x00007ffabb1de000 	C:\Windows\system32\apphelp.dll
0x00007ffa9ff10000 - 0x00007ffa9ff63000 	C:\Windows\AppPatch\AppPatch64\AcGenral.DLL
0x00007ffabcb90000 - 0x00007ffabcc3a000 	C:\Windows\system32\msvcrt.dll
0x00007ffabc380000 - 0x00007ffabc3ae000 	C:\Windows\SYSTEM32\SspiCli.dll
0x00007ffabecd0000 - 0x00007ffabed24000 	C:\Windows\system32\SHLWAPI.dll
0x00007ffabea30000 - 0x00007ffabeba7000 	C:\Windows\system32\USER32.dll
0x00007ffabeee0000 - 0x00007ffabf074000 	C:\Windows\system32\ole32.dll
0x00007ffabd3a0000 - 0x00007ffabe8b8000 	C:\Windows\system32\SHELL32.dll
0x00007ffabbb50000 - 0x00007ffabbb71000 	C:\Windows\SYSTEM32\USERENV.dll
0x00007ffabd220000 - 0x00007ffabd2ca000 	C:\Windows\system32\ADVAPI32.dll
0x00007ffab44f0000 - 0x00007ffab450e000 	C:\Windows\SYSTEM32\MPR.dll
0x00007ffabf0c0000 - 0x00007ffabf201000 	C:\Windows\system32\RPCRT4.dll
0x00007ffabcf10000 - 0x00007ffabcf69000 	C:\Windows\SYSTEM32\sechost.dll
0x00007ffabcc60000 - 0x00007ffabce71000 	C:\Windows\SYSTEM32\combase.dll
0x00007ffabcf70000 - 0x00007ffabd0c1000 	C:\Windows\system32\GDI32.dll
0x00007ffabc600000 - 0x00007ffabc615000 	C:\Windows\SYSTEM32\profapi.dll
0x00007ffabade0000 - 0x00007ffabae92000 	C:\Windows\SYSTEM32\SHCORE.dll
0x00007ffabf080000 - 0x00007ffabf0b6000 	C:\Windows\system32\IMM32.DLL
0x00007ffabe8c0000 - 0x00007ffabea12000 	C:\Windows\system32\MSCTF.dll
0x00007ffabc5b0000 - 0x00007ffabc5e1000 	C:\Windows\system32\nvinitx.dll
0x00007ffabc5a0000 - 0x00007ffabc5aa000 	C:\Windows\SYSTEM32\VERSION.dll
0x000000000f000000 - 0x000000000f006000 	C:\Program Files\NVIDIA Corporation\CoProcManager\_etoured.dll
0x00007ffaba8f0000 - 0x00007ffaba922000 	C:\Program Files\NVIDIA Corporation\CoProcManager\nvd3d9wrapx.dll
0x00007ffabf210000 - 0x00007ffabf3ea000 	C:\Windows\system32\SETUPAPI.dll
0x00007ffabc910000 - 0x00007ffabc95f000 	C:\Windows\system32\CFGMGR32.dll
0x00007ffaba8c0000 - 0x00007ffaba8e2000 	C:\Program Files\NVIDIA Corporation\CoProcManager\nvdxgiwrapx.dll
0x00007ffab8770000 - 0x00007ffab89eb000 	C:\Windows\WinSxS\amd64_microsoft.windows.common-controls_6595b64144ccf1df_6.0.9600.17415_none_6240486fecbd8abb\COMCTL32.dll
0x0000000073c80000 - 0x0000000073d52000 	C:\Program Files\Java\jdk1.8.0_60\jre\bin\msvcr100.dll
0x0000000074330000 - 0x0000000074bb9000 	C:\Program Files\Java\jdk1.8.0_60\jre\bin\server\jvm.dll
0x00007ffaaff30000 - 0x00007ffaaff39000 	C:\Windows\SYSTEM32\WSOCK32.dll
0x00007ffab8aa0000 - 0x00007ffab8ac2000 	C:\Windows\SYSTEM32\WINMM.dll
0x00007ffabea20000 - 0x00007ffabea27000 	C:\Windows\system32\PSAPI.DLL
0x00007ffabebb0000 - 0x00007ffabec0a000 	C:\Windows\system32\WS2_32.dll
0x00007ffab7b50000 - 0x00007ffab7b7a000 	C:\Windows\SYSTEM32\WINMMBASE.dll
0x00007ffabcf00000 - 0x00007ffabcf09000 	C:\Windows\system32\NSI.dll
0x00007ffabb3b0000 - 0x00007ffabb3d8000 	C:\Windows\SYSTEM32\DEVOBJ.dll
0x0000000074320000 - 0x000000007432f000 	C:\Program Files\Java\jdk1.8.0_60\jre\bin\verify.dll
0x00000000742f0000 - 0x0000000074319000 	C:\Program Files\Java\jdk1.8.0_60\jre\bin\java.dll
0x00000000742d0000 - 0x00000000742e6000 	C:\Program Files\Java\jdk1.8.0_60\jre\bin\zip.dll

VM Arguments:
jvm_args: -Xmx1024M -Dfile.encoding=windows-1251 -Duser.country=RU -Duser.language=ru -Duser.variant 
java_command: com.android.dx.command.Main --dex --num-threads=4 --output C:\java\android\EventHunter\app\build\intermediates\dex\debug C:\java\android\EventHunter\app\build\intermediates\classes\debug C:\java\android\EventHunter\app\build\intermediates\pre-dexed\debug\support-annotations-23.0.1-83676807229e344ee5d98b2e8f5ee90735dbc5c3.jar C:\java\android\EventHunter\app\build\intermediates\pre-dexed\debug\classes-c20afcc1740d79820e65179484dbec29bb5f60ea.jar C:\java\android\EventHunter\app\build\intermediates\pre-dexed\debug\internal_impl-22.2.0-a83752519c01ad2ba20bc016f010d047b228f261.jar C:\java\android\EventHunter\app\build\intermediates\pre-dexed\debug\classes-b4805c3dc551e8addcdfe83006eb2e2069d3f69f.jar C:\java\android\EventHunter\app\build\intermediates\pre-dexed\debug\classes-ae9b863311f49a782185bfb452b8025793af85c8.jar C:\java\android\EventHunter\app\build\intermediates\pre-dexed\debug\classes-a8918f74546ee3dbc7aab13fd9ad1bdefcfba1e4.jar C:\java\android\EventHunter\app\build\intermediates\pre-dexed\debug\bolts-android-1.2.1-356a198f80105d5433eee2afd667d2e7d02573d1.jar C:\java\android\EventHunter\app\build\intermediates\pre-dexed\debug\classes-06bb6aa3532cad2f72f9a491dcfa9f789652485a.jar C:\java\android\EventHunter\app\build\intermediates\pre-dexed\debug\classes-b0e1490f23c0dbfdbfc3758d5ddbb5797a31a832.jar C:\java\android\EventHunter\app\build\intermediates\pre-dexed\debug\classes-573c3b2aaaf01ebf77281ed216568a2ea3f0c246.jar C:\java\android\EventHunter\app\build\intermediates\pre-dexed\debug\classes-ae8a2d517b50dadc2316914ab7a8fef2dd55ff44.jar C:\java\android\EventHunter\app\build\intermediates\pre-dexed\debug\classes-551fcf9ef8ced75a4427f5325a0b04b927bbc6d8.jar C:\java\android\EventHunter\app\build\intermediates\pre-dexed\debug\classes-639a1f6c50ea7c1445d2d4ef22bb93066db0ed9e.jar C:\java\android\EventHunter\app\build\intermediates\pre-dexed\debug\classes-5ca4f3c4ceb3497993ee5090b90b68d342d08305.jar C:\java\android\EventHunter\app\build\intermediates\pre-dex
java_class_path (initial): C:\Users\user\AppData\Local\Android\sdk\build-tools\23.0.1\lib\dx.jar
Launcher Type: SUN_STANDARD

Environment Variables:
PATH=C:\ProgramData\Oracle\Java\javapath;C:\Windows\system32;C:\Windows;C:\Windows\System32\Wbem;C:\Windows\System32\WindowsPowerShell\v1.0\;C:\Program Files (x86)\Windows Kits\8.1\Windows Performance Toolkit\;C:\Program Files\Microsoft SQL Server\110\Tools\Binn\;C:\Program Files (x86)\Intel\OpenCL SDK\2.0\bin\x86;C:\Program Files (x86)\Intel\OpenCL SDK\2.0\bin\x64;C:\Program Files (x86)\NVIDIA Corporation\PhysX\Common;c:\altera\91sp2\quartus\bin;C:\TDM-GCC-32\bin;C:\Program Files\Java\jdk1.8.0_60\bin;C:\Program Files (x86)\Skype\Phone\
USERNAME=user
OS=Windows_NT
PROCESSOR_IDENTIFIER=Intel64 Family 6 Model 42 Stepping 7, GenuineIntel



---------------  S Y S T E M  ---------------

OS: Windows 8.1 , 64 bit Build 9600 (6.3.9600.17415)

CPU:total 2 (2 cores per cpu, 1 threads per core) family 6 model 42 stepping 7, cmov, cx8, fxsr, mmx, sse, sse2, sse3, ssse3, sse4.1, sse4.2, popcnt, clmul, tsc, tscinvbit

Memory: 4k page, physical 4089116k(343192k free), swap 4089116k(5316k free)

vm_info: Java HotSpot(TM) 64-Bit Server VM (25.60-b23) for windows-amd64 JRE (1.8.0_60-b27), built on Aug  4 2015 11:06:27 by "java_re" with MS VC++ 10.0 (VS2010)

time: Tue Oct 13 19:35:21 2015
elapsed time: 21 seconds (0d 0h 0m 21s)

