#
# There is insufficient memory for the Java Runtime Environment to continue.
# Native memory allocation (malloc) failed to allocate 177424 bytes for Chunk::new
# Possible reasons:
#   The system is out of physical RAM or swap space
#   In 32 bit mode, the process size limit was hit
# Possible solutions:
#   Reduce memory load on the system
#   Increase physical memory or swap space
#   Check if swap backing store is full
#   Use 64 bit Java on a 64 bit OS
#   Decrease Java heap size (-Xmx/-Xms)
#   Decrease number of Java threads
#   Decrease Java thread stack sizes (-Xss)
#   Set larger code cache with -XX:ReservedCodeCacheSize=
# This output file may be truncated or incomplete.
#
#  Out of Memory Error (allocation.cpp:390), pid=2320, tid=3676
#
# JRE version: Java(TM) SE Runtime Environment (8.0_60-b27) (build 1.8.0_60-b27)
# Java VM: Java HotSpot(TM) 64-Bit Server VM (25.60-b23 mixed mode windows-amd64 compressed oops)
# Failed to write core dump. Minidumps are not enabled by default on client versions of Windows
#

---------------  T H R E A D  ---------------

Current thread (0x000000000645f000):  JavaThread "C2 CompilerThread0" daemon [_thread_in_native, id=3676, stack(0x0000000007470000,0x0000000007570000)]

Stack: [0x0000000007470000,0x0000000007570000]
[error occurred during error reporting (printing stack bounds), id 0xc0000005]

Native frames: (J=compiled Java code, j=interpreted, Vv=VM code, C=native code)


Current CompileTask:
C2:   8860 3125       4       java.util.HashMap::putVal (300 bytes)


---------------  P R O C E S S  ---------------

Java Threads: ( => current thread )
  0x0000000006459800 JavaThread "Service Thread" daemon [_thread_blocked, id=4724, stack(0x0000000007670000,0x0000000007770000)]
  0x0000000006466000 JavaThread "C1 CompilerThread1" daemon [_thread_blocked, id=3884, stack(0x0000000007570000,0x0000000007670000)]
=>0x000000000645f000 JavaThread "C2 CompilerThread0" daemon [_thread_in_native, id=3676, stack(0x0000000007470000,0x0000000007570000)]
  0x0000000006458800 JavaThread "Attach Listener" daemon [_thread_blocked, id=2576, stack(0x0000000007370000,0x0000000007470000)]
  0x0000000006456800 JavaThread "Signal Dispatcher" daemon [_thread_blocked, id=2436, stack(0x0000000007270000,0x0000000007370000)]
  0x0000000002fc4800 JavaThread "Finalizer" daemon [_thread_blocked, id=2136, stack(0x0000000007090000,0x0000000007190000)]
  0x0000000002fbb800 JavaThread "Reference Handler" daemon [_thread_blocked, id=3584, stack(0x0000000006f90000,0x0000000007090000)]
  0x0000000002ed2800 JavaThread "main" [_thread_in_Java, id=2748, stack(0x0000000002d40000,0x0000000002e40000)]

Other Threads:
  0x0000000006426000 VMThread [stack: 0x0000000006e90000,0x0000000006f90000] [id=4252]
  0x00000000064f3800 WatcherThread [stack: 0x0000000007770000,0x0000000007870000] [id=2924]

VM state:not at safepoint (normal execution)

VM Mutex/Monitor currently owned by a thread: None

Heap:
 PSYoungGen      total 332800K, used 6318K [0x00000000eab00000, 0x0000000100000000, 0x0000000100000000)
  eden space 319488K, 1% used [0x00000000eab00000,0x00000000eb12b978,0x00000000fe300000)
  from space 13312K, 0% used [0x00000000ff300000,0x00000000ff300000,0x0000000100000000)
  to   space 14848K, 0% used [0x00000000fe300000,0x00000000fe300000,0x00000000ff180000)
 ParOldGen       total 48640K, used 45888K [0x00000000c0000000, 0x00000000c2f80000, 0x00000000eab00000)
  object space 48640K, 94% used [0x00000000c0000000,0x00000000c2cd00b0,0x00000000c2f80000)
 Metaspace       used 8375K, capacity 8504K, committed 8576K, reserved 1056768K
  class space    used 794K, capacity 851K, committed 896K, reserved 1048576K

Card table byte_map: [0x0000000003390000,0x00000000035a0000] byte_map_base: 0x0000000002d90000

Marking Bits: (ParMarkBitMap*) 0x000000006831a5b0
 Begin Bits: [0x0000000003900000, 0x0000000004900000)
 End Bits:   [0x0000000004900000, 0x0000000005900000)

Polling page: 0x00000000010e0000

CodeCache: size=245760Kb used=11018Kb max_used=11018Kb free=234741Kb
 bounds [0x000000000f010000, 0x000000000faf0000, 0x000000001e010000]
 total_blobs=3387 nmethods=3092 adapters=208
 compilation: enabled

Compilation events (10 events):
Event: 8.411 Thread 0x000000000645f000 nmethod 3121 0x000000000fadc790 code [0x000000000fadc8e0, 0x000000000fadcad8]
Event: 8.444 Thread 0x000000000645f000 3122       4       com.android.dx.merge.DexMerger::mergeClassDefs (103 bytes)
Event: 8.447 Thread 0x000000000645f000 nmethod 3122 0x000000000fadcd90 code [0x000000000fadcf00, 0x000000000fadd098]
Event: 8.578 Thread 0x0000000006466000 3123       3       java.util.HashMap::putVal (300 bytes)
Event: 8.579 Thread 0x0000000006466000 nmethod 3123 0x000000000fada5d0 code [0x000000000fada840, 0x000000000fadbaf8]
Event: 8.580 Thread 0x000000000645f000 3124 %     4       com.android.dx.merge.DexMerger::transformAnnotationDirectories @ 28 (51 bytes)
Event: 8.582 Thread 0x000000000645f000 nmethod 3124% 0x000000000fac9fd0 code [0x000000000faca120, 0x000000000faca328]
Event: 8.583 Thread 0x000000000645f000 3125       4       java.util.HashMap::putVal (300 bytes)
Event: 8.585 Thread 0x0000000006466000 3126       3       java.util.TimSort::mergeLo (659 bytes)
Event: 8.587 Thread 0x0000000006466000 nmethod 3126 0x000000000fae0110 code [0x000000000fae0440, 0x000000000fae25d8]

GC Heap History (10 events):
Event: 6.732 GC heap before
{Heap before GC invocations=10 (full 0):
 PSYoungGen      total 273920K, used 271577K [0x00000000eab00000, 0x0000000100000000, 0x0000000100000000)
  eden space 261120K, 100% used [0x00000000eab00000,0x00000000faa00000,0x00000000faa00000)
  from space 12800K, 81% used [0x00000000faa00000,0x00000000fb436478,0x00000000fb680000)
  to   space 13312K, 0% used [0x00000000ff300000,0x00000000ff300000,0x0000000100000000)
 ParOldGen       total 44032K, used 32941K [0x00000000c0000000, 0x00000000c2b00000, 0x00000000eab00000)
  object space 44032K, 74% used [0x00000000c0000000,0x00000000c202b680,0x00000000c2b00000)
 Metaspace       used 8362K, capacity 8504K, committed 8576K, reserved 1056768K
  class space    used 794K, capacity 851K, committed 896K, reserved 1048576K
Event: 6.742 GC heap after
Heap after GC invocations=10 (full 0):
 PSYoungGen      total 332800K, used 12956K [0x00000000eab00000, 0x0000000100000000, 0x0000000100000000)
  eden space 319488K, 0% used [0x00000000eab00000,0x00000000eab00000,0x00000000fe300000)
  from space 13312K, 97% used [0x00000000ff300000,0x00000000fffa73b0,0x0000000100000000)
  to   space 14848K, 0% used [0x00000000fe300000,0x00000000fe300000,0x00000000ff180000)
 ParOldGen       total 44032K, used 37307K [0x00000000c0000000, 0x00000000c2b00000, 0x00000000eab00000)
  object space 44032K, 84% used [0x00000000c0000000,0x00000000c246ecb8,0x00000000c2b00000)
 Metaspace       used 8362K, capacity 8504K, committed 8576K, reserved 1056768K
  class space    used 794K, capacity 851K, committed 896K, reserved 1048576K
}
Event: 6.742 GC heap before
{Heap before GC invocations=11 (full 1):
 PSYoungGen      total 332800K, used 12956K [0x00000000eab00000, 0x0000000100000000, 0x0000000100000000)
  eden space 319488K, 0% used [0x00000000eab00000,0x00000000eab00000,0x00000000fe300000)
  from space 13312K, 97% used [0x00000000ff300000,0x00000000fffa73b0,0x0000000100000000)
  to   space 14848K, 0% used [0x00000000fe300000,0x00000000fe300000,0x00000000ff180000)
 ParOldGen       total 44032K, used 37307K [0x00000000c0000000, 0x00000000c2b00000, 0x00000000eab00000)
  object space 44032K, 84% used [0x00000000c0000000,0x00000000c246ecb8,0x00000000c2b00000)
 Metaspace       used 8362K, capacity 8504K, committed 8576K, reserved 1056768K
  class space    used 794K, capacity 851K, committed 896K, reserved 1048576K
Event: 6.872 GC heap after
Heap after GC invocations=11 (full 1):
 PSYoungGen      total 332800K, used 0K [0x00000000eab00000, 0x0000000100000000, 0x0000000100000000)
  eden space 319488K, 0% used [0x00000000eab00000,0x00000000eab00000,0x00000000fe300000)
  from space 13312K, 0% used [0x00000000ff300000,0x00000000ff300000,0x0000000100000000)
  to   space 14848K, 0% used [0x00000000fe300000,0x00000000fe300000,0x00000000ff180000)
 ParOldGen       total 44032K, used 34872K [0x00000000c0000000, 0x00000000c2b00000, 0x00000000eab00000)
  object space 44032K, 79% used [0x00000000c0000000,0x00000000c220e0c0,0x00000000c2b00000)
 Metaspace       used 8362K, capacity 8504K, committed 8576K, reserved 1056768K
  class space    used 794K, capacity 851K, committed 896K, reserved 1048576K
}
Event: 7.878 GC heap before
{Heap before GC invocations=12 (full 2):
 PSYoungGen      total 332800K, used 319488K [0x00000000eab00000, 0x0000000100000000, 0x0000000100000000)
  eden space 319488K, 100% used [0x00000000eab00000,0x00000000fe300000,0x00000000fe300000)
  from space 13312K, 0% used [0x00000000ff300000,0x00000000ff300000,0x0000000100000000)
  to   space 14848K, 0% used [0x00000000fe300000,0x00000000fe300000,0x00000000ff180000)
 ParOldGen       total 44032K, used 34872K [0x00000000c0000000, 0x00000000c2b00000, 0x00000000eab00000)
  object space 44032K, 79% used [0x00000000c0000000,0x00000000c220e0c0,0x00000000c2b00000)
 Metaspace       used 8375K, capacity 8504K, committed 8576K, reserved 1056768K
  class space    used 794K, capacity 851K, committed 896K, reserved 1048576K
Event: 7.944 GC heap after
Heap after GC invocations=12 (full 2):
 PSYoungGen      total 332800K, used 0K [0x00000000eab00000, 0x0000000100000000, 0x0000000100000000)
  eden space 319488K, 0% used [0x00000000eab00000,0x00000000eab00000,0x00000000fe300000)
  from space 13312K, 0% used [0x00000000ff300000,0x00000000ff300000,0x0000000100000000)
  to   space 14848K, 0% used [0x00000000fe300000,0x00000000fe300000,0x00000000ff180000)
 ParOldGen       total 44032K, used 34491K [0x00000000c0000000, 0x00000000c2b00000, 0x00000000eab00000)
  object space 44032K, 78% used [0x00000000c0000000,0x00000000c21aec90,0x00000000c2b00000)
 Metaspace       used 8375K, capacity 8504K, committed 8576K, reserved 1056768K
  class space    used 794K, capacity 851K, committed 896K, reserved 1048576K
}
Event: 8.598 GC heap before
{Heap before GC invocations=13 (full 2):
 PSYoungGen      total 332800K, used 319488K [0x00000000eab00000, 0x0000000100000000, 0x0000000100000000)
  eden space 319488K, 100% used [0x00000000eab00000,0x00000000fe300000,0x00000000fe300000)
  from space 13312K, 0% used [0x00000000ff300000,0x00000000ff300000,0x0000000100000000)
  to   space 14848K, 0% used [0x00000000fe300000,0x00000000fe300000,0x00000000ff180000)
 ParOldGen       total 44032K, used 34491K [0x00000000c0000000, 0x00000000c2b00000, 0x00000000eab00000)
  object space 44032K, 78% used [0x00000000c0000000,0x00000000c21aec90,0x00000000c2b00000)
 Metaspace       used 8375K, capacity 8504K, committed 8576K, reserved 1056768K
  class space    used 794K, capacity 851K, committed 896K, reserved 1048576K
Event: 8.725 GC heap after
Heap after GC invocations=13 (full 2):
 PSYoungGen      total 332800K, used 319488K [0x00000000eab00000, 0x0000000100000000, 0x0000000100000000)
  eden space 319488K, 100% used [0x00000000eab00000,0x00000000fe300000,0x00000000fe300000)
  from space 13312K, 0% used [0x00000000ff300000,0x00000000ff300000,0x0000000100000000)
  to   space 14848K, 99% used [0x00000000fe300000,0x00000000ff178eb8,0x00000000ff180000)
 ParOldGen       total 48640K, used 48634K [0x00000000c0000000, 0x00000000c2f80000, 0x00000000eab00000)
  object space 48640K, 99% used [0x00000000c0000000,0x00000000c2f7ea90,0x00000000c2f80000)
 Metaspace       used 8375K, capacity 8504K, committed 8576K, reserved 1056768K
  class space    used 794K, capacity 851K, committed 896K, reserved 1048576K
}
Event: 8.725 GC heap before
{Heap before GC invocations=14 (full 3):
 PSYoungGen      total 332800K, used 319488K [0x00000000eab00000, 0x0000000100000000, 0x0000000100000000)
  eden space 319488K, 100% used [0x00000000eab00000,0x00000000fe300000,0x00000000fe300000)
  from space 13312K, 0% used [0x00000000ff300000,0x00000000ff300000,0x0000000100000000)
  to   space 14848K, 99% used [0x00000000fe300000,0x00000000ff178eb8,0x00000000ff180000)
 ParOldGen       total 48640K, used 48634K [0x00000000c0000000, 0x00000000c2f80000, 0x00000000eab00000)
  object space 48640K, 99% used [0x00000000c0000000,0x00000000c2f7ea90,0x00000000c2f80000)
 Metaspace       used 8375K, capacity 8504K, committed 8576K, reserved 1056768K
  class space    used 794K, capacity 851K, committed 896K, reserved 1048576K
Event: 8.847 GC heap after
Heap after GC invocations=14 (full 3):
 PSYoungGen      total 332800K, used 0K [0x00000000eab00000, 0x0000000100000000, 0x0000000100000000)
  eden space 319488K, 0% used [0x00000000eab00000,0x00000000eab00000,0x00000000fe300000)
  from space 13312K, 0% used [0x00000000ff300000,0x00000000ff300000,0x0000000100000000)
  to   space 14848K, 0% used [0x00000000fe300000,0x00000000fe300000,0x00000000ff180000)
 ParOldGen       total 48640K, used 45888K [0x00000000c0000000, 0x00000000c2f80000, 0x00000000eab00000)
  object space 48640K, 94% used [0x00000000c0000000,0x00000000c2cd00b0,0x00000000c2f80000)
 Metaspace       used 8375K, capacity 8504K, committed 8576K, reserved 1056768K
  class space    used 794K, capacity 851K, committed 896K, reserved 1048576K
}

Deoptimization events (10 events):
Event: 7.111 Thread 0x0000000002ed2800 Uncommon trap: reason=unstable_if action=reinterpret pc=0x000000000f90c8dc method=com.android.dex.Mutf8.decode(Lcom/android/dex/util/ByteInput;[C)Ljava/lang/String; @ 54
Event: 7.112 Thread 0x0000000002ed2800 Uncommon trap: reason=unstable_if action=reinterpret pc=0x000000000f92c034 method=com.android.dex.Mutf8.countBytes(Ljava/lang/String;Z)J @ 28
Event: 7.112 Thread 0x0000000002ed2800 Uncommon trap: reason=unstable_if action=reinterpret pc=0x000000000f81e2dc method=com.android.dex.Mutf8.encode([BILjava/lang/String;)V @ 24
Event: 7.113 Thread 0x0000000002ed2800 Uncommon trap: reason=unstable_if action=reinterpret pc=0x000000000f933200 method=com.android.dex.Mutf8.countBytes(Ljava/lang/String;Z)J @ 28
Event: 7.113 Thread 0x0000000002ed2800 Uncommon trap: reason=unstable_if action=reinterpret pc=0x000000000f816688 method=com.android.dex.Mutf8.countBytes(Ljava/lang/String;Z)J @ 28
Event: 7.224 Thread 0x0000000002ed2800 Uncommon trap: reason=unstable_if action=reinterpret pc=0x000000000fab9838 method=com.android.dex.Mutf8.countBytes(Ljava/lang/String;Z)J @ 50
Event: 7.225 Thread 0x0000000002ed2800 Uncommon trap: reason=unstable_if action=reinterpret pc=0x000000000fabb65c method=com.android.dex.Mutf8.countBytes(Ljava/lang/String;Z)J @ 50
Event: 7.766 Thread 0x0000000002ed2800 Uncommon trap: reason=array_check action=maybe_recompile pc=0x000000000faa1c9c method=java.util.ComparableTimSort.binarySort([Ljava/lang/Object;III)V @ 215
Event: 8.294 Thread 0x0000000002ed2800 Uncommon trap: reason=array_check action=maybe_recompile pc=0x000000000fad1d4c method=java.util.ComparableTimSort.binarySort([Ljava/lang/Object;III)V @ 183
Event: 8.578 Thread 0x0000000002ed2800 Uncommon trap: reason=unstable_if action=reinterpret pc=0x000000000fa76608 method=java.util.HashMap$TreeNode.balanceInsertion(Ljava/util/HashMap$TreeNode;Ljava/util/HashMap$TreeNode;)Ljava/util/HashMap$TreeNode; @ 57

Internal exceptions (7 events):
Event: 0.057 Thread 0x0000000002ed2800 Exception <a 'java/lang/NoSuchMethodError': Method sun.misc.Unsafe.defineClass(Ljava/lang/String;[BII)Ljava/lang/Class; name or signature does not match> (0x00000000eab12f98) thrown at [C:\re\workspace\8-2-build-windows-amd64-cygwin\jdk8u60\4407\hotspot\sr¤òàbj­?
Event: 0.057 Thread 0x0000000002ed2800 Exception <a 'java/lang/NoSuchMethodError': Method sun.misc.Unsafe.prefetchRead(Ljava/lang/Object;J)V name or signature does not match> (0x00000000eab13280) thrown at [C:\re\workspace\8-2-build-windows-amd64-cygwin\jdk8u60\4407\hotspot\src\share\vm\prims\j;™ô…Öhï?
Event: 0.982 Thread 0x000000000645b800 Implicit null exception at 0x000000000f3948a2 to 0x000000000f394992
Event: 3.318 Thread 0x0000000002ed2800 Exception <a 'java/security/PrivilegedActionException'> (0x00000000ebe9d220) thrown at [C:\re\workspace\8-2-build-windows-amd64-cygwin\jdk8u60\4407\hotspot\src\share\vm\prims\jvm.cpp, line 1386]
Event: 3.318 Thread 0x0000000002ed2800 Exception <a 'java/security/PrivilegedActionException'> (0x00000000ebe9d618) thrown at [C:\re\workspace\8-2-build-windows-amd64-cygwin\jdk8u60\4407\hotspot\src\share\vm\prims\jvm.cpp, line 1386]
Event: 3.319 Thread 0x0000000002ed2800 Exception <a 'java/security/PrivilegedActionException'> (0x00000000ebea1830) thrown at [C:\re\workspace\8-2-build-windows-amd64-cygwin\jdk8u60\4407\hotspot\src\share\vm\prims\jvm.cpp, line 1386]
Event: 3.319 Thread 0x0000000002ed2800 Exception <a 'java/security/PrivilegedActionException'> (0x00000000ebea1c28) thrown at [C:\re\workspace\8-2-build-windows-amd64-cygwin\jdk8u60\4407\hotspot\src\share\vm\prims\jvm.cpp, line 1386]

Events (10 events):
Event: 8.294 Thread 0x0000000002ed2800 Uncommon trap: trap_request=0xffffffd6 fr.pc=0x000000000fad1d4c
Event: 8.294 Thread 0x0000000002ed2800 DEOPT PACKING pc=0x000000000fad1d4c sp=0x0000000002e3ef80
Event: 8.294 Thread 0x0000000002ed2800 DEOPT UNPACKING pc=0x000000000f05582a sp=0x0000000002e3ef28 mode 2
Event: 8.444 Thread 0x0000000002ed2800 DEOPT PACKING pc=0x000000000fa723f2 sp=0x0000000002e3f170
Event: 8.444 Thread 0x0000000002ed2800 DEOPT UNPACKING pc=0x000000000f05747f sp=0x0000000002e3eea8 mode 0
Event: 8.578 Thread 0x0000000002ed2800 Uncommon trap: trap_request=0xffffff65 fr.pc=0x000000000fa76608
Event: 8.578 Thread 0x0000000002ed2800 DEOPT PACKING pc=0x000000000fa76608 sp=0x0000000002e3f010
Event: 8.578 Thread 0x0000000002ed2800 DEOPT UNPACKING pc=0x000000000f05582a sp=0x0000000002e3edf0 mode 2
Event: 8.598 Executing VM operation: ParallelGCFailedAllocation
Event: 8.847 Executing VM operation: ParallelGCFailedAllocation done


Dynamic libraries:
0x00007ff63c670000 - 0x00007ff63c6a7000 	C:\Program Files\Java\jdk1.8.0_60\bin\java.exe
0x00007ff81b620000 - 0x00007ff81b7cc000 	C:\Windows\SYSTEM32\ntdll.dll
0x00007ff819090000 - 0x00007ff8191ce000 	C:\Windows\system32\KERNEL32.DLL
0x00007ff818a70000 - 0x00007ff818b85000 	C:\Windows\system32\KERNELBASE.dll
0x00007ff8172c0000 - 0x00007ff81734e000 	C:\Windows\system32\apphelp.dll
0x00007ff80bc20000 - 0x00007ff80bc73000 	C:\Windows\AppPatch\AppPatch64\AcGenral.DLL
0x00007ff818fd0000 - 0x00007ff81907a000 	C:\Windows\system32\msvcrt.dll
0x00007ff8184f0000 - 0x00007ff81851e000 	C:\Windows\SYSTEM32\SspiCli.dll
0x00007ff81a9c0000 - 0x00007ff81aa14000 	C:\Windows\system32\SHLWAPI.dll
0x00007ff818de0000 - 0x00007ff818f57000 	C:\Windows\system32\USER32.dll
0x00007ff8191d0000 - 0x00007ff819364000 	C:\Windows\system32\ole32.dll
0x00007ff819440000 - 0x00007ff81a958000 	C:\Windows\system32\SHELL32.dll
0x00007ff817cc0000 - 0x00007ff817ce1000 	C:\Windows\SYSTEM32\USERENV.dll
0x00007ff81aa20000 - 0x00007ff81aaca000 	C:\Windows\system32\ADVAPI32.dll
0x00007ff8104f0000 - 0x00007ff81050e000 	C:\Windows\SYSTEM32\MPR.dll
0x00007ff81b170000 - 0x00007ff81b2b1000 	C:\Windows\system32\RPCRT4.dll
0x00007ff81aad0000 - 0x00007ff81ab29000 	C:\Windows\SYSTEM32\sechost.dll
0x00007ff81af30000 - 0x00007ff81b141000 	C:\Windows\SYSTEM32\combase.dll
0x00007ff81ad10000 - 0x00007ff81ae61000 	C:\Windows\system32\GDI32.dll
0x00007ff818770000 - 0x00007ff818785000 	C:\Windows\SYSTEM32\profapi.dll
0x00007ff816f50000 - 0x00007ff817002000 	C:\Windows\SYSTEM32\SHCORE.dll
0x00007ff81b2c0000 - 0x00007ff81b2f6000 	C:\Windows\system32\IMM32.DLL
0x00007ff81b300000 - 0x00007ff81b452000 	C:\Windows\system32\MSCTF.dll
0x00007ff818720000 - 0x00007ff818751000 	C:\Windows\system32\nvinitx.dll
0x00007ff818710000 - 0x00007ff81871a000 	C:\Windows\SYSTEM32\VERSION.dll
0x000000000f000000 - 0x000000000f006000 	C:\Program Files\NVIDIA Corporation\CoProcManager\_etoured.dll
0x00007ff816c30000 - 0x00007ff816c62000 	C:\Program Files\NVIDIA Corporation\CoProcManager\nvd3d9wrapx.dll
0x00007ff81ab30000 - 0x00007ff81ad0a000 	C:\Windows\system32\SETUPAPI.dll
0x00007ff818a20000 - 0x00007ff818a6f000 	C:\Windows\system32\CFGMGR32.dll
0x00007ff816c00000 - 0x00007ff816c22000 	C:\Program Files\NVIDIA Corporation\CoProcManager\nvdxgiwrapx.dll
0x00007ff814d20000 - 0x00007ff814f9b000 	C:\Windows\WinSxS\amd64_microsoft.windows.common-controls_6595b64144ccf1df_6.0.9600.17415_none_6240486fecbd8abb\COMCTL32.dll
0x00000000687f0000 - 0x00000000688c2000 	C:\Program Files\Java\jdk1.8.0_60\jre\bin\msvcr100.dll
0x0000000067b10000 - 0x0000000068399000 	C:\Program Files\Java\jdk1.8.0_60\jre\bin\server\jvm.dll
0x00007ff813e70000 - 0x00007ff813e79000 	C:\Windows\SYSTEM32\WSOCK32.dll
0x00007ff813fb0000 - 0x00007ff813fd2000 	C:\Windows\SYSTEM32\WINMM.dll
0x00007ff818fc0000 - 0x00007ff818fc7000 	C:\Windows\system32\PSAPI.DLL
0x00007ff81a960000 - 0x00007ff81a9ba000 	C:\Windows\system32\WS2_32.dll
0x00007ff813cc0000 - 0x00007ff813cea000 	C:\Windows\SYSTEM32\WINMMBASE.dll
0x00007ff819370000 - 0x00007ff819379000 	C:\Windows\system32\NSI.dll
0x00007ff817510000 - 0x00007ff817538000 	C:\Windows\SYSTEM32\DEVOBJ.dll
0x0000000068c60000 - 0x0000000068c6f000 	C:\Program Files\Java\jdk1.8.0_60\jre\bin\verify.dll
0x0000000068c30000 - 0x0000000068c59000 	C:\Program Files\Java\jdk1.8.0_60\jre\bin\java.dll
0x0000000068c10000 - 0x0000000068c26000 	C:\Program Files\Java\jdk1.8.0_60\jre\bin\zip.dll

VM Arguments:
jvm_args: -Xmx1024M -Dfile.encoding=windows-1251 -Duser.country=RU -Duser.language=ru -Duser.variant 
java_command: com.android.dx.command.Main --dex --num-threads=4 --output C:\java\android\EventHunter\app\build\intermediates\dex\debug C:\java\android\EventHunter\app\build\intermediates\classes\debug C:\java\android\EventHunter\app\build\intermediates\pre-dexed\debug\support-annotations-23.0.1-83676807229e344ee5d98b2e8f5ee90735dbc5c3.jar C:\java\android\EventHunter\app\build\intermediates\pre-dexed\debug\classes-c20afcc1740d79820e65179484dbec29bb5f60ea.jar C:\java\android\EventHunter\app\build\intermediates\pre-dexed\debug\internal_impl-22.2.0-a83752519c01ad2ba20bc016f010d047b228f261.jar C:\java\android\EventHunter\app\build\intermediates\pre-dexed\debug\classes-b4805c3dc551e8addcdfe83006eb2e2069d3f69f.jar C:\java\android\EventHunter\app\build\intermediates\pre-dexed\debug\classes-ae9b863311f49a782185bfb452b8025793af85c8.jar C:\java\android\EventHunter\app\build\intermediates\pre-dexed\debug\classes-a8918f74546ee3dbc7aab13fd9ad1bdefcfba1e4.jar C:\java\android\EventHunter\app\build\intermediates\pre-dexed\debug\bolts-android-1.2.1-356a198f80105d5433eee2afd667d2e7d02573d1.jar C:\java\android\EventHunter\app\build\intermediates\pre-dexed\debug\classes-06bb6aa3532cad2f72f9a491dcfa9f789652485a.jar C:\java\android\EventHunter\app\build\intermediates\pre-dexed\debug\classes-b0e1490f23c0dbfdbfc3758d5ddbb5797a31a832.jar C:\java\android\EventHunter\app\build\intermediates\pre-dexed\debug\classes-573c3b2aaaf01ebf77281ed216568a2ea3f0c246.jar C:\java\android\EventHunter\app\build\intermediates\pre-dexed\debug\classes-ae8a2d517b50dadc2316914ab7a8fef2dd55ff44.jar C:\java\android\EventHunter\app\build\intermediates\pre-dexed\debug\classes-551fcf9ef8ced75a4427f5325a0b04b927bbc6d8.jar C:\java\android\EventHunter\app\build\intermediates\pre-dexed\debug\classes-639a1f6c50ea7c1445d2d4ef22bb93066db0ed9e.jar C:\java\android\EventHunter\app\build\intermediates\pre-dexed\debug\classes-5ca4f3c4ceb3497993ee5090b90b68d342d08305.jar C:\java\android\EventHunter\app\build\intermediates\pre-dex
java_class_path (initial): C:\Users\user\AppData\Local\Android\sdk\build-tools\23.0.1\lib\dx.jar
Launcher Type: SUN_STANDARD

Environment Variables:
PATH=C:\ProgramData\Oracle\Java\javapath;C:\Windows\system32;C:\Windows;C:\Windows\System32\Wbem;C:\Windows\System32\WindowsPowerShell\v1.0\;C:\Program Files (x86)\Windows Kits\8.1\Windows Performance Toolkit\;C:\Program Files\Microsoft SQL Server\110\Tools\Binn\;C:\Program Files (x86)\Intel\OpenCL SDK\2.0\bin\x86;C:\Program Files (x86)\Intel\OpenCL SDK\2.0\bin\x64;C:\Program Files (x86)\NVIDIA Corporation\PhysX\Common;c:\altera\91sp2\quartus\bin;C:\TDM-GCC-32\bin;C:\Program Files\Java\jdk1.8.0_60\bin;C:\Program Files (x86)\Skype\Phone\
USERNAME=user
OS=Windows_NT
PROCESSOR_IDENTIFIER=Intel64 Family 6 Model 42 Stepping 7, GenuineIntel



---------------  S Y S T E M  ---------------

OS: Windows 8.1 , 64 bit Build 9600 (6.3.9600.17415)

CPU:total 2 (2 cores per cpu, 1 threads per core) family 6 model 42 stepping 7, cmov, cx8, fxsr, mmx, sse, sse2, sse3, ssse3, sse4.1, sse4.2, popcnt, clmul, tsc, tscinvbit

Memory: 4k page, physical 4089116k(409884k free), swap 4089116k(5112k free)

vm_info: Java HotSpot(TM) 64-Bit Server VM (25.60-b23) for windows-amd64 JRE (1.8.0_60-b27), built on Aug  4 2015 11:06:27 by "java_re" with MS VC++ 10.0 (VS2010)

time: Fri Oct 09 23:14:40 2015
elapsed time: 8 seconds (0d 0h 0m 8s)

