#
# There is insufficient memory for the Java Runtime Environment to continue.
# Native memory allocation (malloc) failed to allocate 336176 bytes for Chunk::new
# Possible reasons:
#   The system is out of physical RAM or swap space
#   In 32 bit mode, the process size limit was hit
# Possible solutions:
#   Reduce memory load on the system
#   Increase physical memory or swap space
#   Check if swap backing store is full
#   Use 64 bit Java on a 64 bit OS
#   Decrease Java heap size (-Xmx/-Xms)
#   Decrease number of Java threads
#   Decrease Java thread stack sizes (-Xss)
#   Set larger code cache with -XX:ReservedCodeCacheSize=
# This output file may be truncated or incomplete.
#
#  Out of Memory Error (allocation.cpp:390), pid=1496, tid=1852
#
# JRE version: Java(TM) SE Runtime Environment (8.0_60-b27) (build 1.8.0_60-b27)
# Java VM: Java HotSpot(TM) 64-Bit Server VM (25.60-b23 mixed mode windows-amd64 compressed oops)
# Failed to write core dump. Minidumps are not enabled by default on client versions of Windows
#

---------------  T H R E A D  ---------------

Current thread (0x0000000005f08000):  JavaThread "C2 CompilerThread0" daemon [_thread_in_native, id=1852, stack(0x0000000006f30000,0x0000000007030000)]

Stack: [0x0000000006f30000,0x0000000007030000]
[error occurred during error reporting (printing stack bounds), id 0xc0000005]

Native frames: (J=compiled Java code, j=interpreted, Vv=VM code, C=native code)


Current CompileTask:
C2:   8908 3144       4       java.util.ComparableTimSort::gallopLeft (327 bytes)


---------------  P R O C E S S  ---------------

Java Threads: ( => current thread )
  0x0000000005f9a000 JavaThread "Service Thread" daemon [_thread_blocked, id=236, stack(0x0000000007130000,0x0000000007230000)]
  0x0000000005f0e800 JavaThread "C1 CompilerThread1" daemon [_thread_blocked, id=1868, stack(0x0000000007030000,0x0000000007130000)]
=>0x0000000005f08000 JavaThread "C2 CompilerThread0" daemon [_thread_in_native, id=1852, stack(0x0000000006f30000,0x0000000007030000)]
  0x0000000005f06800 JavaThread "Attach Listener" daemon [_thread_blocked, id=4204, stack(0x0000000006e30000,0x0000000006f30000)]
  0x0000000005f13000 JavaThread "Signal Dispatcher" daemon [_thread_blocked, id=4340, stack(0x0000000006d30000,0x0000000006e30000)]
  0x0000000002a75800 JavaThread "Finalizer" daemon [_thread_blocked, id=1120, stack(0x0000000006b50000,0x0000000006c50000)]
  0x0000000002a6c800 JavaThread "Reference Handler" daemon [_thread_blocked, id=2580, stack(0x0000000006a50000,0x0000000006b50000)]
  0x0000000002982800 JavaThread "main" [_thread_in_Java, id=3196, stack(0x00000000027e0000,0x00000000028e0000)]

Other Threads:
  0x0000000005ed6000 VMThread [stack: 0x0000000006950000,0x0000000006a50000] [id=188]
  0x0000000005f9e800 WatcherThread [stack: 0x0000000007230000,0x0000000007330000] [id=1976]

VM state:not at safepoint (normal execution)

VM Mutex/Monitor currently owned by a thread: None

Heap:
 PSYoungGen      total 269824K, used 90621K [0x00000000eab00000, 0x0000000100000000, 0x0000000100000000)
  eden space 257024K, 35% used [0x00000000eab00000,0x00000000f037f760,0x00000000fa600000)
  from space 12800K, 0% used [0x00000000fb780000,0x00000000fb780000,0x00000000fc400000)
  to   space 17920K, 0% used [0x00000000fa600000,0x00000000fa600000,0x00000000fb780000)
 ParOldGen       total 44032K, used 38143K [0x00000000c0000000, 0x00000000c2b00000, 0x00000000eab00000)
  object space 44032K, 86% used [0x00000000c0000000,0x00000000c253fe78,0x00000000c2b00000)
 Metaspace       used 8353K, capacity 8496K, committed 8576K, reserved 1056768K
  class space    used 794K, capacity 851K, committed 896K, reserved 1048576K

Card table byte_map: [0x0000000002e40000,0x0000000003050000] byte_map_base: 0x0000000002840000

Marking Bits: (ParMarkBitMap*) 0x0000000074b3a5b0
 Begin Bits: [0x00000000033b0000, 0x00000000043b0000)
 End Bits:   [0x00000000043b0000, 0x00000000053b0000)

Polling page: 0x0000000000da0000

CodeCache: size=245760Kb used=10917Kb max_used=10936Kb free=234842Kb
 bounds [0x000000000f010000, 0x000000000fad0000, 0x000000001e010000]
 total_blobs=3413 nmethods=3118 adapters=208
 compilation: enabled

Compilation events (10 events):
Event: 8.790 Thread 0x0000000005f0e800 nmethod 3140 0x000000000fab55d0 code [0x000000000fab5780, 0x000000000fab5c68]
Event: 8.790 Thread 0x0000000005f0e800 3141       3       java.lang.Character::codePointAt (51 bytes)
Event: 8.791 Thread 0x0000000005f0e800 nmethod 3141 0x000000000fabef90 code [0x000000000fabf140, 0x000000000fabf7e8]
Event: 8.813 Thread 0x0000000005f08000 3142       4       java.util.ComparableTimSort::binarySort (223 bytes)
Event: 8.821 Thread 0x0000000005f08000 nmethod 3142 0x000000000fac2b50 code [0x000000000fac2cc0, 0x000000000fac33d8]
Event: 8.821 Thread 0x0000000005f08000 3143       4       java.util.ComparableTimSort::mergeHi (729 bytes)
Event: 8.833 Thread 0x0000000005f0e800 3145       3       com.android.dx.merge.DexMerger::transformAnnotationDirectories (51 bytes)
Event: 8.833 Thread 0x0000000005f0e800 nmethod 3145 0x000000000fabe750 code [0x000000000fabe8e0, 0x000000000fabedb8]
Event: 8.869 Thread 0x0000000005f08000 nmethod 3143 0x000000000fac6f10 code [0x000000000fac7100, 0x000000000fac9078]
Event: 8.869 Thread 0x0000000005f08000 3144       4       java.util.ComparableTimSort::gallopLeft (327 bytes)

GC Heap History (10 events):
Event: 6.408 GC heap before
{Heap before GC invocations=7 (full 0):
 PSYoungGen      total 143872K, used 135983K [0x00000000eab00000, 0x00000000f4500000, 0x0000000100000000)
  eden space 131072K, 100% used [0x00000000eab00000,0x00000000f2b00000,0x00000000f2b00000)
  from space 12800K, 38% used [0x00000000f3880000,0x00000000f3d4be38,0x00000000f4500000)
  to   space 13312K, 0% used [0x00000000f2b00000,0x00000000f2b00000,0x00000000f3800000)
 ParOldGen       total 44032K, used 23796K [0x00000000c0000000, 0x00000000c2b00000, 0x00000000eab00000)
  object space 44032K, 54% used [0x00000000c0000000,0x00000000c173d320,0x00000000c2b00000)
 Metaspace       used 8330K, capacity 8432K, committed 8576K, reserved 1056768K
  class space    used 794K, capacity 851K, committed 896K, reserved 1048576K
Event: 6.422 GC heap after
Heap after GC invocations=7 (full 0):
 PSYoungGen      total 144384K, used 7377K [0x00000000eab00000, 0x00000000fc400000, 0x0000000100000000)
  eden space 131072K, 0% used [0x00000000eab00000,0x00000000eab00000,0x00000000f2b00000)
  from space 13312K, 55% used [0x00000000f2b00000,0x00000000f3234530,0x00000000f3800000)
  to   space 12800K, 0% used [0x00000000fb780000,0x00000000fb780000,0x00000000fc400000)
 ParOldGen       total 44032K, used 24632K [0x00000000c0000000, 0x00000000c2b00000, 0x00000000eab00000)
  object space 44032K, 55% used [0x00000000c0000000,0x00000000c180e3e0,0x00000000c2b00000)
 Metaspace       used 8330K, capacity 8432K, committed 8576K, reserved 1056768K
  class space    used 794K, capacity 851K, committed 896K, reserved 1048576K
}
Event: 6.910 GC heap before
{Heap before GC invocations=8 (full 0):
 PSYoungGen      total 144384K, used 137219K [0x00000000eab00000, 0x00000000fc400000, 0x0000000100000000)
  eden space 131072K, 99% used [0x00000000eab00000,0x00000000f29cca90,0x00000000f2b00000)
  from space 13312K, 55% used [0x00000000f2b00000,0x00000000f3234530,0x00000000f3800000)
  to   space 12800K, 0% used [0x00000000fb780000,0x00000000fb780000,0x00000000fc400000)
 ParOldGen       total 44032K, used 24632K [0x00000000c0000000, 0x00000000c2b00000, 0x00000000eab00000)
  object space 44032K, 55% used [0x00000000c0000000,0x00000000c180e3e0,0x00000000c2b00000)
 Metaspace       used 8337K, capacity 8496K, committed 8576K, reserved 1056768K
  class space    used 794K, capacity 851K, committed 896K, reserved 1048576K
Event: 6.923 GC heap after
Heap after GC invocations=8 (full 0):
 PSYoungGen      total 274432K, used 10241K [0x00000000eab00000, 0x00000000fc500000, 0x0000000100000000)
  eden space 261632K, 0% used [0x00000000eab00000,0x00000000eab00000,0x00000000faa80000)
  from space 12800K, 80% used [0x00000000fb780000,0x00000000fc180528,0x00000000fc400000)
  to   space 13312K, 0% used [0x00000000faa80000,0x00000000faa80000,0x00000000fb780000)
 ParOldGen       total 44032K, used 25805K [0x00000000c0000000, 0x00000000c2b00000, 0x00000000eab00000)
  object space 44032K, 58% used [0x00000000c0000000,0x00000000c19337e0,0x00000000c2b00000)
 Metaspace       used 8337K, capacity 8496K, committed 8576K, reserved 1056768K
  class space    used 794K, capacity 851K, committed 896K, reserved 1048576K
}
Event: 7.879 GC heap before
{Heap before GC invocations=9 (full 0):
 PSYoungGen      total 274432K, used 271873K [0x00000000eab00000, 0x00000000fc500000, 0x0000000100000000)
  eden space 261632K, 100% used [0x00000000eab00000,0x00000000faa80000,0x00000000faa80000)
  from space 12800K, 80% used [0x00000000fb780000,0x00000000fc180528,0x00000000fc400000)
  to   space 13312K, 0% used [0x00000000faa80000,0x00000000faa80000,0x00000000fb780000)
 ParOldGen       total 44032K, used 25805K [0x00000000c0000000, 0x00000000c2b00000, 0x00000000eab00000)
  object space 44032K, 58% used [0x00000000c0000000,0x00000000c19337e0,0x00000000c2b00000)
 Metaspace       used 8345K, capacity 8496K, committed 8576K, reserved 1056768K
  class space    used 794K, capacity 851K, committed 896K, reserved 1048576K
Event: 7.897 GC heap after
Heap after GC invocations=9 (full 0):
 PSYoungGen      total 274944K, used 10862K [0x00000000eab00000, 0x00000000fc500000, 0x0000000100000000)
  eden space 261632K, 0% used [0x00000000eab00000,0x00000000eab00000,0x00000000faa80000)
  from space 13312K, 81% used [0x00000000faa80000,0x00000000fb51bb28,0x00000000fb780000)
  to   space 12800K, 0% used [0x00000000fb780000,0x00000000fb780000,0x00000000fc400000)
 ParOldGen       total 44032K, used 30981K [0x00000000c0000000, 0x00000000c2b00000, 0x00000000eab00000)
  object space 44032K, 70% used [0x00000000c0000000,0x00000000c1e41650,0x00000000c2b00000)
 Metaspace       used 8345K, capacity 8496K, committed 8576K, reserved 1056768K
  class space    used 794K, capacity 851K, committed 896K, reserved 1048576K
}
Event: 8.541 GC heap before
{Heap before GC invocations=10 (full 0):
 PSYoungGen      total 274944K, used 272494K [0x00000000eab00000, 0x00000000fc500000, 0x0000000100000000)
  eden space 261632K, 100% used [0x00000000eab00000,0x00000000faa80000,0x00000000faa80000)
  from space 13312K, 81% used [0x00000000faa80000,0x00000000fb51bb28,0x00000000fb780000)
  to   space 12800K, 0% used [0x00000000fb780000,0x00000000fb780000,0x00000000fc400000)
 ParOldGen       total 44032K, used 30981K [0x00000000c0000000, 0x00000000c2b00000, 0x00000000eab00000)
  object space 44032K, 70% used [0x00000000c0000000,0x00000000c1e41650,0x00000000c2b00000)
 Metaspace       used 8350K, capacity 8496K, committed 8576K, reserved 1056768K
  class space    used 794K, capacity 851K, committed 896K, reserved 1048576K
Event: 8.563 GC heap after
Heap after GC invocations=10 (full 0):
 PSYoungGen      total 269824K, used 12787K [0x00000000eab00000, 0x0000000100000000, 0x0000000100000000)
  eden space 257024K, 0% used [0x00000000eab00000,0x00000000eab00000,0x00000000fa600000)
  from space 12800K, 99% used [0x00000000fb780000,0x00000000fc3fcc80,0x00000000fc400000)
  to   space 17920K, 0% used [0x00000000fa600000,0x00000000fa600000,0x00000000fb780000)
 ParOldGen       total 44032K, used 37846K [0x00000000c0000000, 0x00000000c2b00000, 0x00000000eab00000)
  object space 44032K, 85% used [0x00000000c0000000,0x00000000c24f58b8,0x00000000c2b00000)
 Metaspace       used 8350K, capacity 8496K, committed 8576K, reserved 1056768K
  class space    used 794K, capacity 851K, committed 896K, reserved 1048576K
}
Event: 8.563 GC heap before
{Heap before GC invocations=11 (full 1):
 PSYoungGen      total 269824K, used 12787K [0x00000000eab00000, 0x0000000100000000, 0x0000000100000000)
  eden space 257024K, 0% used [0x00000000eab00000,0x00000000eab00000,0x00000000fa600000)
  from space 12800K, 99% used [0x00000000fb780000,0x00000000fc3fcc80,0x00000000fc400000)
  to   space 17920K, 0% used [0x00000000fa600000,0x00000000fa600000,0x00000000fb780000)
 ParOldGen       total 44032K, used 37846K [0x00000000c0000000, 0x00000000c2b00000, 0x00000000eab00000)
  object space 44032K, 85% used [0x00000000c0000000,0x00000000c24f58b8,0x00000000c2b00000)
 Metaspace       used 8350K, capacity 8496K, committed 8576K, reserved 1056768K
  class space    used 794K, capacity 851K, committed 896K, reserved 1048576K
Event: 8.733 GC heap after
Heap after GC invocations=11 (full 1):
 PSYoungGen      total 269824K, used 0K [0x00000000eab00000, 0x0000000100000000, 0x0000000100000000)
  eden space 257024K, 0% used [0x00000000eab00000,0x00000000eab00000,0x00000000fa600000)
  from space 12800K, 0% used [0x00000000fb780000,0x00000000fb780000,0x00000000fc400000)
  to   space 17920K, 0% used [0x00000000fa600000,0x00000000fa600000,0x00000000fb780000)
 ParOldGen       total 44032K, used 38143K [0x00000000c0000000, 0x00000000c2b00000, 0x00000000eab00000)
  object space 44032K, 86% used [0x00000000c0000000,0x00000000c253fe78,0x00000000c2b00000)
 Metaspace       used 8350K, capacity 8496K, committed 8576K, reserved 1056768K
  class space    used 794K, capacity 851K, committed 896K, reserved 1048576K
}

Deoptimization events (10 events):
Event: 7.228 Thread 0x0000000002982800 Uncommon trap: reason=array_check action=maybe_recompile pc=0x000000000fa6b49c method=java.util.TimSort.binarySort([Ljava/lang/Object;IIILjava/util/Comparator;)V @ 193
Event: 7.367 Thread 0x0000000002982800 Uncommon trap: reason=array_check action=maybe_recompile pc=0x000000000fa72a80 method=java.util.TimSort.binarySort([Ljava/lang/Object;IIILjava/util/Comparator;)V @ 183
Event: 7.367 Thread 0x0000000002982800 Uncommon trap: reason=array_check action=maybe_recompile pc=0x000000000fa72a80 method=java.util.TimSort.binarySort([Ljava/lang/Object;IIILjava/util/Comparator;)V @ 183
Event: 7.453 Thread 0x0000000002982800 Uncommon trap: reason=array_check action=maybe_recompile pc=0x000000000fa655d4 method=java.util.ComparableTimSort.binarySort([Ljava/lang/Object;III)V @ 193
Event: 7.658 Thread 0x0000000002982800 Uncommon trap: reason=array_check action=maybe_recompile pc=0x000000000fa655d4 method=java.util.ComparableTimSort.binarySort([Ljava/lang/Object;III)V @ 193
Event: 8.128 Thread 0x0000000002982800 Uncommon trap: reason=array_check action=maybe_recompile pc=0x000000000fa655d4 method=java.util.ComparableTimSort.binarySort([Ljava/lang/Object;III)V @ 193
Event: 8.281 Thread 0x0000000002982800 Uncommon trap: reason=array_check action=maybe_recompile pc=0x000000000fa9ff1c method=java.util.ComparableTimSort.binarySort([Ljava/lang/Object;III)V @ 215
Event: 8.479 Thread 0x0000000002982800 Uncommon trap: reason=unstable_if action=reinterpret pc=0x000000000fa68034 method=java.util.HashMap$TreeNode.balanceInsertion(Ljava/util/HashMap$TreeNode;Ljava/util/HashMap$TreeNode;)Ljava/util/HashMap$TreeNode; @ 189
Event: 8.479 Thread 0x0000000002982800 Uncommon trap: reason=unstable_if action=reinterpret pc=0x000000000f9f7c58 method=java.util.HashMap$TreeNode.balanceInsertion(Ljava/util/HashMap$TreeNode;Ljava/util/HashMap$TreeNode;)Ljava/util/HashMap$TreeNode; @ 189
Event: 8.793 Thread 0x0000000002982800 Uncommon trap: reason=array_check action=maybe_recompile pc=0x000000000fa9ff1c method=java.util.ComparableTimSort.binarySort([Ljava/lang/Object;III)V @ 215

Internal exceptions (7 events):
Event: 0.055 Thread 0x0000000002982800 Exception <a 'java/lang/NoSuchMethodError': Method sun.misc.Unsafe.defineClass(Ljava/lang/String;[BII)Ljava/lang/Class; name or signature does not match> (0x00000000eab12f50) thrown at [C:\re\workspace\8-2-build-windows-amd64-cygwin\jdk8u60\4407\hotspot\srÀ§•V¬?
Event: 0.055 Thread 0x0000000002982800 Exception <a 'java/lang/NoSuchMethodError': Method sun.misc.Unsafe.prefetchRead(Ljava/lang/Object;J)V name or signature does not match> (0x00000000eab13238) thrown at [C:\re\workspace\8-2-build-windows-amd64-cygwin\jdk8u60\4407\hotspot\src\share\vm\prims\jÍwï-$iñ?
Event: 1.088 Thread 0x000000000743b000 Implicit null exception at 0x000000000f399ba2 to 0x000000000f399c92
Event: 4.888 Thread 0x0000000002982800 Exception <a 'java/security/PrivilegedActionException'> (0x00000000ec5278a0) thrown at [C:\re\workspace\8-2-build-windows-amd64-cygwin\jdk8u60\4407\hotspot\src\share\vm\prims\jvm.cpp, line 1386]
Event: 4.888 Thread 0x0000000002982800 Exception <a 'java/security/PrivilegedActionException'> (0x00000000ec527c98) thrown at [C:\re\workspace\8-2-build-windows-amd64-cygwin\jdk8u60\4407\hotspot\src\share\vm\prims\jvm.cpp, line 1386]
Event: 4.891 Thread 0x0000000002982800 Exception <a 'java/security/PrivilegedActionException'> (0x00000000ec52beb0) thrown at [C:\re\workspace\8-2-build-windows-amd64-cygwin\jdk8u60\4407\hotspot\src\share\vm\prims\jvm.cpp, line 1386]
Event: 4.891 Thread 0x0000000002982800 Exception <a 'java/security/PrivilegedActionException'> (0x00000000ec52c2a8) thrown at [C:\re\workspace\8-2-build-windows-amd64-cygwin\jdk8u60\4407\hotspot\src\share\vm\prims\jvm.cpp, line 1386]

Events (10 events):
Event: 8.479 Thread 0x0000000002982800 DEOPT UNPACKING pc=0x000000000f05582a sp=0x00000000028dec90 mode 2
Event: 8.541 Executing VM operation: ParallelGCFailedAllocation
Event: 8.733 Executing VM operation: ParallelGCFailedAllocation done
Event: 8.793 Thread 0x0000000002982800 Uncommon trap: trap_request=0xffffffd6 fr.pc=0x000000000fa9ff1c
Event: 8.793 Thread 0x0000000002982800 DEOPT PACKING pc=0x000000000fa9ff1c sp=0x00000000028dedb0
Event: 8.793 Thread 0x0000000002982800 DEOPT UNPACKING pc=0x000000000f05582a sp=0x00000000028ded58 mode 2
Event: 8.813 Thread 0x0000000002982800 DEOPT PACKING pc=0x000000000f9ec7bf sp=0x00000000028deb90
Event: 8.813 Thread 0x0000000002982800 DEOPT UNPACKING pc=0x000000000f05747f sp=0x00000000028de910 mode 0
Event: 8.829 Thread 0x0000000002982800 DEOPT PACKING pc=0x000000000f9ec7bf sp=0x00000000028deb60
Event: 8.829 Thread 0x0000000002982800 DEOPT UNPACKING pc=0x000000000f05747f sp=0x00000000028de8e0 mode 0


Dynamic libraries:
0x00007ff649730000 - 0x00007ff649767000 	C:\Program Files\Java\jdk1.8.0_60\bin\java.exe
0x00007ffabf4b0000 - 0x00007ffabf65c000 	C:\Windows\SYSTEM32\ntdll.dll
0x00007ffabd0d0000 - 0x00007ffabd20e000 	C:\Windows\system32\KERNEL32.DLL
0x00007ffabc960000 - 0x00007ffabca75000 	C:\Windows\system32\KERNELBASE.dll
0x00007ffabb150000 - 0x00007ffabb1de000 	C:\Windows\system32\apphelp.dll
0x00007ffa9ff10000 - 0x00007ffa9ff63000 	C:\Windows\AppPatch\AppPatch64\AcGenral.DLL
0x00007ffabcb90000 - 0x00007ffabcc3a000 	C:\Windows\system32\msvcrt.dll
0x00007ffabc380000 - 0x00007ffabc3ae000 	C:\Windows\SYSTEM32\SspiCli.dll
0x00007ffabecd0000 - 0x00007ffabed24000 	C:\Windows\system32\SHLWAPI.dll
0x00007ffabea30000 - 0x00007ffabeba7000 	C:\Windows\system32\USER32.dll
0x00007ffabeee0000 - 0x00007ffabf074000 	C:\Windows\system32\ole32.dll
0x00007ffabd3a0000 - 0x00007ffabe8b8000 	C:\Windows\system32\SHELL32.dll
0x00007ffabbb50000 - 0x00007ffabbb71000 	C:\Windows\SYSTEM32\USERENV.dll
0x00007ffabd220000 - 0x00007ffabd2ca000 	C:\Windows\system32\ADVAPI32.dll
0x00007ffab44f0000 - 0x00007ffab450e000 	C:\Windows\SYSTEM32\MPR.dll
0x00007ffabf0c0000 - 0x00007ffabf201000 	C:\Windows\system32\RPCRT4.dll
0x00007ffabcf10000 - 0x00007ffabcf69000 	C:\Windows\SYSTEM32\sechost.dll
0x00007ffabcc60000 - 0x00007ffabce71000 	C:\Windows\SYSTEM32\combase.dll
0x00007ffabcf70000 - 0x00007ffabd0c1000 	C:\Windows\system32\GDI32.dll
0x00007ffabc600000 - 0x00007ffabc615000 	C:\Windows\SYSTEM32\profapi.dll
0x00007ffabade0000 - 0x00007ffabae92000 	C:\Windows\SYSTEM32\SHCORE.dll
0x00007ffabf080000 - 0x00007ffabf0b6000 	C:\Windows\system32\IMM32.DLL
0x00007ffabe8c0000 - 0x00007ffabea12000 	C:\Windows\system32\MSCTF.dll
0x00007ffabc5b0000 - 0x00007ffabc5e1000 	C:\Windows\system32\nvinitx.dll
0x00007ffabc5a0000 - 0x00007ffabc5aa000 	C:\Windows\SYSTEM32\VERSION.dll
0x000000000f000000 - 0x000000000f006000 	C:\Program Files\NVIDIA Corporation\CoProcManager\_etoured.dll
0x00007ffaba8f0000 - 0x00007ffaba922000 	C:\Program Files\NVIDIA Corporation\CoProcManager\nvd3d9wrapx.dll
0x00007ffabf210000 - 0x00007ffabf3ea000 	C:\Windows\system32\SETUPAPI.dll
0x00007ffabc910000 - 0x00007ffabc95f000 	C:\Windows\system32\CFGMGR32.dll
0x00007ffaba8c0000 - 0x00007ffaba8e2000 	C:\Program Files\NVIDIA Corporation\CoProcManager\nvdxgiwrapx.dll
0x00007ffab8770000 - 0x00007ffab89eb000 	C:\Windows\WinSxS\amd64_microsoft.windows.common-controls_6595b64144ccf1df_6.0.9600.17415_none_6240486fecbd8abb\COMCTL32.dll
0x0000000073c80000 - 0x0000000073d52000 	C:\Program Files\Java\jdk1.8.0_60\jre\bin\msvcr100.dll
0x0000000074330000 - 0x0000000074bb9000 	C:\Program Files\Java\jdk1.8.0_60\jre\bin\server\jvm.dll
0x00007ffaaff30000 - 0x00007ffaaff39000 	C:\Windows\SYSTEM32\WSOCK32.dll
0x00007ffab8aa0000 - 0x00007ffab8ac2000 	C:\Windows\SYSTEM32\WINMM.dll
0x00007ffabea20000 - 0x00007ffabea27000 	C:\Windows\system32\PSAPI.DLL
0x00007ffabebb0000 - 0x00007ffabec0a000 	C:\Windows\system32\WS2_32.dll
0x00007ffab7b50000 - 0x00007ffab7b7a000 	C:\Windows\SYSTEM32\WINMMBASE.dll
0x00007ffabcf00000 - 0x00007ffabcf09000 	C:\Windows\system32\NSI.dll
0x00007ffabb3b0000 - 0x00007ffabb3d8000 	C:\Windows\SYSTEM32\DEVOBJ.dll
0x0000000074320000 - 0x000000007432f000 	C:\Program Files\Java\jdk1.8.0_60\jre\bin\verify.dll
0x00000000742f0000 - 0x0000000074319000 	C:\Program Files\Java\jdk1.8.0_60\jre\bin\java.dll
0x00000000742d0000 - 0x00000000742e6000 	C:\Program Files\Java\jdk1.8.0_60\jre\bin\zip.dll

VM Arguments:
jvm_args: -Xmx1024M -Dfile.encoding=windows-1251 -Duser.country=RU -Duser.language=ru -Duser.variant 
java_command: com.android.dx.command.Main --dex --num-threads=4 --output C:\java\android\EventHunter\app\build\intermediates\dex\debug C:\java\android\EventHunter\app\build\intermediates\classes\debug C:\java\android\EventHunter\app\build\intermediates\pre-dexed\debug\support-annotations-23.0.1-83676807229e344ee5d98b2e8f5ee90735dbc5c3.jar C:\java\android\EventHunter\app\build\intermediates\pre-dexed\debug\classes-c20afcc1740d79820e65179484dbec29bb5f60ea.jar C:\java\android\EventHunter\app\build\intermediates\pre-dexed\debug\internal_impl-22.2.0-a83752519c01ad2ba20bc016f010d047b228f261.jar C:\java\android\EventHunter\app\build\intermediates\pre-dexed\debug\classes-b4805c3dc551e8addcdfe83006eb2e2069d3f69f.jar C:\java\android\EventHunter\app\build\intermediates\pre-dexed\debug\classes-ae9b863311f49a782185bfb452b8025793af85c8.jar C:\java\android\EventHunter\app\build\intermediates\pre-dexed\debug\classes-a8918f74546ee3dbc7aab13fd9ad1bdefcfba1e4.jar C:\java\android\EventHunter\app\build\intermediates\pre-dexed\debug\bolts-android-1.2.1-356a198f80105d5433eee2afd667d2e7d02573d1.jar C:\java\android\EventHunter\app\build\intermediates\pre-dexed\debug\classes-06bb6aa3532cad2f72f9a491dcfa9f789652485a.jar C:\java\android\EventHunter\app\build\intermediates\pre-dexed\debug\classes-b0e1490f23c0dbfdbfc3758d5ddbb5797a31a832.jar C:\java\android\EventHunter\app\build\intermediates\pre-dexed\debug\classes-573c3b2aaaf01ebf77281ed216568a2ea3f0c246.jar C:\java\android\EventHunter\app\build\intermediates\pre-dexed\debug\classes-ae8a2d517b50dadc2316914ab7a8fef2dd55ff44.jar C:\java\android\EventHunter\app\build\intermediates\pre-dexed\debug\classes-551fcf9ef8ced75a4427f5325a0b04b927bbc6d8.jar C:\java\android\EventHunter\app\build\intermediates\pre-dexed\debug\classes-639a1f6c50ea7c1445d2d4ef22bb93066db0ed9e.jar C:\java\android\EventHunter\app\build\intermediates\pre-dexed\debug\classes-5ca4f3c4ceb3497993ee5090b90b68d342d08305.jar C:\java\android\EventHunter\app\build\intermediates\pre-dex
java_class_path (initial): C:\Users\user\AppData\Local\Android\sdk\build-tools\23.0.1\lib\dx.jar
Launcher Type: SUN_STANDARD

Environment Variables:
PATH=C:\ProgramData\Oracle\Java\javapath;C:\Windows\system32;C:\Windows;C:\Windows\System32\Wbem;C:\Windows\System32\WindowsPowerShell\v1.0\;C:\Program Files (x86)\Windows Kits\8.1\Windows Performance Toolkit\;C:\Program Files\Microsoft SQL Server\110\Tools\Binn\;C:\Program Files (x86)\Intel\OpenCL SDK\2.0\bin\x86;C:\Program Files (x86)\Intel\OpenCL SDK\2.0\bin\x64;C:\Program Files (x86)\NVIDIA Corporation\PhysX\Common;c:\altera\91sp2\quartus\bin;C:\TDM-GCC-32\bin;C:\Program Files\Java\jdk1.8.0_60\bin;C:\Program Files (x86)\Skype\Phone\
USERNAME=user
OS=Windows_NT
PROCESSOR_IDENTIFIER=Intel64 Family 6 Model 42 Stepping 7, GenuineIntel



---------------  S Y S T E M  ---------------

OS: Windows 8.1 , 64 bit Build 9600 (6.3.9600.17415)

CPU:total 2 (2 cores per cpu, 1 threads per core) family 6 model 42 stepping 7, cmov, cx8, fxsr, mmx, sse, sse2, sse3, ssse3, sse4.1, sse4.2, popcnt, clmul, tsc, tscinvbit

Memory: 4k page, physical 4089116k(399580k free), swap 4089116k(5260k free)

vm_info: Java HotSpot(TM) 64-Bit Server VM (25.60-b23) for windows-amd64 JRE (1.8.0_60-b27), built on Aug  4 2015 11:06:27 by "java_re" with MS VC++ 10.0 (VS2010)

time: Tue Oct 13 13:40:35 2015
elapsed time: 8 seconds (0d 0h 0m 8s)

