#
# There is insufficient memory for the Java Runtime Environment to continue.
# Native memory allocation (malloc) failed to allocate 707856 bytes for Chunk::new
# Possible reasons:
#   The system is out of physical RAM or swap space
#   In 32 bit mode, the process size limit was hit
# Possible solutions:
#   Reduce memory load on the system
#   Increase physical memory or swap space
#   Check if swap backing store is full
#   Use 64 bit Java on a 64 bit OS
#   Decrease Java heap size (-Xmx/-Xms)
#   Decrease number of Java threads
#   Decrease Java thread stack sizes (-Xss)
#   Set larger code cache with -XX:ReservedCodeCacheSize=
# This output file may be truncated or incomplete.
#
#  Out of Memory Error (allocation.cpp:390), pid=4468, tid=940
#
# JRE version: Java(TM) SE Runtime Environment (8.0_60-b27) (build 1.8.0_60-b27)
# Java VM: Java HotSpot(TM) 64-Bit Server VM (25.60-b23 mixed mode windows-amd64 compressed oops)
# Failed to write core dump. Minidumps are not enabled by default on client versions of Windows
#

---------------  T H R E A D  ---------------

Current thread (0x0000000005868000):  JavaThread "" daemon [_thread_in_native, id=940, stack(0x0000000006880000,0x0000000006980000)]

Stack: [0x0000000006880000,0x0000000006980000]
[error occurred during error reporting (printing stack bounds), id 0xc0000005]

Native frames: (J=compiled Java code, j=interpreted, Vv=VM code, C=native code)


Current CompileTask:
C2:   8769 3130       4       com.android.dx.merge.DexMerger::transformClassDef (160 bytes)


---------------  P R O C E S S  ---------------

Java Threads: ( => current thread )
  0x00000000058fa000 
[error occurred during error reporting (printing all threads), id 0xc0000005]

VM state:at safepoint (normal execution)

VM Mutex/Monitor currently owned by a thread:  ([mutex/lock_event])
[0x00000000023ddba0] Threads_lock - owner thread: 0x0000000005836000
[0x00000000023ddca0] Heap_lock - owner thread: 0x0000000002202800

Heap:
 PSYoungGen      total 323584K, used 16354K [0x00000000eab00000, 0x0000000100000000, 0x0000000100000000)
  eden space 307200K, 0% used [0x00000000eab00000,0x00000000eab00000,0x00000000fd700000)
  from space 16384K, 99% used [0x00000000ff000000,0x00000000ffff89c8,0x0000000100000000)
  to   space 20992K, 0% used [0x00000000fd700000,0x00000000fd700000,0x00000000feb80000)
 ParOldGen       total 44032K, used 34379K [0x00000000c0000000, 0x00000000c2b00000, 0x00000000eab00000)
  object space 44032K, 78% used [0x00000000c0000000,0x00000000c2192c30,0x00000000c2b00000)
 Metaspace       used 8374K, capacity 8504K, committed 8576K, reserved 1056768K
  class space    used 794K, capacity 851K, committed 896K, reserved 1048576K

Card table byte_map: [0x00000000027a0000,0x00000000029b0000] byte_map_base: 0x00000000021a0000

Marking Bits: (ParMarkBitMap*) 0x000000006831a5b0
 Begin Bits: [0x0000000002d10000, 0x0000000003d10000)
 End Bits:   [0x0000000003d10000, 0x0000000004d10000)

Polling page: 0x00000000003d0000

CodeCache: size=245760Kb used=11202Kb max_used=11202Kb free=234557Kb
 bounds [0x000000000f010000, 0x000000000fb10000, 0x000000001e010000]
 total_blobs=3419 nmethods=3124 adapters=208
 compilation: enabled

Compilation events (10 events):
Event: 8.675 Thread 0x000000000586f000 3142       3       com.android.dx.io.instructions.InstructionCodec::decodeRegisterRange (53 bytes)
Event: 8.676 Thread 0x000000000586f000 nmethod 3142 0x000000000fb06750 code [0x000000000fb06940, 0x000000000fb07398]
Event: 8.676 Thread 0x000000000586f000 3143       3       com.android.dx.io.instructions.DecodedInstruction::getAUnit (46 bytes)
Event: 8.677 Thread 0x000000000586f000 nmethod 3143 0x000000000fb07b10 code [0x000000000fb07d00, 0x000000000fb08638]
Event: 8.683 Thread 0x000000000586f000 3144       3       com.android.dx.io.instructions.DecodedInstruction::getLiteralInt (53 bytes)
Event: 8.683 Thread 0x000000000586f000 nmethod 3144 0x000000000fb08a50 code [0x000000000fb08c40, 0x000000000fb094c8]
Event: 8.684 Thread 0x000000000586f000 3145       3       com.android.dex.Leb128::readSignedLeb128 (93 bytes)
Event: 8.685 Thread 0x000000000586f000 nmethod 3145 0x000000000faf6590 code [0x000000000faf6720, 0x000000000faf6bb8]
Event: 8.685 Thread 0x000000000586f000 3146   !   3       com.android.dex.Dex$Section::writeSleb128 (55 bytes)
Event: 8.685 Thread 0x000000000586f000 nmethod 3146 0x000000000fb09890 code [0x000000000fb09aa0, 0x000000000fb0a5c8]

GC Heap History (10 events):
Event: 6.014 GC heap after
Heap after GC invocations=6 (full 0):
 PSYoungGen      total 142336K, used 6832K [0x00000000eab00000, 0x00000000f4300000, 0x0000000100000000)
  eden space 131072K, 0% used [0x00000000eab00000,0x00000000eab00000,0x00000000f2b00000)
  from space 11264K, 60% used [0x00000000f3800000,0x00000000f3eac038,0x00000000f4300000)
  to   space 12288K, 0% used [0x00000000f2b00000,0x00000000f2b00000,0x00000000f3700000)
 ParOldGen       total 44032K, used 24214K [0x00000000c0000000, 0x00000000c2b00000, 0x00000000eab00000)
  object space 44032K, 54% used [0x00000000c0000000,0x00000000c17a5858,0x00000000c2b00000)
 Metaspace       used 8332K, capacity 8504K, committed 8576K, reserved 1056768K
  class space    used 794K, capacity 851K, committed 896K, reserved 1048576K
}
Event: 6.599 GC heap before
{Heap before GC invocations=7 (full 0):
 PSYoungGen      total 142336K, used 137904K [0x00000000eab00000, 0x00000000f4300000, 0x0000000100000000)
  eden space 131072K, 100% used [0x00000000eab00000,0x00000000f2b00000,0x00000000f2b00000)
  from space 11264K, 60% used [0x00000000f3800000,0x00000000f3eac038,0x00000000f4300000)
  to   space 12288K, 0% used [0x00000000f2b00000,0x00000000f2b00000,0x00000000f3700000)
 ParOldGen       total 44032K, used 24214K [0x00000000c0000000, 0x00000000c2b00000, 0x00000000eab00000)
  object space 44032K, 54% used [0x00000000c0000000,0x00000000c17a5858,0x00000000c2b00000)
 Metaspace       used 8354K, capacity 8504K, committed 8576K, reserved 1056768K
  class space    used 794K, capacity 851K, committed 896K, reserved 1048576K
Event: 6.629 GC heap after
Heap after GC invocations=7 (full 0):
 PSYoungGen      total 143360K, used 8261K [0x00000000eab00000, 0x00000000fc300000, 0x0000000100000000)
  eden space 131072K, 0% used [0x00000000eab00000,0x00000000eab00000,0x00000000f2b00000)
  from space 12288K, 67% used [0x00000000f2b00000,0x00000000f33116f8,0x00000000f3700000)
  to   space 12288K, 0% used [0x00000000fb700000,0x00000000fb700000,0x00000000fc300000)
 ParOldGen       total 44032K, used 25564K [0x00000000c0000000, 0x00000000c2b00000, 0x00000000eab00000)
  object space 44032K, 58% used [0x00000000c0000000,0x00000000c18f7358,0x00000000c2b00000)
 Metaspace       used 8354K, capacity 8504K, committed 8576K, reserved 1056768K
  class space    used 794K, capacity 851K, committed 896K, reserved 1048576K
}
Event: 7.093 GC heap before
{Heap before GC invocations=8 (full 0):
 PSYoungGen      total 143360K, used 139333K [0x00000000eab00000, 0x00000000fc300000, 0x0000000100000000)
  eden space 131072K, 100% used [0x00000000eab00000,0x00000000f2b00000,0x00000000f2b00000)
  from space 12288K, 67% used [0x00000000f2b00000,0x00000000f33116f8,0x00000000f3700000)
  to   space 12288K, 0% used [0x00000000fb700000,0x00000000fb700000,0x00000000fc300000)
 ParOldGen       total 44032K, used 25564K [0x00000000c0000000, 0x00000000c2b00000, 0x00000000eab00000)
  object space 44032K, 58% used [0x00000000c0000000,0x00000000c18f7358,0x00000000c2b00000)
 Metaspace       used 8361K, capacity 8504K, committed 8576K, reserved 1056768K
  class space    used 794K, capacity 851K, committed 896K, reserved 1048576K
Event: 7.103 GC heap after
Heap after GC invocations=8 (full 0):
 PSYoungGen      total 271872K, used 12270K [0x00000000eab00000, 0x00000000fc800000, 0x0000000100000000)
  eden space 259584K, 0% used [0x00000000eab00000,0x00000000eab00000,0x00000000fa880000)
  from space 12288K, 99% used [0x00000000fb700000,0x00000000fc2fba68,0x00000000fc300000)
  to   space 14848K, 0% used [0x00000000fa880000,0x00000000fa880000,0x00000000fb700000)
 ParOldGen       total 44032K, used 27243K [0x00000000c0000000, 0x00000000c2b00000, 0x00000000eab00000)
  object space 44032K, 61% used [0x00000000c0000000,0x00000000c1a9af98,0x00000000c2b00000)
 Metaspace       used 8361K, capacity 8504K, committed 8576K, reserved 1056768K
  class space    used 794K, capacity 851K, committed 896K, reserved 1048576K
}
Event: 7.862 GC heap before
{Heap before GC invocations=9 (full 0):
 PSYoungGen      total 271872K, used 271854K [0x00000000eab00000, 0x00000000fc800000, 0x0000000100000000)
  eden space 259584K, 100% used [0x00000000eab00000,0x00000000fa880000,0x00000000fa880000)
  from space 12288K, 99% used [0x00000000fb700000,0x00000000fc2fba68,0x00000000fc300000)
  to   space 14848K, 0% used [0x00000000fa880000,0x00000000fa880000,0x00000000fb700000)
 ParOldGen       total 44032K, used 27243K [0x00000000c0000000, 0x00000000c2b00000, 0x00000000eab00000)
  object space 44032K, 61% used [0x00000000c0000000,0x00000000c1a9af98,0x00000000c2b00000)
 Metaspace       used 8369K, capacity 8504K, committed 8576K, reserved 1056768K
  class space    used 794K, capacity 851K, committed 896K, reserved 1048576K
Event: 7.884 GC heap after
Heap after GC invocations=9 (full 0):
 PSYoungGen      total 274432K, used 14657K [0x00000000eab00000, 0x0000000100000000, 0x0000000100000000)
  eden space 259584K, 0% used [0x00000000eab00000,0x00000000eab00000,0x00000000fa880000)
  from space 14848K, 98% used [0x00000000fa880000,0x00000000fb6d0710,0x00000000fb700000)
  to   space 16384K, 0% used [0x00000000ff000000,0x00000000ff000000,0x0000000100000000)
 ParOldGen       total 44032K, used 27259K [0x00000000c0000000, 0x00000000c2b00000, 0x00000000eab00000)
  object space 44032K, 61% used [0x00000000c0000000,0x00000000c1a9ef98,0x00000000c2b00000)
 Metaspace       used 8369K, capacity 8504K, committed 8576K, reserved 1056768K
  class space    used 794K, capacity 851K, committed 896K, reserved 1048576K
}
Event: 8.686 GC heap before
{Heap before GC invocations=10 (full 0):
 PSYoungGen      total 274432K, used 274241K [0x00000000eab00000, 0x0000000100000000, 0x0000000100000000)
  eden space 259584K, 100% used [0x00000000eab00000,0x00000000fa880000,0x00000000fa880000)
  from space 14848K, 98% used [0x00000000fa880000,0x00000000fb6d0710,0x00000000fb700000)
  to   space 16384K, 0% used [0x00000000ff000000,0x00000000ff000000,0x0000000100000000)
 ParOldGen       total 44032K, used 27259K [0x00000000c0000000, 0x00000000c2b00000, 0x00000000eab00000)
  object space 44032K, 61% used [0x00000000c0000000,0x00000000c1a9ef98,0x00000000c2b00000)
 Metaspace       used 8374K, capacity 8504K, committed 8576K, reserved 1056768K
  class space    used 794K, capacity 851K, committed 896K, reserved 1048576K
Event: 8.703 GC heap after
Heap after GC invocations=10 (full 0):
 PSYoungGen      total 323584K, used 16354K [0x00000000eab00000, 0x0000000100000000, 0x0000000100000000)
  eden space 307200K, 0% used [0x00000000eab00000,0x00000000eab00000,0x00000000fd700000)
  from space 16384K, 99% used [0x00000000ff000000,0x00000000ffff89c8,0x0000000100000000)
  to   space 20992K, 0% used [0x00000000fd700000,0x00000000fd700000,0x00000000feb80000)
 ParOldGen       total 44032K, used 34379K [0x00000000c0000000, 0x00000000c2b00000, 0x00000000eab00000)
  object space 44032K, 78% used [0x00000000c0000000,0x00000000c2192c30,0x00000000c2b00000)
 Metaspace       used 8374K, capacity 8504K, committed 8576K, reserved 1056768K
  class space    used 794K, capacity 851K, committed 896K, reserved 1048576K
}
Event: 8.703 GC heap before
{Heap before GC invocations=11 (full 1):
 PSYoungGen      total 323584K, used 16354K [0x00000000eab00000, 0x0000000100000000, 0x0000000100000000)
  eden space 307200K, 0% used [0x00000000eab00000,0x00000000eab00000,0x00000000fd700000)
  from space 16384K, 99% used [0x00000000ff000000,0x00000000ffff89c8,0x0000000100000000)
  to   space 20992K, 0% used [0x00000000fd700000,0x00000000fd700000,0x00000000feb80000)
 ParOldGen       total 44032K, used 34379K [0x00000000c0000000, 0x00000000c2b00000, 0x00000000eab00000)
  object space 44032K, 78% used [0x00000000c0000000,0x00000000c2192c30,0x00000000c2b00000)
 Metaspace       used 8374K, capacity 8504K, committed 8576K, reserved 1056768K
  class space    used 794K, capacity 851K, committed 896K, reserved 1048576K

Deoptimization events (10 events):
Event: 5.201 Thread 0x0000000002202800 Uncommon trap: reason=unstable_if action=reinterpret pc=0x000000000f93e0b4 method=com.android.dex.FieldId.compareTo(Lcom/android/dex/FieldId;)I @ 8
Event: 8.000 Thread 0x0000000002202800 Uncommon trap: reason=unstable_if action=reinterpret pc=0x000000000faa2660 method=java.util.HashMap$TreeNode.balanceInsertion(Ljava/util/HashMap$TreeNode;Ljava/util/HashMap$TreeNode;)Ljava/util/HashMap$TreeNode; @ 189
Event: 8.112 Thread 0x0000000002202800 Uncommon trap: reason=predicate action=maybe_recompile pc=0x000000000faa0eec method=java.util.ComparableTimSort.binarySort([Ljava/lang/Object;III)V @ 37
Event: 8.349 Thread 0x0000000002202800 Uncommon trap: reason=array_check action=maybe_recompile pc=0x000000000fac6760 method=java.util.ComparableTimSort.binarySort([Ljava/lang/Object;III)V @ 193
Event: 8.424 Thread 0x0000000002202800 Uncommon trap: reason=predicate action=maybe_recompile pc=0x000000000fab6420 method=java.util.TimSort.binarySort([Ljava/lang/Object;IIILjava/util/Comparator;)V @ 37
Event: 8.425 Thread 0x0000000002202800 Uncommon trap: reason=array_check action=maybe_recompile pc=0x000000000fab525c method=java.util.TimSort.binarySort([Ljava/lang/Object;IIILjava/util/Comparator;)V @ 215
Event: 8.425 Thread 0x0000000002202800 Uncommon trap: reason=array_check action=maybe_recompile pc=0x000000000fab525c method=java.util.TimSort.binarySort([Ljava/lang/Object;IIILjava/util/Comparator;)V @ 215
Event: 8.425 Thread 0x0000000002202800 Uncommon trap: reason=array_check action=maybe_recompile pc=0x000000000fab525c method=java.util.TimSort.binarySort([Ljava/lang/Object;IIILjava/util/Comparator;)V @ 215
Event: 8.425 Thread 0x0000000002202800 Uncommon trap: reason=array_check action=maybe_recompile pc=0x000000000fab525c method=java.util.TimSort.binarySort([Ljava/lang/Object;IIILjava/util/Comparator;)V @ 215
Event: 8.615 Thread 0x0000000002202800 Uncommon trap: reason=array_check action=maybe_recompile pc=0x000000000fad2e2c method=java.util.TimSort.binarySort([Ljava/lang/Object;IIILjava/util/Comparator;)V @ 183

Internal exceptions (7 events):
Event: 0.056 Thread 0x0000000002202800 Exception <a 'java/lang/NoSuchMethodError': Method sun.misc.Unsafe.defineClass(Ljava/lang/String;[BII)Ljava/lang/Class; name or signature does not match> (0x00000000eab13020) thrown at [C:\re\workspace\8-2-build-windows-amd64-cygwin\jdk8u60\4407\hotspot\sr#K{-ï¬?
Event: 0.057 Thread 0x0000000002202800 Exception <a 'java/lang/NoSuchMethodError': Method sun.misc.Unsafe.prefetchRead(Ljava/lang/Object;J)V name or signature does not match> (0x00000000eab13308) thrown at [C:\re\workspace\8-2-build-windows-amd64-cygwin\jdk8u60\4407\hotspot\src\share\vm\prims\jÇ	ôŸŠAð?
Event: 1.016 Thread 0x0000000006e48000 Implicit null exception at 0x000000000f370aa2 to 0x000000000f370b92
Event: 4.911 Thread 0x0000000002202800 Exception <a 'java/security/PrivilegedActionException'> (0x00000000ebea2b70) thrown at [C:\re\workspace\8-2-build-windows-amd64-cygwin\jdk8u60\4407\hotspot\src\share\vm\prims\jvm.cpp, line 1386]
Event: 4.911 Thread 0x0000000002202800 Exception <a 'java/security/PrivilegedActionException'> (0x00000000ebea2f68) thrown at [C:\re\workspace\8-2-build-windows-amd64-cygwin\jdk8u60\4407\hotspot\src\share\vm\prims\jvm.cpp, line 1386]
Event: 4.913 Thread 0x0000000002202800 Exception <a 'java/security/PrivilegedActionException'> (0x00000000ebea7180) thrown at [C:\re\workspace\8-2-build-windows-amd64-cygwin\jdk8u60\4407\hotspot\src\share\vm\prims\jvm.cpp, line 1386]
Event: 4.913 Thread 0x0000000002202800 Exception <a 'java/security/PrivilegedActionException'> (0x00000000ebea7578) thrown at [C:\re\workspace\8-2-build-windows-amd64-cygwin\jdk8u60\4407\hotspot\src\share\vm\prims\jvm.cpp, line 1386]

Events (10 events):
Event: 8.425 Thread 0x0000000002202800 Uncommon trap: trap_request=0xffffffd6 fr.pc=0x000000000fab525c
Event: 8.425 Thread 0x0000000002202800 DEOPT PACKING pc=0x000000000fab525c sp=0x000000000219ebd0
Event: 8.425 Thread 0x0000000002202800 DEOPT UNPACKING pc=0x000000000f05582a sp=0x000000000219eb90 mode 2
Event: 8.425 Thread 0x0000000002202800 Uncommon trap: trap_request=0xffffffd6 fr.pc=0x000000000fab525c
Event: 8.425 Thread 0x0000000002202800 DEOPT PACKING pc=0x000000000fab525c sp=0x000000000219ebd0
Event: 8.425 Thread 0x0000000002202800 DEOPT UNPACKING pc=0x000000000f05582a sp=0x000000000219eb90 mode 2
Event: 8.615 Thread 0x0000000002202800 Uncommon trap: trap_request=0xffffffd6 fr.pc=0x000000000fad2e2c
Event: 8.615 Thread 0x0000000002202800 DEOPT PACKING pc=0x000000000fad2e2c sp=0x000000000219ebe0
Event: 8.615 Thread 0x0000000002202800 DEOPT UNPACKING pc=0x000000000f05582a sp=0x000000000219eba0 mode 2
Event: 8.686 Executing VM operation: ParallelGCFailedAllocation


Dynamic libraries:
0x00007ff63c670000 - 0x00007ff63c6a7000 	C:\Program Files\Java\jdk1.8.0_60\bin\java.exe
0x00007ff81b620000 - 0x00007ff81b7cc000 	C:\Windows\SYSTEM32\ntdll.dll
0x00007ff819090000 - 0x00007ff8191ce000 	C:\Windows\system32\KERNEL32.DLL
0x00007ff818a70000 - 0x00007ff818b85000 	C:\Windows\system32\KERNELBASE.dll
0x00007ff8172c0000 - 0x00007ff81734e000 	C:\Windows\system32\apphelp.dll
0x00007ff80bc20000 - 0x00007ff80bc73000 	C:\Windows\AppPatch\AppPatch64\AcGenral.DLL
0x00007ff818fd0000 - 0x00007ff81907a000 	C:\Windows\system32\msvcrt.dll
0x00007ff8184f0000 - 0x00007ff81851e000 	C:\Windows\SYSTEM32\SspiCli.dll
0x00007ff81a9c0000 - 0x00007ff81aa14000 	C:\Windows\system32\SHLWAPI.dll
0x00007ff818de0000 - 0x00007ff818f57000 	C:\Windows\system32\USER32.dll
0x00007ff8191d0000 - 0x00007ff819364000 	C:\Windows\system32\ole32.dll
0x00007ff819440000 - 0x00007ff81a958000 	C:\Windows\system32\SHELL32.dll
0x00007ff817cc0000 - 0x00007ff817ce1000 	C:\Windows\SYSTEM32\USERENV.dll
0x00007ff81aa20000 - 0x00007ff81aaca000 	C:\Windows\system32\ADVAPI32.dll
0x00007ff8104f0000 - 0x00007ff81050e000 	C:\Windows\SYSTEM32\MPR.dll
0x00007ff81b170000 - 0x00007ff81b2b1000 	C:\Windows\system32\RPCRT4.dll
0x00007ff81aad0000 - 0x00007ff81ab29000 	C:\Windows\SYSTEM32\sechost.dll
0x00007ff81af30000 - 0x00007ff81b141000 	C:\Windows\SYSTEM32\combase.dll
0x00007ff81ad10000 - 0x00007ff81ae61000 	C:\Windows\system32\GDI32.dll
0x00007ff818770000 - 0x00007ff818785000 	C:\Windows\SYSTEM32\profapi.dll
0x00007ff816f50000 - 0x00007ff817002000 	C:\Windows\SYSTEM32\SHCORE.dll
0x00007ff81b2c0000 - 0x00007ff81b2f6000 	C:\Windows\system32\IMM32.DLL
0x00007ff81b300000 - 0x00007ff81b452000 	C:\Windows\system32\MSCTF.dll
0x00007ff818720000 - 0x00007ff818751000 	C:\Windows\system32\nvinitx.dll
0x00007ff818710000 - 0x00007ff81871a000 	C:\Windows\SYSTEM32\VERSION.dll
0x000000000f000000 - 0x000000000f006000 	C:\Program Files\NVIDIA Corporation\CoProcManager\_etoured.dll
0x00007ff816c30000 - 0x00007ff816c62000 	C:\Program Files\NVIDIA Corporation\CoProcManager\nvd3d9wrapx.dll
0x00007ff81ab30000 - 0x00007ff81ad0a000 	C:\Windows\system32\SETUPAPI.dll
0x00007ff818a20000 - 0x00007ff818a6f000 	C:\Windows\system32\CFGMGR32.dll
0x00007ff816c00000 - 0x00007ff816c22000 	C:\Program Files\NVIDIA Corporation\CoProcManager\nvdxgiwrapx.dll
0x00007ff814d20000 - 0x00007ff814f9b000 	C:\Windows\WinSxS\amd64_microsoft.windows.common-controls_6595b64144ccf1df_6.0.9600.17415_none_6240486fecbd8abb\COMCTL32.dll
0x00000000687f0000 - 0x00000000688c2000 	C:\Program Files\Java\jdk1.8.0_60\jre\bin\msvcr100.dll
0x0000000067b10000 - 0x0000000068399000 	C:\Program Files\Java\jdk1.8.0_60\jre\bin\server\jvm.dll
0x00007ff813e70000 - 0x00007ff813e79000 	C:\Windows\SYSTEM32\WSOCK32.dll
0x00007ff813fb0000 - 0x00007ff813fd2000 	C:\Windows\SYSTEM32\WINMM.dll
0x00007ff818fc0000 - 0x00007ff818fc7000 	C:\Windows\system32\PSAPI.DLL
0x00007ff81a960000 - 0x00007ff81a9ba000 	C:\Windows\system32\WS2_32.dll
0x00007ff813cc0000 - 0x00007ff813cea000 	C:\Windows\SYSTEM32\WINMMBASE.dll
0x00007ff819370000 - 0x00007ff819379000 	C:\Windows\system32\NSI.dll
0x00007ff817510000 - 0x00007ff817538000 	C:\Windows\SYSTEM32\DEVOBJ.dll
0x0000000068c60000 - 0x0000000068c6f000 	C:\Program Files\Java\jdk1.8.0_60\jre\bin\verify.dll
0x0000000068c30000 - 0x0000000068c59000 	C:\Program Files\Java\jdk1.8.0_60\jre\bin\java.dll
0x0000000068c10000 - 0x0000000068c26000 	C:\Program Files\Java\jdk1.8.0_60\jre\bin\zip.dll

VM Arguments:
jvm_args: -Xmx1024M -Dfile.encoding=windows-1251 -Duser.country=RU -Duser.language=ru -Duser.variant 
java_command: com.android.dx.command.Main --dex --num-threads=4 --output C:\java\android\EventHunter\app\build\intermediates\dex\debug C:\java\android\EventHunter\app\build\intermediates\classes\debug C:\java\android\EventHunter\app\build\intermediates\pre-dexed\debug\support-annotations-23.0.1-83676807229e344ee5d98b2e8f5ee90735dbc5c3.jar C:\java\android\EventHunter\app\build\intermediates\pre-dexed\debug\classes-c20afcc1740d79820e65179484dbec29bb5f60ea.jar C:\java\android\EventHunter\app\build\intermediates\pre-dexed\debug\internal_impl-22.2.0-a83752519c01ad2ba20bc016f010d047b228f261.jar C:\java\android\EventHunter\app\build\intermediates\pre-dexed\debug\classes-b4805c3dc551e8addcdfe83006eb2e2069d3f69f.jar C:\java\android\EventHunter\app\build\intermediates\pre-dexed\debug\classes-ae9b863311f49a782185bfb452b8025793af85c8.jar C:\java\android\EventHunter\app\build\intermediates\pre-dexed\debug\classes-a8918f74546ee3dbc7aab13fd9ad1bdefcfba1e4.jar C:\java\android\EventHunter\app\build\intermediates\pre-dexed\debug\bolts-android-1.2.1-356a198f80105d5433eee2afd667d2e7d02573d1.jar C:\java\android\EventHunter\app\build\intermediates\pre-dexed\debug\classes-06bb6aa3532cad2f72f9a491dcfa9f789652485a.jar C:\java\android\EventHunter\app\build\intermediates\pre-dexed\debug\classes-b0e1490f23c0dbfdbfc3758d5ddbb5797a31a832.jar C:\java\android\EventHunter\app\build\intermediates\pre-dexed\debug\classes-573c3b2aaaf01ebf77281ed216568a2ea3f0c246.jar C:\java\android\EventHunter\app\build\intermediates\pre-dexed\debug\classes-ae8a2d517b50dadc2316914ab7a8fef2dd55ff44.jar C:\java\android\EventHunter\app\build\intermediates\pre-dexed\debug\classes-551fcf9ef8ced75a4427f5325a0b04b927bbc6d8.jar C:\java\android\EventHunter\app\build\intermediates\pre-dexed\debug\classes-639a1f6c50ea7c1445d2d4ef22bb93066db0ed9e.jar C:\java\android\EventHunter\app\build\intermediates\pre-dexed\debug\classes-5ca4f3c4ceb3497993ee5090b90b68d342d08305.jar C:\java\android\EventHunter\app\build\intermediates\pre-dex
java_class_path (initial): C:\Users\user\AppData\Local\Android\sdk\build-tools\23.0.1\lib\dx.jar
Launcher Type: SUN_STANDARD

Environment Variables:
PATH=C:\ProgramData\Oracle\Java\javapath;C:\Windows\system32;C:\Windows;C:\Windows\System32\Wbem;C:\Windows\System32\WindowsPowerShell\v1.0\;C:\Program Files (x86)\Windows Kits\8.1\Windows Performance Toolkit\;C:\Program Files\Microsoft SQL Server\110\Tools\Binn\;C:\Program Files (x86)\Intel\OpenCL SDK\2.0\bin\x86;C:\Program Files (x86)\Intel\OpenCL SDK\2.0\bin\x64;C:\Program Files (x86)\NVIDIA Corporation\PhysX\Common;c:\altera\91sp2\quartus\bin;C:\TDM-GCC-32\bin;C:\Program Files\Java\jdk1.8.0_60\bin;C:\Program Files (x86)\Skype\Phone\
USERNAME=user
OS=Windows_NT
PROCESSOR_IDENTIFIER=Intel64 Family 6 Model 42 Stepping 7, GenuineIntel



---------------  S Y S T E M  ---------------

OS: Windows 8.1 , 64 bit Build 9600 (6.3.9600.17415)

CPU:total 2 (2 cores per cpu, 1 threads per core) family 6 model 42 stepping 7, cmov, cx8, fxsr, mmx, sse, sse2, sse3, ssse3, sse4.1, sse4.2, popcnt, clmul, tsc, tscinvbit

Memory: 4k page, physical 4089116k(464960k free), swap 4089116k(5616k free)

vm_info: Java HotSpot(TM) 64-Bit Server VM (25.60-b23) for windows-amd64 JRE (1.8.0_60-b27), built on Aug  4 2015 11:06:27 by "java_re" with MS VC++ 10.0 (VS2010)

time: Fri Oct 09 23:14:03 2015
elapsed time: 8 seconds (0d 0h 0m 8s)

