#
# There is insufficient memory for the Java Runtime Environment to continue.
# Native memory allocation (malloc) failed to allocate 1589936 bytes for Chunk::new
# Possible reasons:
#   The system is out of physical RAM or swap space
#   In 32 bit mode, the process size limit was hit
# Possible solutions:
#   Reduce memory load on the system
#   Increase physical memory or swap space
#   Check if swap backing store is full
#   Use 64 bit Java on a 64 bit OS
#   Decrease Java heap size (-Xmx/-Xms)
#   Decrease number of Java threads
#   Decrease Java thread stack sizes (-Xss)
#   Set larger code cache with -XX:ReservedCodeCacheSize=
# This output file may be truncated or incomplete.
#
#  Out of Memory Error (allocation.cpp:390), pid=1752, tid=3460
#
# JRE version: Java(TM) SE Runtime Environment (8.0_60-b27) (build 1.8.0_60-b27)
# Java VM: Java HotSpot(TM) 64-Bit Server VM (25.60-b23 mixed mode windows-amd64 compressed oops)
# Failed to write core dump. Minidumps are not enabled by default on client versions of Windows
#

---------------  T H R E A D  ---------------

Current thread (0x0000000005cb7800):  JavaThread "C2 CompilerThread0" daemon [_thread_in_native, id=3460, stack(0x0000000006cd0000,0x0000000006dd0000)]

Stack: [0x0000000006cd0000,0x0000000006dd0000]
[error occurred during error reporting (printing stack bounds), id 0xc0000005]

Native frames: (J=compiled Java code, j=interpreted, Vv=VM code, C=native code)


Current CompileTask:
C2:  12942 3089       4       com.android.dx.merge.DexMerger$IdMerger::mergeUnsorted (247 bytes)


---------------  P R O C E S S  ---------------

Java Threads: ( => current thread )
  0x0000000005d1d000 JavaThread "Service Thread" daemon [_thread_blocked, id=3804, stack(0x0000000006ed0000,0x0000000006fd0000)]
  0x0000000005d13000 JavaThread "C1 CompilerThread1" daemon [_thread_blocked, id=432, stack(0x0000000006dd0000,0x0000000006ed0000)]
=>0x0000000005cb7800 JavaThread "C2 CompilerThread0" daemon [_thread_in_native, id=3460, stack(0x0000000006cd0000,0x0000000006dd0000)]
  0x0000000005cb6000 JavaThread "Attach Listener" daemon [_thread_blocked, id=1728, stack(0x0000000006bd0000,0x0000000006cd0000)]
  0x0000000005cc3000 JavaThread "Signal Dispatcher" daemon [_thread_blocked, id=2500, stack(0x0000000006ad0000,0x0000000006bd0000)]
  0x0000000002824800 JavaThread "Finalizer" daemon [_thread_blocked, id=5008, stack(0x00000000068f0000,0x00000000069f0000)]
  0x000000000281b800 JavaThread "Reference Handler" daemon [_thread_blocked, id=5996, stack(0x00000000067f0000,0x00000000068f0000)]
  0x0000000002732800 JavaThread "main" [_thread_in_Java, id=980, stack(0x0000000002580000,0x0000000002680000)]

Other Threads:
  0x0000000005c86000 VMThread [stack: 0x00000000066f0000,0x00000000067f0000] [id=196]
  0x0000000005d3c800 WatcherThread [stack: 0x0000000006fd0000,0x00000000070d0000] [id=4284]

VM state:not at safepoint (normal execution)

VM Mutex/Monitor currently owned by a thread: None

Heap:
 PSYoungGen      total 141312K, used 54435K [0x00000000eab00000, 0x00000000f4100000, 0x0000000100000000)
  eden space 130560K, 41% used [0x00000000eab00000,0x00000000ee028fa0,0x00000000f2a80000)
  from space 10752K, 0% used [0x00000000f3580000,0x00000000f3580000,0x00000000f4000000)
  to   space 11264K, 0% used [0x00000000f2a80000,0x00000000f2a80000,0x00000000f3580000)
 ParOldGen       total 64000K, used 33455K [0x00000000c0000000, 0x00000000c3e80000, 0x00000000eab00000)
  object space 64000K, 52% used [0x00000000c0000000,0x00000000c20abfc0,0x00000000c3e80000)
 Metaspace       used 8385K, capacity 8504K, committed 8576K, reserved 1056768K
  class space    used 794K, capacity 851K, committed 896K, reserved 1048576K

Card table byte_map: [0x0000000002bf0000,0x0000000002e00000] byte_map_base: 0x00000000025f0000

Marking Bits: (ParMarkBitMap*) 0x000000006831a5b0
 Begin Bits: [0x0000000003160000, 0x0000000004160000)
 End Bits:   [0x0000000004160000, 0x0000000005160000)

Polling page: 0x00000000008d0000

CodeCache: size=245760Kb used=10632Kb max_used=10632Kb free=235128Kb
 bounds [0x000000000f010000, 0x000000000fa80000, 0x000000001e010000]
 total_blobs=3380 nmethods=3085 adapters=208
 compilation: enabled

Compilation events (10 events):
Event: 12.907 Thread 0x0000000005d13000 3101       1       sun.misc.FloatingDecimal$BinaryToASCIIBuffer::isExceptional (2 bytes)
Event: 12.908 Thread 0x0000000005d13000 nmethod 3101 0x000000000fa31110 code [0x000000000fa31260, 0x000000000fa31370]
Event: 12.908 Thread 0x0000000005d13000 3102       1       sun.misc.FloatingDecimal$BinaryToASCIIBuffer::getDecimalExponent (5 bytes)
Event: 12.908 Thread 0x0000000005d13000 nmethod 3102 0x000000000fa36250 code [0x000000000fa363a0, 0x000000000fa364b0]
Event: 12.908 Thread 0x0000000005d13000 3103       1       sun.misc.FloatingDecimal$BinaryToASCIIBuffer::isNegative (5 bytes)
Event: 12.908 Thread 0x0000000005d13000 nmethod 3103 0x000000000fa6c990 code [0x000000000fa6cae0, 0x000000000fa6cbf0]
Event: 12.909 Thread 0x0000000005d13000 3104       1       sun.misc.FormattedFloatingDecimal::getMantissa (5 bytes)
Event: 12.909 Thread 0x0000000005d13000 nmethod 3104 0x000000000fa61810 code [0x000000000fa61960, 0x000000000fa61a70]
Event: 12.909 Thread 0x0000000005d13000 3105       1       java.text.DecimalFormatSymbols::getDecimalSeparator (5 bytes)
Event: 12.909 Thread 0x0000000005d13000 nmethod 3105 0x000000000fa6f9d0 code [0x000000000fa6fb20, 0x000000000fa6fc30]

GC Heap History (10 events):
Event: 11.530 GC heap before
{Heap before GC invocations=9 (full 0):
 PSYoungGen      total 141312K, used 139454K [0x00000000eab00000, 0x00000000f4100000, 0x0000000100000000)
  eden space 130560K, 100% used [0x00000000eab00000,0x00000000f2a80000,0x00000000f2a80000)
  from space 10752K, 82% used [0x00000000f3580000,0x00000000f3e2fba0,0x00000000f4000000)
  to   space 11264K, 0% used [0x00000000f2a80000,0x00000000f2a80000,0x00000000f3580000)
 ParOldGen       total 44032K, used 24136K [0x00000000c0000000, 0x00000000c2b00000, 0x00000000eab00000)
  object space 44032K, 54% used [0x00000000c0000000,0x00000000c1792238,0x00000000c2b00000)
 Metaspace       used 8369K, capacity 8504K, committed 8576K, reserved 1056768K
  class space    used 794K, capacity 851K, committed 896K, reserved 1048576K
Event: 11.557 GC heap after
Heap after GC invocations=9 (full 0):
 PSYoungGen      total 141824K, used 11260K [0x00000000eab00000, 0x00000000f4100000, 0x0000000100000000)
  eden space 130560K, 0% used [0x00000000eab00000,0x00000000eab00000,0x00000000f2a80000)
  from space 11264K, 99% used [0x00000000f2a80000,0x00000000f357f0a0,0x00000000f3580000)
  to   space 10752K, 0% used [0x00000000f3580000,0x00000000f3580000,0x00000000f4000000)
 ParOldGen       total 44032K, used 24671K [0x00000000c0000000, 0x00000000c2b00000, 0x00000000eab00000)
  object space 44032K, 56% used [0x00000000c0000000,0x00000000c1817e20,0x00000000c2b00000)
 Metaspace       used 8369K, capacity 8504K, committed 8576K, reserved 1056768K
  class space    used 794K, capacity 851K, committed 896K, reserved 1048576K
}
Event: 11.949 GC heap before
{Heap before GC invocations=10 (full 0):
 PSYoungGen      total 141824K, used 140259K [0x00000000eab00000, 0x00000000f4100000, 0x0000000100000000)
  eden space 130560K, 98% used [0x00000000eab00000,0x00000000f28f9c50,0x00000000f2a80000)
  from space 11264K, 99% used [0x00000000f2a80000,0x00000000f357f0a0,0x00000000f3580000)
  to   space 10752K, 0% used [0x00000000f3580000,0x00000000f3580000,0x00000000f4000000)
 ParOldGen       total 44032K, used 24671K [0x00000000c0000000, 0x00000000c2b00000, 0x00000000eab00000)
  object space 44032K, 56% used [0x00000000c0000000,0x00000000c1817e20,0x00000000c2b00000)
 Metaspace       used 8375K, capacity 8504K, committed 8576K, reserved 1056768K
  class space    used 794K, capacity 851K, committed 896K, reserved 1048576K
Event: 11.955 GC heap after
Heap after GC invocations=10 (full 0):
 PSYoungGen      total 141312K, used 10741K [0x00000000eab00000, 0x00000000f4100000, 0x0000000100000000)
  eden space 130560K, 0% used [0x00000000eab00000,0x00000000eab00000,0x00000000f2a80000)
  from space 10752K, 99% used [0x00000000f3580000,0x00000000f3ffd778,0x00000000f4000000)
  to   space 11264K, 0% used [0x00000000f2a80000,0x00000000f2a80000,0x00000000f3580000)
 ParOldGen       total 44032K, used 24991K [0x00000000c0000000, 0x00000000c2b00000, 0x00000000eab00000)
  object space 44032K, 56% used [0x00000000c0000000,0x00000000c1867e30,0x00000000c2b00000)
 Metaspace       used 8375K, capacity 8504K, committed 8576K, reserved 1056768K
  class space    used 794K, capacity 851K, committed 896K, reserved 1048576K
}
Event: 12.296 GC heap before
{Heap before GC invocations=11 (full 0):
 PSYoungGen      total 141312K, used 141164K [0x00000000eab00000, 0x00000000f4100000, 0x0000000100000000)
  eden space 130560K, 99% used [0x00000000eab00000,0x00000000f2a5dc40,0x00000000f2a80000)
  from space 10752K, 99% used [0x00000000f3580000,0x00000000f3ffd778,0x00000000f4000000)
  to   space 11264K, 0% used [0x00000000f2a80000,0x00000000f2a80000,0x00000000f3580000)
 ParOldGen       total 44032K, used 24991K [0x00000000c0000000, 0x00000000c2b00000, 0x00000000eab00000)
  object space 44032K, 56% used [0x00000000c0000000,0x00000000c1867e30,0x00000000c2b00000)
 Metaspace       used 8380K, capacity 8504K, committed 8576K, reserved 1056768K
  class space    used 794K, capacity 851K, committed 896K, reserved 1048576K
Event: 12.302 GC heap after
Heap after GC invocations=11 (full 0):
 PSYoungGen      total 141824K, used 8567K [0x00000000eab00000, 0x00000000f4100000, 0x0000000100000000)
  eden space 130560K, 0% used [0x00000000eab00000,0x00000000eab00000,0x00000000f2a80000)
  from space 11264K, 76% used [0x00000000f2a80000,0x00000000f32ddef8,0x00000000f3580000)
  to   space 10752K, 0% used [0x00000000f3580000,0x00000000f3580000,0x00000000f4000000)
 ParOldGen       total 44032K, used 30987K [0x00000000c0000000, 0x00000000c2b00000, 0x00000000eab00000)
  object space 44032K, 70% used [0x00000000c0000000,0x00000000c1e42e40,0x00000000c2b00000)
 Metaspace       used 8380K, capacity 8504K, committed 8576K, reserved 1056768K
  class space    used 794K, capacity 851K, committed 896K, reserved 1048576K
}
Event: 12.653 GC heap before
{Heap before GC invocations=12 (full 0):
 PSYoungGen      total 141824K, used 139127K [0x00000000eab00000, 0x00000000f4100000, 0x0000000100000000)
  eden space 130560K, 100% used [0x00000000eab00000,0x00000000f2a80000,0x00000000f2a80000)
  from space 11264K, 76% used [0x00000000f2a80000,0x00000000f32ddef8,0x00000000f3580000)
  to   space 10752K, 0% used [0x00000000f3580000,0x00000000f3580000,0x00000000f4000000)
 ParOldGen       total 44032K, used 30987K [0x00000000c0000000, 0x00000000c2b00000, 0x00000000eab00000)
  object space 44032K, 70% used [0x00000000c0000000,0x00000000c1e42e40,0x00000000c2b00000)
 Metaspace       used 8381K, capacity 8504K, committed 8576K, reserved 1056768K
  class space    used 794K, capacity 851K, committed 896K, reserved 1048576K
Event: 12.662 GC heap after
Heap after GC invocations=12 (full 0):
 PSYoungGen      total 141312K, used 10725K [0x00000000eab00000, 0x00000000f4100000, 0x0000000100000000)
  eden space 130560K, 0% used [0x00000000eab00000,0x00000000eab00000,0x00000000f2a80000)
  from space 10752K, 99% used [0x00000000f3580000,0x00000000f3ff97e8,0x00000000f4000000)
  to   space 11264K, 0% used [0x00000000f2a80000,0x00000000f2a80000,0x00000000f3580000)
 ParOldGen       total 44032K, used 36230K [0x00000000c0000000, 0x00000000c2b00000, 0x00000000eab00000)
  object space 44032K, 82% used [0x00000000c0000000,0x00000000c2361af0,0x00000000c2b00000)
 Metaspace       used 8381K, capacity 8504K, committed 8576K, reserved 1056768K
  class space    used 794K, capacity 851K, committed 896K, reserved 1048576K
}
Event: 12.662 GC heap before
{Heap before GC invocations=13 (full 1):
 PSYoungGen      total 141312K, used 10725K [0x00000000eab00000, 0x00000000f4100000, 0x0000000100000000)
  eden space 130560K, 0% used [0x00000000eab00000,0x00000000eab00000,0x00000000f2a80000)
  from space 10752K, 99% used [0x00000000f3580000,0x00000000f3ff97e8,0x00000000f4000000)
  to   space 11264K, 0% used [0x00000000f2a80000,0x00000000f2a80000,0x00000000f3580000)
 ParOldGen       total 44032K, used 36230K [0x00000000c0000000, 0x00000000c2b00000, 0x00000000eab00000)
  object space 44032K, 82% used [0x00000000c0000000,0x00000000c2361af0,0x00000000c2b00000)
 Metaspace       used 8381K, capacity 8504K, committed 8576K, reserved 1056768K
  class space    used 794K, capacity 851K, committed 896K, reserved 1048576K
Event: 12.806 GC heap after
Heap after GC invocations=13 (full 1):
 PSYoungGen      total 141312K, used 0K [0x00000000eab00000, 0x00000000f4100000, 0x0000000100000000)
  eden space 130560K, 0% used [0x00000000eab00000,0x00000000eab00000,0x00000000f2a80000)
  from space 10752K, 0% used [0x00000000f3580000,0x00000000f3580000,0x00000000f4000000)
  to   space 11264K, 0% used [0x00000000f2a80000,0x00000000f2a80000,0x00000000f3580000)
 ParOldGen       total 64000K, used 33455K [0x00000000c0000000, 0x00000000c3e80000, 0x00000000eab00000)
  object space 64000K, 52% used [0x00000000c0000000,0x00000000c20abfc0,0x00000000c3e80000)
 Metaspace       used 8381K, capacity 8504K, committed 8576K, reserved 1056768K
  class space    used 794K, capacity 851K, committed 896K, reserved 1048576K
}

Deoptimization events (10 events):
Event: 11.989 Thread 0x0000000002732800 Uncommon trap: reason=array_check action=maybe_recompile pc=0x000000000fa084dc method=java.util.TimSort.binarySort([Ljava/lang/Object;IIILjava/util/Comparator;)V @ 183
Event: 11.989 Thread 0x0000000002732800 Uncommon trap: reason=array_check action=maybe_recompile pc=0x000000000fa0837c method=java.util.TimSort.binarySort([Ljava/lang/Object;IIILjava/util/Comparator;)V @ 215
Event: 12.066 Thread 0x0000000002732800 Uncommon trap: reason=array_check action=maybe_recompile pc=0x000000000fa2d9d4 method=java.util.ComparableTimSort.binarySort([Ljava/lang/Object;III)V @ 193
Event: 12.091 Thread 0x0000000002732800 Uncommon trap: reason=array_check action=maybe_recompile pc=0x000000000fa3a1e0 method=java.util.TimSort.binarySort([Ljava/lang/Object;IIILjava/util/Comparator;)V @ 193
Event: 12.091 Thread 0x0000000002732800 Uncommon trap: reason=array_check action=maybe_recompile pc=0x000000000fa3a1e0 method=java.util.TimSort.binarySort([Ljava/lang/Object;IIILjava/util/Comparator;)V @ 193
Event: 12.305 Thread 0x0000000002732800 Uncommon trap: reason=array_check action=maybe_recompile pc=0x000000000fa2d9d4 method=java.util.ComparableTimSort.binarySort([Ljava/lang/Object;III)V @ 193
Event: 12.429 Thread 0x0000000002732800 Uncommon trap: reason=array_check action=maybe_recompile pc=0x000000000fa2d9d4 method=java.util.ComparableTimSort.binarySort([Ljava/lang/Object;III)V @ 193
Event: 12.635 Thread 0x0000000002732800 Uncommon trap: reason=unstable_if action=reinterpret pc=0x000000000f984e14 method=java.util.HashMap$TreeNode.balanceInsertion(Ljava/util/HashMap$TreeNode;Ljava/util/HashMap$TreeNode;)Ljava/util/HashMap$TreeNode; @ 189
Event: 12.636 Thread 0x0000000002732800 Uncommon trap: reason=unstable_if action=reinterpret pc=0x000000000fa0d038 method=java.util.HashMap$TreeNode.balanceInsertion(Ljava/util/HashMap$TreeNode;Ljava/util/HashMap$TreeNode;)Ljava/util/HashMap$TreeNode; @ 189
Event: 12.907 Thread 0x0000000002732800 Uncommon trap: reason=array_check action=maybe_recompile pc=0x000000000fa2d9d4 method=java.util.ComparableTimSort.binarySort([Ljava/lang/Object;III)V @ 193

Internal exceptions (7 events):
Event: 0.233 Thread 0x0000000002732800 Exception <a 'java/lang/NoSuchMethodError': Method sun.misc.Unsafe.defineClass(Ljava/lang/String;[BII)Ljava/lang/Class; name or signature does not match> (0x00000000eab13020) thrown at [C:\re\workspace\8-2-build-windows-amd64-cygwin\jdk8u60\4407\hotspot\srÉ#!/uÞÍ?
Event: 0.233 Thread 0x0000000002732800 Exception <a 'java/lang/NoSuchMethodError': Method sun.misc.Unsafe.prefetchRead(Ljava/lang/Object;J)V name or signature does not match> (0x00000000eab13308) thrown at [C:\re\workspace\8-2-build-windows-amd64-cygwin\jdk8u60\4407\hotspot\src\share\vm\prims\j÷ß§Eû?
Event: 1.719 Thread 0x0000000007202000 Implicit null exception at 0x000000000f37dde2 to 0x000000000f37ded2
Event: 9.427 Thread 0x0000000002732800 Exception <a 'java/security/PrivilegedActionException'> (0x00000000ec3dd508) thrown at [C:\re\workspace\8-2-build-windows-amd64-cygwin\jdk8u60\4407\hotspot\src\share\vm\prims\jvm.cpp, line 1386]
Event: 9.427 Thread 0x0000000002732800 Exception <a 'java/security/PrivilegedActionException'> (0x00000000ec3dd900) thrown at [C:\re\workspace\8-2-build-windows-amd64-cygwin\jdk8u60\4407\hotspot\src\share\vm\prims\jvm.cpp, line 1386]
Event: 9.429 Thread 0x0000000002732800 Exception <a 'java/security/PrivilegedActionException'> (0x00000000ec3e1b18) thrown at [C:\re\workspace\8-2-build-windows-amd64-cygwin\jdk8u60\4407\hotspot\src\share\vm\prims\jvm.cpp, line 1386]
Event: 9.429 Thread 0x0000000002732800 Exception <a 'java/security/PrivilegedActionException'> (0x00000000ec3e1f10) thrown at [C:\re\workspace\8-2-build-windows-amd64-cygwin\jdk8u60\4407\hotspot\src\share\vm\prims\jvm.cpp, line 1386]

Events (10 events):
Event: 12.808 Executing VM operation: RevokeBias done
Event: 12.808 Executing VM operation: RevokeBias
Event: 12.808 Executing VM operation: RevokeBias done
Event: 12.808 Executing VM operation: RevokeBias
Event: 12.808 Executing VM operation: RevokeBias done
Event: 12.809 Executing VM operation: RevokeBias
Event: 12.809 Executing VM operation: RevokeBias done
Event: 12.907 Thread 0x0000000002732800 Uncommon trap: trap_request=0xffffffd6 fr.pc=0x000000000fa2d9d4
Event: 12.907 Thread 0x0000000002732800 DEOPT PACKING pc=0x000000000fa2d9d4 sp=0x000000000267f370
Event: 12.907 Thread 0x0000000002732800 DEOPT UNPACKING pc=0x000000000f05582a sp=0x000000000267f318 mode 2


Dynamic libraries:
0x00007ff61c3e0000 - 0x00007ff61c417000 	C:\Program Files\Java\jdk1.8.0_60\bin\java.exe
0x00007ff81b620000 - 0x00007ff81b7cc000 	C:\Windows\SYSTEM32\ntdll.dll
0x00007ff819090000 - 0x00007ff8191ce000 	C:\Windows\system32\KERNEL32.DLL
0x00007ff818a70000 - 0x00007ff818b85000 	C:\Windows\system32\KERNELBASE.dll
0x00007ff8172c0000 - 0x00007ff81734e000 	C:\Windows\system32\apphelp.dll
0x00007ffffe2e0000 - 0x00007ffffe333000 	C:\Windows\AppPatch\AppPatch64\AcGenral.DLL
0x00007ff818fd0000 - 0x00007ff81907a000 	C:\Windows\system32\msvcrt.dll
0x00007ff8184f0000 - 0x00007ff81851e000 	C:\Windows\SYSTEM32\SspiCli.dll
0x00007ff81a9c0000 - 0x00007ff81aa14000 	C:\Windows\system32\SHLWAPI.dll
0x00007ff818de0000 - 0x00007ff818f57000 	C:\Windows\system32\USER32.dll
0x00007ff8191d0000 - 0x00007ff819364000 	C:\Windows\system32\ole32.dll
0x00007ff819440000 - 0x00007ff81a958000 	C:\Windows\system32\SHELL32.dll
0x00007ff817cc0000 - 0x00007ff817ce1000 	C:\Windows\SYSTEM32\USERENV.dll
0x00007ff81aa20000 - 0x00007ff81aaca000 	C:\Windows\system32\ADVAPI32.dll
0x00007ff8104f0000 - 0x00007ff81050e000 	C:\Windows\SYSTEM32\MPR.dll
0x00007ff81b170000 - 0x00007ff81b2b1000 	C:\Windows\system32\RPCRT4.dll
0x00007ff81aad0000 - 0x00007ff81ab29000 	C:\Windows\SYSTEM32\sechost.dll
0x00007ff81af30000 - 0x00007ff81b141000 	C:\Windows\SYSTEM32\combase.dll
0x00007ff81ad10000 - 0x00007ff81ae61000 	C:\Windows\system32\GDI32.dll
0x00007ff818770000 - 0x00007ff818785000 	C:\Windows\SYSTEM32\profapi.dll
0x00007ff816f50000 - 0x00007ff817002000 	C:\Windows\SYSTEM32\SHCORE.dll
0x00007ff81b2c0000 - 0x00007ff81b2f6000 	C:\Windows\system32\IMM32.DLL
0x00007ff81b300000 - 0x00007ff81b452000 	C:\Windows\system32\MSCTF.dll
0x00007ff818720000 - 0x00007ff818751000 	C:\Windows\system32\nvinitx.dll
0x00007ff818710000 - 0x00007ff81871a000 	C:\Windows\SYSTEM32\VERSION.dll
0x000000000f000000 - 0x000000000f006000 	C:\Program Files\NVIDIA Corporation\CoProcManager\_etoured.dll
0x00007ff816c30000 - 0x00007ff816c62000 	C:\Program Files\NVIDIA Corporation\CoProcManager\nvd3d9wrapx.dll
0x00007ff81ab30000 - 0x00007ff81ad0a000 	C:\Windows\system32\SETUPAPI.dll
0x00007ff818a20000 - 0x00007ff818a6f000 	C:\Windows\system32\CFGMGR32.dll
0x00007ff816c00000 - 0x00007ff816c22000 	C:\Program Files\NVIDIA Corporation\CoProcManager\nvdxgiwrapx.dll
0x00007ff814d20000 - 0x00007ff814f9b000 	C:\Windows\WinSxS\amd64_microsoft.windows.common-controls_6595b64144ccf1df_6.0.9600.17415_none_6240486fecbd8abb\COMCTL32.dll
0x00000000687f0000 - 0x00000000688c2000 	C:\Program Files\Java\jdk1.8.0_60\jre\bin\msvcr100.dll
0x0000000067b10000 - 0x0000000068399000 	C:\Program Files\Java\jdk1.8.0_60\jre\bin\server\jvm.dll
0x00007ff8133b0000 - 0x00007ff8133b9000 	C:\Windows\SYSTEM32\WSOCK32.dll
0x00007ff813fb0000 - 0x00007ff813fd2000 	C:\Windows\SYSTEM32\WINMM.dll
0x00007ff818fc0000 - 0x00007ff818fc7000 	C:\Windows\system32\PSAPI.DLL
0x00007ff81a960000 - 0x00007ff81a9ba000 	C:\Windows\system32\WS2_32.dll
0x00007ff813cc0000 - 0x00007ff813cea000 	C:\Windows\SYSTEM32\WINMMBASE.dll
0x00007ff819370000 - 0x00007ff819379000 	C:\Windows\system32\NSI.dll
0x00007ff817510000 - 0x00007ff817538000 	C:\Windows\SYSTEM32\DEVOBJ.dll
0x0000000068c60000 - 0x0000000068c6f000 	C:\Program Files\Java\jdk1.8.0_60\jre\bin\verify.dll
0x0000000068c30000 - 0x0000000068c59000 	C:\Program Files\Java\jdk1.8.0_60\jre\bin\java.dll
0x0000000068c10000 - 0x0000000068c26000 	C:\Program Files\Java\jdk1.8.0_60\jre\bin\zip.dll

VM Arguments:
jvm_args: -Xmx1024M -Dfile.encoding=windows-1251 -Duser.country=RU -Duser.language=ru -Duser.variant 
java_command: com.android.dx.command.Main --dex --num-threads=4 --output C:\java\android\EventHunter\app\build\intermediates\dex\debug C:\java\android\EventHunter\app\build\intermediates\classes\debug C:\java\android\EventHunter\app\build\intermediates\pre-dexed\debug\support-annotations-23.0.1-83676807229e344ee5d98b2e8f5ee90735dbc5c3.jar C:\java\android\EventHunter\app\build\intermediates\pre-dexed\debug\classes-c20afcc1740d79820e65179484dbec29bb5f60ea.jar C:\java\android\EventHunter\app\build\intermediates\pre-dexed\debug\internal_impl-22.2.0-a83752519c01ad2ba20bc016f010d047b228f261.jar C:\java\android\EventHunter\app\build\intermediates\pre-dexed\debug\classes-b4805c3dc551e8addcdfe83006eb2e2069d3f69f.jar C:\java\android\EventHunter\app\build\intermediates\pre-dexed\debug\classes-ae9b863311f49a782185bfb452b8025793af85c8.jar C:\java\android\EventHunter\app\build\intermediates\pre-dexed\debug\classes-a8918f74546ee3dbc7aab13fd9ad1bdefcfba1e4.jar C:\java\android\EventHunter\app\build\intermediates\pre-dexed\debug\bolts-android-1.2.1-356a198f80105d5433eee2afd667d2e7d02573d1.jar C:\java\android\EventHunter\app\build\intermediates\pre-dexed\debug\classes-06bb6aa3532cad2f72f9a491dcfa9f789652485a.jar C:\java\android\EventHunter\app\build\intermediates\pre-dexed\debug\classes-b0e1490f23c0dbfdbfc3758d5ddbb5797a31a832.jar C:\java\android\EventHunter\app\build\intermediates\pre-dexed\debug\classes-573c3b2aaaf01ebf77281ed216568a2ea3f0c246.jar C:\java\android\EventHunter\app\build\intermediates\pre-dexed\debug\classes-ae8a2d517b50dadc2316914ab7a8fef2dd55ff44.jar C:\java\android\EventHunter\app\build\intermediates\pre-dexed\debug\classes-551fcf9ef8ced75a4427f5325a0b04b927bbc6d8.jar C:\java\android\EventHunter\app\build\intermediates\pre-dexed\debug\classes-639a1f6c50ea7c1445d2d4ef22bb93066db0ed9e.jar C:\java\android\EventHunter\app\build\intermediates\pre-dexed\debug\classes-5ca4f3c4ceb3497993ee5090b90b68d342d08305.jar C:\java\android\EventHunter\app\build\intermediates\pre-dex
java_class_path (initial): C:\Users\user\AppData\Local\Android\sdk\build-tools\23.0.1\lib\dx.jar
Launcher Type: SUN_STANDARD

Environment Variables:
PATH=C:\ProgramData\Oracle\Java\javapath;C:\Windows\system32;C:\Windows;C:\Windows\System32\Wbem;C:\Windows\System32\WindowsPowerShell\v1.0\;C:\Program Files (x86)\Windows Kits\8.1\Windows Performance Toolkit\;C:\Program Files\Microsoft SQL Server\110\Tools\Binn\;C:\Program Files (x86)\Intel\OpenCL SDK\2.0\bin\x86;C:\Program Files (x86)\Intel\OpenCL SDK\2.0\bin\x64;C:\Program Files (x86)\NVIDIA Corporation\PhysX\Common;c:\altera\91sp2\quartus\bin;C:\TDM-GCC-32\bin;C:\Program Files\Java\jdk1.8.0_60\bin;C:\Program Files (x86)\Skype\Phone\
USERNAME=user
OS=Windows_NT
PROCESSOR_IDENTIFIER=Intel64 Family 6 Model 42 Stepping 7, GenuineIntel



---------------  S Y S T E M  ---------------

OS: Windows 8.1 , 64 bit Build 9600 (6.3.9600.17415)

CPU:total 2 (2 cores per cpu, 1 threads per core) family 6 model 42 stepping 7, cmov, cx8, fxsr, mmx, sse, sse2, sse3, ssse3, sse4.1, sse4.2, popcnt, clmul, tsc, tscinvbit

Memory: 4k page, physical 4089116k(382496k free), swap 4089116k(6052k free)

vm_info: Java HotSpot(TM) 64-Bit Server VM (25.60-b23) for windows-amd64 JRE (1.8.0_60-b27), built on Aug  4 2015 11:06:27 by "java_re" with MS VC++ 10.0 (VS2010)

time: Sun Oct 11 12:23:41 2015
elapsed time: 13 seconds (0d 0h 0m 13s)

